Executing command: python main_experiment_amarel.py config_vars/imp_extention2=vehicle_exp22.yaml
2024-11-18 15:27:02.637 | INFO     | src.experiment_management.experiment_manager:set_experiment:22 - Experiment name: fed_imp
2024-11-18 15:27:02.641 | INFO     | src.experiment_management.experiment_manager:run_experiments:45 - Running 1 experiments
2024-11-18 15:27:02.641 | INFO     | src.experiment_management.experiment_manager:run_experiments:51 - Experiment - 0
2024-11-18 15:27:02.641 | INFO     | src.experiment_management.experiment_manager:run_experiments:52 - Experiment - ['dn', 'nc', 'dp', 'ms', 'mct', 'st', 'as', 's', 's', 'p', 'nr', 'n', 'ts']
2024-11-18 15:27:02.642 | INFO     | src.experiment_management.experiment_manager:run_experiments:53 - Experiment - ('vehicle', 0, 'natural', 'random2@mrl=0.3_mrr=0.7_mm=mnarlrsigst', 'allk0.25_sphere', 'fedavg_pytorch', 'fedavg-s', 102931466, 50, False, 10, 10, 0.1)
config_tmpl:
  num_clients: 10
  data:
    dataset_name: breast
    normalize: true
  data_partition:
    strategy: full
    params: {}
  handle_imbalance: null
  missing_simulate:
    mf_strategy: all
    mm_strategy: none
    mm_strategy_params:
      corr_type: others
  imputation:
    initial_strategy_num: mean
    initial_strategy_cat: mode
    estimator_num: ridge_cv
    estimator_cat: logistic_cv
    imp_evaluation_model: logistic
    imp_evaluation_params:
      tune_params: gridsearch
    clip: true
  agg_strategy_imp:
    strategy: local
    params:
      ms_field: missing_cell_pct
      beta: 0.7
  client_type: ice
  server_type: fedavg_pytorch
  server:
    impute_mode: instant
    imp_round: 20
    imp_local_epochs: 0
    pred_round: 0
    pred_local_epochs: 0
    model_fit_mode: one_shot
    froze_ms_coefs_round: 100
  pred_model:
    model_params:
      model: 2nn
      num_hiddens: 32
      model_init_config: null
      model_other_params: null
    train_params:
      batch_size: 128
      learning_rate: 0.001
      weight_decay: 0.0001
      pred_round: 200
      pred_local_epochs: 3
  experiment:
    n_rounds: 5
    seed: 102931466
    mtp: true
    random_seed: 50
    num_process: 5
    test_size: 0.1
  track: false
  tune_params: false
  prediction: false
  save_state: true
  algo_params:
    central: {}
    central2: {}
    central_vae: {}
    central_gain: {}
    local: {}
    local_vae: {}
    local_gain: {}
    fedavg: {}
    fedavg_vae: {}
    fedavg_gain: {}
    fedwavg:
      alpha: 0.9
    fedmechw:
      client_thres: 1.0
      alpha: 1.0
      beta: 0.0,
      scale_factor: 4
    fedmechw_p:
      client_thres: 1.0
      alpha: 0.85
      beta: 0.1
      scale_factor: 4
    fedmechw_new:
      client_thres: 1.0
      alpha: 0.95
      gamma: 0.02
      scale_factor: 4
    fedmechw_dedup:
      client_thres: 1.0
      alpha: 0.95
      gamma: 0.02
      scale_factor: 4
    fedmechw_p_sigmoid:
      client_thres: 1.0
      alpha: 0.9
      beta: 0.1
      scale_factor: 3
    fedmechclw:
      client_thres: 1.0
      thres1: 0.2
      alpha: 0.8
    scale_factor: 6
config_vars:
  vehicle_exp21:
  - name: dataset_name
    value:
    - vehicle
    keys:
    - data
    - dataset_name
    save_mode: dir1
  - name: n_client
    value:
    - 0
    save_mode: dir2
    keys:
    - num_clients
  - name: data_partition
    value:
    - natural
    save_mode: dir3
    keys:
    - data_partition
    - strategy
  - name: mm_strategy
    value:
    - random2@mrl=0.3_mrr=0.7_mm=mnarlrsigst
    save_mode: dir4
    keys:
    - missing_simulate
    - mm_strategy_new
  - name: mm_corr_type
    value:
    - allk0.25_sphere
    save_mode: dir4
    keys:
    - missing_simulate
    - mm_strategy_params
    - corr_type
  - name: server_type
    value:
    - fedavg_pytorch
    save_mode: none
    keys:
    - server_type
  - name: agg_strategy
    value:
    - fedavg-s
    save_mode: null
    keys:
    - agg_strategy_imp
    - strategy
  - name: seed
    value:
    - 102931466
    save_mode: null
    keys:
    - experiment
    - seed
  - name: seed2
    value:
    - 50
    save_mode: null
    keys:
    - experiment
    - random_seed
  - name: params
    value:
    - false
    save_mode: null
    keys:
    - tune_params
  - name: n_rounds
    value:
    - 10
    save_mode: none
    keys:
    - experiment
    - n_rounds
  - name: np
    value:
    - 10
    save_mode: none
    keys:
    - experiment
    - num_process
  - name: test_size
    value:
    - 0.1
    save_mode: none
    keys:
    - experiment
    - test_size
experiment_name: fed_imp_ext2_amarel
debug: false
experiment_marker:
- num_clients
- server@imp_round

========================================================================================================================================================================================================
{'num_clients': 0, 'data': {'dataset_name': 'vehicle', 'normalize': True}, 'data_partition': {'strategy': 'natural', 'params': {}}, 'handle_imbalance': None, 'missing_simulate': {'mf_strategy': 'all', 'mm_strategy': 'none', 'mm_strategy_params': {'corr_type': 'allk0.25_sphere'}, 'mm_strategy_new': 'random2@mrl=0.3_mrr=0.7_mm=mnarlrsigst'}, 'imputation': {'initial_strategy_num': 'mean', 'initial_strategy_cat': 'mode', 'estimator_num': 'ridge_cv', 'estimator_cat': 'logistic_cv', 'imp_evaluation_model': 'logistic', 'imp_evaluation_params': {'tune_params': 'gridsearch'}, 'clip': True}, 'agg_strategy_imp': {'strategy': 'fedavg-s', 'params': {'ms_field': 'missing_cell_pct', 'beta': 0.7}}, 'client_type': 'ice', 'server_type': 'fedavg_pytorch', 'server': {'impute_mode': 'instant', 'imp_round': 20, 'imp_local_epochs': 0, 'pred_round': 0, 'pred_local_epochs': 0, 'model_fit_mode': 'one_shot', 'froze_ms_coefs_round': 100}, 'pred_model': {'model_params': {'model': '2nn', 'num_hiddens': 32, 'model_init_config': None, 'model_other_params': None}, 'train_params': {'batch_size': 128, 'learning_rate': 0.001, 'weight_decay': 0.0001, 'pred_round': 200, 'pred_local_epochs': 3}}, 'experiment': {'n_rounds': 10, 'seed': 102931466, 'mtp': True, 'random_seed': 50, 'num_process': 10, 'test_size': 0.1}, 'track': False, 'tune_params': False, 'prediction': False, 'save_state': True, 'algo_params': {'central': {}, 'central2': {}, 'central_vae': {}, 'central_gain': {}, 'local': {}, 'local_vae': {}, 'local_gain': {}, 'fedavg': {}, 'fedavg_vae': {}, 'fedavg_gain': {}, 'fedwavg': {'alpha': 0.9}, 'fedmechw': {'client_thres': 1.0, 'alpha': 1.0, 'beta': '0.0,', 'scale_factor': 4}, 'fedmechw_p': {'client_thres': 1.0, 'alpha': 0.85, 'beta': 0.1, 'scale_factor': 4}, 'fedmechw_new': {'client_thres': 1.0, 'alpha': 0.95, 'gamma': 0.02, 'scale_factor': 4}, 'fedmechw_dedup': {'client_thres': 1.0, 'alpha': 0.95, 'gamma': 0.02, 'scale_factor': 4}, 'fedmechw_p_sigmoid': {'client_thres': 1.0, 'alpha': 0.9, 'beta': 0.1, 'scale_factor': 3}, 'fedmechclw': {'client_thres': 1.0, 'thres1': 0.2, 'alpha': 0.8}, 'scale_factor': 6}}
[(2578, 24), (1511, 24), (1519, 24), (1425, 24), (1375, 24), (1164, 24), (1683, 24), (1735, 24), (2000, 24), (1701, 24), (1803, 24), (1803, 24), (1954, 24), (2200, 24), (2214, 24), (1914, 24), (2068, 24), (1962, 24), (2287, 24), (2002, 24), (2068, 24), (2448, 24), (2281, 24)]
(2320, 24)
(1359, 24)
(1367, 24)
(1282, 24)
(1237, 24)
(1047, 24)
(1514, 24)
(1561, 24)
(1800, 24)
(1530, 24)
(1622, 24)
(1622, 24)
(1758, 24)
(1980, 24)
(1992, 24)
(1722, 24)
(1861, 24)
(1765, 24)
(2058, 24)
(1801, 24)
(1861, 24)
(2203, 24)
(2052, 24)
2024-11-18 15:27:03.871 | INFO     | src.fed_imp.experiment:main_func:31 - Round 0
2024-11-18 15:27:03.900 | INFO     | src.fed_imp.experiment:main_func:31 - Round 1
2024-11-18 15:27:03.930 | INFO     | src.fed_imp.experiment:main_func:31 - Round 2
2024-11-18 15:27:03.959 | INFO     | src.fed_imp.experiment:main_func:31 - Round 3
2024-11-18 15:27:04.033 | INFO     | src.fed_imp.experiment:main_func:31 - Round 4
2024-11-18 15:27:04.162 | INFO     | src.fed_imp.experiment:main_func:31 - Round 5
2024-11-18 15:27:04.272 | INFO     | src.fed_imp.experiment:main_func:31 - Round 6
2024-11-18 15:27:04.376 | INFO     | src.fed_imp.experiment:main_func:31 - Round 7
2024-11-18 15:27:04.485 | INFO     | src.fed_imp.experiment:main_func:31 - Round 8
2024-11-18 15:27:04.608 | INFO     | src.fed_imp.experiment:main_func:31 - Round 9
2024-11-18 15:28:27.999 | INFO     | src.fed_imp.sub_modules.server.base_server:run:153 - ==================================================
2024-11-18 15:28:27.999 | INFO     | src.fed_imp.sub_modules.server.base_server:run:154 - Imputation Round 1
2024-11-18 15:28:29.356 | INFO     | src.fed_imp.sub_modules.server.base_server:run:153 - ==================================================
2024-11-18 15:28:29.356 | INFO     | src.fed_imp.sub_modules.server.base_server:run:154 - Imputation Round 1
2024-11-18 15:28:30.910 | INFO     | src.fed_imp.sub_modules.server.base_server:run:153 - ==================================================
2024-11-18 15:28:30.917 | INFO     | src.fed_imp.sub_modules.server.base_server:run:154 - Imputation Round 1
2024-11-18 15:28:30.959 | INFO     | src.fed_imp.sub_modules.server.base_server:run:153 - ==================================================
2024-11-18 15:28:30.959 | INFO     | src.fed_imp.sub_modules.server.base_server:run:154 - Imputation Round 1
2024-11-18 15:28:33.296 | INFO     | src.fed_imp.sub_modules.server.base_server:run:153 - ==================================================
2024-11-18 15:28:33.296 | INFO     | src.fed_imp.sub_modules.server.base_server:run:154 - Imputation Round 1
2024-11-18 15:28:34.289 | INFO     | src.fed_imp.sub_modules.server.base_server:run:153 - ==================================================
2024-11-18 15:28:34.289 | INFO     | src.fed_imp.sub_modules.server.base_server:run:154 - Imputation Round 1
2024-11-18 15:28:34.588 | INFO     | src.fed_imp.sub_modules.server.base_server:run:153 - ==================================================
2024-11-18 15:28:34.588 | INFO     | src.fed_imp.sub_modules.server.base_server:run:154 - Imputation Round 1
2024-11-18 15:28:37.745 | INFO     | src.fed_imp.sub_modules.server.base_server:run:153 - ==================================================
2024-11-18 15:28:37.746 | INFO     | src.fed_imp.sub_modules.server.base_server:run:154 - Imputation Round 1
2024-11-18 15:28:40.150 | INFO     | src.fed_imp.sub_modules.server.base_server:run:153 - ==================================================
2024-11-18 15:28:40.150 | INFO     | src.fed_imp.sub_modules.server.base_server:run:154 - Imputation Round 1
2024-11-18 15:28:43.103 | INFO     | src.fed_imp.sub_modules.server.base_server:run:153 - ==================================================
2024-11-18 15:28:43.112 | INFO     | src.fed_imp.sub_modules.server.base_server:run:154 - Imputation Round 1
2024-11-18 15:31:25.029 | INFO     | src.fed_imp.sub_modules.server.base_server:run:153 - ==================================================
2024-11-18 15:31:25.030 | INFO     | src.fed_imp.sub_modules.server.base_server:run:154 - Imputation Round 2
2024-11-18 15:31:29.974 | INFO     | src.fed_imp.sub_modules.server.base_server:run:153 - ==================================================
2024-11-18 15:31:29.975 | INFO     | src.fed_imp.sub_modules.server.base_server:run:154 - Imputation Round 2
2024-11-18 15:31:39.275 | INFO     | src.fed_imp.sub_modules.server.base_server:run:153 - ==================================================
2024-11-18 15:31:39.275 | INFO     | src.fed_imp.sub_modules.server.base_server:run:154 - Imputation Round 2
2024-11-18 15:31:39.321 | INFO     | src.fed_imp.sub_modules.server.base_server:run:153 - ==================================================
2024-11-18 15:31:39.325 | INFO     | src.fed_imp.sub_modules.server.base_server:run:154 - Imputation Round 2
2024-11-18 15:31:42.648 | INFO     | src.fed_imp.sub_modules.server.base_server:run:153 - ==================================================
2024-11-18 15:31:42.648 | INFO     | src.fed_imp.sub_modules.server.base_server:run:154 - Imputation Round 2
2024-11-18 15:31:48.136 | INFO     | src.fed_imp.sub_modules.server.base_server:run:153 - ==================================================
2024-11-18 15:31:48.136 | INFO     | src.fed_imp.sub_modules.server.base_server:run:154 - Imputation Round 2
2024-11-18 15:31:54.599 | INFO     | src.fed_imp.sub_modules.server.base_server:run:153 - ==================================================
2024-11-18 15:31:54.600 | INFO     | src.fed_imp.sub_modules.server.base_server:run:154 - Imputation Round 2
2024-11-18 15:32:07.132 | INFO     | src.fed_imp.sub_modules.server.base_server:run:153 - ==================================================
2024-11-18 15:32:07.156 | INFO     | src.fed_imp.sub_modules.server.base_server:run:154 - Imputation Round 2
2024-11-18 15:32:07.331 | INFO     | src.fed_imp.sub_modules.server.base_server:run:153 - ==================================================
2024-11-18 15:32:07.353 | INFO     | src.fed_imp.sub_modules.server.base_server:run:154 - Imputation Round 2
2024-11-18 15:32:37.926 | INFO     | src.fed_imp.sub_modules.server.base_server:run:153 - ==================================================
2024-11-18 15:32:37.926 | INFO     | src.fed_imp.sub_modules.server.base_server:run:154 - Imputation Round 2
2024-11-18 15:34:28.102 | INFO     | src.fed_imp.sub_modules.server.base_server:run:153 - ==================================================
2024-11-18 15:34:28.103 | INFO     | src.fed_imp.sub_modules.server.base_server:run:154 - Imputation Round 3
2024-11-18 15:34:32.466 | INFO     | src.fed_imp.sub_modules.server.base_server:run:153 - ==================================================
2024-11-18 15:34:32.466 | INFO     | src.fed_imp.sub_modules.server.base_server:run:154 - Imputation Round 3
2024-11-18 15:34:42.956 | INFO     | src.fed_imp.sub_modules.server.base_server:run:153 - ==================================================
2024-11-18 15:34:42.956 | INFO     | src.fed_imp.sub_modules.server.base_server:run:154 - Imputation Round 3
2024-11-18 15:34:51.445 | INFO     | src.fed_imp.sub_modules.server.base_server:run:153 - ==================================================
2024-11-18 15:34:51.446 | INFO     | src.fed_imp.sub_modules.server.base_server:run:154 - Imputation Round 3
2024-11-18 15:35:01.203 | INFO     | src.fed_imp.sub_modules.server.base_server:run:153 - ==================================================
2024-11-18 15:35:01.204 | INFO     | src.fed_imp.sub_modules.server.base_server:run:154 - Imputation Round 3
2024-11-18 15:35:03.662 | INFO     | src.fed_imp.sub_modules.server.base_server:run:153 - ==================================================
2024-11-18 15:35:03.663 | INFO     | src.fed_imp.sub_modules.server.base_server:run:154 - Imputation Round 3
2024-11-18 15:35:04.836 | INFO     | src.fed_imp.sub_modules.server.base_server:run:153 - ==================================================
2024-11-18 15:35:04.852 | INFO     | src.fed_imp.sub_modules.server.base_server:run:154 - Imputation Round 3
2024-11-18 15:35:33.326 | INFO     | src.fed_imp.sub_modules.server.base_server:run:153 - ==================================================
2024-11-18 15:35:33.326 | INFO     | src.fed_imp.sub_modules.server.base_server:run:154 - Imputation Round 3
2024-11-18 15:35:47.923 | INFO     | src.fed_imp.sub_modules.server.base_server:run:153 - ==================================================
2024-11-18 15:35:47.924 | INFO     | src.fed_imp.sub_modules.server.base_server:run:154 - Imputation Round 3
2024-11-18 15:36:00.660 | INFO     | src.fed_imp.sub_modules.server.base_server:run:153 - ==================================================
2024-11-18 15:36:00.660 | INFO     | src.fed_imp.sub_modules.server.base_server:run:154 - Imputation Round 3
2024-11-18 15:37:50.944 | INFO     | src.fed_imp.sub_modules.server.base_server:run:153 - ==================================================
2024-11-18 15:37:50.944 | INFO     | src.fed_imp.sub_modules.server.base_server:run:154 - Imputation Round 4
2024-11-18 15:37:51.853 | INFO     | src.fed_imp.sub_modules.server.base_server:run:153 - ==================================================
2024-11-18 15:37:51.854 | INFO     | src.fed_imp.sub_modules.server.base_server:run:154 - Imputation Round 4
2024-11-18 15:37:52.581 | INFO     | src.fed_imp.sub_modules.server.base_server:run:153 - ==================================================
2024-11-18 15:37:52.635 | INFO     | src.fed_imp.sub_modules.server.base_server:run:154 - Imputation Round 4
2024-11-18 15:38:10.448 | INFO     | src.fed_imp.sub_modules.server.base_server:run:153 - ==================================================
2024-11-18 15:38:10.451 | INFO     | src.fed_imp.sub_modules.server.base_server:run:154 - Imputation Round 4
2024-11-18 15:38:14.603 | INFO     | src.fed_imp.sub_modules.server.base_server:run:153 - ==================================================
2024-11-18 15:38:14.617 | INFO     | src.fed_imp.sub_modules.server.base_server:run:154 - Imputation Round 4
2024-11-18 15:38:20.262 | INFO     | src.fed_imp.sub_modules.server.base_server:run:153 - ==================================================
2024-11-18 15:38:20.262 | INFO     | src.fed_imp.sub_modules.server.base_server:run:154 - Imputation Round 4
2024-11-18 15:38:48.929 | INFO     | src.fed_imp.sub_modules.server.base_server:run:153 - ==================================================
2024-11-18 15:38:48.930 | INFO     | src.fed_imp.sub_modules.server.base_server:run:154 - Imputation Round 4
2024-11-18 15:38:55.042 | INFO     | src.fed_imp.sub_modules.server.base_server:run:153 - ==================================================
2024-11-18 15:38:55.042 | INFO     | src.fed_imp.sub_modules.server.base_server:run:154 - Imputation Round 4
2024-11-18 15:39:26.253 | INFO     | src.fed_imp.sub_modules.server.base_server:run:153 - ==================================================
2024-11-18 15:39:26.258 | INFO     | src.fed_imp.sub_modules.server.base_server:run:154 - Imputation Round 4
2024-11-18 15:39:43.019 | INFO     | src.fed_imp.sub_modules.server.base_server:run:153 - ==================================================
2024-11-18 15:39:43.020 | INFO     | src.fed_imp.sub_modules.server.base_server:run:154 - Imputation Round 4
2024-11-18 15:40:44.059 | INFO     | src.fed_imp.sub_modules.server.base_server:run:153 - ==================================================
2024-11-18 15:40:44.059 | INFO     | src.fed_imp.sub_modules.server.base_server:run:154 - Imputation Round 5
2024-11-18 15:41:13.459 | INFO     | src.fed_imp.sub_modules.server.base_server:run:153 - ==================================================
2024-11-18 15:41:13.460 | INFO     | src.fed_imp.sub_modules.server.base_server:run:154 - Imputation Round 5
2024-11-18 15:41:22.732 | INFO     | src.fed_imp.sub_modules.server.base_server:run:153 - ==================================================
2024-11-18 15:41:22.732 | INFO     | src.fed_imp.sub_modules.server.base_server:run:154 - Imputation Round 5
2024-11-18 15:41:47.824 | INFO     | src.fed_imp.sub_modules.server.base_server:run:153 - ==================================================
2024-11-18 15:41:47.824 | INFO     | src.fed_imp.sub_modules.server.base_server:run:154 - Imputation Round 5
2024-11-18 15:41:56.835 | INFO     | src.fed_imp.sub_modules.server.base_server:run:153 - ==================================================
2024-11-18 15:41:56.835 | INFO     | src.fed_imp.sub_modules.server.base_server:run:154 - Imputation Round 5
2024-11-18 15:42:00.139 | INFO     | src.fed_imp.sub_modules.server.base_server:run:153 - ==================================================
2024-11-18 15:42:00.139 | INFO     | src.fed_imp.sub_modules.server.base_server:run:154 - Imputation Round 5
2024-11-18 15:42:04.950 | INFO     | src.fed_imp.sub_modules.server.base_server:run:153 - ==================================================
2024-11-18 15:42:04.950 | INFO     | src.fed_imp.sub_modules.server.base_server:run:154 - Imputation Round 5
2024-11-18 15:42:34.315 | INFO     | src.fed_imp.sub_modules.server.base_server:run:153 - ==================================================
2024-11-18 15:42:34.315 | INFO     | src.fed_imp.sub_modules.server.base_server:run:154 - Imputation Round 5
2024-11-18 15:42:38.215 | INFO     | src.fed_imp.sub_modules.server.base_server:run:153 - ==================================================
2024-11-18 15:42:38.216 | INFO     | src.fed_imp.sub_modules.server.base_server:run:154 - Imputation Round 5
2024-11-18 15:42:53.531 | INFO     | src.fed_imp.sub_modules.server.base_server:run:153 - ==================================================
2024-11-18 15:42:53.531 | INFO     | src.fed_imp.sub_modules.server.base_server:run:154 - Imputation Round 5
2024-11-18 15:44:07.901 | INFO     | src.fed_imp.sub_modules.server.base_server:run:153 - ==================================================
2024-11-18 15:44:07.911 | INFO     | src.fed_imp.sub_modules.server.base_server:run:154 - Imputation Round 6
2024-11-18 15:44:11.084 | INFO     | src.fed_imp.sub_modules.server.base_server:run:153 - ==================================================
2024-11-18 15:44:11.084 | INFO     | src.fed_imp.sub_modules.server.base_server:run:154 - Imputation Round 6
2024-11-18 15:44:33.942 | INFO     | src.fed_imp.sub_modules.server.base_server:run:153 - ==================================================
2024-11-18 15:44:33.942 | INFO     | src.fed_imp.sub_modules.server.base_server:run:154 - Imputation Round 6
2024-11-18 15:45:01.887 | INFO     | src.fed_imp.sub_modules.server.base_server:run:153 - ==================================================
2024-11-18 15:45:01.887 | INFO     | src.fed_imp.sub_modules.server.base_server:run:154 - Imputation Round 6
2024-11-18 15:45:05.672 | INFO     | src.fed_imp.sub_modules.server.base_server:run:153 - ==================================================
2024-11-18 15:45:05.688 | INFO     | src.fed_imp.sub_modules.server.base_server:run:154 - Imputation Round 6
2024-11-18 15:45:31.826 | INFO     | src.fed_imp.sub_modules.server.base_server:run:153 - ==================================================
2024-11-18 15:45:31.826 | INFO     | src.fed_imp.sub_modules.server.base_server:run:154 - Imputation Round 6
2024-11-18 15:45:37.165 | INFO     | src.fed_imp.sub_modules.server.base_server:run:153 - ==================================================
2024-11-18 15:45:37.166 | INFO     | src.fed_imp.sub_modules.server.base_server:run:154 - Imputation Round 6
2024-11-18 15:45:53.659 | INFO     | src.fed_imp.sub_modules.server.base_server:run:153 - ==================================================
2024-11-18 15:45:53.659 | INFO     | src.fed_imp.sub_modules.server.base_server:run:154 - Imputation Round 6
2024-11-18 15:46:11.338 | INFO     | src.fed_imp.sub_modules.server.base_server:run:153 - ==================================================
2024-11-18 15:46:11.338 | INFO     | src.fed_imp.sub_modules.server.base_server:run:154 - Imputation Round 6
2024-11-18 15:46:37.429 | INFO     | src.fed_imp.sub_modules.server.base_server:run:153 - ==================================================
2024-11-18 15:46:37.430 | INFO     | src.fed_imp.sub_modules.server.base_server:run:154 - Imputation Round 6
2024-11-18 15:47:27.120 | INFO     | src.fed_imp.sub_modules.server.base_server:run:153 - ==================================================
2024-11-18 15:47:27.124 | INFO     | src.fed_imp.sub_modules.server.base_server:run:154 - Imputation Round 7
2024-11-18 15:47:32.292 | INFO     | src.fed_imp.sub_modules.server.base_server:run:153 - ==================================================
2024-11-18 15:47:32.292 | INFO     | src.fed_imp.sub_modules.server.base_server:run:154 - Imputation Round 7
2024-11-18 15:48:04.103 | INFO     | src.fed_imp.sub_modules.server.base_server:run:153 - ==================================================
2024-11-18 15:48:04.103 | INFO     | src.fed_imp.sub_modules.server.base_server:run:154 - Imputation Round 7
2024-11-18 15:48:29.934 | INFO     | src.fed_imp.sub_modules.server.base_server:run:153 - ==================================================
2024-11-18 15:48:29.935 | INFO     | src.fed_imp.sub_modules.server.base_server:run:154 - Imputation Round 7
2024-11-18 15:48:35.638 | INFO     | src.fed_imp.sub_modules.server.base_server:run:153 - ==================================================
2024-11-18 15:48:35.638 | INFO     | src.fed_imp.sub_modules.server.base_server:run:154 - Imputation Round 7
2024-11-18 15:48:36.943 | INFO     | src.fed_imp.sub_modules.server.base_server:run:153 - ==================================================
2024-11-18 15:48:36.963 | INFO     | src.fed_imp.sub_modules.server.base_server:run:154 - Imputation Round 7
2024-11-18 15:48:54.338 | INFO     | src.fed_imp.sub_modules.server.base_server:run:153 - ==================================================
2024-11-18 15:48:54.338 | INFO     | src.fed_imp.sub_modules.server.base_server:run:154 - Imputation Round 7
2024-11-18 15:49:41.961 | INFO     | src.fed_imp.sub_modules.server.base_server:run:153 - ==================================================
2024-11-18 15:49:41.961 | INFO     | src.fed_imp.sub_modules.server.base_server:run:154 - Imputation Round 7
2024-11-18 15:50:00.782 | INFO     | src.fed_imp.sub_modules.server.base_server:run:153 - ==================================================
2024-11-18 15:50:00.783 | INFO     | src.fed_imp.sub_modules.server.base_server:run:154 - Imputation Round 7
2024-11-18 15:50:04.101 | INFO     | src.fed_imp.sub_modules.server.base_server:run:153 - ==================================================
2024-11-18 15:50:04.101 | INFO     | src.fed_imp.sub_modules.server.base_server:run:154 - Imputation Round 7
2024-11-18 15:50:45.748 | INFO     | src.fed_imp.sub_modules.server.base_server:run:153 - ==================================================
2024-11-18 15:50:45.748 | INFO     | src.fed_imp.sub_modules.server.base_server:run:154 - Imputation Round 8
2024-11-18 15:50:57.923 | INFO     | src.fed_imp.sub_modules.server.base_server:run:153 - ==================================================
2024-11-18 15:50:57.923 | INFO     | src.fed_imp.sub_modules.server.base_server:run:154 - Imputation Round 8
2024-11-18 15:51:24.252 | INFO     | src.fed_imp.sub_modules.server.base_server:run:153 - ==================================================
2024-11-18 15:51:24.252 | INFO     | src.fed_imp.sub_modules.server.base_server:run:154 - Imputation Round 8
2024-11-18 15:51:36.461 | INFO     | src.fed_imp.sub_modules.server.base_server:run:153 - ==================================================
2024-11-18 15:51:36.461 | INFO     | src.fed_imp.sub_modules.server.base_server:run:154 - Imputation Round 8
2024-11-18 15:52:12.768 | INFO     | src.fed_imp.sub_modules.server.base_server:run:153 - ==================================================
2024-11-18 15:52:12.768 | INFO     | src.fed_imp.sub_modules.server.base_server:run:154 - Imputation Round 8
2024-11-18 15:52:12.788 | INFO     | src.fed_imp.sub_modules.server.base_server:run:153 - ==================================================
2024-11-18 15:52:12.789 | INFO     | src.fed_imp.sub_modules.server.base_server:run:154 - Imputation Round 8
2024-11-18 15:52:51.621 | INFO     | src.fed_imp.sub_modules.server.base_server:run:153 - ==================================================
2024-11-18 15:52:51.638 | INFO     | src.fed_imp.sub_modules.server.base_server:run:154 - Imputation Round 8
2024-11-18 15:53:01.336 | INFO     | src.fed_imp.sub_modules.server.base_server:run:153 - ==================================================
2024-11-18 15:53:01.336 | INFO     | src.fed_imp.sub_modules.server.base_server:run:154 - Imputation Round 8
2024-11-18 15:53:18.871 | INFO     | src.fed_imp.sub_modules.server.base_server:run:153 - ==================================================
2024-11-18 15:53:18.912 | INFO     | src.fed_imp.sub_modules.server.base_server:run:154 - Imputation Round 8
2024-11-18 15:53:50.562 | INFO     | src.fed_imp.sub_modules.server.base_server:run:153 - ==================================================
2024-11-18 15:53:50.621 | INFO     | src.fed_imp.sub_modules.server.base_server:run:154 - Imputation Round 8
2024-11-18 15:54:29.645 | INFO     | src.fed_imp.sub_modules.server.base_server:run:153 - ==================================================
2024-11-18 15:54:29.645 | INFO     | src.fed_imp.sub_modules.server.base_server:run:154 - Imputation Round 9
2024-11-18 15:54:32.653 | INFO     | src.fed_imp.sub_modules.server.base_server:run:153 - ==================================================
2024-11-18 15:54:32.653 | INFO     | src.fed_imp.sub_modules.server.base_server:run:154 - Imputation Round 9
2024-11-18 15:54:59.833 | INFO     | src.fed_imp.sub_modules.server.base_server:run:153 - ==================================================
2024-11-18 15:54:59.834 | INFO     | src.fed_imp.sub_modules.server.base_server:run:154 - Imputation Round 9
2024-11-18 15:55:10.060 | INFO     | src.fed_imp.sub_modules.server.base_server:run:153 - ==================================================
2024-11-18 15:55:10.060 | INFO     | src.fed_imp.sub_modules.server.base_server:run:154 - Imputation Round 9
2024-11-18 15:55:12.202 | INFO     | src.fed_imp.sub_modules.server.base_server:run:153 - ==================================================
2024-11-18 15:55:12.202 | INFO     | src.fed_imp.sub_modules.server.base_server:run:154 - Imputation Round 9
2024-11-18 15:56:23.632 | INFO     | src.fed_imp.sub_modules.server.base_server:run:153 - ==================================================
2024-11-18 15:56:23.632 | INFO     | src.fed_imp.sub_modules.server.base_server:run:154 - Imputation Round 9
2024-11-18 15:56:25.815 | INFO     | src.fed_imp.sub_modules.server.base_server:run:153 - ==================================================
2024-11-18 15:56:25.820 | INFO     | src.fed_imp.sub_modules.server.base_server:run:154 - Imputation Round 9
2024-11-18 15:56:40.672 | INFO     | src.fed_imp.sub_modules.server.base_server:run:153 - ==================================================
2024-11-18 15:56:40.672 | INFO     | src.fed_imp.sub_modules.server.base_server:run:154 - Imputation Round 9
2024-11-18 15:56:56.663 | INFO     | src.fed_imp.sub_modules.server.base_server:run:153 - ==================================================
2024-11-18 15:56:56.668 | INFO     | src.fed_imp.sub_modules.server.base_server:run:154 - Imputation Round 9
2024-11-18 15:57:19.309 | INFO     | src.fed_imp.sub_modules.server.base_server:run:153 - ==================================================
2024-11-18 15:57:19.309 | INFO     | src.fed_imp.sub_modules.server.base_server:run:154 - Imputation Round 10
2024-11-18 15:57:30.672 | INFO     | src.fed_imp.sub_modules.server.base_server:run:153 - ==================================================
2024-11-18 15:57:30.672 | INFO     | src.fed_imp.sub_modules.server.base_server:run:154 - Imputation Round 10
2024-11-18 15:57:33.591 | INFO     | src.fed_imp.sub_modules.server.base_server:run:153 - ==================================================
2024-11-18 15:57:33.591 | INFO     | src.fed_imp.sub_modules.server.base_server:run:154 - Imputation Round 9
2024-11-18 15:58:31.153 | INFO     | src.fed_imp.sub_modules.server.base_server:run:153 - ==================================================
2024-11-18 15:58:31.178 | INFO     | src.fed_imp.sub_modules.server.base_server:run:154 - Imputation Round 10
2024-11-18 15:58:38.016 | INFO     | src.fed_imp.sub_modules.server.base_server:run:153 - ==================================================
2024-11-18 15:58:38.016 | INFO     | src.fed_imp.sub_modules.server.base_server:run:154 - Imputation Round 10
2024-11-18 15:58:46.723 | INFO     | src.fed_imp.sub_modules.server.base_server:run:153 - ==================================================
2024-11-18 15:58:46.724 | INFO     | src.fed_imp.sub_modules.server.base_server:run:154 - Imputation Round 10
2024-11-18 15:58:51.688 | INFO     | src.fed_imp.sub_modules.server.base_server:run:153 - ==================================================
2024-11-18 15:58:51.698 | INFO     | src.fed_imp.sub_modules.server.base_server:run:154 - Imputation Round 10
2024-11-18 16:00:02.137 | INFO     | src.fed_imp.sub_modules.server.base_server:run:153 - ==================================================
2024-11-18 16:00:02.137 | INFO     | src.fed_imp.sub_modules.server.base_server:run:154 - Imputation Round 10
2024-11-18 16:00:05.205 | INFO     | src.fed_imp.sub_modules.server.base_server:run:153 - ==================================================
2024-11-18 16:00:05.205 | INFO     | src.fed_imp.sub_modules.server.base_server:run:154 - Imputation Round 10
2024-11-18 16:00:09.395 | INFO     | src.fed_imp.sub_modules.server.base_server:run:153 - ==================================================
2024-11-18 16:00:09.395 | INFO     | src.fed_imp.sub_modules.server.base_server:run:154 - Imputation Round 10
2024-11-18 16:00:44.254 | INFO     | src.fed_imp.sub_modules.server.base_server:run:153 - ==================================================
2024-11-18 16:00:44.255 | INFO     | src.fed_imp.sub_modules.server.base_server:run:154 - Imputation Round 10
2024-11-18 16:00:49.685 | INFO     | src.fed_imp.sub_modules.server.base_server:run:153 - ==================================================
2024-11-18 16:00:49.685 | INFO     | src.fed_imp.sub_modules.server.base_server:run:154 - Imputation Round 11
2024-11-18 16:00:54.856 | INFO     | src.fed_imp.sub_modules.server.base_server:run:153 - ==================================================
2024-11-18 16:00:54.859 | INFO     | src.fed_imp.sub_modules.server.base_server:run:154 - Imputation Round 11
2024-11-18 16:01:58.671 | INFO     | src.fed_imp.sub_modules.server.base_server:run:153 - ==================================================
2024-11-18 16:01:58.672 | INFO     | src.fed_imp.sub_modules.server.base_server:run:154 - Imputation Round 11
2024-11-18 16:02:08.385 | INFO     | src.fed_imp.sub_modules.server.base_server:run:153 - ==================================================
2024-11-18 16:02:08.385 | INFO     | src.fed_imp.sub_modules.server.base_server:run:154 - Imputation Round 11
2024-11-18 16:02:18.756 | INFO     | src.fed_imp.sub_modules.server.base_server:run:153 - ==================================================
2024-11-18 16:02:18.756 | INFO     | src.fed_imp.sub_modules.server.base_server:run:154 - Imputation Round 11
2024-11-18 16:02:56.573 | INFO     | src.fed_imp.sub_modules.server.base_server:run:153 - ==================================================
2024-11-18 16:02:56.573 | INFO     | src.fed_imp.sub_modules.server.base_server:run:154 - Imputation Round 11
2024-11-18 16:03:12.789 | INFO     | src.fed_imp.sub_modules.server.base_server:run:153 - ==================================================
2024-11-18 16:03:12.789 | INFO     | src.fed_imp.sub_modules.server.base_server:run:154 - Imputation Round 11
2024-11-18 16:03:40.920 | INFO     | src.fed_imp.sub_modules.server.base_server:run:153 - ==================================================
2024-11-18 16:03:40.920 | INFO     | src.fed_imp.sub_modules.server.base_server:run:154 - Imputation Round 11
2024-11-18 16:03:45.753 | INFO     | src.fed_imp.sub_modules.server.base_server:run:153 - ==================================================
2024-11-18 16:03:45.756 | INFO     | src.fed_imp.sub_modules.server.base_server:run:154 - Imputation Round 11
2024-11-18 16:04:03.532 | INFO     | src.fed_imp.sub_modules.server.base_server:run:153 - ==================================================
2024-11-18 16:04:03.532 | INFO     | src.fed_imp.sub_modules.server.base_server:run:154 - Imputation Round 11
2024-11-18 16:04:25.434 | INFO     | src.fed_imp.sub_modules.server.base_server:run:153 - ==================================================
2024-11-18 16:04:25.435 | INFO     | src.fed_imp.sub_modules.server.base_server:run:154 - Imputation Round 12
2024-11-18 16:05:01.961 | INFO     | src.fed_imp.sub_modules.server.base_server:run:153 - ==================================================
2024-11-18 16:05:01.961 | INFO     | src.fed_imp.sub_modules.server.base_server:run:154 - Imputation Round 12
2024-11-18 16:05:03.849 | INFO     | src.fed_imp.sub_modules.server.base_server:run:153 - ==================================================
2024-11-18 16:05:03.849 | INFO     | src.fed_imp.sub_modules.server.base_server:run:154 - Imputation Round 12
2024-11-18 16:05:10.494 | INFO     | src.fed_imp.sub_modules.server.base_server:run:153 - ==================================================
2024-11-18 16:05:10.494 | INFO     | src.fed_imp.sub_modules.server.base_server:run:154 - Imputation Round 12
2024-11-18 16:05:33.220 | INFO     | src.fed_imp.sub_modules.server.base_server:run:153 - ==================================================
2024-11-18 16:05:33.220 | INFO     | src.fed_imp.sub_modules.server.base_server:run:154 - Imputation Round 12
2024-11-18 16:06:12.770 | INFO     | src.fed_imp.sub_modules.server.base_server:run:153 - ==================================================
2024-11-18 16:06:12.770 | INFO     | src.fed_imp.sub_modules.server.base_server:run:154 - Imputation Round 12
2024-11-18 16:06:29.611 | INFO     | src.fed_imp.sub_modules.server.base_server:run:153 - ==================================================
2024-11-18 16:06:29.611 | INFO     | src.fed_imp.sub_modules.server.base_server:run:154 - Imputation Round 12
2024-11-18 16:07:28.975 | INFO     | src.fed_imp.sub_modules.server.base_server:run:153 - ==================================================
2024-11-18 16:07:28.975 | INFO     | src.fed_imp.sub_modules.server.base_server:run:154 - Imputation Round 12
2024-11-18 16:07:32.529 | INFO     | src.fed_imp.sub_modules.server.base_server:run:153 - ==================================================
2024-11-18 16:07:32.529 | INFO     | src.fed_imp.sub_modules.server.base_server:run:154 - Imputation Round 12
2024-11-18 16:07:39.016 | INFO     | src.fed_imp.sub_modules.server.base_server:run:153 - ==================================================
2024-11-18 16:07:39.016 | INFO     | src.fed_imp.sub_modules.server.base_server:run:154 - Imputation Round 13
2024-11-18 16:07:41.773 | INFO     | src.fed_imp.sub_modules.server.base_server:run:153 - ==================================================
2024-11-18 16:07:41.773 | INFO     | src.fed_imp.sub_modules.server.base_server:run:154 - Imputation Round 12
2024-11-18 16:08:06.922 | INFO     | src.fed_imp.sub_modules.server.base_server:run:153 - ==================================================
2024-11-18 16:08:06.922 | INFO     | src.fed_imp.sub_modules.server.base_server:run:154 - Imputation Round 13
2024-11-18 16:08:30.174 | INFO     | src.fed_imp.sub_modules.server.base_server:run:153 - ==================================================
2024-11-18 16:08:30.175 | INFO     | src.fed_imp.sub_modules.server.base_server:run:154 - Imputation Round 13
2024-11-18 16:08:46.455 | INFO     | src.fed_imp.sub_modules.server.base_server:run:153 - ==================================================
2024-11-18 16:08:46.455 | INFO     | src.fed_imp.sub_modules.server.base_server:run:154 - Imputation Round 13
2024-11-18 16:09:26.300 | INFO     | src.fed_imp.sub_modules.server.base_server:run:153 - ==================================================
2024-11-18 16:09:26.300 | INFO     | src.fed_imp.sub_modules.server.base_server:run:154 - Imputation Round 13
2024-11-18 16:09:34.215 | INFO     | src.fed_imp.sub_modules.server.base_server:run:153 - ==================================================
2024-11-18 16:09:34.215 | INFO     | src.fed_imp.sub_modules.server.base_server:run:154 - Imputation Round 13
2024-11-18 16:10:13.511 | INFO     | src.fed_imp.sub_modules.server.base_server:run:153 - ==================================================
2024-11-18 16:10:13.512 | INFO     | src.fed_imp.sub_modules.server.base_server:run:154 - Imputation Round 13
2024-11-18 16:10:59.371 | INFO     | src.fed_imp.sub_modules.server.base_server:run:153 - ==================================================
2024-11-18 16:10:59.371 | INFO     | src.fed_imp.sub_modules.server.base_server:run:154 - Imputation Round 14
2024-11-18 16:11:00.270 | INFO     | src.fed_imp.sub_modules.server.base_server:run:153 - ==================================================
2024-11-18 16:11:00.271 | INFO     | src.fed_imp.sub_modules.server.base_server:run:154 - Imputation Round 13
2024-11-18 16:11:03.563 | INFO     | src.fed_imp.sub_modules.server.base_server:run:153 - ==================================================
2024-11-18 16:11:03.564 | INFO     | src.fed_imp.sub_modules.server.base_server:run:154 - Imputation Round 13
2024-11-18 16:11:09.461 | INFO     | src.fed_imp.sub_modules.server.base_server:run:153 - ==================================================
2024-11-18 16:11:09.462 | INFO     | src.fed_imp.sub_modules.server.base_server:run:154 - Imputation Round 13
2024-11-18 16:11:25.866 | INFO     | src.fed_imp.sub_modules.server.base_server:run:153 - ==================================================
2024-11-18 16:11:25.888 | INFO     | src.fed_imp.sub_modules.server.base_server:run:154 - Imputation Round 14
2024-11-18 16:12:03.563 | INFO     | src.fed_imp.sub_modules.server.base_server:run:153 - ==================================================
2024-11-18 16:12:03.563 | INFO     | src.fed_imp.sub_modules.server.base_server:run:154 - Imputation Round 14
2024-11-18 16:12:22.869 | INFO     | src.fed_imp.sub_modules.server.base_server:run:153 - ==================================================
2024-11-18 16:12:22.869 | INFO     | src.fed_imp.sub_modules.server.base_server:run:154 - Imputation Round 14
2024-11-18 16:12:34.446 | INFO     | src.fed_imp.sub_modules.server.base_server:run:153 - ==================================================
2024-11-18 16:12:34.446 | INFO     | src.fed_imp.sub_modules.server.base_server:run:154 - Imputation Round 14
2024-11-18 16:12:53.144 | INFO     | src.fed_imp.sub_modules.server.base_server:run:153 - ==================================================
2024-11-18 16:12:53.144 | INFO     | src.fed_imp.sub_modules.server.base_server:run:154 - Imputation Round 14
2024-11-18 16:13:01.869 | INFO     | src.fed_imp.sub_modules.server.base_server:run:153 - ==================================================
2024-11-18 16:13:01.869 | INFO     | src.fed_imp.sub_modules.server.base_server:run:154 - Imputation Round 14
2024-11-18 16:14:06.258 | INFO     | src.fed_imp.sub_modules.server.base_server:run:153 - ==================================================
2024-11-18 16:14:06.258 | INFO     | src.fed_imp.sub_modules.server.base_server:run:154 - Imputation Round 14
2024-11-18 16:14:15.898 | INFO     | src.fed_imp.sub_modules.server.base_server:run:153 - ==================================================
2024-11-18 16:14:15.907 | INFO     | src.fed_imp.sub_modules.server.base_server:run:154 - Imputation Round 14
2024-11-18 16:14:22.976 | INFO     | src.fed_imp.sub_modules.server.base_server:run:153 - ==================================================
2024-11-18 16:14:22.976 | INFO     | src.fed_imp.sub_modules.server.base_server:run:154 - Imputation Round 14
2024-11-18 16:14:34.330 | INFO     | src.fed_imp.sub_modules.server.base_server:run:153 - ==================================================
2024-11-18 16:14:34.337 | INFO     | src.fed_imp.sub_modules.server.base_server:run:154 - Imputation Round 15
2024-11-18 16:14:41.462 | INFO     | src.fed_imp.sub_modules.server.base_server:run:153 - ==================================================
2024-11-18 16:14:41.462 | INFO     | src.fed_imp.sub_modules.server.base_server:run:154 - Imputation Round 15
2024-11-18 16:15:12.423 | INFO     | src.fed_imp.sub_modules.server.base_server:run:153 - ==================================================
2024-11-18 16:15:12.423 | INFO     | src.fed_imp.sub_modules.server.base_server:run:154 - Imputation Round 15
2024-11-18 16:15:25.560 | INFO     | src.fed_imp.sub_modules.server.base_server:run:153 - ==================================================
2024-11-18 16:15:25.560 | INFO     | src.fed_imp.sub_modules.server.base_server:run:154 - Imputation Round 15
2024-11-18 16:16:18.290 | INFO     | src.fed_imp.sub_modules.server.base_server:run:153 - ==================================================
2024-11-18 16:16:18.291 | INFO     | src.fed_imp.sub_modules.server.base_server:run:154 - Imputation Round 15
2024-11-18 16:16:20.956 | INFO     | src.fed_imp.sub_modules.server.base_server:run:153 - ==================================================
2024-11-18 16:16:20.956 | INFO     | src.fed_imp.sub_modules.server.base_server:run:154 - Imputation Round 15
2024-11-18 16:16:31.961 | INFO     | src.fed_imp.sub_modules.server.base_server:run:153 - ==================================================
2024-11-18 16:16:31.962 | INFO     | src.fed_imp.sub_modules.server.base_server:run:154 - Imputation Round 15
2024-11-18 16:17:19.734 | INFO     | src.fed_imp.sub_modules.server.base_server:run:153 - ==================================================
2024-11-18 16:17:19.734 | INFO     | src.fed_imp.sub_modules.server.base_server:run:154 - Imputation Round 15
2024-11-18 16:17:42.130 | INFO     | src.fed_imp.sub_modules.server.base_server:run:153 - ==================================================
2024-11-18 16:17:42.149 | INFO     | src.fed_imp.sub_modules.server.base_server:run:154 - Imputation Round 15
2024-11-18 16:17:48.402 | INFO     | src.fed_imp.sub_modules.server.base_server:run:153 - ==================================================
2024-11-18 16:17:48.451 | INFO     | src.fed_imp.sub_modules.server.base_server:run:154 - Imputation Round 15
2024-11-18 16:18:13.065 | INFO     | src.fed_imp.sub_modules.server.base_server:run:153 - ==================================================
2024-11-18 16:18:13.065 | INFO     | src.fed_imp.sub_modules.server.base_server:run:154 - Imputation Round 16
2024-11-18 16:18:17.096 | INFO     | src.fed_imp.sub_modules.server.base_server:run:153 - ==================================================
2024-11-18 16:18:17.096 | INFO     | src.fed_imp.sub_modules.server.base_server:run:154 - Imputation Round 16
2024-11-18 16:19:26.500 | INFO     | src.fed_imp.sub_modules.server.base_server:run:153 - ==================================================
2024-11-18 16:19:26.500 | INFO     | src.fed_imp.sub_modules.server.base_server:run:154 - Imputation Round 16
2024-11-18 16:19:39.880 | INFO     | src.fed_imp.sub_modules.server.base_server:run:153 - ==================================================
2024-11-18 16:19:39.892 | INFO     | src.fed_imp.sub_modules.server.base_server:run:154 - Imputation Round 16
2024-11-18 16:19:44.865 | INFO     | src.fed_imp.sub_modules.server.base_server:run:153 - ==================================================
2024-11-18 16:19:44.865 | INFO     | src.fed_imp.sub_modules.server.base_server:run:154 - Imputation Round 16
2024-11-18 16:20:00.969 | INFO     | src.fed_imp.sub_modules.server.base_server:run:153 - ==================================================
2024-11-18 16:20:00.969 | INFO     | src.fed_imp.sub_modules.server.base_server:run:154 - Imputation Round 16
2024-11-18 16:20:05.886 | INFO     | src.fed_imp.sub_modules.server.base_server:run:153 - ==================================================
2024-11-18 16:20:05.886 | INFO     | src.fed_imp.sub_modules.server.base_server:run:154 - Imputation Round 16
2024-11-18 16:20:59.565 | INFO     | src.fed_imp.sub_modules.server.base_server:run:153 - ==================================================
2024-11-18 16:20:59.566 | INFO     | src.fed_imp.sub_modules.server.base_server:run:154 - Imputation Round 16
2024-11-18 16:21:00.134 | INFO     | src.fed_imp.sub_modules.server.base_server:run:153 - ==================================================
2024-11-18 16:21:00.134 | INFO     | src.fed_imp.sub_modules.server.base_server:run:154 - Imputation Round 16
2024-11-18 16:21:27.193 | INFO     | src.fed_imp.sub_modules.server.base_server:run:153 - ==================================================
2024-11-18 16:21:27.194 | INFO     | src.fed_imp.sub_modules.server.base_server:run:154 - Imputation Round 16
2024-11-18 16:21:40.280 | INFO     | src.fed_imp.sub_modules.server.base_server:run:153 - ==================================================
2024-11-18 16:21:40.281 | INFO     | src.fed_imp.sub_modules.server.base_server:run:154 - Imputation Round 17
2024-11-18 16:21:46.232 | INFO     | src.fed_imp.sub_modules.server.base_server:run:153 - ==================================================
2024-11-18 16:21:46.232 | INFO     | src.fed_imp.sub_modules.server.base_server:run:154 - Imputation Round 17
2024-11-18 16:22:36.163 | INFO     | src.fed_imp.sub_modules.server.base_server:run:153 - ==================================================
2024-11-18 16:22:36.163 | INFO     | src.fed_imp.sub_modules.server.base_server:run:154 - Imputation Round 17
2024-11-18 16:22:55.920 | INFO     | src.fed_imp.sub_modules.server.base_server:run:153 - ==================================================
2024-11-18 16:22:55.920 | INFO     | src.fed_imp.sub_modules.server.base_server:run:154 - Imputation Round 17
2024-11-18 16:23:00.421 | INFO     | src.fed_imp.sub_modules.server.base_server:run:153 - ==================================================
2024-11-18 16:23:00.421 | INFO     | src.fed_imp.sub_modules.server.base_server:run:154 - Imputation Round 17
2024-11-18 16:23:05.980 | INFO     | src.fed_imp.sub_modules.server.base_server:run:153 - ==================================================
2024-11-18 16:23:05.981 | INFO     | src.fed_imp.sub_modules.server.base_server:run:154 - Imputation Round 17
2024-11-18 16:23:41.314 | INFO     | src.fed_imp.sub_modules.server.base_server:run:153 - ==================================================
2024-11-18 16:23:41.314 | INFO     | src.fed_imp.sub_modules.server.base_server:run:154 - Imputation Round 17
2024-11-18 16:24:11.684 | INFO     | src.fed_imp.sub_modules.server.base_server:run:153 - ==================================================
2024-11-18 16:24:11.706 | INFO     | src.fed_imp.sub_modules.server.base_server:run:154 - Imputation Round 17
2024-11-18 16:24:48.910 | INFO     | src.fed_imp.sub_modules.server.base_server:run:153 - ==================================================
2024-11-18 16:24:48.911 | INFO     | src.fed_imp.sub_modules.server.base_server:run:154 - Imputation Round 17
2024-11-18 16:24:52.983 | INFO     | src.fed_imp.sub_modules.server.base_server:run:153 - ==================================================
2024-11-18 16:24:52.983 | INFO     | src.fed_imp.sub_modules.server.base_server:run:154 - Imputation Round 17
2024-11-18 16:25:19.563 | INFO     | src.fed_imp.sub_modules.server.base_server:run:153 - ==================================================
2024-11-18 16:25:19.564 | INFO     | src.fed_imp.sub_modules.server.base_server:run:154 - Imputation Round 18
2024-11-18 16:25:24.751 | INFO     | src.fed_imp.sub_modules.server.base_server:run:153 - ==================================================
2024-11-18 16:25:24.752 | INFO     | src.fed_imp.sub_modules.server.base_server:run:154 - Imputation Round 18
2024-11-18 16:26:15.962 | INFO     | src.fed_imp.sub_modules.server.base_server:run:153 - ==================================================
2024-11-18 16:26:15.962 | INFO     | src.fed_imp.sub_modules.server.base_server:run:154 - Imputation Round 18
2024-11-18 16:26:16.340 | INFO     | src.fed_imp.sub_modules.server.base_server:run:153 - ==================================================
2024-11-18 16:26:16.340 | INFO     | src.fed_imp.sub_modules.server.base_server:run:154 - Imputation Round 18
2024-11-18 16:26:21.891 | INFO     | src.fed_imp.sub_modules.server.base_server:run:153 - ==================================================
2024-11-18 16:26:21.891 | INFO     | src.fed_imp.sub_modules.server.base_server:run:154 - Imputation Round 18
2024-11-18 16:26:35.089 | INFO     | src.fed_imp.sub_modules.server.base_server:run:153 - ==================================================
2024-11-18 16:26:35.106 | INFO     | src.fed_imp.sub_modules.server.base_server:run:154 - Imputation Round 18
2024-11-18 16:27:16.862 | INFO     | src.fed_imp.sub_modules.server.base_server:run:153 - ==================================================
2024-11-18 16:27:16.879 | INFO     | src.fed_imp.sub_modules.server.base_server:run:154 - Imputation Round 18
2024-11-18 16:27:41.422 | INFO     | src.fed_imp.sub_modules.server.base_server:run:153 - ==================================================
2024-11-18 16:27:41.423 | INFO     | src.fed_imp.sub_modules.server.base_server:run:154 - Imputation Round 18
2024-11-18 16:28:15.328 | INFO     | src.fed_imp.sub_modules.server.base_server:run:153 - ==================================================
2024-11-18 16:28:15.329 | INFO     | src.fed_imp.sub_modules.server.base_server:run:154 - Imputation Round 18
2024-11-18 16:28:43.734 | INFO     | src.fed_imp.sub_modules.server.base_server:run:153 - ==================================================
2024-11-18 16:28:43.734 | INFO     | src.fed_imp.sub_modules.server.base_server:run:154 - Imputation Round 18
2024-11-18 16:28:45.552 | INFO     | src.fed_imp.sub_modules.server.base_server:run:153 - ==================================================
2024-11-18 16:28:45.552 | INFO     | src.fed_imp.sub_modules.server.base_server:run:154 - Imputation Round 19
2024-11-18 16:29:05.414 | INFO     | src.fed_imp.sub_modules.server.base_server:run:153 - ==================================================
2024-11-18 16:29:05.414 | INFO     | src.fed_imp.sub_modules.server.base_server:run:154 - Imputation Round 19
2024-11-18 16:29:07.772 | INFO     | src.fed_imp.sub_modules.server.base_server:run:153 - ==================================================
2024-11-18 16:29:07.772 | INFO     | src.fed_imp.sub_modules.server.base_server:run:154 - Imputation Round 19
2024-11-18 16:29:50.279 | INFO     | src.fed_imp.sub_modules.server.base_server:run:153 - ==================================================
2024-11-18 16:29:50.280 | INFO     | src.fed_imp.sub_modules.server.base_server:run:154 - Imputation Round 19
2024-11-18 16:30:02.743 | INFO     | src.fed_imp.sub_modules.server.base_server:run:153 - ==================================================
2024-11-18 16:30:02.744 | INFO     | src.fed_imp.sub_modules.server.base_server:run:154 - Imputation Round 19
2024-11-18 16:30:03.729 | INFO     | src.fed_imp.sub_modules.server.base_server:run:153 - ==================================================
2024-11-18 16:30:03.730 | INFO     | src.fed_imp.sub_modules.server.base_server:run:154 - Imputation Round 19
2024-11-18 16:30:42.338 | INFO     | src.fed_imp.sub_modules.server.base_server:run:153 - ==================================================
2024-11-18 16:30:42.338 | INFO     | src.fed_imp.sub_modules.server.base_server:run:154 - Imputation Round 19
2024-11-18 16:30:49.480 | INFO     | src.fed_imp.sub_modules.server.base_server:run:153 - ==================================================
2024-11-18 16:30:49.480 | INFO     | src.fed_imp.sub_modules.server.base_server:run:154 - Imputation Round 19
2024-11-18 16:31:27.449 | INFO     | src.fed_imp.sub_modules.server.base_server:run:153 - ==================================================
2024-11-18 16:31:27.449 | INFO     | src.fed_imp.sub_modules.server.base_server:run:154 - Imputation Round 19
2024-11-18 16:31:33.389 | INFO     | src.fed_imp.sub_modules.server.base_server:run:153 - ==================================================
2024-11-18 16:31:33.389 | INFO     | src.fed_imp.sub_modules.server.base_server:run:154 - Imputation Round 19
2024-11-18 16:31:44.341 | INFO     | src.fed_imp.sub_modules.server.base_server:run:153 - ==================================================
2024-11-18 16:31:44.356 | INFO     | src.fed_imp.sub_modules.server.base_server:run:154 - Imputation Round 20
2024-11-18 16:32:01.313 | INFO     | src.fed_imp.sub_modules.server.base_server:run:153 - ==================================================
2024-11-18 16:32:01.314 | INFO     | src.fed_imp.sub_modules.server.base_server:run:154 - Imputation Round 20
2024-11-18 16:32:30.664 | INFO     | src.fed_imp.sub_modules.server.base_server:run:153 - ==================================================
2024-11-18 16:32:30.665 | INFO     | src.fed_imp.sub_modules.server.base_server:run:154 - Imputation Round 20
2024-11-18 16:33:07.229 | INFO     | src.fed_imp.sub_modules.server.base_server:run:153 - ==================================================
2024-11-18 16:33:07.229 | INFO     | src.fed_imp.sub_modules.server.base_server:run:154 - Imputation Round 20
2024-11-18 16:33:20.835 | INFO     | src.fed_imp.sub_modules.server.base_server:run:153 - ==================================================
2024-11-18 16:33:20.866 | INFO     | src.fed_imp.sub_modules.server.base_server:run:154 - Imputation Round 20
2024-11-18 16:33:54.286 | INFO     | src.fed_imp.sub_modules.server.base_server:run:153 - ==================================================
2024-11-18 16:33:54.286 | INFO     | src.fed_imp.sub_modules.server.base_server:run:154 - Imputation Round 20
2024-11-18 16:34:06.622 | INFO     | src.fed_imp.sub_modules.server.base_server:run:153 - ==================================================
2024-11-18 16:34:06.623 | INFO     | src.fed_imp.sub_modules.server.base_server:run:154 - Imputation Round 20
2024-11-18 16:34:36.894 | INFO     | src.fed_imp.sub_modules.server.base_server:run:153 - ==================================================
2024-11-18 16:34:36.894 | INFO     | src.fed_imp.sub_modules.server.base_server:run:154 - Imputation Round 20
2024-11-18 16:34:37.474 | INFO     | src.fed_imp.sub_modules.server.base_server:run:153 - ==================================================
2024-11-18 16:34:37.474 | INFO     | src.fed_imp.sub_modules.server.base_server:run:154 - Imputation Round 20
2024-11-18 16:35:02.594 | INFO     | src.fed_imp.sub_modules.server.base_server:run:183 - FL finished in 4041.7973109572195
2024-11-18 16:35:09.778 | INFO     | src.fed_imp.sub_modules.server.base_server:run:153 - ==================================================
2024-11-18 16:35:09.784 | INFO     | src.fed_imp.sub_modules.server.base_server:run:154 - Imputation Round 20
2024-11-18 16:35:47.151 | INFO     | src.fed_imp.sub_modules.server.base_server:run:183 - FL finished in 4095.3452041386627
2024-11-18 16:35:49.480 | INFO     | src.fed_imp.sub_modules.server.base_server:run:183 - FL finished in 4096.015434525907
2024-11-18 16:36:23.185 | INFO     | src.fed_imp.sub_modules.server.base_server:run:183 - FL finished in 4129.053038036916
2024-11-18 16:36:33.779 | INFO     | src.fed_imp.sub_modules.server.base_server:run:183 - FL finished in 4139.65697982721
2024-11-18 16:36:38.311 | INFO     | src.fed_imp.sub_modules.server.base_server:run:183 - FL finished in 4139.899786372203
2024-11-18 16:36:48.471 | INFO     | src.fed_imp.sub_modules.server.base_server:run:183 - FL finished in 4154.475412788801
2024-11-18 16:36:57.619 | INFO     | src.fed_imp.sub_modules.server.base_server:run:183 - FL finished in 4162.897383177653
2024-11-18 16:36:59.592 | INFO     | src.fed_imp.sub_modules.server.base_server:run:183 - FL finished in 4168.888011829928
2024-11-18 16:37:13.350 | INFO     | src.fed_imp.sub_modules.server.base_server:run:183 - FL finished in 4174.63154622633
natural {}
Adding missing to client 0 ...
Adding missing to client 1 ...
Adding missing to client 2 ...
Adding missing to client 3 ...
Adding missing to client 4 ...
Adding missing to client 5 ...
Adding missing to client 6 ...
Adding missing to client 7 ...
Adding missing to client 8 ...
Adding missing to client 9 ...
Adding missing to client 10 ...
Adding missing to client 11 ...
Adding missing to client 12 ...
Adding missing to client 13 ...
Adding missing to client 14 ...
Adding missing to client 15 ...
Adding missing to client 16 ...
Adding missing to client 17 ...
Adding missing to client 18 ...
Adding missing to client 19 ...
Adding missing to client 20 ...
Adding missing to client 21 ...
Adding missing to client 22 ...
client: 0 dup rate: 0.0
client: 1 dup rate: 0.0
client: 2 dup rate: 0.0
client: 3 dup rate: 0.0
client: 4 dup rate: 0.0
client: 5 dup rate: 0.030563514804202496
client: 6 dup rate: 0.0
client: 7 dup rate: 0.0
client: 8 dup rate: 0.0
client: 9 dup rate: 0.0
client: 10 dup rate: 0.0
client: 11 dup rate: 0.0
client: 12 dup rate: 0.0
client: 13 dup rate: 0.0
client: 14 dup rate: 0.0
client: 15 dup rate: 0.0
client: 16 dup rate: 0.0
client: 17 dup rate: 0.0
client: 18 dup rate: 0.0
client: 19 dup rate: 0.0
client: 20 dup rate: 0.0
client: 21 dup rate: 0.0
client: 22 dup rate: 0.0
Used default params: {}
natural {}
Adding missing to client 0 ...
Adding missing to client 1 ...
Adding missing to client 2 ...
Adding missing to client 3 ...
Adding missing to client 4 ...
Adding missing to client 5 ...
Adding missing to client 6 ...
Adding missing to client 7 ...
Adding missing to client 8 ...
Adding missing to client 9 ...
Adding missing to client 10 ...
Adding missing to client 11 ...
Adding missing to client 12 ...
Adding missing to client 13 ...
Adding missing to client 14 ...
Adding missing to client 15 ...
Adding missing to client 16 ...
Adding missing to client 17 ...
Adding missing to client 18 ...
Adding missing to client 19 ...
Adding missing to client 20 ...
Adding missing to client 21 ...
Adding missing to client 22 ...
client: 0 dup rate: 0.0
client: 1 dup rate: 0.0
client: 2 dup rate: 0.0
client: 3 dup rate: 0.0
client: 4 dup rate: 0.0
client: 5 dup rate: 0.030563514804202496
client: 6 dup rate: 0.0
client: 7 dup rate: 0.0
client: 8 dup rate: 0.0
client: 9 dup rate: 0.0
client: 10 dup rate: 0.0
client: 11 dup rate: 0.0
client: 12 dup rate: 0.0
client: 13 dup rate: 0.0
client: 14 dup rate: 0.0
client: 15 dup rate: 0.0
client: 16 dup rate: 0.0
client: 17 dup rate: 0.0
client: 18 dup rate: 0.0
client: 19 dup rate: 0.0
client: 20 dup rate: 0.0
client: 21 dup rate: 0.0
client: 22 dup rate: 0.0
Used default params: {}
natural {}
Adding missing to client 0 ...
Adding missing to client 1 ...
Adding missing to client 2 ...
Adding missing to client 3 ...
Adding missing to client 4 ...
Adding missing to client 5 ...
Adding missing to client 6 ...
Adding missing to client 7 ...
Adding missing to client 8 ...
Adding missing to client 9 ...
Adding missing to client 10 ...
Adding missing to client 11 ...
Adding missing to client 12 ...
Adding missing to client 13 ...
Adding missing to client 14 ...
Adding missing to client 15 ...
Adding missing to client 16 ...
Adding missing to client 17 ...
Adding missing to client 18 ...
Adding missing to client 19 ...
Adding missing to client 20 ...
Adding missing to client 21 ...
Adding missing to client 22 ...
client: 0 dup rate: 0.0
client: 1 dup rate: 0.0
client: 2 dup rate: 0.0
client: 3 dup rate: 0.0
client: 4 dup rate: 0.0
client: 5 dup rate: 0.030563514804202496
client: 6 dup rate: 0.0
client: 7 dup rate: 0.0
client: 8 dup rate: 0.0
client: 9 dup rate: 0.0
client: 10 dup rate: 0.0
client: 11 dup rate: 0.0
client: 12 dup rate: 0.0
client: 13 dup rate: 0.0
client: 14 dup rate: 0.0
client: 15 dup rate: 0.0
client: 16 dup rate: 0.0
client: 17 dup rate: 0.0
client: 18 dup rate: 0.0
client: 19 dup rate: 0.0
client: 20 dup rate: 0.0
client: 21 dup rate: 0.0
client: 22 dup rate: 0.0
Used default params: {}
natural {}
Adding missing to client 0 ...
Adding missing to client 1 ...
Adding missing to client 2 ...
Adding missing to client 3 ...
Adding missing to client 4 ...
Adding missing to client 5 ...
Adding missing to client 6 ...
Adding missing to client 7 ...
Adding missing to client 8 ...
Adding missing to client 9 ...
Adding missing to client 10 ...
Adding missing to client 11 ...
Adding missing to client 12 ...
Adding missing to client 13 ...
Adding missing to client 14 ...
Adding missing to client 15 ...
Adding missing to client 16 ...
Adding missing to client 17 ...
Adding missing to client 18 ...
Adding missing to client 19 ...
Adding missing to client 20 ...
Adding missing to client 21 ...
Adding missing to client 22 ...
client: 0 dup rate: 0.0
client: 1 dup rate: 0.0
client: 2 dup rate: 0.0
client: 3 dup rate: 0.0
client: 4 dup rate: 0.0
client: 5 dup rate: 0.030563514804202496
client: 6 dup rate: 0.0
client: 7 dup rate: 0.0
client: 8 dup rate: 0.0
client: 9 dup rate: 0.0
client: 10 dup rate: 0.0
client: 11 dup rate: 0.0
client: 12 dup rate: 0.0
client: 13 dup rate: 0.0
client: 14 dup rate: 0.0
client: 15 dup rate: 0.0
client: 16 dup rate: 0.0
client: 17 dup rate: 0.0
client: 18 dup rate: 0.0
client: 19 dup rate: 0.0
client: 20 dup rate: 0.0
client: 21 dup rate: 0.0
client: 22 dup rate: 0.0
Used default params: {}
natural {}
Adding missing to client 0 ...
Adding missing to client 1 ...
Adding missing to client 2 ...
Adding missing to client 3 ...
Adding missing to client 4 ...
Adding missing to client 5 ...
Adding missing to client 6 ...
Adding missing to client 7 ...
Adding missing to client 8 ...
Adding missing to client 9 ...
Adding missing to client 10 ...
Adding missing to client 11 ...
Adding missing to client 12 ...
Adding missing to client 13 ...
Adding missing to client 14 ...
Adding missing to client 15 ...
Adding missing to client 16 ...
Adding missing to client 17 ...
Adding missing to client 18 ...
Adding missing to client 19 ...
Adding missing to client 20 ...
Adding missing to client 21 ...
Adding missing to client 22 ...
client: 0 dup rate: 0.0
client: 1 dup rate: 0.0
client: 2 dup rate: 0.0
client: 3 dup rate: 0.0
client: 4 dup rate: 0.0
client: 5 dup rate: 0.030563514804202496
client: 6 dup rate: 0.0
client: 7 dup rate: 0.0
client: 8 dup rate: 0.0
client: 9 dup rate: 0.0
client: 10 dup rate: 0.0
client: 11 dup rate: 0.0
client: 12 dup rate: 0.0
client: 13 dup rate: 0.0
client: 14 dup rate: 0.0
client: 15 dup rate: 0.0
client: 16 dup rate: 0.0
client: 17 dup rate: 0.0
client: 18 dup rate: 0.0
client: 19 dup rate: 0.0
client: 20 dup rate: 0.0
client: 21 dup rate: 0.0
client: 22 dup rate: 0.0
Used default params: {}
natural {}
Adding missing to client 0 ...
Adding missing to client 1 ...
Adding missing to client 2 ...
Adding missing to client 3 ...
Adding missing to client 4 ...
Adding missing to client 5 ...
Adding missing to client 6 ...
Adding missing to client 7 ...
Adding missing to client 8 ...
Adding missing to client 9 ...
Adding missing to client 10 ...
Adding missing to client 11 ...
Adding missing to client 12 ...
Adding missing to client 13 ...
Adding missing to client 14 ...
Adding missing to client 15 ...
Adding missing to client 16 ...
Adding missing to client 17 ...
Adding missing to client 18 ...
Adding missing to client 19 ...
Adding missing to client 20 ...
Adding missing to client 21 ...
Adding missing to client 22 ...
client: 0 dup rate: 0.0
client: 1 dup rate: 0.0
client: 2 dup rate: 0.0
client: 3 dup rate: 0.0
client: 4 dup rate: 0.0
client: 5 dup rate: 0.030563514804202496
client: 6 dup rate: 0.0
client: 7 dup rate: 0.0
client: 8 dup rate: 0.0
client: 9 dup rate: 0.0
client: 10 dup rate: 0.0
client: 11 dup rate: 0.0
client: 12 dup rate: 0.0
client: 13 dup rate: 0.0
client: 14 dup rate: 0.0
client: 15 dup rate: 0.0
client: 16 dup rate: 0.0
client: 17 dup rate: 0.0
client: 18 dup rate: 0.0
client: 19 dup rate: 0.0
client: 20 dup rate: 0.0
client: 21 dup rate: 0.0
client: 22 dup rate: 0.0
Used default params: {}
natural {}
Adding missing to client 0 ...
Adding missing to client 1 ...
Adding missing to client 2 ...
Adding missing to client 3 ...
Adding missing to client 4 ...
Adding missing to client 5 ...
Adding missing to client 6 ...
Adding missing to client 7 ...
Adding missing to client 8 ...
Adding missing to client 9 ...
Adding missing to client 10 ...
Adding missing to client 11 ...
Adding missing to client 12 ...
Adding missing to client 13 ...
Adding missing to client 14 ...
Adding missing to client 15 ...
Adding missing to client 16 ...
Adding missing to client 17 ...
Adding missing to client 18 ...
Adding missing to client 19 ...
Adding missing to client 20 ...
Adding missing to client 21 ...
Adding missing to client 22 ...
client: 0 dup rate: 0.0
client: 1 dup rate: 0.0
client: 2 dup rate: 0.0
client: 3 dup rate: 0.0
client: 4 dup rate: 0.0
client: 5 dup rate: 0.030563514804202496
client: 6 dup rate: 0.0
client: 7 dup rate: 0.0
client: 8 dup rate: 0.0
client: 9 dup rate: 0.0
client: 10 dup rate: 0.0
client: 11 dup rate: 0.0
client: 12 dup rate: 0.0
client: 13 dup rate: 0.0
client: 14 dup rate: 0.0
client: 15 dup rate: 0.0
client: 16 dup rate: 0.0
client: 17 dup rate: 0.0
client: 18 dup rate: 0.0
client: 19 dup rate: 0.0
client: 20 dup rate: 0.0
client: 21 dup rate: 0.0
client: 22 dup rate: 0.0
Used default params: {}
natural {}
Adding missing to client 0 ...
Adding missing to client 1 ...
Adding missing to client 2 ...
Adding missing to client 3 ...
Adding missing to client 4 ...
Adding missing to client 5 ...
Adding missing to client 6 ...
Adding missing to client 7 ...
Adding missing to client 8 ...
Adding missing to client 9 ...
Adding missing to client 10 ...
Adding missing to client 11 ...
Adding missing to client 12 ...
Adding missing to client 13 ...
Adding missing to client 14 ...
Adding missing to client 15 ...
Adding missing to client 16 ...
Adding missing to client 17 ...
Adding missing to client 18 ...
Adding missing to client 19 ...
Adding missing to client 20 ...
Adding missing to client 21 ...
Adding missing to client 22 ...
client: 0 dup rate: 0.0
client: 1 dup rate: 0.0
client: 2 dup rate: 0.0
client: 3 dup rate: 0.0
client: 4 dup rate: 0.0
client: 5 dup rate: 0.030563514804202496
client: 6 dup rate: 0.0
client: 7 dup rate: 0.0
client: 8 dup rate: 0.0
client: 9 dup rate: 0.0
client: 10 dup rate: 0.0
client: 11 dup rate: 0.0
client: 12 dup rate: 0.0
client: 13 dup rate: 0.0
client: 14 dup rate: 0.0
client: 15 dup rate: 0.0
client: 16 dup rate: 0.0
client: 17 dup rate: 0.0
client: 18 dup rate: 0.0
client: 19 dup rate: 0.0
client: 20 dup rate: 0.0
client: 21 dup rate: 0.0
client: 22 dup rate: 0.0
Used default params: {}
2024-11-18 16:37:25.546 | INFO     | src.fed_imp.experiment:run_experiment:318 - Summary: fedavg-s
2024-11-18 16:37:25.852 | INFO     | src.fed_imp.experiment:experiment_result_processing:366 - imp@rmse: avg 0.2031044543743233
2024-11-18 16:37:25.853 | INFO     | src.fed_imp.experiment:experiment_result_processing:366 - imp@w2: avg 1.21613111403209
2024-11-18 16:37:25.853 | INFO     | src.fed_imp.experiment:experiment_result_processing:366 - imp@sliced_ws: avg 0.09656330172669428
2024-11-18 16:37:25.853 | INFO     | src.fed_imp.experiment:experiment_result_processing:381 - model pred_accu: 0.00000 (0.000) pred_f1: 0.00000 (0.000)
2024-11-18 16:39:16.322 | INFO     | src.fed_imp.experiment:experiment_result_processing:403 - imp@rmse: 0.20310 (0.010) imp@sliced_ws: 0.09656 (0.010) imp@global_ws: 0.06473
2024-11-18 16:39:16.326 | INFO     | src.experiment_management.experiment_manager:run_experiments:67 - Experiment finished in 4333.683944702148
2024-11-18 16:39:17.100 | INFO     | src.experiment_management.experiment_manager:run_experiments:86 - Total time: 4334.458440065384
