Executing command: python main_experiment_amarel.py config_vars/imp_extention2=vehicle_exp12.yaml
2024-11-18 15:27:02.637 | INFO     | src.experiment_management.experiment_manager:set_experiment:22 - Experiment name: fed_imp
2024-11-18 15:27:02.641 | INFO     | src.experiment_management.experiment_manager:run_experiments:45 - Running 1 experiments
2024-11-18 15:27:02.641 | INFO     | src.experiment_management.experiment_manager:run_experiments:51 - Experiment - 0
2024-11-18 15:27:02.641 | INFO     | src.experiment_management.experiment_manager:run_experiments:52 - Experiment - ['dn', 'nc', 'dp', 'ms', 'mct', 'st', 'as', 's', 's', 'p', 'nr', 'n', 'ts']
2024-11-18 15:27:02.641 | INFO     | src.experiment_management.experiment_manager:run_experiments:53 - Experiment - ('vehicle', 0, 'natural', 'random2@mrl=0.3_mrr=0.7_mm=mnarlrq', 'allk0.25_sphere', 'fedavg_pytorch', 'fedavg-s', 102931466, 50, False, 10, 10, 0.1)
config_tmpl:
  num_clients: 10
  data:
    dataset_name: breast
    normalize: true
  data_partition:
    strategy: full
    params: {}
  handle_imbalance: null
  missing_simulate:
    mf_strategy: all
    mm_strategy: none
    mm_strategy_params:
      corr_type: others
  imputation:
    initial_strategy_num: mean
    initial_strategy_cat: mode
    estimator_num: ridge_cv
    estimator_cat: logistic_cv
    imp_evaluation_model: logistic
    imp_evaluation_params:
      tune_params: gridsearch
    clip: true
  agg_strategy_imp:
    strategy: local
    params:
      ms_field: missing_cell_pct
      beta: 0.7
  client_type: ice
  server_type: fedavg_pytorch
  server:
    impute_mode: instant
    imp_round: 20
    imp_local_epochs: 0
    pred_round: 0
    pred_local_epochs: 0
    model_fit_mode: one_shot
    froze_ms_coefs_round: 100
  pred_model:
    model_params:
      model: 2nn
      num_hiddens: 32
      model_init_config: null
      model_other_params: null
    train_params:
      batch_size: 128
      learning_rate: 0.001
      weight_decay: 0.0001
      pred_round: 200
      pred_local_epochs: 3
  experiment:
    n_rounds: 5
    seed: 102931466
    mtp: true
    random_seed: 50
    num_process: 5
    test_size: 0.1
  track: false
  tune_params: false
  prediction: false
  save_state: true
  algo_params:
    central: {}
    central2: {}
    central_vae: {}
    central_gain: {}
    local: {}
    local_vae: {}
    local_gain: {}
    fedavg: {}
    fedavg_vae: {}
    fedavg_gain: {}
    fedwavg:
      alpha: 0.9
    fedmechw:
      client_thres: 1.0
      alpha: 1.0
      beta: 0.0,
      scale_factor: 4
    fedmechw_p:
      client_thres: 1.0
      alpha: 0.85
      beta: 0.1
      scale_factor: 4
    fedmechw_new:
      client_thres: 1.0
      alpha: 0.95
      gamma: 0.02
      scale_factor: 4
    fedmechw_dedup:
      client_thres: 1.0
      alpha: 0.95
      gamma: 0.02
      scale_factor: 4
    fedmechw_p_sigmoid:
      client_thres: 1.0
      alpha: 0.9
      beta: 0.1
      scale_factor: 3
    fedmechclw:
      client_thres: 1.0
      thres1: 0.2
      alpha: 0.8
    scale_factor: 6
config_vars:
  vehicle_exp12:
  - name: dataset_name
    value:
    - vehicle
    keys:
    - data
    - dataset_name
    save_mode: dir1
  - name: n_client
    value:
    - 0
    save_mode: dir2
    keys:
    - num_clients
  - name: data_partition
    value:
    - natural
    save_mode: dir3
    keys:
    - data_partition
    - strategy
  - name: mm_strategy
    value:
    - random2@mrl=0.3_mrr=0.7_mm=mnarlrq
    save_mode: dir4
    keys:
    - missing_simulate
    - mm_strategy_new
  - name: mm_corr_type
    value:
    - allk0.25_sphere
    save_mode: dir4
    keys:
    - missing_simulate
    - mm_strategy_params
    - corr_type
  - name: server_type
    value:
    - fedavg_pytorch
    save_mode: none
    keys:
    - server_type
  - name: agg_strategy
    value:
    - fedavg-s
    save_mode: null
    keys:
    - agg_strategy_imp
    - strategy
  - name: seed
    value:
    - 102931466
    save_mode: null
    keys:
    - experiment
    - seed
  - name: seed2
    value:
    - 50
    save_mode: null
    keys:
    - experiment
    - random_seed
  - name: params
    value:
    - false
    save_mode: null
    keys:
    - tune_params
  - name: n_rounds
    value:
    - 10
    save_mode: none
    keys:
    - experiment
    - n_rounds
  - name: np
    value:
    - 10
    save_mode: none
    keys:
    - experiment
    - num_process
  - name: test_size
    value:
    - 0.1
    save_mode: none
    keys:
    - experiment
    - test_size
experiment_name: fed_imp_ext2_amarel
debug: false
experiment_marker:
- num_clients
- server@imp_round

========================================================================================================================================================================================================
{'num_clients': 0, 'data': {'dataset_name': 'vehicle', 'normalize': True}, 'data_partition': {'strategy': 'natural', 'params': {}}, 'handle_imbalance': None, 'missing_simulate': {'mf_strategy': 'all', 'mm_strategy': 'none', 'mm_strategy_params': {'corr_type': 'allk0.25_sphere'}, 'mm_strategy_new': 'random2@mrl=0.3_mrr=0.7_mm=mnarlrq'}, 'imputation': {'initial_strategy_num': 'mean', 'initial_strategy_cat': 'mode', 'estimator_num': 'ridge_cv', 'estimator_cat': 'logistic_cv', 'imp_evaluation_model': 'logistic', 'imp_evaluation_params': {'tune_params': 'gridsearch'}, 'clip': True}, 'agg_strategy_imp': {'strategy': 'fedavg-s', 'params': {'ms_field': 'missing_cell_pct', 'beta': 0.7}}, 'client_type': 'ice', 'server_type': 'fedavg_pytorch', 'server': {'impute_mode': 'instant', 'imp_round': 20, 'imp_local_epochs': 0, 'pred_round': 0, 'pred_local_epochs': 0, 'model_fit_mode': 'one_shot', 'froze_ms_coefs_round': 100}, 'pred_model': {'model_params': {'model': '2nn', 'num_hiddens': 32, 'model_init_config': None, 'model_other_params': None}, 'train_params': {'batch_size': 128, 'learning_rate': 0.001, 'weight_decay': 0.0001, 'pred_round': 200, 'pred_local_epochs': 3}}, 'experiment': {'n_rounds': 10, 'seed': 102931466, 'mtp': True, 'random_seed': 50, 'num_process': 10, 'test_size': 0.1}, 'track': False, 'tune_params': False, 'prediction': False, 'save_state': True, 'algo_params': {'central': {}, 'central2': {}, 'central_vae': {}, 'central_gain': {}, 'local': {}, 'local_vae': {}, 'local_gain': {}, 'fedavg': {}, 'fedavg_vae': {}, 'fedavg_gain': {}, 'fedwavg': {'alpha': 0.9}, 'fedmechw': {'client_thres': 1.0, 'alpha': 1.0, 'beta': '0.0,', 'scale_factor': 4}, 'fedmechw_p': {'client_thres': 1.0, 'alpha': 0.85, 'beta': 0.1, 'scale_factor': 4}, 'fedmechw_new': {'client_thres': 1.0, 'alpha': 0.95, 'gamma': 0.02, 'scale_factor': 4}, 'fedmechw_dedup': {'client_thres': 1.0, 'alpha': 0.95, 'gamma': 0.02, 'scale_factor': 4}, 'fedmechw_p_sigmoid': {'client_thres': 1.0, 'alpha': 0.9, 'beta': 0.1, 'scale_factor': 3}, 'fedmechclw': {'client_thres': 1.0, 'thres1': 0.2, 'alpha': 0.8}, 'scale_factor': 6}}
[(2578, 24), (1511, 24), (1519, 24), (1425, 24), (1375, 24), (1164, 24), (1683, 24), (1735, 24), (2000, 24), (1701, 24), (1803, 24), (1803, 24), (1954, 24), (2200, 24), (2214, 24), (1914, 24), (2068, 24), (1962, 24), (2287, 24), (2002, 24), (2068, 24), (2448, 24), (2281, 24)]
(2320, 24)
(1359, 24)
(1367, 24)
(1282, 24)
(1237, 24)
(1047, 24)
(1514, 24)
(1561, 24)
(1800, 24)
(1530, 24)
(1622, 24)
(1622, 24)
(1758, 24)
(1980, 24)
(1992, 24)
(1722, 24)
(1861, 24)
(1765, 24)
(2058, 24)
(1801, 24)
(1861, 24)
(2203, 24)
(2052, 24)
2024-11-18 15:27:03.855 | INFO     | src.fed_imp.experiment:main_func:31 - Round 0
2024-11-18 15:27:03.888 | INFO     | src.fed_imp.experiment:main_func:31 - Round 1
2024-11-18 15:27:03.920 | INFO     | src.fed_imp.experiment:main_func:31 - Round 2
2024-11-18 15:27:03.953 | INFO     | src.fed_imp.experiment:main_func:31 - Round 3
2024-11-18 15:27:03.989 | INFO     | src.fed_imp.experiment:main_func:31 - Round 4
2024-11-18 15:27:04.023 | INFO     | src.fed_imp.experiment:main_func:31 - Round 5
2024-11-18 15:27:04.058 | INFO     | src.fed_imp.experiment:main_func:31 - Round 6
2024-11-18 15:27:04.093 | INFO     | src.fed_imp.experiment:main_func:31 - Round 7
2024-11-18 15:27:04.129 | INFO     | src.fed_imp.experiment:main_func:31 - Round 8
2024-11-18 15:27:04.152 | INFO     | src.fed_imp.experiment:main_func:31 - Round 9
2024-11-18 15:27:52.635 | INFO     | src.fed_imp.sub_modules.server.base_server:run:153 - ==================================================
2024-11-18 15:27:52.640 | INFO     | src.fed_imp.sub_modules.server.base_server:run:154 - Imputation Round 1
2024-11-18 15:27:57.348 | INFO     | src.fed_imp.sub_modules.server.base_server:run:153 - ==================================================
2024-11-18 15:27:57.348 | INFO     | src.fed_imp.sub_modules.server.base_server:run:154 - Imputation Round 1
2024-11-18 15:27:58.075 | INFO     | src.fed_imp.sub_modules.server.base_server:run:153 - ==================================================
2024-11-18 15:27:58.076 | INFO     | src.fed_imp.sub_modules.server.base_server:run:154 - Imputation Round 1
2024-11-18 15:27:58.442 | INFO     | src.fed_imp.sub_modules.server.base_server:run:153 - ==================================================
2024-11-18 15:27:58.442 | INFO     | src.fed_imp.sub_modules.server.base_server:run:154 - Imputation Round 1
2024-11-18 15:27:59.026 | INFO     | src.fed_imp.sub_modules.server.base_server:run:153 - ==================================================
2024-11-18 15:27:59.026 | INFO     | src.fed_imp.sub_modules.server.base_server:run:154 - Imputation Round 1
2024-11-18 15:28:02.433 | INFO     | src.fed_imp.sub_modules.server.base_server:run:153 - ==================================================
2024-11-18 15:28:02.433 | INFO     | src.fed_imp.sub_modules.server.base_server:run:154 - Imputation Round 1
2024-11-18 15:28:03.185 | INFO     | src.fed_imp.sub_modules.server.base_server:run:153 - ==================================================
2024-11-18 15:28:03.185 | INFO     | src.fed_imp.sub_modules.server.base_server:run:154 - Imputation Round 1
2024-11-18 15:28:10.656 | INFO     | src.fed_imp.sub_modules.server.base_server:run:153 - ==================================================
2024-11-18 15:28:10.656 | INFO     | src.fed_imp.sub_modules.server.base_server:run:154 - Imputation Round 1
2024-11-18 15:28:11.542 | INFO     | src.fed_imp.sub_modules.server.base_server:run:153 - ==================================================
2024-11-18 15:28:11.542 | INFO     | src.fed_imp.sub_modules.server.base_server:run:154 - Imputation Round 1
2024-11-18 15:28:18.931 | INFO     | src.fed_imp.sub_modules.server.base_server:run:153 - ==================================================
2024-11-18 15:28:18.932 | INFO     | src.fed_imp.sub_modules.server.base_server:run:154 - Imputation Round 1
2024-11-18 15:29:49.415 | INFO     | src.fed_imp.sub_modules.server.base_server:run:153 - ==================================================
2024-11-18 15:29:49.415 | INFO     | src.fed_imp.sub_modules.server.base_server:run:154 - Imputation Round 2
2024-11-18 15:29:59.669 | INFO     | src.fed_imp.sub_modules.server.base_server:run:153 - ==================================================
2024-11-18 15:29:59.670 | INFO     | src.fed_imp.sub_modules.server.base_server:run:154 - Imputation Round 2
2024-11-18 15:30:15.805 | INFO     | src.fed_imp.sub_modules.server.base_server:run:153 - ==================================================
2024-11-18 15:30:15.805 | INFO     | src.fed_imp.sub_modules.server.base_server:run:154 - Imputation Round 2
2024-11-18 15:30:23.903 | INFO     | src.fed_imp.sub_modules.server.base_server:run:153 - ==================================================
2024-11-18 15:30:23.903 | INFO     | src.fed_imp.sub_modules.server.base_server:run:154 - Imputation Round 2
2024-11-18 15:30:56.655 | INFO     | src.fed_imp.sub_modules.server.base_server:run:153 - ==================================================
2024-11-18 15:30:56.655 | INFO     | src.fed_imp.sub_modules.server.base_server:run:154 - Imputation Round 2
2024-11-18 15:31:02.263 | INFO     | src.fed_imp.sub_modules.server.base_server:run:153 - ==================================================
2024-11-18 15:31:02.263 | INFO     | src.fed_imp.sub_modules.server.base_server:run:154 - Imputation Round 2
2024-11-18 15:31:36.572 | INFO     | src.fed_imp.sub_modules.server.base_server:run:153 - ==================================================
2024-11-18 15:31:36.572 | INFO     | src.fed_imp.sub_modules.server.base_server:run:154 - Imputation Round 2
2024-11-18 15:31:38.324 | INFO     | src.fed_imp.sub_modules.server.base_server:run:153 - ==================================================
2024-11-18 15:31:38.324 | INFO     | src.fed_imp.sub_modules.server.base_server:run:154 - Imputation Round 2
2024-11-18 15:32:00.715 | INFO     | src.fed_imp.sub_modules.server.base_server:run:153 - ==================================================
2024-11-18 15:32:00.715 | INFO     | src.fed_imp.sub_modules.server.base_server:run:154 - Imputation Round 2
2024-11-18 15:32:03.093 | INFO     | src.fed_imp.sub_modules.server.base_server:run:153 - ==================================================
2024-11-18 15:32:03.093 | INFO     | src.fed_imp.sub_modules.server.base_server:run:154 - Imputation Round 2
2024-11-18 15:32:14.133 | INFO     | src.fed_imp.sub_modules.server.base_server:run:153 - ==================================================
2024-11-18 15:32:14.133 | INFO     | src.fed_imp.sub_modules.server.base_server:run:154 - Imputation Round 3
2024-11-18 15:33:07.092 | INFO     | src.fed_imp.sub_modules.server.base_server:run:153 - ==================================================
2024-11-18 15:33:07.092 | INFO     | src.fed_imp.sub_modules.server.base_server:run:154 - Imputation Round 3
2024-11-18 15:33:10.582 | INFO     | src.fed_imp.sub_modules.server.base_server:run:153 - ==================================================
2024-11-18 15:33:10.582 | INFO     | src.fed_imp.sub_modules.server.base_server:run:154 - Imputation Round 3
2024-11-18 15:33:24.629 | INFO     | src.fed_imp.sub_modules.server.base_server:run:153 - ==================================================
2024-11-18 15:33:24.630 | INFO     | src.fed_imp.sub_modules.server.base_server:run:154 - Imputation Round 3
2024-11-18 15:33:34.520 | INFO     | src.fed_imp.sub_modules.server.base_server:run:153 - ==================================================
2024-11-18 15:33:34.521 | INFO     | src.fed_imp.sub_modules.server.base_server:run:154 - Imputation Round 3
2024-11-18 15:33:41.175 | INFO     | src.fed_imp.sub_modules.server.base_server:run:153 - ==================================================
2024-11-18 15:33:41.211 | INFO     | src.fed_imp.sub_modules.server.base_server:run:154 - Imputation Round 3
2024-11-18 15:34:14.576 | INFO     | src.fed_imp.sub_modules.server.base_server:run:153 - ==================================================
2024-11-18 15:34:14.576 | INFO     | src.fed_imp.sub_modules.server.base_server:run:154 - Imputation Round 3
2024-11-18 15:34:25.274 | INFO     | src.fed_imp.sub_modules.server.base_server:run:153 - ==================================================
2024-11-18 15:34:25.274 | INFO     | src.fed_imp.sub_modules.server.base_server:run:154 - Imputation Round 3
2024-11-18 15:34:58.601 | INFO     | src.fed_imp.sub_modules.server.base_server:run:153 - ==================================================
2024-11-18 15:34:58.601 | INFO     | src.fed_imp.sub_modules.server.base_server:run:154 - Imputation Round 3
2024-11-18 15:35:01.309 | INFO     | src.fed_imp.sub_modules.server.base_server:run:153 - ==================================================
2024-11-18 15:35:01.309 | INFO     | src.fed_imp.sub_modules.server.base_server:run:154 - Imputation Round 3
2024-11-18 15:35:33.796 | INFO     | src.fed_imp.sub_modules.server.base_server:run:153 - ==================================================
2024-11-18 15:35:33.801 | INFO     | src.fed_imp.sub_modules.server.base_server:run:154 - Imputation Round 4
2024-11-18 15:36:17.706 | INFO     | src.fed_imp.sub_modules.server.base_server:run:153 - ==================================================
2024-11-18 15:36:17.706 | INFO     | src.fed_imp.sub_modules.server.base_server:run:154 - Imputation Round 4
2024-11-18 15:36:19.836 | INFO     | src.fed_imp.sub_modules.server.base_server:run:153 - ==================================================
2024-11-18 15:36:19.836 | INFO     | src.fed_imp.sub_modules.server.base_server:run:154 - Imputation Round 4
2024-11-18 15:36:19.922 | INFO     | src.fed_imp.sub_modules.server.base_server:run:153 - ==================================================
2024-11-18 15:36:19.923 | INFO     | src.fed_imp.sub_modules.server.base_server:run:154 - Imputation Round 4
2024-11-18 15:36:26.670 | INFO     | src.fed_imp.sub_modules.server.base_server:run:153 - ==================================================
2024-11-18 15:36:26.670 | INFO     | src.fed_imp.sub_modules.server.base_server:run:154 - Imputation Round 4
2024-11-18 15:37:04.879 | INFO     | src.fed_imp.sub_modules.server.base_server:run:153 - ==================================================
2024-11-18 15:37:04.879 | INFO     | src.fed_imp.sub_modules.server.base_server:run:154 - Imputation Round 4
2024-11-18 15:37:08.783 | INFO     | src.fed_imp.sub_modules.server.base_server:run:153 - ==================================================
2024-11-18 15:37:08.784 | INFO     | src.fed_imp.sub_modules.server.base_server:run:154 - Imputation Round 4
2024-11-18 15:37:27.188 | INFO     | src.fed_imp.sub_modules.server.base_server:run:153 - ==================================================
2024-11-18 15:37:27.189 | INFO     | src.fed_imp.sub_modules.server.base_server:run:154 - Imputation Round 4
2024-11-18 15:38:18.235 | INFO     | src.fed_imp.sub_modules.server.base_server:run:153 - ==================================================
2024-11-18 15:38:18.236 | INFO     | src.fed_imp.sub_modules.server.base_server:run:154 - Imputation Round 4
2024-11-18 15:38:45.254 | INFO     | src.fed_imp.sub_modules.server.base_server:run:153 - ==================================================
2024-11-18 15:38:45.254 | INFO     | src.fed_imp.sub_modules.server.base_server:run:154 - Imputation Round 5
2024-11-18 15:39:09.627 | INFO     | src.fed_imp.sub_modules.server.base_server:run:153 - ==================================================
2024-11-18 15:39:09.627 | INFO     | src.fed_imp.sub_modules.server.base_server:run:154 - Imputation Round 4
2024-11-18 15:39:34.036 | INFO     | src.fed_imp.sub_modules.server.base_server:run:153 - ==================================================
2024-11-18 15:39:34.044 | INFO     | src.fed_imp.sub_modules.server.base_server:run:154 - Imputation Round 5
2024-11-18 15:39:38.641 | INFO     | src.fed_imp.sub_modules.server.base_server:run:153 - ==================================================
2024-11-18 15:39:38.642 | INFO     | src.fed_imp.sub_modules.server.base_server:run:154 - Imputation Round 5
2024-11-18 15:39:58.206 | INFO     | src.fed_imp.sub_modules.server.base_server:run:153 - ==================================================
2024-11-18 15:39:58.212 | INFO     | src.fed_imp.sub_modules.server.base_server:run:154 - Imputation Round 5
2024-11-18 15:39:59.182 | INFO     | src.fed_imp.sub_modules.server.base_server:run:153 - ==================================================
2024-11-18 15:39:59.182 | INFO     | src.fed_imp.sub_modules.server.base_server:run:154 - Imputation Round 5
2024-11-18 15:40:04.993 | INFO     | src.fed_imp.sub_modules.server.base_server:run:153 - ==================================================
2024-11-18 15:40:04.993 | INFO     | src.fed_imp.sub_modules.server.base_server:run:154 - Imputation Round 5
2024-11-18 15:40:12.140 | INFO     | src.fed_imp.sub_modules.server.base_server:run:153 - ==================================================
2024-11-18 15:40:12.140 | INFO     | src.fed_imp.sub_modules.server.base_server:run:154 - Imputation Round 5
2024-11-18 15:40:25.719 | INFO     | src.fed_imp.sub_modules.server.base_server:run:153 - ==================================================
2024-11-18 15:40:25.719 | INFO     | src.fed_imp.sub_modules.server.base_server:run:154 - Imputation Round 5
2024-11-18 15:41:31.330 | INFO     | src.fed_imp.sub_modules.server.base_server:run:153 - ==================================================
2024-11-18 15:41:31.331 | INFO     | src.fed_imp.sub_modules.server.base_server:run:154 - Imputation Round 5
2024-11-18 15:42:07.278 | INFO     | src.fed_imp.sub_modules.server.base_server:run:153 - ==================================================
2024-11-18 15:42:07.278 | INFO     | src.fed_imp.sub_modules.server.base_server:run:154 - Imputation Round 6
2024-11-18 15:42:14.521 | INFO     | src.fed_imp.sub_modules.server.base_server:run:153 - ==================================================
2024-11-18 15:42:14.522 | INFO     | src.fed_imp.sub_modules.server.base_server:run:154 - Imputation Round 6
2024-11-18 15:42:22.230 | INFO     | src.fed_imp.sub_modules.server.base_server:run:153 - ==================================================
2024-11-18 15:42:22.231 | INFO     | src.fed_imp.sub_modules.server.base_server:run:154 - Imputation Round 5
2024-11-18 15:42:33.535 | INFO     | src.fed_imp.sub_modules.server.base_server:run:153 - ==================================================
2024-11-18 15:42:33.535 | INFO     | src.fed_imp.sub_modules.server.base_server:run:154 - Imputation Round 6
2024-11-18 15:43:22.506 | INFO     | src.fed_imp.sub_modules.server.base_server:run:153 - ==================================================
2024-11-18 15:43:22.506 | INFO     | src.fed_imp.sub_modules.server.base_server:run:154 - Imputation Round 6
2024-11-18 15:43:28.945 | INFO     | src.fed_imp.sub_modules.server.base_server:run:153 - ==================================================
2024-11-18 15:43:28.945 | INFO     | src.fed_imp.sub_modules.server.base_server:run:154 - Imputation Round 6
2024-11-18 15:43:40.594 | INFO     | src.fed_imp.sub_modules.server.base_server:run:153 - ==================================================
2024-11-18 15:43:40.631 | INFO     | src.fed_imp.sub_modules.server.base_server:run:154 - Imputation Round 6
2024-11-18 15:43:44.336 | INFO     | src.fed_imp.sub_modules.server.base_server:run:153 - ==================================================
2024-11-18 15:43:44.336 | INFO     | src.fed_imp.sub_modules.server.base_server:run:154 - Imputation Round 6
2024-11-18 15:43:54.781 | INFO     | src.fed_imp.sub_modules.server.base_server:run:153 - ==================================================
2024-11-18 15:43:54.782 | INFO     | src.fed_imp.sub_modules.server.base_server:run:154 - Imputation Round 6
2024-11-18 15:44:38.846 | INFO     | src.fed_imp.sub_modules.server.base_server:run:153 - ==================================================
2024-11-18 15:44:38.846 | INFO     | src.fed_imp.sub_modules.server.base_server:run:154 - Imputation Round 7
2024-11-18 15:44:40.033 | INFO     | src.fed_imp.sub_modules.server.base_server:run:153 - ==================================================
2024-11-18 15:44:40.033 | INFO     | src.fed_imp.sub_modules.server.base_server:run:154 - Imputation Round 6
2024-11-18 15:44:40.184 | INFO     | src.fed_imp.sub_modules.server.base_server:run:153 - ==================================================
2024-11-18 15:44:40.184 | INFO     | src.fed_imp.sub_modules.server.base_server:run:154 - Imputation Round 6
2024-11-18 15:45:10.361 | INFO     | src.fed_imp.sub_modules.server.base_server:run:153 - ==================================================
2024-11-18 15:45:10.361 | INFO     | src.fed_imp.sub_modules.server.base_server:run:154 - Imputation Round 7
2024-11-18 15:45:48.780 | INFO     | src.fed_imp.sub_modules.server.base_server:run:153 - ==================================================
2024-11-18 15:45:48.787 | INFO     | src.fed_imp.sub_modules.server.base_server:run:154 - Imputation Round 7
2024-11-18 15:45:50.955 | INFO     | src.fed_imp.sub_modules.server.base_server:run:153 - ==================================================
2024-11-18 15:45:50.988 | INFO     | src.fed_imp.sub_modules.server.base_server:run:154 - Imputation Round 7
2024-11-18 15:46:01.699 | INFO     | src.fed_imp.sub_modules.server.base_server:run:153 - ==================================================
2024-11-18 15:46:01.699 | INFO     | src.fed_imp.sub_modules.server.base_server:run:154 - Imputation Round 7
2024-11-18 15:46:34.626 | INFO     | src.fed_imp.sub_modules.server.base_server:run:153 - ==================================================
2024-11-18 15:46:34.626 | INFO     | src.fed_imp.sub_modules.server.base_server:run:154 - Imputation Round 7
2024-11-18 15:47:15.776 | INFO     | src.fed_imp.sub_modules.server.base_server:run:153 - ==================================================
2024-11-18 15:47:15.798 | INFO     | src.fed_imp.sub_modules.server.base_server:run:154 - Imputation Round 7
2024-11-18 15:47:28.704 | INFO     | src.fed_imp.sub_modules.server.base_server:run:153 - ==================================================
2024-11-18 15:47:28.704 | INFO     | src.fed_imp.sub_modules.server.base_server:run:154 - Imputation Round 7
2024-11-18 15:47:30.282 | INFO     | src.fed_imp.sub_modules.server.base_server:run:153 - ==================================================
2024-11-18 15:47:30.307 | INFO     | src.fed_imp.sub_modules.server.base_server:run:154 - Imputation Round 8
2024-11-18 15:47:50.847 | INFO     | src.fed_imp.sub_modules.server.base_server:run:153 - ==================================================
2024-11-18 15:47:50.847 | INFO     | src.fed_imp.sub_modules.server.base_server:run:154 - Imputation Round 7
2024-11-18 15:48:36.250 | INFO     | src.fed_imp.sub_modules.server.base_server:run:153 - ==================================================
2024-11-18 15:48:36.250 | INFO     | src.fed_imp.sub_modules.server.base_server:run:154 - Imputation Round 8
2024-11-18 15:48:42.922 | INFO     | src.fed_imp.sub_modules.server.base_server:run:153 - ==================================================
2024-11-18 15:48:42.922 | INFO     | src.fed_imp.sub_modules.server.base_server:run:154 - Imputation Round 8
2024-11-18 15:48:49.133 | INFO     | src.fed_imp.sub_modules.server.base_server:run:153 - ==================================================
2024-11-18 15:48:49.133 | INFO     | src.fed_imp.sub_modules.server.base_server:run:154 - Imputation Round 7
2024-11-18 15:49:01.180 | INFO     | src.fed_imp.sub_modules.server.base_server:run:153 - ==================================================
2024-11-18 15:49:01.180 | INFO     | src.fed_imp.sub_modules.server.base_server:run:154 - Imputation Round 8
2024-11-18 15:49:20.943 | INFO     | src.fed_imp.sub_modules.server.base_server:run:153 - ==================================================
2024-11-18 15:49:20.961 | INFO     | src.fed_imp.sub_modules.server.base_server:run:154 - Imputation Round 8
2024-11-18 15:49:56.344 | INFO     | src.fed_imp.sub_modules.server.base_server:run:153 - ==================================================
2024-11-18 15:49:56.344 | INFO     | src.fed_imp.sub_modules.server.base_server:run:154 - Imputation Round 8
2024-11-18 15:50:16.039 | INFO     | src.fed_imp.sub_modules.server.base_server:run:153 - ==================================================
2024-11-18 15:50:16.039 | INFO     | src.fed_imp.sub_modules.server.base_server:run:154 - Imputation Round 8
2024-11-18 15:50:33.701 | INFO     | src.fed_imp.sub_modules.server.base_server:run:153 - ==================================================
2024-11-18 15:50:33.701 | INFO     | src.fed_imp.sub_modules.server.base_server:run:154 - Imputation Round 9
2024-11-18 15:50:49.993 | INFO     | src.fed_imp.sub_modules.server.base_server:run:153 - ==================================================
2024-11-18 15:50:49.993 | INFO     | src.fed_imp.sub_modules.server.base_server:run:154 - Imputation Round 8
2024-11-18 15:51:27.042 | INFO     | src.fed_imp.sub_modules.server.base_server:run:153 - ==================================================
2024-11-18 15:51:27.042 | INFO     | src.fed_imp.sub_modules.server.base_server:run:154 - Imputation Round 9
2024-11-18 15:51:48.966 | INFO     | src.fed_imp.sub_modules.server.base_server:run:153 - ==================================================
2024-11-18 15:51:48.998 | INFO     | src.fed_imp.sub_modules.server.base_server:run:154 - Imputation Round 9
2024-11-18 15:51:59.593 | INFO     | src.fed_imp.sub_modules.server.base_server:run:153 - ==================================================
2024-11-18 15:51:59.594 | INFO     | src.fed_imp.sub_modules.server.base_server:run:154 - Imputation Round 8
2024-11-18 15:52:03.511 | INFO     | src.fed_imp.sub_modules.server.base_server:run:153 - ==================================================
2024-11-18 15:52:03.512 | INFO     | src.fed_imp.sub_modules.server.base_server:run:154 - Imputation Round 9
2024-11-18 15:52:05.314 | INFO     | src.fed_imp.sub_modules.server.base_server:run:153 - ==================================================
2024-11-18 15:52:05.314 | INFO     | src.fed_imp.sub_modules.server.base_server:run:154 - Imputation Round 8
2024-11-18 15:52:12.894 | INFO     | src.fed_imp.sub_modules.server.base_server:run:153 - ==================================================
2024-11-18 15:52:12.895 | INFO     | src.fed_imp.sub_modules.server.base_server:run:154 - Imputation Round 9
2024-11-18 15:52:42.361 | INFO     | src.fed_imp.sub_modules.server.base_server:run:153 - ==================================================
2024-11-18 15:52:42.385 | INFO     | src.fed_imp.sub_modules.server.base_server:run:154 - Imputation Round 9
2024-11-18 15:52:58.965 | INFO     | src.fed_imp.sub_modules.server.base_server:run:153 - ==================================================
2024-11-18 15:52:58.965 | INFO     | src.fed_imp.sub_modules.server.base_server:run:154 - Imputation Round 9
2024-11-18 15:53:21.635 | INFO     | src.fed_imp.sub_modules.server.base_server:run:153 - ==================================================
2024-11-18 15:53:21.635 | INFO     | src.fed_imp.sub_modules.server.base_server:run:154 - Imputation Round 10
2024-11-18 15:53:32.925 | INFO     | src.fed_imp.sub_modules.server.base_server:run:153 - ==================================================
2024-11-18 15:53:32.925 | INFO     | src.fed_imp.sub_modules.server.base_server:run:154 - Imputation Round 9
2024-11-18 15:54:13.656 | INFO     | src.fed_imp.sub_modules.server.base_server:run:153 - ==================================================
2024-11-18 15:54:13.656 | INFO     | src.fed_imp.sub_modules.server.base_server:run:154 - Imputation Round 10
2024-11-18 15:54:39.290 | INFO     | src.fed_imp.sub_modules.server.base_server:run:153 - ==================================================
2024-11-18 15:54:39.290 | INFO     | src.fed_imp.sub_modules.server.base_server:run:154 - Imputation Round 10
2024-11-18 15:54:59.521 | INFO     | src.fed_imp.sub_modules.server.base_server:run:153 - ==================================================
2024-11-18 15:54:59.521 | INFO     | src.fed_imp.sub_modules.server.base_server:run:154 - Imputation Round 9
2024-11-18 15:55:33.728 | INFO     | src.fed_imp.sub_modules.server.base_server:run:153 - ==================================================
2024-11-18 15:55:33.728 | INFO     | src.fed_imp.sub_modules.server.base_server:run:154 - Imputation Round 10
2024-11-18 15:55:37.519 | INFO     | src.fed_imp.sub_modules.server.base_server:run:153 - ==================================================
2024-11-18 15:55:37.519 | INFO     | src.fed_imp.sub_modules.server.base_server:run:154 - Imputation Round 10
2024-11-18 15:55:47.154 | INFO     | src.fed_imp.sub_modules.server.base_server:run:153 - ==================================================
2024-11-18 15:55:47.155 | INFO     | src.fed_imp.sub_modules.server.base_server:run:154 - Imputation Round 10
2024-11-18 15:55:47.548 | INFO     | src.fed_imp.sub_modules.server.base_server:run:153 - ==================================================
2024-11-18 15:55:47.549 | INFO     | src.fed_imp.sub_modules.server.base_server:run:154 - Imputation Round 9
2024-11-18 15:56:15.043 | INFO     | src.fed_imp.sub_modules.server.base_server:run:153 - ==================================================
2024-11-18 15:56:15.044 | INFO     | src.fed_imp.sub_modules.server.base_server:run:154 - Imputation Round 10
2024-11-18 15:56:41.022 | INFO     | src.fed_imp.sub_modules.server.base_server:run:153 - ==================================================
2024-11-18 15:56:41.022 | INFO     | src.fed_imp.sub_modules.server.base_server:run:154 - Imputation Round 11
2024-11-18 15:56:54.730 | INFO     | src.fed_imp.sub_modules.server.base_server:run:153 - ==================================================
2024-11-18 15:56:54.730 | INFO     | src.fed_imp.sub_modules.server.base_server:run:154 - Imputation Round 11
2024-11-18 15:57:26.425 | INFO     | src.fed_imp.sub_modules.server.base_server:run:153 - ==================================================
2024-11-18 15:57:26.447 | INFO     | src.fed_imp.sub_modules.server.base_server:run:154 - Imputation Round 11
2024-11-18 15:57:40.550 | INFO     | src.fed_imp.sub_modules.server.base_server:run:153 - ==================================================
2024-11-18 15:57:40.550 | INFO     | src.fed_imp.sub_modules.server.base_server:run:154 - Imputation Round 10
2024-11-18 15:57:47.380 | INFO     | src.fed_imp.sub_modules.server.base_server:run:153 - ==================================================
2024-11-18 15:57:47.380 | INFO     | src.fed_imp.sub_modules.server.base_server:run:154 - Imputation Round 10
2024-11-18 15:58:43.946 | INFO     | src.fed_imp.sub_modules.server.base_server:run:153 - ==================================================
2024-11-18 15:58:43.966 | INFO     | src.fed_imp.sub_modules.server.base_server:run:154 - Imputation Round 11
2024-11-18 15:58:50.584 | INFO     | src.fed_imp.sub_modules.server.base_server:run:153 - ==================================================
2024-11-18 15:58:50.584 | INFO     | src.fed_imp.sub_modules.server.base_server:run:154 - Imputation Round 11
2024-11-18 15:58:56.026 | INFO     | src.fed_imp.sub_modules.server.base_server:run:153 - ==================================================
2024-11-18 15:58:56.026 | INFO     | src.fed_imp.sub_modules.server.base_server:run:154 - Imputation Round 10
2024-11-18 15:58:56.655 | INFO     | src.fed_imp.sub_modules.server.base_server:run:153 - ==================================================
2024-11-18 15:58:56.655 | INFO     | src.fed_imp.sub_modules.server.base_server:run:154 - Imputation Round 11
2024-11-18 15:59:06.591 | INFO     | src.fed_imp.sub_modules.server.base_server:run:153 - ==================================================
2024-11-18 15:59:06.591 | INFO     | src.fed_imp.sub_modules.server.base_server:run:154 - Imputation Round 11
2024-11-18 15:59:53.935 | INFO     | src.fed_imp.sub_modules.server.base_server:run:153 - ==================================================
2024-11-18 15:59:53.935 | INFO     | src.fed_imp.sub_modules.server.base_server:run:154 - Imputation Round 12
2024-11-18 16:00:46.961 | INFO     | src.fed_imp.sub_modules.server.base_server:run:153 - ==================================================
2024-11-18 16:00:46.961 | INFO     | src.fed_imp.sub_modules.server.base_server:run:154 - Imputation Round 11
2024-11-18 16:00:48.773 | INFO     | src.fed_imp.sub_modules.server.base_server:run:153 - ==================================================
2024-11-18 16:00:48.774 | INFO     | src.fed_imp.sub_modules.server.base_server:run:154 - Imputation Round 12
2024-11-18 16:00:54.536 | INFO     | src.fed_imp.sub_modules.server.base_server:run:153 - ==================================================
2024-11-18 16:00:54.536 | INFO     | src.fed_imp.sub_modules.server.base_server:run:154 - Imputation Round 12
2024-11-18 16:01:26.503 | INFO     | src.fed_imp.sub_modules.server.base_server:run:153 - ==================================================
2024-11-18 16:01:26.503 | INFO     | src.fed_imp.sub_modules.server.base_server:run:154 - Imputation Round 11
2024-11-18 16:01:45.539 | INFO     | src.fed_imp.sub_modules.server.base_server:run:153 - ==================================================
2024-11-18 16:01:45.539 | INFO     | src.fed_imp.sub_modules.server.base_server:run:154 - Imputation Round 12
2024-11-18 16:01:49.382 | INFO     | src.fed_imp.sub_modules.server.base_server:run:153 - ==================================================
2024-11-18 16:01:49.383 | INFO     | src.fed_imp.sub_modules.server.base_server:run:154 - Imputation Round 11
2024-11-18 16:01:55.194 | INFO     | src.fed_imp.sub_modules.server.base_server:run:153 - ==================================================
2024-11-18 16:01:55.194 | INFO     | src.fed_imp.sub_modules.server.base_server:run:154 - Imputation Round 12
2024-11-18 16:02:00.555 | INFO     | src.fed_imp.sub_modules.server.base_server:run:153 - ==================================================
2024-11-18 16:02:00.562 | INFO     | src.fed_imp.sub_modules.server.base_server:run:154 - Imputation Round 12
2024-11-18 16:02:49.346 | INFO     | src.fed_imp.sub_modules.server.base_server:run:153 - ==================================================
2024-11-18 16:02:49.346 | INFO     | src.fed_imp.sub_modules.server.base_server:run:154 - Imputation Round 12
2024-11-18 16:03:14.641 | INFO     | src.fed_imp.sub_modules.server.base_server:run:153 - ==================================================
2024-11-18 16:03:14.641 | INFO     | src.fed_imp.sub_modules.server.base_server:run:154 - Imputation Round 13
2024-11-18 16:03:19.356 | INFO     | src.fed_imp.sub_modules.server.base_server:run:153 - ==================================================
2024-11-18 16:03:19.378 | INFO     | src.fed_imp.sub_modules.server.base_server:run:154 - Imputation Round 13
2024-11-18 16:03:57.927 | INFO     | src.fed_imp.sub_modules.server.base_server:run:153 - ==================================================
2024-11-18 16:03:57.928 | INFO     | src.fed_imp.sub_modules.server.base_server:run:154 - Imputation Round 12
2024-11-18 16:03:59.694 | INFO     | src.fed_imp.sub_modules.server.base_server:run:153 - ==================================================
2024-11-18 16:03:59.695 | INFO     | src.fed_imp.sub_modules.server.base_server:run:154 - Imputation Round 13
2024-11-18 16:04:23.018 | INFO     | src.fed_imp.sub_modules.server.base_server:run:153 - ==================================================
2024-11-18 16:04:23.018 | INFO     | src.fed_imp.sub_modules.server.base_server:run:154 - Imputation Round 12
2024-11-18 16:05:06.814 | INFO     | src.fed_imp.sub_modules.server.base_server:run:153 - ==================================================
2024-11-18 16:05:06.814 | INFO     | src.fed_imp.sub_modules.server.base_server:run:154 - Imputation Round 13
2024-11-18 16:05:07.074 | INFO     | src.fed_imp.sub_modules.server.base_server:run:153 - ==================================================
2024-11-18 16:05:07.074 | INFO     | src.fed_imp.sub_modules.server.base_server:run:154 - Imputation Round 13
2024-11-18 16:05:09.184 | INFO     | src.fed_imp.sub_modules.server.base_server:run:153 - ==================================================
2024-11-18 16:05:09.185 | INFO     | src.fed_imp.sub_modules.server.base_server:run:154 - Imputation Round 13
2024-11-18 16:05:10.641 | INFO     | src.fed_imp.sub_modules.server.base_server:run:153 - ==================================================
2024-11-18 16:05:10.642 | INFO     | src.fed_imp.sub_modules.server.base_server:run:154 - Imputation Round 12
2024-11-18 16:05:48.034 | INFO     | src.fed_imp.sub_modules.server.base_server:run:153 - ==================================================
2024-11-18 16:05:48.034 | INFO     | src.fed_imp.sub_modules.server.base_server:run:154 - Imputation Round 13
2024-11-18 16:05:52.943 | INFO     | src.fed_imp.sub_modules.server.base_server:run:153 - ==================================================
2024-11-18 16:05:52.943 | INFO     | src.fed_imp.sub_modules.server.base_server:run:154 - Imputation Round 14
2024-11-18 16:06:56.549 | INFO     | src.fed_imp.sub_modules.server.base_server:run:153 - ==================================================
2024-11-18 16:06:56.549 | INFO     | src.fed_imp.sub_modules.server.base_server:run:154 - Imputation Round 14
2024-11-18 16:07:11.183 | INFO     | src.fed_imp.sub_modules.server.base_server:run:153 - ==================================================
2024-11-18 16:07:11.183 | INFO     | src.fed_imp.sub_modules.server.base_server:run:154 - Imputation Round 14
2024-11-18 16:07:14.265 | INFO     | src.fed_imp.sub_modules.server.base_server:run:153 - ==================================================
2024-11-18 16:07:14.265 | INFO     | src.fed_imp.sub_modules.server.base_server:run:154 - Imputation Round 13
2024-11-18 16:07:29.508 | INFO     | src.fed_imp.sub_modules.server.base_server:run:153 - ==================================================
2024-11-18 16:07:29.508 | INFO     | src.fed_imp.sub_modules.server.base_server:run:154 - Imputation Round 13
2024-11-18 16:08:04.130 | INFO     | src.fed_imp.sub_modules.server.base_server:run:153 - ==================================================
2024-11-18 16:08:04.130 | INFO     | src.fed_imp.sub_modules.server.base_server:run:154 - Imputation Round 14
2024-11-18 16:08:10.038 | INFO     | src.fed_imp.sub_modules.server.base_server:run:153 - ==================================================
2024-11-18 16:08:10.039 | INFO     | src.fed_imp.sub_modules.server.base_server:run:154 - Imputation Round 14
2024-11-18 16:08:31.501 | INFO     | src.fed_imp.sub_modules.server.base_server:run:153 - ==================================================
2024-11-18 16:08:31.501 | INFO     | src.fed_imp.sub_modules.server.base_server:run:154 - Imputation Round 14
2024-11-18 16:08:36.036 | INFO     | src.fed_imp.sub_modules.server.base_server:run:153 - ==================================================
2024-11-18 16:08:36.036 | INFO     | src.fed_imp.sub_modules.server.base_server:run:154 - Imputation Round 13
2024-11-18 16:08:45.226 | INFO     | src.fed_imp.sub_modules.server.base_server:run:153 - ==================================================
2024-11-18 16:08:45.246 | INFO     | src.fed_imp.sub_modules.server.base_server:run:154 - Imputation Round 14
2024-11-18 16:08:57.912 | INFO     | src.fed_imp.sub_modules.server.base_server:run:153 - ==================================================
2024-11-18 16:08:57.912 | INFO     | src.fed_imp.sub_modules.server.base_server:run:154 - Imputation Round 15
2024-11-18 16:09:58.795 | INFO     | src.fed_imp.sub_modules.server.base_server:run:153 - ==================================================
2024-11-18 16:09:58.796 | INFO     | src.fed_imp.sub_modules.server.base_server:run:154 - Imputation Round 15
2024-11-18 16:10:08.761 | INFO     | src.fed_imp.sub_modules.server.base_server:run:153 - ==================================================
2024-11-18 16:10:08.761 | INFO     | src.fed_imp.sub_modules.server.base_server:run:154 - Imputation Round 15
2024-11-18 16:10:12.630 | INFO     | src.fed_imp.sub_modules.server.base_server:run:153 - ==================================================
2024-11-18 16:10:12.632 | INFO     | src.fed_imp.sub_modules.server.base_server:run:154 - Imputation Round 14
2024-11-18 16:11:01.621 | INFO     | src.fed_imp.sub_modules.server.base_server:run:153 - ==================================================
2024-11-18 16:11:01.621 | INFO     | src.fed_imp.sub_modules.server.base_server:run:154 - Imputation Round 15
2024-11-18 16:11:14.574 | INFO     | src.fed_imp.sub_modules.server.base_server:run:153 - ==================================================
2024-11-18 16:11:14.575 | INFO     | src.fed_imp.sub_modules.server.base_server:run:154 - Imputation Round 15
2024-11-18 16:11:25.354 | INFO     | src.fed_imp.sub_modules.server.base_server:run:153 - ==================================================
2024-11-18 16:11:25.355 | INFO     | src.fed_imp.sub_modules.server.base_server:run:154 - Imputation Round 15
2024-11-18 16:11:26.519 | INFO     | src.fed_imp.sub_modules.server.base_server:run:153 - ==================================================
2024-11-18 16:11:26.519 | INFO     | src.fed_imp.sub_modules.server.base_server:run:154 - Imputation Round 14
2024-11-18 16:11:43.850 | INFO     | src.fed_imp.sub_modules.server.base_server:run:153 - ==================================================
2024-11-18 16:11:43.850 | INFO     | src.fed_imp.sub_modules.server.base_server:run:154 - Imputation Round 15
2024-11-18 16:12:10.114 | INFO     | src.fed_imp.sub_modules.server.base_server:run:153 - ==================================================
2024-11-18 16:12:10.126 | INFO     | src.fed_imp.sub_modules.server.base_server:run:154 - Imputation Round 14
2024-11-18 16:12:29.345 | INFO     | src.fed_imp.sub_modules.server.base_server:run:153 - ==================================================
2024-11-18 16:12:29.345 | INFO     | src.fed_imp.sub_modules.server.base_server:run:154 - Imputation Round 16
2024-11-18 16:13:00.450 | INFO     | src.fed_imp.sub_modules.server.base_server:run:153 - ==================================================
2024-11-18 16:13:00.450 | INFO     | src.fed_imp.sub_modules.server.base_server:run:154 - Imputation Round 16
2024-11-18 16:13:00.690 | INFO     | src.fed_imp.sub_modules.server.base_server:run:153 - ==================================================
2024-11-18 16:13:00.691 | INFO     | src.fed_imp.sub_modules.server.base_server:run:154 - Imputation Round 16
2024-11-18 16:13:38.600 | INFO     | src.fed_imp.sub_modules.server.base_server:run:153 - ==================================================
2024-11-18 16:13:38.600 | INFO     | src.fed_imp.sub_modules.server.base_server:run:154 - Imputation Round 16
2024-11-18 16:13:52.212 | INFO     | src.fed_imp.sub_modules.server.base_server:run:153 - ==================================================
2024-11-18 16:13:52.212 | INFO     | src.fed_imp.sub_modules.server.base_server:run:154 - Imputation Round 15
2024-11-18 16:14:32.299 | INFO     | src.fed_imp.sub_modules.server.base_server:run:153 - ==================================================
2024-11-18 16:14:32.299 | INFO     | src.fed_imp.sub_modules.server.base_server:run:154 - Imputation Round 16
2024-11-18 16:14:50.681 | INFO     | src.fed_imp.sub_modules.server.base_server:run:153 - ==================================================
2024-11-18 16:14:50.681 | INFO     | src.fed_imp.sub_modules.server.base_server:run:154 - Imputation Round 15
2024-11-18 16:15:03.995 | INFO     | src.fed_imp.sub_modules.server.base_server:run:153 - ==================================================
2024-11-18 16:15:03.995 | INFO     | src.fed_imp.sub_modules.server.base_server:run:154 - Imputation Round 16
2024-11-18 16:15:13.091 | INFO     | src.fed_imp.sub_modules.server.base_server:run:153 - ==================================================
2024-11-18 16:15:13.114 | INFO     | src.fed_imp.sub_modules.server.base_server:run:154 - Imputation Round 16
2024-11-18 16:15:23.000 | INFO     | src.fed_imp.sub_modules.server.base_server:run:153 - ==================================================
2024-11-18 16:15:23.000 | INFO     | src.fed_imp.sub_modules.server.base_server:run:154 - Imputation Round 15
2024-11-18 16:15:59.994 | INFO     | src.fed_imp.sub_modules.server.base_server:run:153 - ==================================================
2024-11-18 16:15:59.994 | INFO     | src.fed_imp.sub_modules.server.base_server:run:154 - Imputation Round 17
2024-11-18 16:16:11.486 | INFO     | src.fed_imp.sub_modules.server.base_server:run:153 - ==================================================
2024-11-18 16:16:11.486 | INFO     | src.fed_imp.sub_modules.server.base_server:run:154 - Imputation Round 17
2024-11-18 16:16:26.720 | INFO     | src.fed_imp.sub_modules.server.base_server:run:153 - ==================================================
2024-11-18 16:16:26.720 | INFO     | src.fed_imp.sub_modules.server.base_server:run:154 - Imputation Round 17
2024-11-18 16:16:40.902 | INFO     | src.fed_imp.sub_modules.server.base_server:run:153 - ==================================================
2024-11-18 16:16:40.903 | INFO     | src.fed_imp.sub_modules.server.base_server:run:154 - Imputation Round 16
2024-11-18 16:17:03.601 | INFO     | src.fed_imp.sub_modules.server.base_server:run:153 - ==================================================
2024-11-18 16:17:03.601 | INFO     | src.fed_imp.sub_modules.server.base_server:run:154 - Imputation Round 17
2024-11-18 16:17:36.338 | INFO     | src.fed_imp.sub_modules.server.base_server:run:153 - ==================================================
2024-11-18 16:17:36.339 | INFO     | src.fed_imp.sub_modules.server.base_server:run:154 - Imputation Round 16
2024-11-18 16:17:49.370 | INFO     | src.fed_imp.sub_modules.server.base_server:run:153 - ==================================================
2024-11-18 16:17:49.370 | INFO     | src.fed_imp.sub_modules.server.base_server:run:154 - Imputation Round 17
2024-11-18 16:18:05.279 | INFO     | src.fed_imp.sub_modules.server.base_server:run:153 - ==================================================
2024-11-18 16:18:05.280 | INFO     | src.fed_imp.sub_modules.server.base_server:run:154 - Imputation Round 17
2024-11-18 16:18:11.293 | INFO     | src.fed_imp.sub_modules.server.base_server:run:153 - ==================================================
2024-11-18 16:18:11.293 | INFO     | src.fed_imp.sub_modules.server.base_server:run:154 - Imputation Round 16
2024-11-18 16:18:27.193 | INFO     | src.fed_imp.sub_modules.server.base_server:run:153 - ==================================================
2024-11-18 16:18:27.193 | INFO     | src.fed_imp.sub_modules.server.base_server:run:154 - Imputation Round 18
2024-11-18 16:18:31.929 | INFO     | src.fed_imp.sub_modules.server.base_server:run:153 - ==================================================
2024-11-18 16:18:31.930 | INFO     | src.fed_imp.sub_modules.server.base_server:run:154 - Imputation Round 17
2024-11-18 16:19:25.282 | INFO     | src.fed_imp.sub_modules.server.base_server:run:153 - ==================================================
2024-11-18 16:19:25.282 | INFO     | src.fed_imp.sub_modules.server.base_server:run:154 - Imputation Round 18
2024-11-18 16:19:38.973 | INFO     | src.fed_imp.sub_modules.server.base_server:run:153 - ==================================================
2024-11-18 16:19:38.974 | INFO     | src.fed_imp.sub_modules.server.base_server:run:154 - Imputation Round 17
2024-11-18 16:20:23.604 | INFO     | src.fed_imp.sub_modules.server.base_server:run:153 - ==================================================
2024-11-18 16:20:23.604 | INFO     | src.fed_imp.sub_modules.server.base_server:run:154 - Imputation Round 18
2024-11-18 16:20:43.141 | INFO     | src.fed_imp.sub_modules.server.base_server:run:153 - ==================================================
2024-11-18 16:20:43.142 | INFO     | src.fed_imp.sub_modules.server.base_server:run:154 - Imputation Round 18
2024-11-18 16:20:54.300 | INFO     | src.fed_imp.sub_modules.server.base_server:run:153 - ==================================================
2024-11-18 16:20:54.301 | INFO     | src.fed_imp.sub_modules.server.base_server:run:154 - Imputation Round 18
2024-11-18 16:20:58.648 | INFO     | src.fed_imp.sub_modules.server.base_server:run:153 - ==================================================
2024-11-18 16:20:58.649 | INFO     | src.fed_imp.sub_modules.server.base_server:run:154 - Imputation Round 17
2024-11-18 16:20:59.905 | INFO     | src.fed_imp.sub_modules.server.base_server:run:153 - ==================================================
2024-11-18 16:20:59.905 | INFO     | src.fed_imp.sub_modules.server.base_server:run:154 - Imputation Round 17
2024-11-18 16:21:59.052 | INFO     | src.fed_imp.sub_modules.server.base_server:run:153 - ==================================================
2024-11-18 16:21:59.077 | INFO     | src.fed_imp.sub_modules.server.base_server:run:154 - Imputation Round 19
2024-11-18 16:22:00.326 | INFO     | src.fed_imp.sub_modules.server.base_server:run:153 - ==================================================
2024-11-18 16:22:00.337 | INFO     | src.fed_imp.sub_modules.server.base_server:run:154 - Imputation Round 18
2024-11-18 16:22:08.283 | INFO     | src.fed_imp.sub_modules.server.base_server:run:153 - ==================================================
2024-11-18 16:22:08.286 | INFO     | src.fed_imp.sub_modules.server.base_server:run:154 - Imputation Round 18
2024-11-18 16:22:24.800 | INFO     | src.fed_imp.sub_modules.server.base_server:run:153 - ==================================================
2024-11-18 16:22:24.800 | INFO     | src.fed_imp.sub_modules.server.base_server:run:154 - Imputation Round 19
2024-11-18 16:22:25.006 | INFO     | src.fed_imp.sub_modules.server.base_server:run:153 - ==================================================
2024-11-18 16:22:25.006 | INFO     | src.fed_imp.sub_modules.server.base_server:run:154 - Imputation Round 18
2024-11-18 16:22:57.063 | INFO     | src.fed_imp.sub_modules.server.base_server:run:153 - ==================================================
2024-11-18 16:22:57.091 | INFO     | src.fed_imp.sub_modules.server.base_server:run:154 - Imputation Round 19
2024-11-18 16:23:57.063 | INFO     | src.fed_imp.sub_modules.server.base_server:run:153 - ==================================================
2024-11-18 16:23:57.063 | INFO     | src.fed_imp.sub_modules.server.base_server:run:154 - Imputation Round 19
2024-11-18 16:24:19.637 | INFO     | src.fed_imp.sub_modules.server.base_server:run:153 - ==================================================
2024-11-18 16:24:19.637 | INFO     | src.fed_imp.sub_modules.server.base_server:run:154 - Imputation Round 18
2024-11-18 16:24:20.083 | INFO     | src.fed_imp.sub_modules.server.base_server:run:153 - ==================================================
2024-11-18 16:24:20.083 | INFO     | src.fed_imp.sub_modules.server.base_server:run:154 - Imputation Round 18
2024-11-18 16:24:33.765 | INFO     | src.fed_imp.sub_modules.server.base_server:run:153 - ==================================================
2024-11-18 16:24:33.777 | INFO     | src.fed_imp.sub_modules.server.base_server:run:154 - Imputation Round 19
2024-11-18 16:25:12.734 | INFO     | src.fed_imp.sub_modules.server.base_server:run:153 - ==================================================
2024-11-18 16:25:12.735 | INFO     | src.fed_imp.sub_modules.server.base_server:run:154 - Imputation Round 20
2024-11-18 16:25:18.089 | INFO     | src.fed_imp.sub_modules.server.base_server:run:153 - ==================================================
2024-11-18 16:25:18.089 | INFO     | src.fed_imp.sub_modules.server.base_server:run:154 - Imputation Round 19
2024-11-18 16:25:48.533 | INFO     | src.fed_imp.sub_modules.server.base_server:run:153 - ==================================================
2024-11-18 16:25:48.533 | INFO     | src.fed_imp.sub_modules.server.base_server:run:154 - Imputation Round 20
2024-11-18 16:26:03.024 | INFO     | src.fed_imp.sub_modules.server.base_server:run:153 - ==================================================
2024-11-18 16:26:03.024 | INFO     | src.fed_imp.sub_modules.server.base_server:run:154 - Imputation Round 19
2024-11-18 16:26:04.382 | INFO     | src.fed_imp.sub_modules.server.base_server:run:153 - ==================================================
2024-11-18 16:26:04.382 | INFO     | src.fed_imp.sub_modules.server.base_server:run:154 - Imputation Round 19
2024-11-18 16:26:18.149 | INFO     | src.fed_imp.sub_modules.server.base_server:run:153 - ==================================================
2024-11-18 16:26:18.149 | INFO     | src.fed_imp.sub_modules.server.base_server:run:154 - Imputation Round 20
2024-11-18 16:26:37.730 | INFO     | src.fed_imp.sub_modules.server.base_server:run:153 - ==================================================
2024-11-18 16:26:37.730 | INFO     | src.fed_imp.sub_modules.server.base_server:run:154 - Imputation Round 20
2024-11-18 16:27:27.964 | INFO     | src.fed_imp.sub_modules.server.base_server:run:153 - ==================================================
2024-11-18 16:27:27.965 | INFO     | src.fed_imp.sub_modules.server.base_server:run:154 - Imputation Round 20
2024-11-18 16:27:28.024 | INFO     | src.fed_imp.sub_modules.server.base_server:run:153 - ==================================================
2024-11-18 16:27:28.024 | INFO     | src.fed_imp.sub_modules.server.base_server:run:154 - Imputation Round 19
2024-11-18 16:27:52.919 | INFO     | src.fed_imp.sub_modules.server.base_server:run:183 - FL finished in 3648.7187218200415
2024-11-18 16:27:53.893 | INFO     | src.fed_imp.sub_modules.server.base_server:run:153 - ==================================================
2024-11-18 16:27:53.894 | INFO     | src.fed_imp.sub_modules.server.base_server:run:154 - Imputation Round 19
2024-11-18 16:28:01.153 | INFO     | src.fed_imp.sub_modules.server.base_server:run:153 - ==================================================
2024-11-18 16:28:01.154 | INFO     | src.fed_imp.sub_modules.server.base_server:run:154 - Imputation Round 20
2024-11-18 16:28:35.372 | INFO     | src.fed_imp.sub_modules.server.base_server:run:183 - FL finished in 3691.2716467739083
2024-11-18 16:28:53.249 | INFO     | src.fed_imp.sub_modules.server.base_server:run:153 - ==================================================
2024-11-18 16:28:53.249 | INFO     | src.fed_imp.sub_modules.server.base_server:run:154 - Imputation Round 20
2024-11-18 16:29:04.399 | INFO     | src.fed_imp.sub_modules.server.base_server:run:183 - FL finished in 3720.097864222247
2024-11-18 16:29:10.024 | INFO     | src.fed_imp.sub_modules.server.base_server:run:183 - FL finished in 3725.7904087943025
2024-11-18 16:29:33.296 | INFO     | src.fed_imp.sub_modules.server.base_server:run:153 - ==================================================
2024-11-18 16:29:33.296 | INFO     | src.fed_imp.sub_modules.server.base_server:run:154 - Imputation Round 20
2024-11-18 16:29:39.340 | INFO     | src.fed_imp.sub_modules.server.base_server:run:153 - ==================================================
2024-11-18 16:29:39.341 | INFO     | src.fed_imp.sub_modules.server.base_server:run:154 - Imputation Round 20
2024-11-18 16:29:40.770 | INFO     | src.fed_imp.sub_modules.server.base_server:run:183 - FL finished in 3756.3491319213063
2024-11-18 16:29:56.370 | INFO     | src.fed_imp.sub_modules.server.base_server:run:153 - ==================================================
2024-11-18 16:29:56.372 | INFO     | src.fed_imp.sub_modules.server.base_server:run:154 - Imputation Round 20
2024-11-18 16:30:42.176 | INFO     | src.fed_imp.sub_modules.server.base_server:run:183 - FL finished in 3817.908860769123
2024-11-18 16:31:11.521 | INFO     | src.fed_imp.sub_modules.server.base_server:run:183 - FL finished in 3847.388117664028
2024-11-18 16:31:19.463 | INFO     | src.fed_imp.sub_modules.server.base_server:run:183 - FL finished in 3855.3618247229606
2024-11-18 16:31:20.289 | INFO     | src.fed_imp.sub_modules.server.base_server:run:183 - FL finished in 3855.9258395582438
2024-11-18 16:31:23.704 | INFO     | src.fed_imp.sub_modules.server.base_server:run:183 - FL finished in 3859.5371758337133
natural {}
Adding missing to client 0 ...
Adding missing to client 1 ...
Adding missing to client 2 ...
Adding missing to client 3 ...
Adding missing to client 4 ...
Adding missing to client 5 ...
Adding missing to client 6 ...
Adding missing to client 7 ...
Adding missing to client 8 ...
Adding missing to client 9 ...
Adding missing to client 10 ...
Adding missing to client 11 ...
Adding missing to client 12 ...
Adding missing to client 13 ...
Adding missing to client 14 ...
Adding missing to client 15 ...
Adding missing to client 16 ...
Adding missing to client 17 ...
Adding missing to client 18 ...
Adding missing to client 19 ...
Adding missing to client 20 ...
Adding missing to client 21 ...
Adding missing to client 22 ...
client: 0 dup rate: 0.0
client: 1 dup rate: 0.0
client: 2 dup rate: 0.0
client: 3 dup rate: 0.0
client: 4 dup rate: 0.0
client: 5 dup rate: 0.030563514804202496
client: 6 dup rate: 0.0
client: 7 dup rate: 0.0
client: 8 dup rate: 0.0
client: 9 dup rate: 0.0
client: 10 dup rate: 0.0
client: 11 dup rate: 0.0
client: 12 dup rate: 0.0
client: 13 dup rate: 0.0
client: 14 dup rate: 0.0
client: 15 dup rate: 0.0
client: 16 dup rate: 0.0
client: 17 dup rate: 0.0
client: 18 dup rate: 0.0
client: 19 dup rate: 0.0
client: 20 dup rate: 0.0
client: 21 dup rate: 0.0
client: 22 dup rate: 0.0
Used default params: {}
natural {}
Adding missing to client 0 ...
Adding missing to client 1 ...
Adding missing to client 2 ...
Adding missing to client 3 ...
Adding missing to client 4 ...
Adding missing to client 5 ...
Adding missing to client 6 ...
Adding missing to client 7 ...
Adding missing to client 8 ...
Adding missing to client 9 ...
Adding missing to client 10 ...
Adding missing to client 11 ...
Adding missing to client 12 ...
Adding missing to client 13 ...
Adding missing to client 14 ...
Adding missing to client 15 ...
Adding missing to client 16 ...
Adding missing to client 17 ...
Adding missing to client 18 ...
Adding missing to client 19 ...
Adding missing to client 20 ...
Adding missing to client 21 ...
Adding missing to client 22 ...
client: 0 dup rate: 0.0
client: 1 dup rate: 0.0
client: 2 dup rate: 0.0
client: 3 dup rate: 0.0
client: 4 dup rate: 0.0
client: 5 dup rate: 0.030563514804202496
client: 6 dup rate: 0.0
client: 7 dup rate: 0.0
client: 8 dup rate: 0.0
client: 9 dup rate: 0.0
client: 10 dup rate: 0.0
client: 11 dup rate: 0.0
client: 12 dup rate: 0.0
client: 13 dup rate: 0.0
client: 14 dup rate: 0.0
client: 15 dup rate: 0.0
client: 16 dup rate: 0.0
client: 17 dup rate: 0.0
client: 18 dup rate: 0.0
client: 19 dup rate: 0.0
client: 20 dup rate: 0.0
client: 21 dup rate: 0.0
client: 22 dup rate: 0.0
Used default params: {}
natural {}
Adding missing to client 0 ...
Adding missing to client 1 ...
Adding missing to client 2 ...
Adding missing to client 3 ...
Adding missing to client 4 ...
Adding missing to client 5 ...
Adding missing to client 6 ...
Adding missing to client 7 ...
Adding missing to client 8 ...
Adding missing to client 9 ...
Adding missing to client 10 ...
Adding missing to client 11 ...
Adding missing to client 12 ...
Adding missing to client 13 ...
Adding missing to client 14 ...
Adding missing to client 15 ...
Adding missing to client 16 ...
Adding missing to client 17 ...
Adding missing to client 18 ...
Adding missing to client 19 ...
Adding missing to client 20 ...
Adding missing to client 21 ...
Adding missing to client 22 ...
client: 0 dup rate: 0.0
client: 1 dup rate: 0.0
client: 2 dup rate: 0.0
client: 3 dup rate: 0.0
client: 4 dup rate: 0.0
client: 5 dup rate: 0.030563514804202496
client: 6 dup rate: 0.0
client: 7 dup rate: 0.0
client: 8 dup rate: 0.0
client: 9 dup rate: 0.0
client: 10 dup rate: 0.0
client: 11 dup rate: 0.0
client: 12 dup rate: 0.0
client: 13 dup rate: 0.0
client: 14 dup rate: 0.0
client: 15 dup rate: 0.0
client: 16 dup rate: 0.0
client: 17 dup rate: 0.0
client: 18 dup rate: 0.0
client: 19 dup rate: 0.0
client: 20 dup rate: 0.0
client: 21 dup rate: 0.0
client: 22 dup rate: 0.0
Used default params: {}
natural {}
Adding missing to client 0 ...
Adding missing to client 1 ...
Adding missing to client 2 ...
Adding missing to client 3 ...
Adding missing to client 4 ...
Adding missing to client 5 ...
Adding missing to client 6 ...
Adding missing to client 7 ...
Adding missing to client 8 ...
Adding missing to client 9 ...
Adding missing to client 10 ...
Adding missing to client 11 ...
Adding missing to client 12 ...
Adding missing to client 13 ...
Adding missing to client 14 ...
Adding missing to client 15 ...
Adding missing to client 16 ...
Adding missing to client 17 ...
Adding missing to client 18 ...
Adding missing to client 19 ...
Adding missing to client 20 ...
Adding missing to client 21 ...
Adding missing to client 22 ...
client: 0 dup rate: 0.0
client: 1 dup rate: 0.0
client: 2 dup rate: 0.0
client: 3 dup rate: 0.0
client: 4 dup rate: 0.0
client: 5 dup rate: 0.030563514804202496
client: 6 dup rate: 0.0
client: 7 dup rate: 0.0
client: 8 dup rate: 0.0
client: 9 dup rate: 0.0
client: 10 dup rate: 0.0
client: 11 dup rate: 0.0
client: 12 dup rate: 0.0
client: 13 dup rate: 0.0
client: 14 dup rate: 0.0
client: 15 dup rate: 0.0
client: 16 dup rate: 0.0
client: 17 dup rate: 0.0
client: 18 dup rate: 0.0
client: 19 dup rate: 0.0
client: 20 dup rate: 0.0
client: 21 dup rate: 0.0
client: 22 dup rate: 0.0
Used default params: {}
natural {}
Adding missing to client 0 ...
Adding missing to client 1 ...
Adding missing to client 2 ...
Adding missing to client 3 ...
Adding missing to client 4 ...
Adding missing to client 5 ...
Adding missing to client 6 ...
Adding missing to client 7 ...
Adding missing to client 8 ...
Adding missing to client 9 ...
Adding missing to client 10 ...
Adding missing to client 11 ...
Adding missing to client 12 ...
Adding missing to client 13 ...
Adding missing to client 14 ...
Adding missing to client 15 ...
Adding missing to client 16 ...
Adding missing to client 17 ...
Adding missing to client 18 ...
Adding missing to client 19 ...
Adding missing to client 20 ...
Adding missing to client 21 ...
Adding missing to client 22 ...
client: 0 dup rate: 0.0
client: 1 dup rate: 0.0
client: 2 dup rate: 0.0
client: 3 dup rate: 0.0
client: 4 dup rate: 0.0
client: 5 dup rate: 0.030563514804202496
client: 6 dup rate: 0.0
client: 7 dup rate: 0.0
client: 8 dup rate: 0.0
client: 9 dup rate: 0.0
client: 10 dup rate: 0.0
client: 11 dup rate: 0.0
client: 12 dup rate: 0.0
client: 13 dup rate: 0.0
client: 14 dup rate: 0.0
client: 15 dup rate: 0.0
client: 16 dup rate: 0.0
client: 17 dup rate: 0.0
client: 18 dup rate: 0.0
client: 19 dup rate: 0.0
client: 20 dup rate: 0.0
client: 21 dup rate: 0.0
client: 22 dup rate: 0.0
Used default params: {}
natural {}
Adding missing to client 0 ...
Adding missing to client 1 ...
Adding missing to client 2 ...
Adding missing to client 3 ...
Adding missing to client 4 ...
Adding missing to client 5 ...
Adding missing to client 6 ...
Adding missing to client 7 ...
Adding missing to client 8 ...
Adding missing to client 9 ...
Adding missing to client 10 ...
Adding missing to client 11 ...
Adding missing to client 12 ...
Adding missing to client 13 ...
Adding missing to client 14 ...
Adding missing to client 15 ...
Adding missing to client 16 ...
Adding missing to client 17 ...
Adding missing to client 18 ...
Adding missing to client 19 ...
Adding missing to client 20 ...
Adding missing to client 21 ...
Adding missing to client 22 ...
client: 0 dup rate: 0.0
client: 1 dup rate: 0.0
client: 2 dup rate: 0.0
client: 3 dup rate: 0.0
client: 4 dup rate: 0.0
client: 5 dup rate: 0.030563514804202496
client: 6 dup rate: 0.0
client: 7 dup rate: 0.0
client: 8 dup rate: 0.0
client: 9 dup rate: 0.0
client: 10 dup rate: 0.0
client: 11 dup rate: 0.0
client: 12 dup rate: 0.0
client: 13 dup rate: 0.0
client: 14 dup rate: 0.0
client: 15 dup rate: 0.0
client: 16 dup rate: 0.0
client: 17 dup rate: 0.0
client: 18 dup rate: 0.0
client: 19 dup rate: 0.0
client: 20 dup rate: 0.0
client: 21 dup rate: 0.0
client: 22 dup rate: 0.0
Used default params: {}
natural {}
Adding missing to client 0 ...
Adding missing to client 1 ...
Adding missing to client 2 ...
Adding missing to client 3 ...
Adding missing to client 4 ...
Adding missing to client 5 ...
Adding missing to client 6 ...
Adding missing to client 7 ...
Adding missing to client 8 ...
Adding missing to client 9 ...
Adding missing to client 10 ...
Adding missing to client 11 ...
Adding missing to client 12 ...
Adding missing to client 13 ...
Adding missing to client 14 ...
Adding missing to client 15 ...
Adding missing to client 16 ...
Adding missing to client 17 ...
Adding missing to client 18 ...
Adding missing to client 19 ...
Adding missing to client 20 ...
Adding missing to client 21 ...
Adding missing to client 22 ...
client: 0 dup rate: 0.0
client: 1 dup rate: 0.0
client: 2 dup rate: 0.0
client: 3 dup rate: 0.0
client: 4 dup rate: 0.0
client: 5 dup rate: 0.030563514804202496
client: 6 dup rate: 0.0
client: 7 dup rate: 0.0
client: 8 dup rate: 0.0
client: 9 dup rate: 0.0
client: 10 dup rate: 0.0
client: 11 dup rate: 0.0
client: 12 dup rate: 0.0
client: 13 dup rate: 0.0
client: 14 dup rate: 0.0
client: 15 dup rate: 0.0
client: 16 dup rate: 0.0
client: 17 dup rate: 0.0
client: 18 dup rate: 0.0
client: 19 dup rate: 0.0
client: 20 dup rate: 0.0
client: 21 dup rate: 0.0
client: 22 dup rate: 0.0
Used default params: {}
natural {}
Adding missing to client 0 ...
Adding missing to client 1 ...
Adding missing to client 2 ...
Adding missing to client 3 ...
Adding missing to client 4 ...
Adding missing to client 5 ...
Adding missing to client 6 ...
Adding missing to client 7 ...
Adding missing to client 8 ...
Adding missing to client 9 ...
Adding missing to client 10 ...
Adding missing to client 11 ...
Adding missing to client 12 ...
Adding missing to client 13 ...
Adding missing to client 14 ...
Adding missing to client 15 ...
Adding missing to client 16 ...
Adding missing to client 17 ...
Adding missing to client 18 ...
Adding missing to client 19 ...
Adding missing to client 20 ...
Adding missing to client 21 ...
Adding missing to client 22 ...
client: 0 dup rate: 0.0
client: 1 dup rate: 0.0
client: 2 dup rate: 0.0
client: 3 dup rate: 0.0
client: 4 dup rate: 0.0
client: 5 dup rate: 0.030563514804202496
client: 6 dup rate: 0.0
client: 7 dup rate: 0.0
client: 8 dup rate: 0.0
client: 9 dup rate: 0.0
client: 10 dup rate: 0.0
client: 11 dup rate: 0.0
client: 12 dup rate: 0.0
client: 13 dup rate: 0.0
client: 14 dup rate: 0.0
client: 15 dup rate: 0.0
client: 16 dup rate: 0.0
client: 17 dup rate: 0.0
client: 18 dup rate: 0.0
client: 19 dup rate: 0.0
client: 20 dup rate: 0.0
client: 21 dup rate: 0.0
client: 22 dup rate: 0.0
Used default params: {}
2024-11-18 16:31:36.072 | INFO     | src.fed_imp.experiment:run_experiment:318 - Summary: fedavg-s
2024-11-18 16:31:36.372 | INFO     | src.fed_imp.experiment:experiment_result_processing:366 - imp@rmse: avg 0.19994264963054614
2024-11-18 16:31:36.372 | INFO     | src.fed_imp.experiment:experiment_result_processing:366 - imp@w2: avg 1.2419989281340809
2024-11-18 16:31:36.372 | INFO     | src.fed_imp.experiment:experiment_result_processing:366 - imp@sliced_ws: avg 0.09838979481876597
2024-11-18 16:31:36.373 | INFO     | src.fed_imp.experiment:experiment_result_processing:381 - model pred_accu: 0.00000 (0.000) pred_f1: 0.00000 (0.000)
2024-11-18 16:33:26.343 | INFO     | src.fed_imp.experiment:experiment_result_processing:403 - imp@rmse: 0.19994 (0.012) imp@sliced_ws: 0.09839 (0.011) imp@global_ws: 0.06546
2024-11-18 16:33:26.347 | INFO     | src.experiment_management.experiment_manager:run_experiments:67 - Experiment finished in 3983.705519914627
2024-11-18 16:33:27.088 | INFO     | src.experiment_management.experiment_manager:run_experiments:86 - Total time: 3984.447023630142
