Executing command: python main_experiment_amarel.py config_vars/imp_extention2=vehicle_exp11.yaml
2024-11-18 15:27:02.637 | INFO     | src.experiment_management.experiment_manager:set_experiment:22 - Experiment name: fed_imp
2024-11-18 15:27:02.641 | INFO     | src.experiment_management.experiment_manager:run_experiments:45 - Running 1 experiments
2024-11-18 15:27:02.641 | INFO     | src.experiment_management.experiment_manager:run_experiments:51 - Experiment - 0
2024-11-18 15:27:02.641 | INFO     | src.experiment_management.experiment_manager:run_experiments:52 - Experiment - ['dn', 'nc', 'dp', 'ms', 'mct', 'st', 'as', 's', 's', 'p', 'nr', 'n', 'ts']
2024-11-18 15:27:02.641 | INFO     | src.experiment_management.experiment_manager:run_experiments:53 - Experiment - ('vehicle', 0, 'natural', 'random2@mrl=0.3_mrr=0.7_mm=mnarlrq', 'allk0.25_sphere', 'fedavg_pytorch', 'local', 102931466, 50, False, 10, 10, 0.1)
config_tmpl:
  num_clients: 10
  data:
    dataset_name: breast
    normalize: true
  data_partition:
    strategy: full
    params: {}
  handle_imbalance: null
  missing_simulate:
    mf_strategy: all
    mm_strategy: none
    mm_strategy_params:
      corr_type: others
  imputation:
    initial_strategy_num: mean
    initial_strategy_cat: mode
    estimator_num: ridge_cv
    estimator_cat: logistic_cv
    imp_evaluation_model: logistic
    imp_evaluation_params:
      tune_params: gridsearch
    clip: true
  agg_strategy_imp:
    strategy: local
    params:
      ms_field: missing_cell_pct
      beta: 0.7
  client_type: ice
  server_type: fedavg_pytorch
  server:
    impute_mode: instant
    imp_round: 20
    imp_local_epochs: 0
    pred_round: 0
    pred_local_epochs: 0
    model_fit_mode: one_shot
    froze_ms_coefs_round: 100
  pred_model:
    model_params:
      model: 2nn
      num_hiddens: 32
      model_init_config: null
      model_other_params: null
    train_params:
      batch_size: 128
      learning_rate: 0.001
      weight_decay: 0.0001
      pred_round: 200
      pred_local_epochs: 3
  experiment:
    n_rounds: 5
    seed: 102931466
    mtp: true
    random_seed: 50
    num_process: 5
    test_size: 0.1
  track: false
  tune_params: false
  prediction: false
  save_state: true
  algo_params:
    central: {}
    central2: {}
    central_vae: {}
    central_gain: {}
    local: {}
    local_vae: {}
    local_gain: {}
    fedavg: {}
    fedavg_vae: {}
    fedavg_gain: {}
    fedwavg:
      alpha: 0.9
    fedmechw:
      client_thres: 1.0
      alpha: 1.0
      beta: 0.0,
      scale_factor: 4
    fedmechw_p:
      client_thres: 1.0
      alpha: 0.85
      beta: 0.1
      scale_factor: 4
    fedmechw_new:
      client_thres: 1.0
      alpha: 0.95
      gamma: 0.02
      scale_factor: 4
    fedmechw_dedup:
      client_thres: 1.0
      alpha: 0.95
      gamma: 0.02
      scale_factor: 4
    fedmechw_p_sigmoid:
      client_thres: 1.0
      alpha: 0.9
      beta: 0.1
      scale_factor: 3
    fedmechclw:
      client_thres: 1.0
      thres1: 0.2
      alpha: 0.8
    scale_factor: 6
config_vars:
  vehicle_exp11:
  - name: dataset_name
    value:
    - vehicle
    keys:
    - data
    - dataset_name
    save_mode: dir1
  - name: n_client
    value:
    - 0
    save_mode: dir2
    keys:
    - num_clients
  - name: data_partition
    value:
    - natural
    save_mode: dir3
    keys:
    - data_partition
    - strategy
  - name: mm_strategy
    value:
    - random2@mrl=0.3_mrr=0.7_mm=mnarlrq
    save_mode: dir4
    keys:
    - missing_simulate
    - mm_strategy_new
  - name: mm_corr_type
    value:
    - allk0.25_sphere
    save_mode: dir4
    keys:
    - missing_simulate
    - mm_strategy_params
    - corr_type
  - name: server_type
    value:
    - fedavg_pytorch
    save_mode: none
    keys:
    - server_type
  - name: agg_strategy
    value:
    - local
    save_mode: null
    keys:
    - agg_strategy_imp
    - strategy
  - name: seed
    value:
    - 102931466
    save_mode: null
    keys:
    - experiment
    - seed
  - name: seed2
    value:
    - 50
    save_mode: null
    keys:
    - experiment
    - random_seed
  - name: params
    value:
    - false
    save_mode: null
    keys:
    - tune_params
  - name: n_rounds
    value:
    - 10
    save_mode: none
    keys:
    - experiment
    - n_rounds
  - name: np
    value:
    - 10
    save_mode: none
    keys:
    - experiment
    - num_process
  - name: test_size
    value:
    - 0.1
    save_mode: none
    keys:
    - experiment
    - test_size
experiment_name: fed_imp_ext2_amarel
debug: false
experiment_marker:
- num_clients
- server@imp_round

========================================================================================================================================================================================================
{'num_clients': 0, 'data': {'dataset_name': 'vehicle', 'normalize': True}, 'data_partition': {'strategy': 'natural', 'params': {}}, 'handle_imbalance': None, 'missing_simulate': {'mf_strategy': 'all', 'mm_strategy': 'none', 'mm_strategy_params': {'corr_type': 'allk0.25_sphere'}, 'mm_strategy_new': 'random2@mrl=0.3_mrr=0.7_mm=mnarlrq'}, 'imputation': {'initial_strategy_num': 'mean', 'initial_strategy_cat': 'mode', 'estimator_num': 'ridge_cv', 'estimator_cat': 'logistic_cv', 'imp_evaluation_model': 'logistic', 'imp_evaluation_params': {'tune_params': 'gridsearch'}, 'clip': True}, 'agg_strategy_imp': {'strategy': 'local', 'params': {'ms_field': 'missing_cell_pct', 'beta': 0.7}}, 'client_type': 'ice', 'server_type': 'fedavg_pytorch', 'server': {'impute_mode': 'instant', 'imp_round': 20, 'imp_local_epochs': 0, 'pred_round': 0, 'pred_local_epochs': 0, 'model_fit_mode': 'one_shot', 'froze_ms_coefs_round': 100}, 'pred_model': {'model_params': {'model': '2nn', 'num_hiddens': 32, 'model_init_config': None, 'model_other_params': None}, 'train_params': {'batch_size': 128, 'learning_rate': 0.001, 'weight_decay': 0.0001, 'pred_round': 200, 'pred_local_epochs': 3}}, 'experiment': {'n_rounds': 10, 'seed': 102931466, 'mtp': True, 'random_seed': 50, 'num_process': 10, 'test_size': 0.1}, 'track': False, 'tune_params': False, 'prediction': False, 'save_state': True, 'algo_params': {'central': {}, 'central2': {}, 'central_vae': {}, 'central_gain': {}, 'local': {}, 'local_vae': {}, 'local_gain': {}, 'fedavg': {}, 'fedavg_vae': {}, 'fedavg_gain': {}, 'fedwavg': {'alpha': 0.9}, 'fedmechw': {'client_thres': 1.0, 'alpha': 1.0, 'beta': '0.0,', 'scale_factor': 4}, 'fedmechw_p': {'client_thres': 1.0, 'alpha': 0.85, 'beta': 0.1, 'scale_factor': 4}, 'fedmechw_new': {'client_thres': 1.0, 'alpha': 0.95, 'gamma': 0.02, 'scale_factor': 4}, 'fedmechw_dedup': {'client_thres': 1.0, 'alpha': 0.95, 'gamma': 0.02, 'scale_factor': 4}, 'fedmechw_p_sigmoid': {'client_thres': 1.0, 'alpha': 0.9, 'beta': 0.1, 'scale_factor': 3}, 'fedmechclw': {'client_thres': 1.0, 'thres1': 0.2, 'alpha': 0.8}, 'scale_factor': 6}}
[(2578, 24), (1511, 24), (1519, 24), (1425, 24), (1375, 24), (1164, 24), (1683, 24), (1735, 24), (2000, 24), (1701, 24), (1803, 24), (1803, 24), (1954, 24), (2200, 24), (2214, 24), (1914, 24), (2068, 24), (1962, 24), (2287, 24), (2002, 24), (2068, 24), (2448, 24), (2281, 24)]
(2320, 24)
(1359, 24)
(1367, 24)
(1282, 24)
(1237, 24)
(1047, 24)
(1514, 24)
(1561, 24)
(1800, 24)
(1530, 24)
(1622, 24)
(1622, 24)
(1758, 24)
(1980, 24)
(1992, 24)
(1722, 24)
(1861, 24)
(1765, 24)
(2058, 24)
(1801, 24)
(1861, 24)
(2203, 24)
(2052, 24)
2024-11-18 15:27:03.853 | INFO     | src.fed_imp.experiment:main_func:31 - Round 0
2024-11-18 15:27:03.885 | INFO     | src.fed_imp.experiment:main_func:31 - Round 1
2024-11-18 15:27:03.919 | INFO     | src.fed_imp.experiment:main_func:31 - Round 2
2024-11-18 15:27:03.952 | INFO     | src.fed_imp.experiment:main_func:31 - Round 3
2024-11-18 15:27:03.985 | INFO     | src.fed_imp.experiment:main_func:31 - Round 4
2024-11-18 15:27:04.019 | INFO     | src.fed_imp.experiment:main_func:31 - Round 5
2024-11-18 15:27:04.053 | INFO     | src.fed_imp.experiment:main_func:31 - Round 6
2024-11-18 15:27:04.088 | INFO     | src.fed_imp.experiment:main_func:31 - Round 7
2024-11-18 15:27:04.120 | INFO     | src.fed_imp.experiment:main_func:31 - Round 8
2024-11-18 15:27:04.143 | INFO     | src.fed_imp.experiment:main_func:31 - Round 9
2024-11-18 15:27:53.892 | INFO     | src.fed_imp.sub_modules.server.base_server:run:153 - ==================================================
2024-11-18 15:27:53.893 | INFO     | src.fed_imp.sub_modules.server.base_server:run:154 - Imputation Round 1
2024-11-18 15:27:54.070 | INFO     | src.fed_imp.sub_modules.server.base_server:run:153 - ==================================================
2024-11-18 15:27:54.070 | INFO     | src.fed_imp.sub_modules.server.base_server:run:154 - Imputation Round 1
2024-11-18 15:27:55.301 | INFO     | src.fed_imp.sub_modules.server.base_server:run:153 - ==================================================
2024-11-18 15:27:55.301 | INFO     | src.fed_imp.sub_modules.server.base_server:run:154 - Imputation Round 1
2024-11-18 15:27:58.744 | INFO     | src.fed_imp.sub_modules.server.base_server:run:153 - ==================================================
2024-11-18 15:27:58.744 | INFO     | src.fed_imp.sub_modules.server.base_server:run:154 - Imputation Round 1
2024-11-18 15:28:00.744 | INFO     | src.fed_imp.sub_modules.server.base_server:run:153 - ==================================================
2024-11-18 15:28:00.745 | INFO     | src.fed_imp.sub_modules.server.base_server:run:154 - Imputation Round 1
2024-11-18 15:28:00.766 | INFO     | src.fed_imp.sub_modules.server.base_server:run:153 - ==================================================
2024-11-18 15:28:00.766 | INFO     | src.fed_imp.sub_modules.server.base_server:run:154 - Imputation Round 1
2024-11-18 15:28:01.581 | INFO     | src.fed_imp.sub_modules.server.base_server:run:153 - ==================================================
2024-11-18 15:28:01.581 | INFO     | src.fed_imp.sub_modules.server.base_server:run:154 - Imputation Round 1
2024-11-18 15:28:02.532 | INFO     | src.fed_imp.sub_modules.server.base_server:run:153 - ==================================================
2024-11-18 15:28:02.533 | INFO     | src.fed_imp.sub_modules.server.base_server:run:154 - Imputation Round 1
2024-11-18 15:28:04.490 | INFO     | src.fed_imp.sub_modules.server.base_server:run:153 - ==================================================
2024-11-18 15:28:04.490 | INFO     | src.fed_imp.sub_modules.server.base_server:run:154 - Imputation Round 1
2024-11-18 15:28:09.352 | INFO     | src.fed_imp.sub_modules.server.base_server:run:153 - ==================================================
2024-11-18 15:28:09.369 | INFO     | src.fed_imp.sub_modules.server.base_server:run:154 - Imputation Round 1
2024-11-18 15:30:14.164 | INFO     | src.fed_imp.sub_modules.server.base_server:run:153 - ==================================================
2024-11-18 15:30:14.164 | INFO     | src.fed_imp.sub_modules.server.base_server:run:154 - Imputation Round 2
2024-11-18 15:30:35.900 | INFO     | src.fed_imp.sub_modules.server.base_server:run:153 - ==================================================
2024-11-18 15:30:35.901 | INFO     | src.fed_imp.sub_modules.server.base_server:run:154 - Imputation Round 2
2024-11-18 15:30:41.473 | INFO     | src.fed_imp.sub_modules.server.base_server:run:153 - ==================================================
2024-11-18 15:30:41.474 | INFO     | src.fed_imp.sub_modules.server.base_server:run:154 - Imputation Round 2
2024-11-18 15:30:48.383 | INFO     | src.fed_imp.sub_modules.server.base_server:run:153 - ==================================================
2024-11-18 15:30:48.383 | INFO     | src.fed_imp.sub_modules.server.base_server:run:154 - Imputation Round 2
2024-11-18 15:30:51.864 | INFO     | src.fed_imp.sub_modules.server.base_server:run:153 - ==================================================
2024-11-18 15:30:51.865 | INFO     | src.fed_imp.sub_modules.server.base_server:run:154 - Imputation Round 2
2024-11-18 15:31:03.941 | INFO     | src.fed_imp.sub_modules.server.base_server:run:153 - ==================================================
2024-11-18 15:31:03.941 | INFO     | src.fed_imp.sub_modules.server.base_server:run:154 - Imputation Round 2
2024-11-18 15:31:04.800 | INFO     | src.fed_imp.sub_modules.server.base_server:run:153 - ==================================================
2024-11-18 15:31:04.800 | INFO     | src.fed_imp.sub_modules.server.base_server:run:154 - Imputation Round 2
2024-11-18 15:31:19.214 | INFO     | src.fed_imp.sub_modules.server.base_server:run:153 - ==================================================
2024-11-18 15:31:19.218 | INFO     | src.fed_imp.sub_modules.server.base_server:run:154 - Imputation Round 2
2024-11-18 15:31:35.461 | INFO     | src.fed_imp.sub_modules.server.base_server:run:153 - ==================================================
2024-11-18 15:31:35.461 | INFO     | src.fed_imp.sub_modules.server.base_server:run:154 - Imputation Round 2
2024-11-18 15:31:35.613 | INFO     | src.fed_imp.sub_modules.server.base_server:run:153 - ==================================================
2024-11-18 15:31:35.614 | INFO     | src.fed_imp.sub_modules.server.base_server:run:154 - Imputation Round 2
2024-11-18 15:32:28.194 | INFO     | src.fed_imp.sub_modules.server.base_server:run:153 - ==================================================
2024-11-18 15:32:28.194 | INFO     | src.fed_imp.sub_modules.server.base_server:run:154 - Imputation Round 3
2024-11-18 15:33:05.242 | INFO     | src.fed_imp.sub_modules.server.base_server:run:153 - ==================================================
2024-11-18 15:33:05.242 | INFO     | src.fed_imp.sub_modules.server.base_server:run:154 - Imputation Round 3
2024-11-18 15:33:35.285 | INFO     | src.fed_imp.sub_modules.server.base_server:run:153 - ==================================================
2024-11-18 15:33:35.285 | INFO     | src.fed_imp.sub_modules.server.base_server:run:154 - Imputation Round 3
2024-11-18 15:33:53.286 | INFO     | src.fed_imp.sub_modules.server.base_server:run:153 - ==================================================
2024-11-18 15:33:53.286 | INFO     | src.fed_imp.sub_modules.server.base_server:run:154 - Imputation Round 3
2024-11-18 15:34:00.400 | INFO     | src.fed_imp.sub_modules.server.base_server:run:153 - ==================================================
2024-11-18 15:34:00.411 | INFO     | src.fed_imp.sub_modules.server.base_server:run:154 - Imputation Round 3
2024-11-18 15:34:04.576 | INFO     | src.fed_imp.sub_modules.server.base_server:run:153 - ==================================================
2024-11-18 15:34:04.576 | INFO     | src.fed_imp.sub_modules.server.base_server:run:154 - Imputation Round 3
2024-11-18 15:34:08.844 | INFO     | src.fed_imp.sub_modules.server.base_server:run:153 - ==================================================
2024-11-18 15:34:08.844 | INFO     | src.fed_imp.sub_modules.server.base_server:run:154 - Imputation Round 3
2024-11-18 15:34:10.774 | INFO     | src.fed_imp.sub_modules.server.base_server:run:153 - ==================================================
2024-11-18 15:34:10.774 | INFO     | src.fed_imp.sub_modules.server.base_server:run:154 - Imputation Round 3
2024-11-18 15:34:14.859 | INFO     | src.fed_imp.sub_modules.server.base_server:run:153 - ==================================================
2024-11-18 15:34:14.860 | INFO     | src.fed_imp.sub_modules.server.base_server:run:154 - Imputation Round 3
2024-11-18 15:34:19.415 | INFO     | src.fed_imp.sub_modules.server.base_server:run:153 - ==================================================
2024-11-18 15:34:19.415 | INFO     | src.fed_imp.sub_modules.server.base_server:run:154 - Imputation Round 3
2024-11-18 15:34:45.832 | INFO     | src.fed_imp.sub_modules.server.base_server:run:153 - ==================================================
2024-11-18 15:34:45.832 | INFO     | src.fed_imp.sub_modules.server.base_server:run:154 - Imputation Round 4
2024-11-18 15:35:50.544 | INFO     | src.fed_imp.sub_modules.server.base_server:run:153 - ==================================================
2024-11-18 15:35:50.544 | INFO     | src.fed_imp.sub_modules.server.base_server:run:154 - Imputation Round 4
2024-11-18 15:36:05.226 | INFO     | src.fed_imp.sub_modules.server.base_server:run:153 - ==================================================
2024-11-18 15:36:05.226 | INFO     | src.fed_imp.sub_modules.server.base_server:run:154 - Imputation Round 4
2024-11-18 15:36:53.773 | INFO     | src.fed_imp.sub_modules.server.base_server:run:153 - ==================================================
2024-11-18 15:36:53.773 | INFO     | src.fed_imp.sub_modules.server.base_server:run:154 - Imputation Round 4
2024-11-18 15:37:01.214 | INFO     | src.fed_imp.sub_modules.server.base_server:run:153 - ==================================================
2024-11-18 15:37:01.214 | INFO     | src.fed_imp.sub_modules.server.base_server:run:154 - Imputation Round 4
2024-11-18 15:37:16.754 | INFO     | src.fed_imp.sub_modules.server.base_server:run:153 - ==================================================
2024-11-18 15:37:16.754 | INFO     | src.fed_imp.sub_modules.server.base_server:run:154 - Imputation Round 4
2024-11-18 15:37:23.028 | INFO     | src.fed_imp.sub_modules.server.base_server:run:153 - ==================================================
2024-11-18 15:37:23.028 | INFO     | src.fed_imp.sub_modules.server.base_server:run:154 - Imputation Round 4
2024-11-18 15:37:33.444 | INFO     | src.fed_imp.sub_modules.server.base_server:run:153 - ==================================================
2024-11-18 15:37:33.453 | INFO     | src.fed_imp.sub_modules.server.base_server:run:154 - Imputation Round 4
2024-11-18 15:37:59.127 | INFO     | src.fed_imp.sub_modules.server.base_server:run:153 - ==================================================
2024-11-18 15:37:59.127 | INFO     | src.fed_imp.sub_modules.server.base_server:run:154 - Imputation Round 4
2024-11-18 15:38:35.855 | INFO     | src.fed_imp.sub_modules.server.base_server:run:153 - ==================================================
2024-11-18 15:38:35.855 | INFO     | src.fed_imp.sub_modules.server.base_server:run:154 - Imputation Round 5
2024-11-18 15:38:35.860 | INFO     | src.fed_imp.sub_modules.server.base_server:run:153 - ==================================================
2024-11-18 15:38:35.860 | INFO     | src.fed_imp.sub_modules.server.base_server:run:154 - Imputation Round 5
2024-11-18 15:38:44.466 | INFO     | src.fed_imp.sub_modules.server.base_server:run:153 - ==================================================
2024-11-18 15:38:44.488 | INFO     | src.fed_imp.sub_modules.server.base_server:run:154 - Imputation Round 4
2024-11-18 15:39:49.840 | INFO     | src.fed_imp.sub_modules.server.base_server:run:153 - ==================================================
2024-11-18 15:39:49.840 | INFO     | src.fed_imp.sub_modules.server.base_server:run:154 - Imputation Round 5
2024-11-18 15:40:01.104 | INFO     | src.fed_imp.sub_modules.server.base_server:run:153 - ==================================================
2024-11-18 15:40:01.104 | INFO     | src.fed_imp.sub_modules.server.base_server:run:154 - Imputation Round 5
2024-11-18 15:40:08.002 | INFO     | src.fed_imp.sub_modules.server.base_server:run:153 - ==================================================
2024-11-18 15:40:08.002 | INFO     | src.fed_imp.sub_modules.server.base_server:run:154 - Imputation Round 5
2024-11-18 15:40:11.631 | INFO     | src.fed_imp.sub_modules.server.base_server:run:153 - ==================================================
2024-11-18 15:40:11.631 | INFO     | src.fed_imp.sub_modules.server.base_server:run:154 - Imputation Round 5
2024-11-18 15:40:15.931 | INFO     | src.fed_imp.sub_modules.server.base_server:run:153 - ==================================================
2024-11-18 15:40:15.932 | INFO     | src.fed_imp.sub_modules.server.base_server:run:154 - Imputation Round 5
2024-11-18 15:40:49.664 | INFO     | src.fed_imp.sub_modules.server.base_server:run:153 - ==================================================
2024-11-18 15:40:49.664 | INFO     | src.fed_imp.sub_modules.server.base_server:run:154 - Imputation Round 5
2024-11-18 15:40:52.633 | INFO     | src.fed_imp.sub_modules.server.base_server:run:153 - ==================================================
2024-11-18 15:40:52.633 | INFO     | src.fed_imp.sub_modules.server.base_server:run:154 - Imputation Round 5
2024-11-18 15:41:12.316 | INFO     | src.fed_imp.sub_modules.server.base_server:run:153 - ==================================================
2024-11-18 15:41:12.316 | INFO     | src.fed_imp.sub_modules.server.base_server:run:154 - Imputation Round 5
2024-11-18 15:41:16.184 | INFO     | src.fed_imp.sub_modules.server.base_server:run:153 - ==================================================
2024-11-18 15:41:16.185 | INFO     | src.fed_imp.sub_modules.server.base_server:run:154 - Imputation Round 6
2024-11-18 15:42:17.375 | INFO     | src.fed_imp.sub_modules.server.base_server:run:153 - ==================================================
2024-11-18 15:42:17.375 | INFO     | src.fed_imp.sub_modules.server.base_server:run:154 - Imputation Round 6
2024-11-18 15:42:28.394 | INFO     | src.fed_imp.sub_modules.server.base_server:run:153 - ==================================================
2024-11-18 15:42:28.394 | INFO     | src.fed_imp.sub_modules.server.base_server:run:154 - Imputation Round 6
2024-11-18 15:43:00.624 | INFO     | src.fed_imp.sub_modules.server.base_server:run:153 - ==================================================
2024-11-18 15:43:00.624 | INFO     | src.fed_imp.sub_modules.server.base_server:run:154 - Imputation Round 6
2024-11-18 15:43:08.708 | INFO     | src.fed_imp.sub_modules.server.base_server:run:153 - ==================================================
2024-11-18 15:43:08.708 | INFO     | src.fed_imp.sub_modules.server.base_server:run:154 - Imputation Round 6
2024-11-18 15:43:23.709 | INFO     | src.fed_imp.sub_modules.server.base_server:run:153 - ==================================================
2024-11-18 15:43:23.723 | INFO     | src.fed_imp.sub_modules.server.base_server:run:154 - Imputation Round 6
2024-11-18 15:43:26.926 | INFO     | src.fed_imp.sub_modules.server.base_server:run:153 - ==================================================
2024-11-18 15:43:26.926 | INFO     | src.fed_imp.sub_modules.server.base_server:run:154 - Imputation Round 6
2024-11-18 15:43:34.468 | INFO     | src.fed_imp.sub_modules.server.base_server:run:153 - ==================================================
2024-11-18 15:43:34.468 | INFO     | src.fed_imp.sub_modules.server.base_server:run:154 - Imputation Round 6
2024-11-18 15:43:50.490 | INFO     | src.fed_imp.sub_modules.server.base_server:run:153 - ==================================================
2024-11-18 15:43:50.490 | INFO     | src.fed_imp.sub_modules.server.base_server:run:154 - Imputation Round 6
2024-11-18 15:44:05.997 | INFO     | src.fed_imp.sub_modules.server.base_server:run:153 - ==================================================
2024-11-18 15:44:05.997 | INFO     | src.fed_imp.sub_modules.server.base_server:run:154 - Imputation Round 6
2024-11-18 15:44:06.089 | INFO     | src.fed_imp.sub_modules.server.base_server:run:153 - ==================================================
2024-11-18 15:44:06.089 | INFO     | src.fed_imp.sub_modules.server.base_server:run:154 - Imputation Round 7
2024-11-18 15:44:54.153 | INFO     | src.fed_imp.sub_modules.server.base_server:run:153 - ==================================================
2024-11-18 15:44:54.153 | INFO     | src.fed_imp.sub_modules.server.base_server:run:154 - Imputation Round 7
2024-11-18 15:45:51.966 | INFO     | src.fed_imp.sub_modules.server.base_server:run:153 - ==================================================
2024-11-18 15:45:51.969 | INFO     | src.fed_imp.sub_modules.server.base_server:run:154 - Imputation Round 7
2024-11-18 15:45:55.064 | INFO     | src.fed_imp.sub_modules.server.base_server:run:153 - ==================================================
2024-11-18 15:45:55.064 | INFO     | src.fed_imp.sub_modules.server.base_server:run:154 - Imputation Round 7
2024-11-18 15:45:56.755 | INFO     | src.fed_imp.sub_modules.server.base_server:run:153 - ==================================================
2024-11-18 15:45:56.755 | INFO     | src.fed_imp.sub_modules.server.base_server:run:154 - Imputation Round 7
2024-11-18 15:46:28.887 | INFO     | src.fed_imp.sub_modules.server.base_server:run:153 - ==================================================
2024-11-18 15:46:28.887 | INFO     | src.fed_imp.sub_modules.server.base_server:run:154 - Imputation Round 7
2024-11-18 15:46:28.919 | INFO     | src.fed_imp.sub_modules.server.base_server:run:153 - ==================================================
2024-11-18 15:46:28.920 | INFO     | src.fed_imp.sub_modules.server.base_server:run:154 - Imputation Round 7
2024-11-18 15:46:46.340 | INFO     | src.fed_imp.sub_modules.server.base_server:run:153 - ==================================================
2024-11-18 15:46:46.341 | INFO     | src.fed_imp.sub_modules.server.base_server:run:154 - Imputation Round 7
2024-11-18 15:47:39.454 | INFO     | src.fed_imp.sub_modules.server.base_server:run:153 - ==================================================
2024-11-18 15:47:39.461 | INFO     | src.fed_imp.sub_modules.server.base_server:run:154 - Imputation Round 7
2024-11-18 15:47:40.521 | INFO     | src.fed_imp.sub_modules.server.base_server:run:153 - ==================================================
2024-11-18 15:47:40.521 | INFO     | src.fed_imp.sub_modules.server.base_server:run:154 - Imputation Round 8
2024-11-18 15:47:42.886 | INFO     | src.fed_imp.sub_modules.server.base_server:run:153 - ==================================================
2024-11-18 15:47:42.886 | INFO     | src.fed_imp.sub_modules.server.base_server:run:154 - Imputation Round 7
2024-11-18 15:48:27.472 | INFO     | src.fed_imp.sub_modules.server.base_server:run:153 - ==================================================
2024-11-18 15:48:27.472 | INFO     | src.fed_imp.sub_modules.server.base_server:run:154 - Imputation Round 8
2024-11-18 15:48:32.323 | INFO     | src.fed_imp.sub_modules.server.base_server:run:153 - ==================================================
2024-11-18 15:48:32.324 | INFO     | src.fed_imp.sub_modules.server.base_server:run:154 - Imputation Round 8
2024-11-18 15:48:39.396 | INFO     | src.fed_imp.sub_modules.server.base_server:run:153 - ==================================================
2024-11-18 15:48:39.396 | INFO     | src.fed_imp.sub_modules.server.base_server:run:154 - Imputation Round 8
2024-11-18 15:48:59.270 | INFO     | src.fed_imp.sub_modules.server.base_server:run:153 - ==================================================
2024-11-18 15:48:59.270 | INFO     | src.fed_imp.sub_modules.server.base_server:run:154 - Imputation Round 8
2024-11-18 15:49:23.353 | INFO     | src.fed_imp.sub_modules.server.base_server:run:153 - ==================================================
2024-11-18 15:49:23.353 | INFO     | src.fed_imp.sub_modules.server.base_server:run:154 - Imputation Round 8
2024-11-18 15:49:53.632 | INFO     | src.fed_imp.sub_modules.server.base_server:run:153 - ==================================================
2024-11-18 15:49:53.632 | INFO     | src.fed_imp.sub_modules.server.base_server:run:154 - Imputation Round 8
2024-11-18 15:50:21.664 | INFO     | src.fed_imp.sub_modules.server.base_server:run:153 - ==================================================
2024-11-18 15:50:21.664 | INFO     | src.fed_imp.sub_modules.server.base_server:run:154 - Imputation Round 8
2024-11-18 15:50:44.646 | INFO     | src.fed_imp.sub_modules.server.base_server:run:153 - ==================================================
2024-11-18 15:50:44.646 | INFO     | src.fed_imp.sub_modules.server.base_server:run:154 - Imputation Round 8
2024-11-18 15:50:55.988 | INFO     | src.fed_imp.sub_modules.server.base_server:run:153 - ==================================================
2024-11-18 15:50:55.989 | INFO     | src.fed_imp.sub_modules.server.base_server:run:154 - Imputation Round 8
2024-11-18 15:51:16.245 | INFO     | src.fed_imp.sub_modules.server.base_server:run:153 - ==================================================
2024-11-18 15:51:16.245 | INFO     | src.fed_imp.sub_modules.server.base_server:run:154 - Imputation Round 9
2024-11-18 15:51:31.240 | INFO     | src.fed_imp.sub_modules.server.base_server:run:153 - ==================================================
2024-11-18 15:51:31.240 | INFO     | src.fed_imp.sub_modules.server.base_server:run:154 - Imputation Round 9
2024-11-18 15:51:53.662 | INFO     | src.fed_imp.sub_modules.server.base_server:run:153 - ==================================================
2024-11-18 15:51:53.662 | INFO     | src.fed_imp.sub_modules.server.base_server:run:154 - Imputation Round 9
2024-11-18 15:51:53.884 | INFO     | src.fed_imp.sub_modules.server.base_server:run:153 - ==================================================
2024-11-18 15:51:53.884 | INFO     | src.fed_imp.sub_modules.server.base_server:run:154 - Imputation Round 9
2024-11-18 15:52:11.435 | INFO     | src.fed_imp.sub_modules.server.base_server:run:153 - ==================================================
2024-11-18 15:52:11.435 | INFO     | src.fed_imp.sub_modules.server.base_server:run:154 - Imputation Round 9
2024-11-18 15:52:17.062 | INFO     | src.fed_imp.sub_modules.server.base_server:run:153 - ==================================================
2024-11-18 15:52:17.062 | INFO     | src.fed_imp.sub_modules.server.base_server:run:154 - Imputation Round 9
2024-11-18 15:52:40.601 | INFO     | src.fed_imp.sub_modules.server.base_server:run:153 - ==================================================
2024-11-18 15:52:40.601 | INFO     | src.fed_imp.sub_modules.server.base_server:run:154 - Imputation Round 9
2024-11-18 15:53:05.770 | INFO     | src.fed_imp.sub_modules.server.base_server:run:153 - ==================================================
2024-11-18 15:53:05.771 | INFO     | src.fed_imp.sub_modules.server.base_server:run:154 - Imputation Round 9
2024-11-18 15:53:30.800 | INFO     | src.fed_imp.sub_modules.server.base_server:run:153 - ==================================================
2024-11-18 15:53:30.800 | INFO     | src.fed_imp.sub_modules.server.base_server:run:154 - Imputation Round 9
2024-11-18 15:53:55.945 | INFO     | src.fed_imp.sub_modules.server.base_server:run:153 - ==================================================
2024-11-18 15:53:55.945 | INFO     | src.fed_imp.sub_modules.server.base_server:run:154 - Imputation Round 9
2024-11-18 15:54:04.542 | INFO     | src.fed_imp.sub_modules.server.base_server:run:153 - ==================================================
2024-11-18 15:54:04.542 | INFO     | src.fed_imp.sub_modules.server.base_server:run:154 - Imputation Round 10
2024-11-18 15:54:31.330 | INFO     | src.fed_imp.sub_modules.server.base_server:run:153 - ==================================================
2024-11-18 15:54:31.368 | INFO     | src.fed_imp.sub_modules.server.base_server:run:154 - Imputation Round 10
2024-11-18 15:54:56.845 | INFO     | src.fed_imp.sub_modules.server.base_server:run:153 - ==================================================
2024-11-18 15:54:56.846 | INFO     | src.fed_imp.sub_modules.server.base_server:run:154 - Imputation Round 10
2024-11-18 15:55:24.787 | INFO     | src.fed_imp.sub_modules.server.base_server:run:153 - ==================================================
2024-11-18 15:55:24.787 | INFO     | src.fed_imp.sub_modules.server.base_server:run:154 - Imputation Round 10
2024-11-18 15:55:28.819 | INFO     | src.fed_imp.sub_modules.server.base_server:run:153 - ==================================================
2024-11-18 15:55:28.819 | INFO     | src.fed_imp.sub_modules.server.base_server:run:154 - Imputation Round 10
2024-11-18 15:55:35.811 | INFO     | src.fed_imp.sub_modules.server.base_server:run:153 - ==================================================
2024-11-18 15:55:35.811 | INFO     | src.fed_imp.sub_modules.server.base_server:run:154 - Imputation Round 10
2024-11-18 15:55:36.225 | INFO     | src.fed_imp.sub_modules.server.base_server:run:153 - ==================================================
2024-11-18 15:55:36.225 | INFO     | src.fed_imp.sub_modules.server.base_server:run:154 - Imputation Round 10
2024-11-18 15:56:07.478 | INFO     | src.fed_imp.sub_modules.server.base_server:run:153 - ==================================================
2024-11-18 15:56:07.479 | INFO     | src.fed_imp.sub_modules.server.base_server:run:154 - Imputation Round 10
2024-11-18 15:56:36.261 | INFO     | src.fed_imp.sub_modules.server.base_server:run:153 - ==================================================
2024-11-18 15:56:36.261 | INFO     | src.fed_imp.sub_modules.server.base_server:run:154 - Imputation Round 10
2024-11-18 15:57:25.061 | INFO     | src.fed_imp.sub_modules.server.base_server:run:153 - ==================================================
2024-11-18 15:57:25.078 | INFO     | src.fed_imp.sub_modules.server.base_server:run:154 - Imputation Round 10
2024-11-18 15:57:27.765 | INFO     | src.fed_imp.sub_modules.server.base_server:run:153 - ==================================================
2024-11-18 15:57:27.772 | INFO     | src.fed_imp.sub_modules.server.base_server:run:154 - Imputation Round 11
2024-11-18 15:57:32.033 | INFO     | src.fed_imp.sub_modules.server.base_server:run:153 - ==================================================
2024-11-18 15:57:32.034 | INFO     | src.fed_imp.sub_modules.server.base_server:run:154 - Imputation Round 11
2024-11-18 15:58:19.485 | INFO     | src.fed_imp.sub_modules.server.base_server:run:153 - ==================================================
2024-11-18 15:58:19.485 | INFO     | src.fed_imp.sub_modules.server.base_server:run:154 - Imputation Round 11
2024-11-18 15:58:28.821 | INFO     | src.fed_imp.sub_modules.server.base_server:run:153 - ==================================================
2024-11-18 15:58:28.822 | INFO     | src.fed_imp.sub_modules.server.base_server:run:154 - Imputation Round 11
2024-11-18 15:58:31.391 | INFO     | src.fed_imp.sub_modules.server.base_server:run:153 - ==================================================
2024-11-18 15:58:31.391 | INFO     | src.fed_imp.sub_modules.server.base_server:run:154 - Imputation Round 11
2024-11-18 15:58:58.085 | INFO     | src.fed_imp.sub_modules.server.base_server:run:153 - ==================================================
2024-11-18 15:58:58.086 | INFO     | src.fed_imp.sub_modules.server.base_server:run:154 - Imputation Round 11
2024-11-18 15:58:59.546 | INFO     | src.fed_imp.sub_modules.server.base_server:run:153 - ==================================================
2024-11-18 15:58:59.571 | INFO     | src.fed_imp.sub_modules.server.base_server:run:154 - Imputation Round 11
2024-11-18 15:59:15.279 | INFO     | src.fed_imp.sub_modules.server.base_server:run:153 - ==================================================
2024-11-18 15:59:15.279 | INFO     | src.fed_imp.sub_modules.server.base_server:run:154 - Imputation Round 11
2024-11-18 15:59:42.804 | INFO     | src.fed_imp.sub_modules.server.base_server:run:153 - ==================================================
2024-11-18 15:59:42.804 | INFO     | src.fed_imp.sub_modules.server.base_server:run:154 - Imputation Round 11
2024-11-18 16:00:33.788 | INFO     | src.fed_imp.sub_modules.server.base_server:run:153 - ==================================================
2024-11-18 16:00:33.788 | INFO     | src.fed_imp.sub_modules.server.base_server:run:154 - Imputation Round 12
2024-11-18 16:01:02.162 | INFO     | src.fed_imp.sub_modules.server.base_server:run:153 - ==================================================
2024-11-18 16:01:02.162 | INFO     | src.fed_imp.sub_modules.server.base_server:run:154 - Imputation Round 12
2024-11-18 16:01:06.281 | INFO     | src.fed_imp.sub_modules.server.base_server:run:153 - ==================================================
2024-11-18 16:01:06.281 | INFO     | src.fed_imp.sub_modules.server.base_server:run:154 - Imputation Round 12
2024-11-18 16:01:11.055 | INFO     | src.fed_imp.sub_modules.server.base_server:run:153 - ==================================================
2024-11-18 16:01:11.055 | INFO     | src.fed_imp.sub_modules.server.base_server:run:154 - Imputation Round 12
2024-11-18 16:01:31.415 | INFO     | src.fed_imp.sub_modules.server.base_server:run:153 - ==================================================
2024-11-18 16:01:31.415 | INFO     | src.fed_imp.sub_modules.server.base_server:run:154 - Imputation Round 11
2024-11-18 16:01:47.796 | INFO     | src.fed_imp.sub_modules.server.base_server:run:153 - ==================================================
2024-11-18 16:01:47.802 | INFO     | src.fed_imp.sub_modules.server.base_server:run:154 - Imputation Round 12
2024-11-18 16:01:49.672 | INFO     | src.fed_imp.sub_modules.server.base_server:run:153 - ==================================================
2024-11-18 16:01:49.673 | INFO     | src.fed_imp.sub_modules.server.base_server:run:154 - Imputation Round 12
2024-11-18 16:02:19.953 | INFO     | src.fed_imp.sub_modules.server.base_server:run:153 - ==================================================
2024-11-18 16:02:19.953 | INFO     | src.fed_imp.sub_modules.server.base_server:run:154 - Imputation Round 12
2024-11-18 16:02:39.362 | INFO     | src.fed_imp.sub_modules.server.base_server:run:153 - ==================================================
2024-11-18 16:02:39.363 | INFO     | src.fed_imp.sub_modules.server.base_server:run:154 - Imputation Round 12
2024-11-18 16:02:47.383 | INFO     | src.fed_imp.sub_modules.server.base_server:run:153 - ==================================================
2024-11-18 16:02:47.383 | INFO     | src.fed_imp.sub_modules.server.base_server:run:154 - Imputation Round 13
2024-11-18 16:03:18.596 | INFO     | src.fed_imp.sub_modules.server.base_server:run:153 - ==================================================
2024-11-18 16:03:18.604 | INFO     | src.fed_imp.sub_modules.server.base_server:run:154 - Imputation Round 12
2024-11-18 16:03:18.921 | INFO     | src.fed_imp.sub_modules.server.base_server:run:153 - ==================================================
2024-11-18 16:03:18.921 | INFO     | src.fed_imp.sub_modules.server.base_server:run:154 - Imputation Round 13
2024-11-18 16:03:34.574 | INFO     | src.fed_imp.sub_modules.server.base_server:run:153 - ==================================================
2024-11-18 16:03:34.575 | INFO     | src.fed_imp.sub_modules.server.base_server:run:154 - Imputation Round 13
2024-11-18 16:04:16.452 | INFO     | src.fed_imp.sub_modules.server.base_server:run:153 - ==================================================
2024-11-18 16:04:16.453 | INFO     | src.fed_imp.sub_modules.server.base_server:run:154 - Imputation Round 13
2024-11-18 16:04:54.279 | INFO     | src.fed_imp.sub_modules.server.base_server:run:153 - ==================================================
2024-11-18 16:04:54.279 | INFO     | src.fed_imp.sub_modules.server.base_server:run:154 - Imputation Round 12
2024-11-18 16:04:58.066 | INFO     | src.fed_imp.sub_modules.server.base_server:run:153 - ==================================================
2024-11-18 16:04:58.066 | INFO     | src.fed_imp.sub_modules.server.base_server:run:154 - Imputation Round 13
2024-11-18 16:05:06.190 | INFO     | src.fed_imp.sub_modules.server.base_server:run:153 - ==================================================
2024-11-18 16:05:06.191 | INFO     | src.fed_imp.sub_modules.server.base_server:run:154 - Imputation Round 13
2024-11-18 16:05:35.004 | INFO     | src.fed_imp.sub_modules.server.base_server:run:153 - ==================================================
2024-11-18 16:05:35.004 | INFO     | src.fed_imp.sub_modules.server.base_server:run:154 - Imputation Round 13
2024-11-18 16:06:11.523 | INFO     | src.fed_imp.sub_modules.server.base_server:run:153 - ==================================================
2024-11-18 16:06:11.523 | INFO     | src.fed_imp.sub_modules.server.base_server:run:154 - Imputation Round 13
2024-11-18 16:06:16.850 | INFO     | src.fed_imp.sub_modules.server.base_server:run:153 - ==================================================
2024-11-18 16:06:16.874 | INFO     | src.fed_imp.sub_modules.server.base_server:run:154 - Imputation Round 14
2024-11-18 16:06:18.595 | INFO     | src.fed_imp.sub_modules.server.base_server:run:153 - ==================================================
2024-11-18 16:06:18.596 | INFO     | src.fed_imp.sub_modules.server.base_server:run:154 - Imputation Round 14
2024-11-18 16:06:19.544 | INFO     | src.fed_imp.sub_modules.server.base_server:run:153 - ==================================================
2024-11-18 16:06:19.544 | INFO     | src.fed_imp.sub_modules.server.base_server:run:154 - Imputation Round 13
2024-11-18 16:07:00.137 | INFO     | src.fed_imp.sub_modules.server.base_server:run:153 - ==================================================
2024-11-18 16:07:00.138 | INFO     | src.fed_imp.sub_modules.server.base_server:run:154 - Imputation Round 14
2024-11-18 16:07:35.203 | INFO     | src.fed_imp.sub_modules.server.base_server:run:153 - ==================================================
2024-11-18 16:07:35.220 | INFO     | src.fed_imp.sub_modules.server.base_server:run:154 - Imputation Round 14
2024-11-18 16:07:50.115 | INFO     | src.fed_imp.sub_modules.server.base_server:run:153 - ==================================================
2024-11-18 16:07:50.115 | INFO     | src.fed_imp.sub_modules.server.base_server:run:154 - Imputation Round 14
2024-11-18 16:08:06.129 | INFO     | src.fed_imp.sub_modules.server.base_server:run:153 - ==================================================
2024-11-18 16:08:06.129 | INFO     | src.fed_imp.sub_modules.server.base_server:run:154 - Imputation Round 14
2024-11-18 16:08:19.349 | INFO     | src.fed_imp.sub_modules.server.base_server:run:153 - ==================================================
2024-11-18 16:08:19.349 | INFO     | src.fed_imp.sub_modules.server.base_server:run:154 - Imputation Round 13
2024-11-18 16:08:43.840 | INFO     | src.fed_imp.sub_modules.server.base_server:run:153 - ==================================================
2024-11-18 16:08:43.840 | INFO     | src.fed_imp.sub_modules.server.base_server:run:154 - Imputation Round 14
2024-11-18 16:08:55.166 | INFO     | src.fed_imp.sub_modules.server.base_server:run:153 - ==================================================
2024-11-18 16:08:55.172 | INFO     | src.fed_imp.sub_modules.server.base_server:run:154 - Imputation Round 15
2024-11-18 16:09:15.712 | INFO     | src.fed_imp.sub_modules.server.base_server:run:153 - ==================================================
2024-11-18 16:09:15.721 | INFO     | src.fed_imp.sub_modules.server.base_server:run:154 - Imputation Round 15
2024-11-18 16:09:23.430 | INFO     | src.fed_imp.sub_modules.server.base_server:run:153 - ==================================================
2024-11-18 16:09:23.436 | INFO     | src.fed_imp.sub_modules.server.base_server:run:154 - Imputation Round 14
2024-11-18 16:09:24.368 | INFO     | src.fed_imp.sub_modules.server.base_server:run:153 - ==================================================
2024-11-18 16:09:24.368 | INFO     | src.fed_imp.sub_modules.server.base_server:run:154 - Imputation Round 14
2024-11-18 16:09:48.615 | INFO     | src.fed_imp.sub_modules.server.base_server:run:153 - ==================================================
2024-11-18 16:09:48.615 | INFO     | src.fed_imp.sub_modules.server.base_server:run:154 - Imputation Round 15
2024-11-18 16:10:00.763 | INFO     | src.fed_imp.sub_modules.server.base_server:run:153 - ==================================================
2024-11-18 16:10:00.763 | INFO     | src.fed_imp.sub_modules.server.base_server:run:154 - Imputation Round 15
2024-11-18 16:10:32.229 | INFO     | src.fed_imp.sub_modules.server.base_server:run:153 - ==================================================
2024-11-18 16:10:32.229 | INFO     | src.fed_imp.sub_modules.server.base_server:run:154 - Imputation Round 15
2024-11-18 16:11:10.592 | INFO     | src.fed_imp.sub_modules.server.base_server:run:153 - ==================================================
2024-11-18 16:11:10.592 | INFO     | src.fed_imp.sub_modules.server.base_server:run:154 - Imputation Round 15
2024-11-18 16:11:14.074 | INFO     | src.fed_imp.sub_modules.server.base_server:run:153 - ==================================================
2024-11-18 16:11:14.076 | INFO     | src.fed_imp.sub_modules.server.base_server:run:154 - Imputation Round 14
2024-11-18 16:11:21.840 | INFO     | src.fed_imp.sub_modules.server.base_server:run:153 - ==================================================
2024-11-18 16:11:21.840 | INFO     | src.fed_imp.sub_modules.server.base_server:run:154 - Imputation Round 16
2024-11-18 16:11:49.573 | INFO     | src.fed_imp.sub_modules.server.base_server:run:153 - ==================================================
2024-11-18 16:11:49.573 | INFO     | src.fed_imp.sub_modules.server.base_server:run:154 - Imputation Round 15
2024-11-18 16:12:21.363 | INFO     | src.fed_imp.sub_modules.server.base_server:run:153 - ==================================================
2024-11-18 16:12:21.363 | INFO     | src.fed_imp.sub_modules.server.base_server:run:154 - Imputation Round 15
2024-11-18 16:12:24.442 | INFO     | src.fed_imp.sub_modules.server.base_server:run:153 - ==================================================
2024-11-18 16:12:24.442 | INFO     | src.fed_imp.sub_modules.server.base_server:run:154 - Imputation Round 16
2024-11-18 16:12:35.746 | INFO     | src.fed_imp.sub_modules.server.base_server:run:153 - ==================================================
2024-11-18 16:12:35.746 | INFO     | src.fed_imp.sub_modules.server.base_server:run:154 - Imputation Round 15
2024-11-18 16:12:48.322 | INFO     | src.fed_imp.sub_modules.server.base_server:run:153 - ==================================================
2024-11-18 16:12:48.346 | INFO     | src.fed_imp.sub_modules.server.base_server:run:154 - Imputation Round 16
2024-11-18 16:13:28.118 | INFO     | src.fed_imp.sub_modules.server.base_server:run:153 - ==================================================
2024-11-18 16:13:28.119 | INFO     | src.fed_imp.sub_modules.server.base_server:run:154 - Imputation Round 16
2024-11-18 16:13:34.024 | INFO     | src.fed_imp.sub_modules.server.base_server:run:153 - ==================================================
2024-11-18 16:13:34.025 | INFO     | src.fed_imp.sub_modules.server.base_server:run:154 - Imputation Round 16
2024-11-18 16:14:02.945 | INFO     | src.fed_imp.sub_modules.server.base_server:run:153 - ==================================================
2024-11-18 16:14:02.945 | INFO     | src.fed_imp.sub_modules.server.base_server:run:154 - Imputation Round 17
2024-11-18 16:14:21.242 | INFO     | src.fed_imp.sub_modules.server.base_server:run:153 - ==================================================
2024-11-18 16:14:21.268 | INFO     | src.fed_imp.sub_modules.server.base_server:run:154 - Imputation Round 15
2024-11-18 16:14:29.330 | INFO     | src.fed_imp.sub_modules.server.base_server:run:153 - ==================================================
2024-11-18 16:14:29.330 | INFO     | src.fed_imp.sub_modules.server.base_server:run:154 - Imputation Round 16
2024-11-18 16:15:02.560 | INFO     | src.fed_imp.sub_modules.server.base_server:run:153 - ==================================================
2024-11-18 16:15:02.560 | INFO     | src.fed_imp.sub_modules.server.base_server:run:154 - Imputation Round 16
2024-11-18 16:15:28.056 | INFO     | src.fed_imp.sub_modules.server.base_server:run:153 - ==================================================
2024-11-18 16:15:28.058 | INFO     | src.fed_imp.sub_modules.server.base_server:run:154 - Imputation Round 16
2024-11-18 16:15:45.167 | INFO     | src.fed_imp.sub_modules.server.base_server:run:153 - ==================================================
2024-11-18 16:15:45.168 | INFO     | src.fed_imp.sub_modules.server.base_server:run:154 - Imputation Round 17
2024-11-18 16:16:05.961 | INFO     | src.fed_imp.sub_modules.server.base_server:run:153 - ==================================================
2024-11-18 16:16:05.961 | INFO     | src.fed_imp.sub_modules.server.base_server:run:154 - Imputation Round 16
2024-11-18 16:16:08.263 | INFO     | src.fed_imp.sub_modules.server.base_server:run:153 - ==================================================
2024-11-18 16:16:08.392 | INFO     | src.fed_imp.sub_modules.server.base_server:run:154 - Imputation Round 17
2024-11-18 16:16:34.606 | INFO     | src.fed_imp.sub_modules.server.base_server:run:153 - ==================================================
2024-11-18 16:16:34.606 | INFO     | src.fed_imp.sub_modules.server.base_server:run:154 - Imputation Round 17
2024-11-18 16:16:40.680 | INFO     | src.fed_imp.sub_modules.server.base_server:run:153 - ==================================================
2024-11-18 16:16:40.680 | INFO     | src.fed_imp.sub_modules.server.base_server:run:154 - Imputation Round 17
2024-11-18 16:16:55.633 | INFO     | src.fed_imp.sub_modules.server.base_server:run:153 - ==================================================
2024-11-18 16:16:55.634 | INFO     | src.fed_imp.sub_modules.server.base_server:run:154 - Imputation Round 17
2024-11-18 16:17:18.340 | INFO     | src.fed_imp.sub_modules.server.base_server:run:153 - ==================================================
2024-11-18 16:17:18.340 | INFO     | src.fed_imp.sub_modules.server.base_server:run:154 - Imputation Round 16
2024-11-18 16:17:49.983 | INFO     | src.fed_imp.sub_modules.server.base_server:run:153 - ==================================================
2024-11-18 16:17:49.991 | INFO     | src.fed_imp.sub_modules.server.base_server:run:154 - Imputation Round 18
2024-11-18 16:18:16.742 | INFO     | src.fed_imp.sub_modules.server.base_server:run:153 - ==================================================
2024-11-18 16:18:16.743 | INFO     | src.fed_imp.sub_modules.server.base_server:run:154 - Imputation Round 17
2024-11-18 16:18:24.242 | INFO     | src.fed_imp.sub_modules.server.base_server:run:153 - ==================================================
2024-11-18 16:18:24.242 | INFO     | src.fed_imp.sub_modules.server.base_server:run:154 - Imputation Round 17
2024-11-18 16:18:36.525 | INFO     | src.fed_imp.sub_modules.server.base_server:run:153 - ==================================================
2024-11-18 16:18:36.526 | INFO     | src.fed_imp.sub_modules.server.base_server:run:154 - Imputation Round 18
2024-11-18 16:18:53.743 | INFO     | src.fed_imp.sub_modules.server.base_server:run:153 - ==================================================
2024-11-18 16:18:53.743 | INFO     | src.fed_imp.sub_modules.server.base_server:run:154 - Imputation Round 17
2024-11-18 16:19:07.241 | INFO     | src.fed_imp.sub_modules.server.base_server:run:153 - ==================================================
2024-11-18 16:19:07.242 | INFO     | src.fed_imp.sub_modules.server.base_server:run:154 - Imputation Round 18
2024-11-18 16:19:53.072 | INFO     | src.fed_imp.sub_modules.server.base_server:run:153 - ==================================================
2024-11-18 16:19:53.072 | INFO     | src.fed_imp.sub_modules.server.base_server:run:154 - Imputation Round 18
2024-11-18 16:20:05.425 | INFO     | src.fed_imp.sub_modules.server.base_server:run:153 - ==================================================
2024-11-18 16:20:05.425 | INFO     | src.fed_imp.sub_modules.server.base_server:run:154 - Imputation Round 18
2024-11-18 16:20:08.580 | INFO     | src.fed_imp.sub_modules.server.base_server:run:153 - ==================================================
2024-11-18 16:20:08.580 | INFO     | src.fed_imp.sub_modules.server.base_server:run:154 - Imputation Round 18
2024-11-18 16:21:00.253 | INFO     | src.fed_imp.sub_modules.server.base_server:run:153 - ==================================================
2024-11-18 16:21:00.296 | INFO     | src.fed_imp.sub_modules.server.base_server:run:154 - Imputation Round 17
2024-11-18 16:21:04.595 | INFO     | src.fed_imp.sub_modules.server.base_server:run:153 - ==================================================
2024-11-18 16:21:04.595 | INFO     | src.fed_imp.sub_modules.server.base_server:run:154 - Imputation Round 19
2024-11-18 16:21:18.610 | INFO     | src.fed_imp.sub_modules.server.base_server:run:153 - ==================================================
2024-11-18 16:21:18.610 | INFO     | src.fed_imp.sub_modules.server.base_server:run:154 - Imputation Round 18
2024-11-18 16:21:29.981 | INFO     | src.fed_imp.sub_modules.server.base_server:run:153 - ==================================================
2024-11-18 16:21:29.982 | INFO     | src.fed_imp.sub_modules.server.base_server:run:154 - Imputation Round 18
2024-11-18 16:21:42.621 | INFO     | src.fed_imp.sub_modules.server.base_server:run:153 - ==================================================
2024-11-18 16:21:42.647 | INFO     | src.fed_imp.sub_modules.server.base_server:run:154 - Imputation Round 19
2024-11-18 16:21:44.613 | INFO     | src.fed_imp.sub_modules.server.base_server:run:153 - ==================================================
2024-11-18 16:21:44.626 | INFO     | src.fed_imp.sub_modules.server.base_server:run:154 - Imputation Round 18
2024-11-18 16:21:49.509 | INFO     | src.fed_imp.sub_modules.server.base_server:run:153 - ==================================================
2024-11-18 16:21:49.509 | INFO     | src.fed_imp.sub_modules.server.base_server:run:154 - Imputation Round 19
2024-11-18 16:22:34.895 | INFO     | src.fed_imp.sub_modules.server.base_server:run:153 - ==================================================
2024-11-18 16:22:34.895 | INFO     | src.fed_imp.sub_modules.server.base_server:run:154 - Imputation Round 19
2024-11-18 16:22:40.873 | INFO     | src.fed_imp.sub_modules.server.base_server:run:153 - ==================================================
2024-11-18 16:22:40.882 | INFO     | src.fed_imp.sub_modules.server.base_server:run:154 - Imputation Round 19
2024-11-18 16:23:34.551 | INFO     | src.fed_imp.sub_modules.server.base_server:run:153 - ==================================================
2024-11-18 16:23:34.551 | INFO     | src.fed_imp.sub_modules.server.base_server:run:154 - Imputation Round 19
2024-11-18 16:24:17.966 | INFO     | src.fed_imp.sub_modules.server.base_server:run:153 - ==================================================
2024-11-18 16:24:17.968 | INFO     | src.fed_imp.sub_modules.server.base_server:run:154 - Imputation Round 19
2024-11-18 16:24:27.487 | INFO     | src.fed_imp.sub_modules.server.base_server:run:153 - ==================================================
2024-11-18 16:24:27.488 | INFO     | src.fed_imp.sub_modules.server.base_server:run:154 - Imputation Round 20
2024-11-18 16:24:28.648 | INFO     | src.fed_imp.sub_modules.server.base_server:run:153 - ==================================================
2024-11-18 16:24:28.668 | INFO     | src.fed_imp.sub_modules.server.base_server:run:154 - Imputation Round 18
2024-11-18 16:24:30.729 | INFO     | src.fed_imp.sub_modules.server.base_server:run:153 - ==================================================
2024-11-18 16:24:30.730 | INFO     | src.fed_imp.sub_modules.server.base_server:run:154 - Imputation Round 19
2024-11-18 16:24:36.506 | INFO     | src.fed_imp.sub_modules.server.base_server:run:153 - ==================================================
2024-11-18 16:24:36.506 | INFO     | src.fed_imp.sub_modules.server.base_server:run:154 - Imputation Round 20
2024-11-18 16:25:41.459 | INFO     | src.fed_imp.sub_modules.server.base_server:run:153 - ==================================================
2024-11-18 16:25:41.460 | INFO     | src.fed_imp.sub_modules.server.base_server:run:154 - Imputation Round 20
2024-11-18 16:26:01.243 | INFO     | src.fed_imp.sub_modules.server.base_server:run:153 - ==================================================
2024-11-18 16:26:01.243 | INFO     | src.fed_imp.sub_modules.server.base_server:run:154 - Imputation Round 20
2024-11-18 16:26:02.486 | INFO     | src.fed_imp.sub_modules.server.base_server:run:153 - ==================================================
2024-11-18 16:26:02.486 | INFO     | src.fed_imp.sub_modules.server.base_server:run:154 - Imputation Round 19
2024-11-18 16:26:07.430 | INFO     | src.fed_imp.sub_modules.server.base_server:run:153 - ==================================================
2024-11-18 16:26:07.430 | INFO     | src.fed_imp.sub_modules.server.base_server:run:154 - Imputation Round 20
2024-11-18 16:26:07.682 | INFO     | src.fed_imp.sub_modules.server.base_server:run:153 - ==================================================
2024-11-18 16:26:07.682 | INFO     | src.fed_imp.sub_modules.server.base_server:run:154 - Imputation Round 20
2024-11-18 16:27:22.664 | INFO     | src.fed_imp.sub_modules.server.base_server:run:153 - ==================================================
2024-11-18 16:27:22.665 | INFO     | src.fed_imp.sub_modules.server.base_server:run:154 - Imputation Round 19
2024-11-18 16:27:29.163 | INFO     | src.fed_imp.sub_modules.server.base_server:run:183 - FL finished in 3624.995013085194
2024-11-18 16:27:45.809 | INFO     | src.fed_imp.sub_modules.server.base_server:run:153 - ==================================================
2024-11-18 16:27:45.809 | INFO     | src.fed_imp.sub_modules.server.base_server:run:154 - Imputation Round 20
2024-11-18 16:28:03.763 | INFO     | src.fed_imp.sub_modules.server.base_server:run:183 - FL finished in 3659.395324541256
2024-11-18 16:28:08.393 | INFO     | src.fed_imp.sub_modules.server.base_server:run:153 - ==================================================
2024-11-18 16:28:08.393 | INFO     | src.fed_imp.sub_modules.server.base_server:run:154 - Imputation Round 20
2024-11-18 16:28:46.915 | INFO     | src.fed_imp.sub_modules.server.base_server:run:183 - FL finished in 3702.813984037377
2024-11-18 16:28:58.721 | INFO     | src.fed_imp.sub_modules.server.base_server:run:183 - FL finished in 3714.523566167336
2024-11-18 16:29:06.969 | INFO     | src.fed_imp.sub_modules.server.base_server:run:183 - FL finished in 3722.868141561281
2024-11-18 16:29:11.318 | INFO     | src.fed_imp.sub_modules.server.base_server:run:153 - ==================================================
2024-11-18 16:29:11.318 | INFO     | src.fed_imp.sub_modules.server.base_server:run:154 - Imputation Round 20
2024-11-18 16:29:43.987 | INFO     | src.fed_imp.sub_modules.server.base_server:run:183 - FL finished in 3759.72590202
2024-11-18 16:30:00.280 | INFO     | src.fed_imp.sub_modules.server.base_server:run:153 - ==================================================
2024-11-18 16:30:00.280 | INFO     | src.fed_imp.sub_modules.server.base_server:run:154 - Imputation Round 20
2024-11-18 16:30:15.980 | INFO     | src.fed_imp.sub_modules.server.base_server:run:183 - FL finished in 3791.652768211905
2024-11-18 16:30:25.356 | INFO     | src.fed_imp.sub_modules.server.base_server:run:183 - FL finished in 3801.223214747384
2024-11-18 16:30:45.656 | INFO     | src.fed_imp.sub_modules.server.base_server:run:183 - FL finished in 3821.360316886101
2024-11-18 16:30:46.981 | INFO     | src.fed_imp.sub_modules.server.base_server:run:183 - FL finished in 3822.748703256715
natural {}
Adding missing to client 0 ...
Adding missing to client 1 ...
Adding missing to client 2 ...
Adding missing to client 3 ...
Adding missing to client 4 ...
Adding missing to client 5 ...
Adding missing to client 6 ...
Adding missing to client 7 ...
Adding missing to client 8 ...
Adding missing to client 9 ...
Adding missing to client 10 ...
Adding missing to client 11 ...
Adding missing to client 12 ...
Adding missing to client 13 ...
Adding missing to client 14 ...
Adding missing to client 15 ...
Adding missing to client 16 ...
Adding missing to client 17 ...
Adding missing to client 18 ...
Adding missing to client 19 ...
Adding missing to client 20 ...
Adding missing to client 21 ...
Adding missing to client 22 ...
client: 0 dup rate: 0.0
client: 1 dup rate: 0.0
client: 2 dup rate: 0.0
client: 3 dup rate: 0.0
client: 4 dup rate: 0.0
client: 5 dup rate: 0.030563514804202496
client: 6 dup rate: 0.0
client: 7 dup rate: 0.0
client: 8 dup rate: 0.0
client: 9 dup rate: 0.0
client: 10 dup rate: 0.0
client: 11 dup rate: 0.0
client: 12 dup rate: 0.0
client: 13 dup rate: 0.0
client: 14 dup rate: 0.0
client: 15 dup rate: 0.0
client: 16 dup rate: 0.0
client: 17 dup rate: 0.0
client: 18 dup rate: 0.0
client: 19 dup rate: 0.0
client: 20 dup rate: 0.0
client: 21 dup rate: 0.0
client: 22 dup rate: 0.0
Used default params: {}
natural {}
Adding missing to client 0 ...
Adding missing to client 1 ...
Adding missing to client 2 ...
Adding missing to client 3 ...
Adding missing to client 4 ...
Adding missing to client 5 ...
Adding missing to client 6 ...
Adding missing to client 7 ...
Adding missing to client 8 ...
Adding missing to client 9 ...
Adding missing to client 10 ...
Adding missing to client 11 ...
Adding missing to client 12 ...
Adding missing to client 13 ...
Adding missing to client 14 ...
Adding missing to client 15 ...
Adding missing to client 16 ...
Adding missing to client 17 ...
Adding missing to client 18 ...
Adding missing to client 19 ...
Adding missing to client 20 ...
Adding missing to client 21 ...
Adding missing to client 22 ...
client: 0 dup rate: 0.0
client: 1 dup rate: 0.0
client: 2 dup rate: 0.0
client: 3 dup rate: 0.0
client: 4 dup rate: 0.0
client: 5 dup rate: 0.030563514804202496
client: 6 dup rate: 0.0
client: 7 dup rate: 0.0
client: 8 dup rate: 0.0
client: 9 dup rate: 0.0
client: 10 dup rate: 0.0
client: 11 dup rate: 0.0
client: 12 dup rate: 0.0
client: 13 dup rate: 0.0
client: 14 dup rate: 0.0
client: 15 dup rate: 0.0
client: 16 dup rate: 0.0
client: 17 dup rate: 0.0
client: 18 dup rate: 0.0
client: 19 dup rate: 0.0
client: 20 dup rate: 0.0
client: 21 dup rate: 0.0
client: 22 dup rate: 0.0
Used default params: {}
natural {}
Adding missing to client 0 ...
Adding missing to client 1 ...
Adding missing to client 2 ...
Adding missing to client 3 ...
Adding missing to client 4 ...
Adding missing to client 5 ...
Adding missing to client 6 ...
Adding missing to client 7 ...
Adding missing to client 8 ...
Adding missing to client 9 ...
Adding missing to client 10 ...
Adding missing to client 11 ...
Adding missing to client 12 ...
Adding missing to client 13 ...
Adding missing to client 14 ...
Adding missing to client 15 ...
Adding missing to client 16 ...
Adding missing to client 17 ...
Adding missing to client 18 ...
Adding missing to client 19 ...
Adding missing to client 20 ...
Adding missing to client 21 ...
Adding missing to client 22 ...
client: 0 dup rate: 0.0
client: 1 dup rate: 0.0
client: 2 dup rate: 0.0
client: 3 dup rate: 0.0
client: 4 dup rate: 0.0
client: 5 dup rate: 0.030563514804202496
client: 6 dup rate: 0.0
client: 7 dup rate: 0.0
client: 8 dup rate: 0.0
client: 9 dup rate: 0.0
client: 10 dup rate: 0.0
client: 11 dup rate: 0.0
client: 12 dup rate: 0.0
client: 13 dup rate: 0.0
client: 14 dup rate: 0.0
client: 15 dup rate: 0.0
client: 16 dup rate: 0.0
client: 17 dup rate: 0.0
client: 18 dup rate: 0.0
client: 19 dup rate: 0.0
client: 20 dup rate: 0.0
client: 21 dup rate: 0.0
client: 22 dup rate: 0.0
Used default params: {}
natural {}
Adding missing to client 0 ...
Adding missing to client 1 ...
Adding missing to client 2 ...
Adding missing to client 3 ...
Adding missing to client 4 ...
Adding missing to client 5 ...
Adding missing to client 6 ...
Adding missing to client 7 ...
Adding missing to client 8 ...
Adding missing to client 9 ...
Adding missing to client 10 ...
Adding missing to client 11 ...
Adding missing to client 12 ...
Adding missing to client 13 ...
Adding missing to client 14 ...
Adding missing to client 15 ...
Adding missing to client 16 ...
Adding missing to client 17 ...
Adding missing to client 18 ...
Adding missing to client 19 ...
Adding missing to client 20 ...
Adding missing to client 21 ...
Adding missing to client 22 ...
client: 0 dup rate: 0.0
client: 1 dup rate: 0.0
client: 2 dup rate: 0.0
client: 3 dup rate: 0.0
client: 4 dup rate: 0.0
client: 5 dup rate: 0.030563514804202496
client: 6 dup rate: 0.0
client: 7 dup rate: 0.0
client: 8 dup rate: 0.0
client: 9 dup rate: 0.0
client: 10 dup rate: 0.0
client: 11 dup rate: 0.0
client: 12 dup rate: 0.0
client: 13 dup rate: 0.0
client: 14 dup rate: 0.0
client: 15 dup rate: 0.0
client: 16 dup rate: 0.0
client: 17 dup rate: 0.0
client: 18 dup rate: 0.0
client: 19 dup rate: 0.0
client: 20 dup rate: 0.0
client: 21 dup rate: 0.0
client: 22 dup rate: 0.0
Used default params: {}
natural {}
Adding missing to client 0 ...
Adding missing to client 1 ...
Adding missing to client 2 ...
Adding missing to client 3 ...
Adding missing to client 4 ...
Adding missing to client 5 ...
Adding missing to client 6 ...
Adding missing to client 7 ...
Adding missing to client 8 ...
Adding missing to client 9 ...
Adding missing to client 10 ...
Adding missing to client 11 ...
Adding missing to client 12 ...
Adding missing to client 13 ...
Adding missing to client 14 ...
Adding missing to client 15 ...
Adding missing to client 16 ...
Adding missing to client 17 ...
Adding missing to client 18 ...
Adding missing to client 19 ...
Adding missing to client 20 ...
Adding missing to client 21 ...
Adding missing to client 22 ...
client: 0 dup rate: 0.0
client: 1 dup rate: 0.0
client: 2 dup rate: 0.0
client: 3 dup rate: 0.0
client: 4 dup rate: 0.0
client: 5 dup rate: 0.030563514804202496
client: 6 dup rate: 0.0
client: 7 dup rate: 0.0
client: 8 dup rate: 0.0
client: 9 dup rate: 0.0
client: 10 dup rate: 0.0
client: 11 dup rate: 0.0
client: 12 dup rate: 0.0
client: 13 dup rate: 0.0
client: 14 dup rate: 0.0
client: 15 dup rate: 0.0
client: 16 dup rate: 0.0
client: 17 dup rate: 0.0
client: 18 dup rate: 0.0
client: 19 dup rate: 0.0
client: 20 dup rate: 0.0
client: 21 dup rate: 0.0
client: 22 dup rate: 0.0
Used default params: {}
natural {}
Adding missing to client 0 ...
Adding missing to client 1 ...
Adding missing to client 2 ...
Adding missing to client 3 ...
Adding missing to client 4 ...
Adding missing to client 5 ...
Adding missing to client 6 ...
Adding missing to client 7 ...
Adding missing to client 8 ...
Adding missing to client 9 ...
Adding missing to client 10 ...
Adding missing to client 11 ...
Adding missing to client 12 ...
Adding missing to client 13 ...
Adding missing to client 14 ...
Adding missing to client 15 ...
Adding missing to client 16 ...
Adding missing to client 17 ...
Adding missing to client 18 ...
Adding missing to client 19 ...
Adding missing to client 20 ...
Adding missing to client 21 ...
Adding missing to client 22 ...
client: 0 dup rate: 0.0
client: 1 dup rate: 0.0
client: 2 dup rate: 0.0
client: 3 dup rate: 0.0
client: 4 dup rate: 0.0
client: 5 dup rate: 0.030563514804202496
client: 6 dup rate: 0.0
client: 7 dup rate: 0.0
client: 8 dup rate: 0.0
client: 9 dup rate: 0.0
client: 10 dup rate: 0.0
client: 11 dup rate: 0.0
client: 12 dup rate: 0.0
client: 13 dup rate: 0.0
client: 14 dup rate: 0.0
client: 15 dup rate: 0.0
client: 16 dup rate: 0.0
client: 17 dup rate: 0.0
client: 18 dup rate: 0.0
client: 19 dup rate: 0.0
client: 20 dup rate: 0.0
client: 21 dup rate: 0.0
client: 22 dup rate: 0.0
Used default params: {}
natural {}
Adding missing to client 0 ...
Adding missing to client 1 ...
Adding missing to client 2 ...
Adding missing to client 3 ...
Adding missing to client 4 ...
Adding missing to client 5 ...
Adding missing to client 6 ...
Adding missing to client 7 ...
Adding missing to client 8 ...
Adding missing to client 9 ...
Adding missing to client 10 ...
Adding missing to client 11 ...
Adding missing to client 12 ...
Adding missing to client 13 ...
Adding missing to client 14 ...
Adding missing to client 15 ...
Adding missing to client 16 ...
Adding missing to client 17 ...
Adding missing to client 18 ...
Adding missing to client 19 ...
Adding missing to client 20 ...
Adding missing to client 21 ...
Adding missing to client 22 ...
client: 0 dup rate: 0.0
client: 1 dup rate: 0.0
client: 2 dup rate: 0.0
client: 3 dup rate: 0.0
client: 4 dup rate: 0.0
client: 5 dup rate: 0.030563514804202496
client: 6 dup rate: 0.0
client: 7 dup rate: 0.0
client: 8 dup rate: 0.0
client: 9 dup rate: 0.0
client: 10 dup rate: 0.0
client: 11 dup rate: 0.0
client: 12 dup rate: 0.0
client: 13 dup rate: 0.0
client: 14 dup rate: 0.0
client: 15 dup rate: 0.0
client: 16 dup rate: 0.0
client: 17 dup rate: 0.0
client: 18 dup rate: 0.0
client: 19 dup rate: 0.0
client: 20 dup rate: 0.0
client: 21 dup rate: 0.0
client: 22 dup rate: 0.0
Used default params: {}
natural {}
Adding missing to client 0 ...
Adding missing to client 1 ...
Adding missing to client 2 ...
Adding missing to client 3 ...
Adding missing to client 4 ...
Adding missing to client 5 ...
Adding missing to client 6 ...
Adding missing to client 7 ...
Adding missing to client 8 ...
Adding missing to client 9 ...
Adding missing to client 10 ...
Adding missing to client 11 ...
Adding missing to client 12 ...
Adding missing to client 13 ...
Adding missing to client 14 ...
Adding missing to client 15 ...
Adding missing to client 16 ...
Adding missing to client 17 ...
Adding missing to client 18 ...
Adding missing to client 19 ...
Adding missing to client 20 ...
Adding missing to client 21 ...
Adding missing to client 22 ...
client: 0 dup rate: 0.0
client: 1 dup rate: 0.0
client: 2 dup rate: 0.0
client: 3 dup rate: 0.0
client: 4 dup rate: 0.0
client: 5 dup rate: 0.030563514804202496
client: 6 dup rate: 0.0
client: 7 dup rate: 0.0
client: 8 dup rate: 0.0
client: 9 dup rate: 0.0
client: 10 dup rate: 0.0
client: 11 dup rate: 0.0
client: 12 dup rate: 0.0
client: 13 dup rate: 0.0
client: 14 dup rate: 0.0
client: 15 dup rate: 0.0
client: 16 dup rate: 0.0
client: 17 dup rate: 0.0
client: 18 dup rate: 0.0
client: 19 dup rate: 0.0
client: 20 dup rate: 0.0
client: 21 dup rate: 0.0
client: 22 dup rate: 0.0
Used default params: {}
natural {}
Adding missing to client 0 ...
Adding missing to client 1 ...
Adding missing to client 2 ...
Adding missing to client 3 ...
Adding missing to client 4 ...
Adding missing to client 5 ...
Adding missing to client 6 ...
Adding missing to client 7 ...
Adding missing to client 8 ...
Adding missing to client 9 ...
Adding missing to client 10 ...
Adding missing to client 11 ...
Adding missing to client 12 ...
Adding missing to client 13 ...
Adding missing to client 14 ...
Adding missing to client 15 ...
Adding missing to client 16 ...
Adding missing to client 17 ...
Adding missing to client 18 ...
Adding missing to client 19 ...
Adding missing to client 20 ...
Adding missing to client 21 ...
Adding missing to client 22 ...
client: 0 dup rate: 0.0
client: 1 dup rate: 0.0
client: 2 dup rate: 0.0
client: 3 dup rate: 0.0
client: 4 dup rate: 0.0
client: 5 dup rate: 0.030563514804202496
client: 6 dup rate: 0.0
client: 7 dup rate: 0.0
client: 8 dup rate: 0.0
client: 9 dup rate: 0.0
client: 10 dup rate: 0.0
client: 11 dup rate: 0.0
client: 12 dup rate: 0.0
client: 13 dup rate: 0.0
client: 14 dup rate: 0.0
client: 15 dup rate: 0.0
client: 16 dup rate: 0.0
client: 17 dup rate: 0.0
client: 18 dup rate: 0.0
client: 19 dup rate: 0.0
client: 20 dup rate: 0.0
client: 21 dup rate: 0.0
client: 22 dup rate: 0.0
Used default params: {}
natural {}
Adding missing to client 0 ...
Adding missing to client 1 ...
Adding missing to client 2 ...
Adding missing to client 3 ...
Adding missing to client 4 ...
Adding missing to client 5 ...
Adding missing to client 6 ...
Adding missing to client 7 ...
Adding missing to client 8 ...
Adding missing to client 9 ...
Adding missing to client 10 ...
Adding missing to client 11 ...
Adding missing to client 12 ...
Adding missing to client 13 ...
Adding missing to client 14 ...
Adding missing to client 15 ...
Adding missing to client 16 ...
Adding missing to client 17 ...
Adding missing to client 18 ...
Adding missing to client 19 ...
Adding missing to client 20 ...
Adding missing to client 21 ...
Adding missing to client 22 ...
client: 0 dup rate: 0.0
client: 1 dup rate: 0.0
client: 2 dup rate: 0.0
client: 3 dup rate: 0.0
client: 4 dup rate: 0.0
client: 5 dup rate: 0.030563514804202496
client: 6 dup rate: 0.0
client: 7 dup rate: 0.0
client: 8 dup rate: 0.0
client: 9 dup rate: 0.0
client: 10 dup rate: 0.0
client: 11 dup rate: 0.0
client: 12 dup rate: 0.0
client: 13 dup rate: 0.0
client: 14 dup rate: 0.0
client: 15 dup rate: 0.0
client: 16 dup rate: 0.0
client: 17 dup rate: 0.0
client: 18 dup rate: 0.0
client: 19 dup rate: 0.0
client: 20 dup rate: 0.0
client: 21 dup rate: 0.0
client: 22 dup rate: 0.0
Used default params: {}
2024-11-18 16:30:58.348 | INFO     | src.fed_imp.experiment:run_experiment:318 - Summary: local
2024-11-18 16:30:59.029 | INFO     | src.fed_imp.experiment:experiment_result_processing:366 - imp@rmse: avg 0.2955178376809356
2024-11-18 16:30:59.030 | INFO     | src.fed_imp.experiment:experiment_result_processing:366 - imp@w2: avg 2.444414008176473
2024-11-18 16:30:59.030 | INFO     | src.fed_imp.experiment:experiment_result_processing:366 - imp@sliced_ws: avg 0.15817183138691143
2024-11-18 16:30:59.030 | INFO     | src.fed_imp.experiment:experiment_result_processing:381 - model pred_accu: 0.00000 (0.000) pred_f1: 0.00000 (0.000)
2024-11-18 16:32:49.989 | INFO     | src.fed_imp.experiment:experiment_result_processing:403 - imp@rmse: 0.29552 (0.013) imp@sliced_ws: 0.15817 (0.014) imp@global_ws: 0.04339
2024-11-18 16:32:49.990 | INFO     | src.experiment_management.experiment_manager:run_experiments:67 - Experiment finished in 3947.3484830856323
2024-11-18 16:32:50.831 | INFO     | src.experiment_management.experiment_manager:run_experiments:86 - Total time: 3948.1901845932007
