Executing command: python main_experiment_amarel.py config_vars/imp_extention2=vehicle_exp13.yaml
2024-11-18 15:27:02.637 | INFO     | src.experiment_management.experiment_manager:set_experiment:22 - Experiment name: fed_imp
2024-11-18 15:27:02.641 | INFO     | src.experiment_management.experiment_manager:run_experiments:45 - Running 1 experiments
2024-11-18 15:27:02.641 | INFO     | src.experiment_management.experiment_manager:run_experiments:51 - Experiment - 0
2024-11-18 15:27:02.641 | INFO     | src.experiment_management.experiment_manager:run_experiments:52 - Experiment - ['dn', 'nc', 'dp', 'ms', 'mct', 'st', 'as', 's', 's', 'p', 'nr', 'n', 'ts']
2024-11-18 15:27:02.641 | INFO     | src.experiment_management.experiment_manager:run_experiments:53 - Experiment - ('vehicle', 0, 'natural', 'random2@mrl=0.3_mrr=0.7_mm=mnarlrq', 'allk0.25_sphere', 'fedavg_pytorch', 'fedmechw_new', 102931466, 50, False, 10, 10, 0.1)
config_tmpl:
  num_clients: 10
  data:
    dataset_name: breast
    normalize: true
  data_partition:
    strategy: full
    params: {}
  handle_imbalance: null
  missing_simulate:
    mf_strategy: all
    mm_strategy: none
    mm_strategy_params:
      corr_type: others
  imputation:
    initial_strategy_num: mean
    initial_strategy_cat: mode
    estimator_num: ridge_cv
    estimator_cat: logistic_cv
    imp_evaluation_model: logistic
    imp_evaluation_params:
      tune_params: gridsearch
    clip: true
  agg_strategy_imp:
    strategy: local
    params:
      ms_field: missing_cell_pct
      beta: 0.7
  client_type: ice
  server_type: fedavg_pytorch
  server:
    impute_mode: instant
    imp_round: 20
    imp_local_epochs: 0
    pred_round: 0
    pred_local_epochs: 0
    model_fit_mode: one_shot
    froze_ms_coefs_round: 100
  pred_model:
    model_params:
      model: 2nn
      num_hiddens: 32
      model_init_config: null
      model_other_params: null
    train_params:
      batch_size: 128
      learning_rate: 0.001
      weight_decay: 0.0001
      pred_round: 200
      pred_local_epochs: 3
  experiment:
    n_rounds: 5
    seed: 102931466
    mtp: true
    random_seed: 50
    num_process: 5
    test_size: 0.1
  track: false
  tune_params: false
  prediction: false
  save_state: true
  algo_params:
    central: {}
    central2: {}
    central_vae: {}
    central_gain: {}
    local: {}
    local_vae: {}
    local_gain: {}
    fedavg: {}
    fedavg_vae: {}
    fedavg_gain: {}
    fedwavg:
      alpha: 0.9
    fedmechw:
      client_thres: 1.0
      alpha: 1.0
      beta: 0.0,
      scale_factor: 4
    fedmechw_p:
      client_thres: 1.0
      alpha: 0.85
      beta: 0.1
      scale_factor: 4
    fedmechw_new:
      client_thres: 1.0
      alpha: 0.95
      gamma: 0.02
      scale_factor: 4
    fedmechw_dedup:
      client_thres: 1.0
      alpha: 0.95
      gamma: 0.02
      scale_factor: 4
    fedmechw_p_sigmoid:
      client_thres: 1.0
      alpha: 0.9
      beta: 0.1
      scale_factor: 3
    fedmechclw:
      client_thres: 1.0
      thres1: 0.2
      alpha: 0.8
    scale_factor: 6
config_vars:
  vehicle_exp13:
  - name: dataset_name
    value:
    - vehicle
    keys:
    - data
    - dataset_name
    save_mode: dir1
  - name: n_client
    value:
    - 0
    save_mode: dir2
    keys:
    - num_clients
  - name: data_partition
    value:
    - natural
    save_mode: dir3
    keys:
    - data_partition
    - strategy
  - name: mm_strategy
    value:
    - random2@mrl=0.3_mrr=0.7_mm=mnarlrq
    save_mode: dir4
    keys:
    - missing_simulate
    - mm_strategy_new
  - name: mm_corr_type
    value:
    - allk0.25_sphere
    save_mode: dir4
    keys:
    - missing_simulate
    - mm_strategy_params
    - corr_type
  - name: server_type
    value:
    - fedavg_pytorch
    save_mode: none
    keys:
    - server_type
  - name: agg_strategy
    value:
    - fedmechw_new
    save_mode: null
    keys:
    - agg_strategy_imp
    - strategy
  - name: seed
    value:
    - 102931466
    save_mode: null
    keys:
    - experiment
    - seed
  - name: seed2
    value:
    - 50
    save_mode: null
    keys:
    - experiment
    - random_seed
  - name: params
    value:
    - false
    save_mode: null
    keys:
    - tune_params
  - name: n_rounds
    value:
    - 10
    save_mode: none
    keys:
    - experiment
    - n_rounds
  - name: np
    value:
    - 10
    save_mode: none
    keys:
    - experiment
    - num_process
  - name: test_size
    value:
    - 0.1
    save_mode: none
    keys:
    - experiment
    - test_size
experiment_name: fed_imp_ext2_amarel
debug: false
experiment_marker:
- num_clients
- server@imp_round

========================================================================================================================================================================================================
{'num_clients': 0, 'data': {'dataset_name': 'vehicle', 'normalize': True}, 'data_partition': {'strategy': 'natural', 'params': {}}, 'handle_imbalance': None, 'missing_simulate': {'mf_strategy': 'all', 'mm_strategy': 'none', 'mm_strategy_params': {'corr_type': 'allk0.25_sphere'}, 'mm_strategy_new': 'random2@mrl=0.3_mrr=0.7_mm=mnarlrq'}, 'imputation': {'initial_strategy_num': 'mean', 'initial_strategy_cat': 'mode', 'estimator_num': 'ridge_cv', 'estimator_cat': 'logistic_cv', 'imp_evaluation_model': 'logistic', 'imp_evaluation_params': {'tune_params': 'gridsearch'}, 'clip': True}, 'agg_strategy_imp': {'strategy': 'fedmechw_new', 'params': {'ms_field': 'missing_cell_pct', 'beta': 0.7}}, 'client_type': 'ice', 'server_type': 'fedavg_pytorch', 'server': {'impute_mode': 'instant', 'imp_round': 20, 'imp_local_epochs': 0, 'pred_round': 0, 'pred_local_epochs': 0, 'model_fit_mode': 'one_shot', 'froze_ms_coefs_round': 100}, 'pred_model': {'model_params': {'model': '2nn', 'num_hiddens': 32, 'model_init_config': None, 'model_other_params': None}, 'train_params': {'batch_size': 128, 'learning_rate': 0.001, 'weight_decay': 0.0001, 'pred_round': 200, 'pred_local_epochs': 3}}, 'experiment': {'n_rounds': 10, 'seed': 102931466, 'mtp': True, 'random_seed': 50, 'num_process': 10, 'test_size': 0.1}, 'track': False, 'tune_params': False, 'prediction': False, 'save_state': True, 'algo_params': {'central': {}, 'central2': {}, 'central_vae': {}, 'central_gain': {}, 'local': {}, 'local_vae': {}, 'local_gain': {}, 'fedavg': {}, 'fedavg_vae': {}, 'fedavg_gain': {}, 'fedwavg': {'alpha': 0.9}, 'fedmechw': {'client_thres': 1.0, 'alpha': 1.0, 'beta': '0.0,', 'scale_factor': 4}, 'fedmechw_p': {'client_thres': 1.0, 'alpha': 0.85, 'beta': 0.1, 'scale_factor': 4}, 'fedmechw_new': {'client_thres': 1.0, 'alpha': 0.95, 'gamma': 0.02, 'scale_factor': 4}, 'fedmechw_dedup': {'client_thres': 1.0, 'alpha': 0.95, 'gamma': 0.02, 'scale_factor': 4}, 'fedmechw_p_sigmoid': {'client_thres': 1.0, 'alpha': 0.9, 'beta': 0.1, 'scale_factor': 3}, 'fedmechclw': {'client_thres': 1.0, 'thres1': 0.2, 'alpha': 0.8}, 'scale_factor': 6}}
[(2578, 24), (1511, 24), (1519, 24), (1425, 24), (1375, 24), (1164, 24), (1683, 24), (1735, 24), (2000, 24), (1701, 24), (1803, 24), (1803, 24), (1954, 24), (2200, 24), (2214, 24), (1914, 24), (2068, 24), (1962, 24), (2287, 24), (2002, 24), (2068, 24), (2448, 24), (2281, 24)]
(2320, 24)
(1359, 24)
(1367, 24)
(1282, 24)
(1237, 24)
(1047, 24)
(1514, 24)
(1561, 24)
(1800, 24)
(1530, 24)
(1622, 24)
(1622, 24)
(1758, 24)
(1980, 24)
(1992, 24)
(1722, 24)
(1861, 24)
(1765, 24)
(2058, 24)
(1801, 24)
(1861, 24)
(2203, 24)
(2052, 24)
2024-11-18 15:27:03.877 | INFO     | src.fed_imp.experiment:main_func:31 - Round 0
2024-11-18 15:27:03.906 | INFO     | src.fed_imp.experiment:main_func:31 - Round 1
2024-11-18 15:27:03.936 | INFO     | src.fed_imp.experiment:main_func:31 - Round 2
2024-11-18 15:27:03.966 | INFO     | src.fed_imp.experiment:main_func:31 - Round 3
2024-11-18 15:27:03.998 | INFO     | src.fed_imp.experiment:main_func:31 - Round 4
2024-11-18 15:27:04.030 | INFO     | src.fed_imp.experiment:main_func:31 - Round 5
2024-11-18 15:27:04.061 | INFO     | src.fed_imp.experiment:main_func:31 - Round 6
2024-11-18 15:27:04.094 | INFO     | src.fed_imp.experiment:main_func:31 - Round 7
2024-11-18 15:27:04.134 | INFO     | src.fed_imp.experiment:main_func:31 - Round 8
2024-11-18 15:27:04.158 | INFO     | src.fed_imp.experiment:main_func:31 - Round 9
2024-11-18 15:27:56.712 | INFO     | src.fed_imp.sub_modules.server.base_server:run:153 - ==================================================
2024-11-18 15:27:56.713 | INFO     | src.fed_imp.sub_modules.server.base_server:run:154 - Imputation Round 1
2024-11-18 15:27:58.653 | INFO     | src.fed_imp.sub_modules.server.base_server:run:153 - ==================================================
2024-11-18 15:27:58.653 | INFO     | src.fed_imp.sub_modules.server.base_server:run:154 - Imputation Round 1
2024-11-18 15:28:00.582 | INFO     | src.fed_imp.sub_modules.server.base_server:run:153 - ==================================================
2024-11-18 15:28:00.607 | INFO     | src.fed_imp.sub_modules.server.base_server:run:154 - Imputation Round 1
2024-11-18 15:28:00.622 | INFO     | src.fed_imp.sub_modules.server.base_server:run:153 - ==================================================
2024-11-18 15:28:00.623 | INFO     | src.fed_imp.sub_modules.server.base_server:run:154 - Imputation Round 1
2024-11-18 15:28:00.979 | INFO     | src.fed_imp.sub_modules.server.base_server:run:153 - ==================================================
2024-11-18 15:28:00.979 | INFO     | src.fed_imp.sub_modules.server.base_server:run:154 - Imputation Round 1
2024-11-18 15:28:01.520 | INFO     | src.fed_imp.sub_modules.server.base_server:run:153 - ==================================================
2024-11-18 15:28:01.531 | INFO     | src.fed_imp.sub_modules.server.base_server:run:154 - Imputation Round 1
2024-11-18 15:28:02.124 | INFO     | src.fed_imp.sub_modules.server.base_server:run:153 - ==================================================
2024-11-18 15:28:02.125 | INFO     | src.fed_imp.sub_modules.server.base_server:run:154 - Imputation Round 1
2024-11-18 15:28:03.055 | INFO     | src.fed_imp.sub_modules.server.base_server:run:153 - ==================================================
2024-11-18 15:28:03.055 | INFO     | src.fed_imp.sub_modules.server.base_server:run:154 - Imputation Round 1
2024-11-18 15:28:03.963 | INFO     | src.fed_imp.sub_modules.server.base_server:run:153 - ==================================================
2024-11-18 15:28:03.964 | INFO     | src.fed_imp.sub_modules.server.base_server:run:154 - Imputation Round 1
2024-11-18 15:28:07.959 | INFO     | src.fed_imp.sub_modules.server.base_server:run:153 - ==================================================
2024-11-18 15:28:07.959 | INFO     | src.fed_imp.sub_modules.server.base_server:run:154 - Imputation Round 1
2024-11-18 15:31:02.444 | INFO     | src.fed_imp.sub_modules.server.base_server:run:153 - ==================================================
2024-11-18 15:31:02.444 | INFO     | src.fed_imp.sub_modules.server.base_server:run:154 - Imputation Round 2
2024-11-18 15:31:11.306 | INFO     | src.fed_imp.sub_modules.server.base_server:run:153 - ==================================================
2024-11-18 15:31:11.306 | INFO     | src.fed_imp.sub_modules.server.base_server:run:154 - Imputation Round 2
2024-11-18 15:31:14.967 | INFO     | src.fed_imp.sub_modules.server.base_server:run:153 - ==================================================
2024-11-18 15:31:14.967 | INFO     | src.fed_imp.sub_modules.server.base_server:run:154 - Imputation Round 2
2024-11-18 15:31:18.616 | INFO     | src.fed_imp.sub_modules.server.base_server:run:153 - ==================================================
2024-11-18 15:31:18.616 | INFO     | src.fed_imp.sub_modules.server.base_server:run:154 - Imputation Round 2
2024-11-18 15:31:19.241 | INFO     | src.fed_imp.sub_modules.server.base_server:run:153 - ==================================================
2024-11-18 15:31:19.241 | INFO     | src.fed_imp.sub_modules.server.base_server:run:154 - Imputation Round 2
2024-11-18 15:31:20.258 | INFO     | src.fed_imp.sub_modules.server.base_server:run:153 - ==================================================
2024-11-18 15:31:20.259 | INFO     | src.fed_imp.sub_modules.server.base_server:run:154 - Imputation Round 2
2024-11-18 15:31:20.309 | INFO     | src.fed_imp.sub_modules.server.base_server:run:153 - ==================================================
2024-11-18 15:31:20.310 | INFO     | src.fed_imp.sub_modules.server.base_server:run:154 - Imputation Round 2
2024-11-18 15:31:23.906 | INFO     | src.fed_imp.sub_modules.server.base_server:run:153 - ==================================================
2024-11-18 15:31:23.906 | INFO     | src.fed_imp.sub_modules.server.base_server:run:154 - Imputation Round 2
2024-11-18 15:31:41.056 | INFO     | src.fed_imp.sub_modules.server.base_server:run:153 - ==================================================
2024-11-18 15:31:41.078 | INFO     | src.fed_imp.sub_modules.server.base_server:run:154 - Imputation Round 2
2024-11-18 15:31:55.345 | INFO     | src.fed_imp.sub_modules.server.base_server:run:153 - ==================================================
2024-11-18 15:31:55.345 | INFO     | src.fed_imp.sub_modules.server.base_server:run:154 - Imputation Round 2
2024-11-18 15:34:08.709 | INFO     | src.fed_imp.sub_modules.server.base_server:run:153 - ==================================================
2024-11-18 15:34:08.710 | INFO     | src.fed_imp.sub_modules.server.base_server:run:154 - Imputation Round 3
2024-11-18 15:34:14.867 | INFO     | src.fed_imp.sub_modules.server.base_server:run:153 - ==================================================
2024-11-18 15:34:14.867 | INFO     | src.fed_imp.sub_modules.server.base_server:run:154 - Imputation Round 3
2024-11-18 15:34:17.667 | INFO     | src.fed_imp.sub_modules.server.base_server:run:153 - ==================================================
2024-11-18 15:34:17.667 | INFO     | src.fed_imp.sub_modules.server.base_server:run:154 - Imputation Round 3
2024-11-18 15:34:19.623 | INFO     | src.fed_imp.sub_modules.server.base_server:run:153 - ==================================================
2024-11-18 15:34:19.623 | INFO     | src.fed_imp.sub_modules.server.base_server:run:154 - Imputation Round 3
2024-11-18 15:34:19.693 | INFO     | src.fed_imp.sub_modules.server.base_server:run:153 - ==================================================
2024-11-18 15:34:19.693 | INFO     | src.fed_imp.sub_modules.server.base_server:run:154 - Imputation Round 3
2024-11-18 15:34:31.299 | INFO     | src.fed_imp.sub_modules.server.base_server:run:153 - ==================================================
2024-11-18 15:34:31.310 | INFO     | src.fed_imp.sub_modules.server.base_server:run:154 - Imputation Round 3
2024-11-18 15:34:43.374 | INFO     | src.fed_imp.sub_modules.server.base_server:run:153 - ==================================================
2024-11-18 15:34:43.374 | INFO     | src.fed_imp.sub_modules.server.base_server:run:154 - Imputation Round 3
2024-11-18 15:34:45.479 | INFO     | src.fed_imp.sub_modules.server.base_server:run:153 - ==================================================
2024-11-18 15:34:45.480 | INFO     | src.fed_imp.sub_modules.server.base_server:run:154 - Imputation Round 3
2024-11-18 15:34:56.322 | INFO     | src.fed_imp.sub_modules.server.base_server:run:153 - ==================================================
2024-11-18 15:34:56.323 | INFO     | src.fed_imp.sub_modules.server.base_server:run:154 - Imputation Round 3
2024-11-18 15:35:35.898 | INFO     | src.fed_imp.sub_modules.server.base_server:run:153 - ==================================================
2024-11-18 15:35:35.898 | INFO     | src.fed_imp.sub_modules.server.base_server:run:154 - Imputation Round 3
2024-11-18 15:37:03.539 | INFO     | src.fed_imp.sub_modules.server.base_server:run:153 - ==================================================
2024-11-18 15:37:03.547 | INFO     | src.fed_imp.sub_modules.server.base_server:run:154 - Imputation Round 4
2024-11-18 15:37:14.034 | INFO     | src.fed_imp.sub_modules.server.base_server:run:153 - ==================================================
2024-11-18 15:37:14.035 | INFO     | src.fed_imp.sub_modules.server.base_server:run:154 - Imputation Round 4
2024-11-18 15:37:32.906 | INFO     | src.fed_imp.sub_modules.server.base_server:run:153 - ==================================================
2024-11-18 15:37:32.906 | INFO     | src.fed_imp.sub_modules.server.base_server:run:154 - Imputation Round 4
2024-11-18 15:37:35.288 | INFO     | src.fed_imp.sub_modules.server.base_server:run:153 - ==================================================
2024-11-18 15:37:35.289 | INFO     | src.fed_imp.sub_modules.server.base_server:run:154 - Imputation Round 4
2024-11-18 15:38:03.294 | INFO     | src.fed_imp.sub_modules.server.base_server:run:153 - ==================================================
2024-11-18 15:38:03.294 | INFO     | src.fed_imp.sub_modules.server.base_server:run:154 - Imputation Round 4
2024-11-18 15:38:06.492 | INFO     | src.fed_imp.sub_modules.server.base_server:run:153 - ==================================================
2024-11-18 15:38:06.504 | INFO     | src.fed_imp.sub_modules.server.base_server:run:154 - Imputation Round 4
2024-11-18 15:38:14.039 | INFO     | src.fed_imp.sub_modules.server.base_server:run:153 - ==================================================
2024-11-18 15:38:14.039 | INFO     | src.fed_imp.sub_modules.server.base_server:run:154 - Imputation Round 4
2024-11-18 15:38:14.772 | INFO     | src.fed_imp.sub_modules.server.base_server:run:153 - ==================================================
2024-11-18 15:38:14.772 | INFO     | src.fed_imp.sub_modules.server.base_server:run:154 - Imputation Round 4
2024-11-18 15:38:24.492 | INFO     | src.fed_imp.sub_modules.server.base_server:run:153 - ==================================================
2024-11-18 15:38:24.527 | INFO     | src.fed_imp.sub_modules.server.base_server:run:154 - Imputation Round 4
2024-11-18 15:38:48.468 | INFO     | src.fed_imp.sub_modules.server.base_server:run:153 - ==================================================
2024-11-18 15:38:48.468 | INFO     | src.fed_imp.sub_modules.server.base_server:run:154 - Imputation Round 4
2024-11-18 15:40:34.422 | INFO     | src.fed_imp.sub_modules.server.base_server:run:153 - ==================================================
2024-11-18 15:40:34.422 | INFO     | src.fed_imp.sub_modules.server.base_server:run:154 - Imputation Round 5
2024-11-18 15:40:47.981 | INFO     | src.fed_imp.sub_modules.server.base_server:run:153 - ==================================================
2024-11-18 15:40:47.982 | INFO     | src.fed_imp.sub_modules.server.base_server:run:154 - Imputation Round 5
2024-11-18 15:40:55.652 | INFO     | src.fed_imp.sub_modules.server.base_server:run:153 - ==================================================
2024-11-18 15:40:55.652 | INFO     | src.fed_imp.sub_modules.server.base_server:run:154 - Imputation Round 5
2024-11-18 15:41:00.982 | INFO     | src.fed_imp.sub_modules.server.base_server:run:153 - ==================================================
2024-11-18 15:41:00.983 | INFO     | src.fed_imp.sub_modules.server.base_server:run:154 - Imputation Round 5
2024-11-18 15:41:19.079 | INFO     | src.fed_imp.sub_modules.server.base_server:run:153 - ==================================================
2024-11-18 15:41:19.079 | INFO     | src.fed_imp.sub_modules.server.base_server:run:154 - Imputation Round 5
2024-11-18 15:41:23.270 | INFO     | src.fed_imp.sub_modules.server.base_server:run:153 - ==================================================
2024-11-18 15:41:23.270 | INFO     | src.fed_imp.sub_modules.server.base_server:run:154 - Imputation Round 5
2024-11-18 15:41:31.205 | INFO     | src.fed_imp.sub_modules.server.base_server:run:153 - ==================================================
2024-11-18 15:41:31.205 | INFO     | src.fed_imp.sub_modules.server.base_server:run:154 - Imputation Round 5
2024-11-18 15:41:37.419 | INFO     | src.fed_imp.sub_modules.server.base_server:run:153 - ==================================================
2024-11-18 15:41:37.419 | INFO     | src.fed_imp.sub_modules.server.base_server:run:154 - Imputation Round 5
2024-11-18 15:41:45.596 | INFO     | src.fed_imp.sub_modules.server.base_server:run:153 - ==================================================
2024-11-18 15:41:45.596 | INFO     | src.fed_imp.sub_modules.server.base_server:run:154 - Imputation Round 5
2024-11-18 15:41:52.463 | INFO     | src.fed_imp.sub_modules.server.base_server:run:153 - ==================================================
2024-11-18 15:41:52.463 | INFO     | src.fed_imp.sub_modules.server.base_server:run:154 - Imputation Round 5
2024-11-18 15:43:54.908 | INFO     | src.fed_imp.sub_modules.server.base_server:run:153 - ==================================================
2024-11-18 15:43:54.909 | INFO     | src.fed_imp.sub_modules.server.base_server:run:154 - Imputation Round 6
2024-11-18 15:44:00.937 | INFO     | src.fed_imp.sub_modules.server.base_server:run:153 - ==================================================
2024-11-18 15:44:00.937 | INFO     | src.fed_imp.sub_modules.server.base_server:run:154 - Imputation Round 6
2024-11-18 15:44:11.997 | INFO     | src.fed_imp.sub_modules.server.base_server:run:153 - ==================================================
2024-11-18 15:44:11.997 | INFO     | src.fed_imp.sub_modules.server.base_server:run:154 - Imputation Round 6
2024-11-18 15:44:12.909 | INFO     | src.fed_imp.sub_modules.server.base_server:run:153 - ==================================================
2024-11-18 15:44:12.909 | INFO     | src.fed_imp.sub_modules.server.base_server:run:154 - Imputation Round 6
2024-11-18 15:44:24.244 | INFO     | src.fed_imp.sub_modules.server.base_server:run:153 - ==================================================
2024-11-18 15:44:24.244 | INFO     | src.fed_imp.sub_modules.server.base_server:run:154 - Imputation Round 6
2024-11-18 15:44:38.950 | INFO     | src.fed_imp.sub_modules.server.base_server:run:153 - ==================================================
2024-11-18 15:44:38.951 | INFO     | src.fed_imp.sub_modules.server.base_server:run:154 - Imputation Round 6
2024-11-18 15:44:51.643 | INFO     | src.fed_imp.sub_modules.server.base_server:run:153 - ==================================================
2024-11-18 15:44:51.697 | INFO     | src.fed_imp.sub_modules.server.base_server:run:154 - Imputation Round 6
2024-11-18 15:44:52.248 | INFO     | src.fed_imp.sub_modules.server.base_server:run:153 - ==================================================
2024-11-18 15:44:52.252 | INFO     | src.fed_imp.sub_modules.server.base_server:run:154 - Imputation Round 6
2024-11-18 15:45:04.350 | INFO     | src.fed_imp.sub_modules.server.base_server:run:153 - ==================================================
2024-11-18 15:45:04.350 | INFO     | src.fed_imp.sub_modules.server.base_server:run:154 - Imputation Round 6
2024-11-18 15:45:46.732 | INFO     | src.fed_imp.sub_modules.server.base_server:run:153 - ==================================================
2024-11-18 15:45:46.733 | INFO     | src.fed_imp.sub_modules.server.base_server:run:154 - Imputation Round 6
2024-11-18 15:47:10.470 | INFO     | src.fed_imp.sub_modules.server.base_server:run:153 - ==================================================
2024-11-18 15:47:10.471 | INFO     | src.fed_imp.sub_modules.server.base_server:run:154 - Imputation Round 7
2024-11-18 15:47:13.335 | INFO     | src.fed_imp.sub_modules.server.base_server:run:153 - ==================================================
2024-11-18 15:47:13.336 | INFO     | src.fed_imp.sub_modules.server.base_server:run:154 - Imputation Round 7
2024-11-18 15:47:15.523 | INFO     | src.fed_imp.sub_modules.server.base_server:run:153 - ==================================================
2024-11-18 15:47:15.524 | INFO     | src.fed_imp.sub_modules.server.base_server:run:154 - Imputation Round 7
2024-11-18 15:47:26.501 | INFO     | src.fed_imp.sub_modules.server.base_server:run:153 - ==================================================
2024-11-18 15:47:26.501 | INFO     | src.fed_imp.sub_modules.server.base_server:run:154 - Imputation Round 7
2024-11-18 15:47:30.529 | INFO     | src.fed_imp.sub_modules.server.base_server:run:153 - ==================================================
2024-11-18 15:47:30.529 | INFO     | src.fed_imp.sub_modules.server.base_server:run:154 - Imputation Round 7
2024-11-18 15:47:59.230 | INFO     | src.fed_imp.sub_modules.server.base_server:run:153 - ==================================================
2024-11-18 15:47:59.231 | INFO     | src.fed_imp.sub_modules.server.base_server:run:154 - Imputation Round 7
2024-11-18 15:48:18.716 | INFO     | src.fed_imp.sub_modules.server.base_server:run:153 - ==================================================
2024-11-18 15:48:18.728 | INFO     | src.fed_imp.sub_modules.server.base_server:run:154 - Imputation Round 7
2024-11-18 15:48:19.455 | INFO     | src.fed_imp.sub_modules.server.base_server:run:153 - ==================================================
2024-11-18 15:48:19.455 | INFO     | src.fed_imp.sub_modules.server.base_server:run:154 - Imputation Round 7
2024-11-18 15:49:05.519 | INFO     | src.fed_imp.sub_modules.server.base_server:run:153 - ==================================================
2024-11-18 15:49:05.519 | INFO     | src.fed_imp.sub_modules.server.base_server:run:154 - Imputation Round 7
2024-11-18 15:49:11.066 | INFO     | src.fed_imp.sub_modules.server.base_server:run:153 - ==================================================
2024-11-18 15:49:11.066 | INFO     | src.fed_imp.sub_modules.server.base_server:run:154 - Imputation Round 7
2024-11-18 15:50:28.966 | INFO     | src.fed_imp.sub_modules.server.base_server:run:153 - ==================================================
2024-11-18 15:50:29.004 | INFO     | src.fed_imp.sub_modules.server.base_server:run:154 - Imputation Round 8
2024-11-18 15:50:30.172 | INFO     | src.fed_imp.sub_modules.server.base_server:run:153 - ==================================================
2024-11-18 15:50:30.185 | INFO     | src.fed_imp.sub_modules.server.base_server:run:154 - Imputation Round 8
2024-11-18 15:50:38.556 | INFO     | src.fed_imp.sub_modules.server.base_server:run:153 - ==================================================
2024-11-18 15:50:38.582 | INFO     | src.fed_imp.sub_modules.server.base_server:run:154 - Imputation Round 8
2024-11-18 15:50:59.616 | INFO     | src.fed_imp.sub_modules.server.base_server:run:153 - ==================================================
2024-11-18 15:50:59.616 | INFO     | src.fed_imp.sub_modules.server.base_server:run:154 - Imputation Round 8
2024-11-18 15:51:31.866 | INFO     | src.fed_imp.sub_modules.server.base_server:run:153 - ==================================================
2024-11-18 15:51:31.866 | INFO     | src.fed_imp.sub_modules.server.base_server:run:154 - Imputation Round 8
2024-11-18 15:51:38.875 | INFO     | src.fed_imp.sub_modules.server.base_server:run:153 - ==================================================
2024-11-18 15:51:38.886 | INFO     | src.fed_imp.sub_modules.server.base_server:run:154 - Imputation Round 8
2024-11-18 15:51:55.296 | INFO     | src.fed_imp.sub_modules.server.base_server:run:153 - ==================================================
2024-11-18 15:51:55.298 | INFO     | src.fed_imp.sub_modules.server.base_server:run:154 - Imputation Round 8
2024-11-18 15:51:57.228 | INFO     | src.fed_imp.sub_modules.server.base_server:run:153 - ==================================================
2024-11-18 15:51:57.228 | INFO     | src.fed_imp.sub_modules.server.base_server:run:154 - Imputation Round 8
2024-11-18 15:52:45.063 | INFO     | src.fed_imp.sub_modules.server.base_server:run:153 - ==================================================
2024-11-18 15:52:45.063 | INFO     | src.fed_imp.sub_modules.server.base_server:run:154 - Imputation Round 8
2024-11-18 15:53:18.816 | INFO     | src.fed_imp.sub_modules.server.base_server:run:153 - ==================================================
2024-11-18 15:53:18.840 | INFO     | src.fed_imp.sub_modules.server.base_server:run:154 - Imputation Round 8
2024-11-18 15:54:02.525 | INFO     | src.fed_imp.sub_modules.server.base_server:run:153 - ==================================================
2024-11-18 15:54:02.525 | INFO     | src.fed_imp.sub_modules.server.base_server:run:154 - Imputation Round 9
2024-11-18 15:54:15.606 | INFO     | src.fed_imp.sub_modules.server.base_server:run:153 - ==================================================
2024-11-18 15:54:15.635 | INFO     | src.fed_imp.sub_modules.server.base_server:run:154 - Imputation Round 9
2024-11-18 15:54:25.875 | INFO     | src.fed_imp.sub_modules.server.base_server:run:153 - ==================================================
2024-11-18 15:54:25.875 | INFO     | src.fed_imp.sub_modules.server.base_server:run:154 - Imputation Round 9
2024-11-18 15:54:27.099 | INFO     | src.fed_imp.sub_modules.server.base_server:run:153 - ==================================================
2024-11-18 15:54:27.100 | INFO     | src.fed_imp.sub_modules.server.base_server:run:154 - Imputation Round 9
2024-11-18 15:55:02.556 | INFO     | src.fed_imp.sub_modules.server.base_server:run:153 - ==================================================
2024-11-18 15:55:02.577 | INFO     | src.fed_imp.sub_modules.server.base_server:run:154 - Imputation Round 9
2024-11-18 15:55:03.541 | INFO     | src.fed_imp.sub_modules.server.base_server:run:153 - ==================================================
2024-11-18 15:55:03.541 | INFO     | src.fed_imp.sub_modules.server.base_server:run:154 - Imputation Round 9
2024-11-18 15:55:06.816 | INFO     | src.fed_imp.sub_modules.server.base_server:run:153 - ==================================================
2024-11-18 15:55:06.816 | INFO     | src.fed_imp.sub_modules.server.base_server:run:154 - Imputation Round 9
2024-11-18 15:56:05.053 | INFO     | src.fed_imp.sub_modules.server.base_server:run:153 - ==================================================
2024-11-18 15:56:05.053 | INFO     | src.fed_imp.sub_modules.server.base_server:run:154 - Imputation Round 9
2024-11-18 15:56:38.353 | INFO     | src.fed_imp.sub_modules.server.base_server:run:153 - ==================================================
2024-11-18 15:56:38.353 | INFO     | src.fed_imp.sub_modules.server.base_server:run:154 - Imputation Round 9
2024-11-18 15:56:49.853 | INFO     | src.fed_imp.sub_modules.server.base_server:run:153 - ==================================================
2024-11-18 15:56:49.860 | INFO     | src.fed_imp.sub_modules.server.base_server:run:154 - Imputation Round 9
2024-11-18 15:57:29.423 | INFO     | src.fed_imp.sub_modules.server.base_server:run:153 - ==================================================
2024-11-18 15:57:29.423 | INFO     | src.fed_imp.sub_modules.server.base_server:run:154 - Imputation Round 10
2024-11-18 15:57:33.218 | INFO     | src.fed_imp.sub_modules.server.base_server:run:153 - ==================================================
2024-11-18 15:57:33.218 | INFO     | src.fed_imp.sub_modules.server.base_server:run:154 - Imputation Round 10
2024-11-18 15:57:41.675 | INFO     | src.fed_imp.sub_modules.server.base_server:run:153 - ==================================================
2024-11-18 15:57:41.675 | INFO     | src.fed_imp.sub_modules.server.base_server:run:154 - Imputation Round 10
2024-11-18 15:57:44.024 | INFO     | src.fed_imp.sub_modules.server.base_server:run:153 - ==================================================
2024-11-18 15:57:44.024 | INFO     | src.fed_imp.sub_modules.server.base_server:run:154 - Imputation Round 10
2024-11-18 15:58:15.762 | INFO     | src.fed_imp.sub_modules.server.base_server:run:153 - ==================================================
2024-11-18 15:58:15.775 | INFO     | src.fed_imp.sub_modules.server.base_server:run:154 - Imputation Round 10
2024-11-18 15:58:24.855 | INFO     | src.fed_imp.sub_modules.server.base_server:run:153 - ==================================================
2024-11-18 15:58:24.855 | INFO     | src.fed_imp.sub_modules.server.base_server:run:154 - Imputation Round 10
2024-11-18 15:58:33.916 | INFO     | src.fed_imp.sub_modules.server.base_server:run:153 - ==================================================
2024-11-18 15:58:33.916 | INFO     | src.fed_imp.sub_modules.server.base_server:run:154 - Imputation Round 10
2024-11-18 15:59:22.186 | INFO     | src.fed_imp.sub_modules.server.base_server:run:153 - ==================================================
2024-11-18 15:59:22.186 | INFO     | src.fed_imp.sub_modules.server.base_server:run:154 - Imputation Round 10
2024-11-18 16:00:06.498 | INFO     | src.fed_imp.sub_modules.server.base_server:run:153 - ==================================================
2024-11-18 16:00:06.498 | INFO     | src.fed_imp.sub_modules.server.base_server:run:154 - Imputation Round 10
2024-11-18 16:00:49.427 | INFO     | src.fed_imp.sub_modules.server.base_server:run:153 - ==================================================
2024-11-18 16:00:49.427 | INFO     | src.fed_imp.sub_modules.server.base_server:run:154 - Imputation Round 10
2024-11-18 16:00:52.146 | INFO     | src.fed_imp.sub_modules.server.base_server:run:153 - ==================================================
2024-11-18 16:00:52.164 | INFO     | src.fed_imp.sub_modules.server.base_server:run:154 - Imputation Round 11
2024-11-18 16:00:56.556 | INFO     | src.fed_imp.sub_modules.server.base_server:run:153 - ==================================================
2024-11-18 16:00:56.559 | INFO     | src.fed_imp.sub_modules.server.base_server:run:154 - Imputation Round 11
2024-11-18 16:01:16.001 | INFO     | src.fed_imp.sub_modules.server.base_server:run:153 - ==================================================
2024-11-18 16:01:16.001 | INFO     | src.fed_imp.sub_modules.server.base_server:run:154 - Imputation Round 11
2024-11-18 16:01:19.041 | INFO     | src.fed_imp.sub_modules.server.base_server:run:153 - ==================================================
2024-11-18 16:01:19.041 | INFO     | src.fed_imp.sub_modules.server.base_server:run:154 - Imputation Round 11
2024-11-18 16:02:04.159 | INFO     | src.fed_imp.sub_modules.server.base_server:run:153 - ==================================================
2024-11-18 16:02:04.160 | INFO     | src.fed_imp.sub_modules.server.base_server:run:154 - Imputation Round 11
2024-11-18 16:02:11.139 | INFO     | src.fed_imp.sub_modules.server.base_server:run:153 - ==================================================
2024-11-18 16:02:11.144 | INFO     | src.fed_imp.sub_modules.server.base_server:run:154 - Imputation Round 11
2024-11-18 16:02:12.589 | INFO     | src.fed_imp.sub_modules.server.base_server:run:153 - ==================================================
2024-11-18 16:02:12.590 | INFO     | src.fed_imp.sub_modules.server.base_server:run:154 - Imputation Round 11
2024-11-18 16:02:53.453 | INFO     | src.fed_imp.sub_modules.server.base_server:run:153 - ==================================================
2024-11-18 16:02:53.453 | INFO     | src.fed_imp.sub_modules.server.base_server:run:154 - Imputation Round 11
2024-11-18 16:03:51.103 | INFO     | src.fed_imp.sub_modules.server.base_server:run:153 - ==================================================
2024-11-18 16:03:51.104 | INFO     | src.fed_imp.sub_modules.server.base_server:run:154 - Imputation Round 11
2024-11-18 16:04:16.555 | INFO     | src.fed_imp.sub_modules.server.base_server:run:153 - ==================================================
2024-11-18 16:04:16.555 | INFO     | src.fed_imp.sub_modules.server.base_server:run:154 - Imputation Round 11
2024-11-18 16:04:23.265 | INFO     | src.fed_imp.sub_modules.server.base_server:run:153 - ==================================================
2024-11-18 16:04:23.265 | INFO     | src.fed_imp.sub_modules.server.base_server:run:154 - Imputation Round 12
2024-11-18 16:04:38.816 | INFO     | src.fed_imp.sub_modules.server.base_server:run:153 - ==================================================
2024-11-18 16:04:38.816 | INFO     | src.fed_imp.sub_modules.server.base_server:run:154 - Imputation Round 12
2024-11-18 16:05:08.199 | INFO     | src.fed_imp.sub_modules.server.base_server:run:153 - ==================================================
2024-11-18 16:05:08.199 | INFO     | src.fed_imp.sub_modules.server.base_server:run:154 - Imputation Round 12
2024-11-18 16:05:12.094 | INFO     | src.fed_imp.sub_modules.server.base_server:run:153 - ==================================================
2024-11-18 16:05:12.095 | INFO     | src.fed_imp.sub_modules.server.base_server:run:154 - Imputation Round 12
2024-11-18 16:05:25.145 | INFO     | src.fed_imp.sub_modules.server.base_server:run:153 - ==================================================
2024-11-18 16:05:25.145 | INFO     | src.fed_imp.sub_modules.server.base_server:run:154 - Imputation Round 12
2024-11-18 16:05:26.846 | INFO     | src.fed_imp.sub_modules.server.base_server:run:153 - ==================================================
2024-11-18 16:05:26.846 | INFO     | src.fed_imp.sub_modules.server.base_server:run:154 - Imputation Round 12
2024-11-18 16:05:32.138 | INFO     | src.fed_imp.sub_modules.server.base_server:run:153 - ==================================================
2024-11-18 16:05:32.139 | INFO     | src.fed_imp.sub_modules.server.base_server:run:154 - Imputation Round 12
2024-11-18 16:05:58.707 | INFO     | src.fed_imp.sub_modules.server.base_server:run:153 - ==================================================
2024-11-18 16:05:58.707 | INFO     | src.fed_imp.sub_modules.server.base_server:run:154 - Imputation Round 12
2024-11-18 16:07:55.083 | INFO     | src.fed_imp.sub_modules.server.base_server:run:153 - ==================================================
2024-11-18 16:07:55.083 | INFO     | src.fed_imp.sub_modules.server.base_server:run:154 - Imputation Round 12
2024-11-18 16:07:56.940 | INFO     | src.fed_imp.sub_modules.server.base_server:run:153 - ==================================================
2024-11-18 16:07:56.940 | INFO     | src.fed_imp.sub_modules.server.base_server:run:154 - Imputation Round 13
2024-11-18 16:07:58.412 | INFO     | src.fed_imp.sub_modules.server.base_server:run:153 - ==================================================
2024-11-18 16:07:58.413 | INFO     | src.fed_imp.sub_modules.server.base_server:run:154 - Imputation Round 13
2024-11-18 16:08:01.371 | INFO     | src.fed_imp.sub_modules.server.base_server:run:153 - ==================================================
2024-11-18 16:08:01.371 | INFO     | src.fed_imp.sub_modules.server.base_server:run:154 - Imputation Round 12
2024-11-18 16:08:09.505 | INFO     | src.fed_imp.sub_modules.server.base_server:run:153 - ==================================================
2024-11-18 16:08:09.538 | INFO     | src.fed_imp.sub_modules.server.base_server:run:154 - Imputation Round 13
2024-11-18 16:08:17.865 | INFO     | src.fed_imp.sub_modules.server.base_server:run:153 - ==================================================
2024-11-18 16:08:17.865 | INFO     | src.fed_imp.sub_modules.server.base_server:run:154 - Imputation Round 13
2024-11-18 16:08:42.271 | INFO     | src.fed_imp.sub_modules.server.base_server:run:153 - ==================================================
2024-11-18 16:08:42.271 | INFO     | src.fed_imp.sub_modules.server.base_server:run:154 - Imputation Round 13
2024-11-18 16:08:43.460 | INFO     | src.fed_imp.sub_modules.server.base_server:run:153 - ==================================================
2024-11-18 16:08:43.461 | INFO     | src.fed_imp.sub_modules.server.base_server:run:154 - Imputation Round 13
2024-11-18 16:09:08.200 | INFO     | src.fed_imp.sub_modules.server.base_server:run:153 - ==================================================
2024-11-18 16:09:08.200 | INFO     | src.fed_imp.sub_modules.server.base_server:run:154 - Imputation Round 13
2024-11-18 16:09:21.640 | INFO     | src.fed_imp.sub_modules.server.base_server:run:153 - ==================================================
2024-11-18 16:09:21.640 | INFO     | src.fed_imp.sub_modules.server.base_server:run:154 - Imputation Round 13
2024-11-18 16:10:35.864 | INFO     | src.fed_imp.sub_modules.server.base_server:run:153 - ==================================================
2024-11-18 16:10:35.864 | INFO     | src.fed_imp.sub_modules.server.base_server:run:154 - Imputation Round 13
2024-11-18 16:11:22.945 | INFO     | src.fed_imp.sub_modules.server.base_server:run:153 - ==================================================
2024-11-18 16:11:22.945 | INFO     | src.fed_imp.sub_modules.server.base_server:run:154 - Imputation Round 14
2024-11-18 16:11:34.515 | INFO     | src.fed_imp.sub_modules.server.base_server:run:153 - ==================================================
2024-11-18 16:11:34.516 | INFO     | src.fed_imp.sub_modules.server.base_server:run:154 - Imputation Round 14
2024-11-18 16:11:42.165 | INFO     | src.fed_imp.sub_modules.server.base_server:run:153 - ==================================================
2024-11-18 16:11:42.165 | INFO     | src.fed_imp.sub_modules.server.base_server:run:154 - Imputation Round 14
2024-11-18 16:11:45.375 | INFO     | src.fed_imp.sub_modules.server.base_server:run:153 - ==================================================
2024-11-18 16:11:45.375 | INFO     | src.fed_imp.sub_modules.server.base_server:run:154 - Imputation Round 14
2024-11-18 16:11:45.481 | INFO     | src.fed_imp.sub_modules.server.base_server:run:153 - ==================================================
2024-11-18 16:11:45.481 | INFO     | src.fed_imp.sub_modules.server.base_server:run:154 - Imputation Round 13
2024-11-18 16:11:49.768 | INFO     | src.fed_imp.sub_modules.server.base_server:run:153 - ==================================================
2024-11-18 16:11:49.768 | INFO     | src.fed_imp.sub_modules.server.base_server:run:154 - Imputation Round 14
2024-11-18 16:12:07.044 | INFO     | src.fed_imp.sub_modules.server.base_server:run:153 - ==================================================
2024-11-18 16:12:07.044 | INFO     | src.fed_imp.sub_modules.server.base_server:run:154 - Imputation Round 14
2024-11-18 16:12:28.100 | INFO     | src.fed_imp.sub_modules.server.base_server:run:153 - ==================================================
2024-11-18 16:12:28.101 | INFO     | src.fed_imp.sub_modules.server.base_server:run:154 - Imputation Round 14
2024-11-18 16:12:59.292 | INFO     | src.fed_imp.sub_modules.server.base_server:run:153 - ==================================================
2024-11-18 16:12:59.292 | INFO     | src.fed_imp.sub_modules.server.base_server:run:154 - Imputation Round 14
2024-11-18 16:14:36.194 | INFO     | src.fed_imp.sub_modules.server.base_server:run:153 - ==================================================
2024-11-18 16:14:36.194 | INFO     | src.fed_imp.sub_modules.server.base_server:run:154 - Imputation Round 14
2024-11-18 16:14:40.913 | INFO     | src.fed_imp.sub_modules.server.base_server:run:153 - ==================================================
2024-11-18 16:14:40.913 | INFO     | src.fed_imp.sub_modules.server.base_server:run:154 - Imputation Round 15
2024-11-18 16:14:48.631 | INFO     | src.fed_imp.sub_modules.server.base_server:run:153 - ==================================================
2024-11-18 16:14:48.632 | INFO     | src.fed_imp.sub_modules.server.base_server:run:154 - Imputation Round 15
2024-11-18 16:15:01.733 | INFO     | src.fed_imp.sub_modules.server.base_server:run:153 - ==================================================
2024-11-18 16:15:01.751 | INFO     | src.fed_imp.sub_modules.server.base_server:run:154 - Imputation Round 15
2024-11-18 16:15:11.913 | INFO     | src.fed_imp.sub_modules.server.base_server:run:153 - ==================================================
2024-11-18 16:15:11.913 | INFO     | src.fed_imp.sub_modules.server.base_server:run:154 - Imputation Round 14
2024-11-18 16:15:12.102 | INFO     | src.fed_imp.sub_modules.server.base_server:run:153 - ==================================================
2024-11-18 16:15:12.103 | INFO     | src.fed_imp.sub_modules.server.base_server:run:154 - Imputation Round 15
2024-11-18 16:15:26.544 | INFO     | src.fed_imp.sub_modules.server.base_server:run:153 - ==================================================
2024-11-18 16:15:26.544 | INFO     | src.fed_imp.sub_modules.server.base_server:run:154 - Imputation Round 15
2024-11-18 16:15:49.577 | INFO     | src.fed_imp.sub_modules.server.base_server:run:153 - ==================================================
2024-11-18 16:15:49.580 | INFO     | src.fed_imp.sub_modules.server.base_server:run:154 - Imputation Round 15
2024-11-18 16:16:37.844 | INFO     | src.fed_imp.sub_modules.server.base_server:run:153 - ==================================================
2024-11-18 16:16:37.845 | INFO     | src.fed_imp.sub_modules.server.base_server:run:154 - Imputation Round 15
2024-11-18 16:16:43.033 | INFO     | src.fed_imp.sub_modules.server.base_server:run:153 - ==================================================
2024-11-18 16:16:43.033 | INFO     | src.fed_imp.sub_modules.server.base_server:run:154 - Imputation Round 15
2024-11-18 16:18:03.951 | INFO     | src.fed_imp.sub_modules.server.base_server:run:153 - ==================================================
2024-11-18 16:18:03.951 | INFO     | src.fed_imp.sub_modules.server.base_server:run:154 - Imputation Round 15
2024-11-18 16:18:06.627 | INFO     | src.fed_imp.sub_modules.server.base_server:run:153 - ==================================================
2024-11-18 16:18:06.627 | INFO     | src.fed_imp.sub_modules.server.base_server:run:154 - Imputation Round 16
2024-11-18 16:18:14.213 | INFO     | src.fed_imp.sub_modules.server.base_server:run:153 - ==================================================
2024-11-18 16:18:14.214 | INFO     | src.fed_imp.sub_modules.server.base_server:run:154 - Imputation Round 16
2024-11-18 16:18:27.332 | INFO     | src.fed_imp.sub_modules.server.base_server:run:153 - ==================================================
2024-11-18 16:18:27.332 | INFO     | src.fed_imp.sub_modules.server.base_server:run:154 - Imputation Round 16
2024-11-18 16:18:27.494 | INFO     | src.fed_imp.sub_modules.server.base_server:run:153 - ==================================================
2024-11-18 16:18:27.495 | INFO     | src.fed_imp.sub_modules.server.base_server:run:154 - Imputation Round 16
2024-11-18 16:18:38.244 | INFO     | src.fed_imp.sub_modules.server.base_server:run:153 - ==================================================
2024-11-18 16:18:38.245 | INFO     | src.fed_imp.sub_modules.server.base_server:run:154 - Imputation Round 16
2024-11-18 16:18:40.253 | INFO     | src.fed_imp.sub_modules.server.base_server:run:153 - ==================================================
2024-11-18 16:18:40.253 | INFO     | src.fed_imp.sub_modules.server.base_server:run:154 - Imputation Round 15
2024-11-18 16:19:06.766 | INFO     | src.fed_imp.sub_modules.server.base_server:run:153 - ==================================================
2024-11-18 16:19:06.779 | INFO     | src.fed_imp.sub_modules.server.base_server:run:154 - Imputation Round 16
2024-11-18 16:20:28.925 | INFO     | src.fed_imp.sub_modules.server.base_server:run:153 - ==================================================
2024-11-18 16:20:28.925 | INFO     | src.fed_imp.sub_modules.server.base_server:run:154 - Imputation Round 16
2024-11-18 16:21:01.533 | INFO     | src.fed_imp.sub_modules.server.base_server:run:153 - ==================================================
2024-11-18 16:21:01.533 | INFO     | src.fed_imp.sub_modules.server.base_server:run:154 - Imputation Round 16
2024-11-18 16:21:05.427 | INFO     | src.fed_imp.sub_modules.server.base_server:run:153 - ==================================================
2024-11-18 16:21:05.427 | INFO     | src.fed_imp.sub_modules.server.base_server:run:154 - Imputation Round 16
2024-11-18 16:21:30.554 | INFO     | src.fed_imp.sub_modules.server.base_server:run:153 - ==================================================
2024-11-18 16:21:30.577 | INFO     | src.fed_imp.sub_modules.server.base_server:run:154 - Imputation Round 17
2024-11-18 16:21:36.243 | INFO     | src.fed_imp.sub_modules.server.base_server:run:153 - ==================================================
2024-11-18 16:21:36.243 | INFO     | src.fed_imp.sub_modules.server.base_server:run:154 - Imputation Round 17
2024-11-18 16:21:41.330 | INFO     | src.fed_imp.sub_modules.server.base_server:run:153 - ==================================================
2024-11-18 16:21:41.331 | INFO     | src.fed_imp.sub_modules.server.base_server:run:154 - Imputation Round 17
2024-11-18 16:21:45.496 | INFO     | src.fed_imp.sub_modules.server.base_server:run:153 - ==================================================
2024-11-18 16:21:45.496 | INFO     | src.fed_imp.sub_modules.server.base_server:run:154 - Imputation Round 17
2024-11-18 16:22:04.093 | INFO     | src.fed_imp.sub_modules.server.base_server:run:153 - ==================================================
2024-11-18 16:22:04.093 | INFO     | src.fed_imp.sub_modules.server.base_server:run:154 - Imputation Round 17
2024-11-18 16:22:06.854 | INFO     | src.fed_imp.sub_modules.server.base_server:run:153 - ==================================================
2024-11-18 16:22:06.854 | INFO     | src.fed_imp.sub_modules.server.base_server:run:154 - Imputation Round 16
2024-11-18 16:22:14.245 | INFO     | src.fed_imp.sub_modules.server.base_server:run:153 - ==================================================
2024-11-18 16:22:14.245 | INFO     | src.fed_imp.sub_modules.server.base_server:run:154 - Imputation Round 17
2024-11-18 16:23:50.338 | INFO     | src.fed_imp.sub_modules.server.base_server:run:153 - ==================================================
2024-11-18 16:23:50.338 | INFO     | src.fed_imp.sub_modules.server.base_server:run:154 - Imputation Round 17
2024-11-18 16:24:28.179 | INFO     | src.fed_imp.sub_modules.server.base_server:run:153 - ==================================================
2024-11-18 16:24:28.179 | INFO     | src.fed_imp.sub_modules.server.base_server:run:154 - Imputation Round 17
2024-11-18 16:24:40.333 | INFO     | src.fed_imp.sub_modules.server.base_server:run:153 - ==================================================
2024-11-18 16:24:40.333 | INFO     | src.fed_imp.sub_modules.server.base_server:run:154 - Imputation Round 18
2024-11-18 16:24:41.445 | INFO     | src.fed_imp.sub_modules.server.base_server:run:153 - ==================================================
2024-11-18 16:24:41.446 | INFO     | src.fed_imp.sub_modules.server.base_server:run:154 - Imputation Round 17
2024-11-18 16:25:08.205 | INFO     | src.fed_imp.sub_modules.server.base_server:run:153 - ==================================================
2024-11-18 16:25:08.206 | INFO     | src.fed_imp.sub_modules.server.base_server:run:154 - Imputation Round 18
2024-11-18 16:25:16.767 | INFO     | src.fed_imp.sub_modules.server.base_server:run:153 - ==================================================
2024-11-18 16:25:16.767 | INFO     | src.fed_imp.sub_modules.server.base_server:run:154 - Imputation Round 18
2024-11-18 16:25:17.153 | INFO     | src.fed_imp.sub_modules.server.base_server:run:153 - ==================================================
2024-11-18 16:25:17.153 | INFO     | src.fed_imp.sub_modules.server.base_server:run:154 - Imputation Round 17
2024-11-18 16:25:34.330 | INFO     | src.fed_imp.sub_modules.server.base_server:run:153 - ==================================================
2024-11-18 16:25:34.330 | INFO     | src.fed_imp.sub_modules.server.base_server:run:154 - Imputation Round 18
2024-11-18 16:25:40.753 | INFO     | src.fed_imp.sub_modules.server.base_server:run:153 - ==================================================
2024-11-18 16:25:40.753 | INFO     | src.fed_imp.sub_modules.server.base_server:run:154 - Imputation Round 18
2024-11-18 16:25:49.989 | INFO     | src.fed_imp.sub_modules.server.base_server:run:153 - ==================================================
2024-11-18 16:25:49.989 | INFO     | src.fed_imp.sub_modules.server.base_server:run:154 - Imputation Round 18
2024-11-18 16:27:14.439 | INFO     | src.fed_imp.sub_modules.server.base_server:run:153 - ==================================================
2024-11-18 16:27:14.440 | INFO     | src.fed_imp.sub_modules.server.base_server:run:154 - Imputation Round 18
2024-11-18 16:27:53.650 | INFO     | src.fed_imp.sub_modules.server.base_server:run:153 - ==================================================
2024-11-18 16:27:53.663 | INFO     | src.fed_imp.sub_modules.server.base_server:run:154 - Imputation Round 19
2024-11-18 16:28:16.660 | INFO     | src.fed_imp.sub_modules.server.base_server:run:153 - ==================================================
2024-11-18 16:28:16.660 | INFO     | src.fed_imp.sub_modules.server.base_server:run:154 - Imputation Round 18
2024-11-18 16:28:20.685 | INFO     | src.fed_imp.sub_modules.server.base_server:run:153 - ==================================================
2024-11-18 16:28:20.686 | INFO     | src.fed_imp.sub_modules.server.base_server:run:154 - Imputation Round 19
2024-11-18 16:28:26.868 | INFO     | src.fed_imp.sub_modules.server.base_server:run:153 - ==================================================
2024-11-18 16:28:26.868 | INFO     | src.fed_imp.sub_modules.server.base_server:run:154 - Imputation Round 19
2024-11-18 16:28:36.845 | INFO     | src.fed_imp.sub_modules.server.base_server:run:153 - ==================================================
2024-11-18 16:28:36.845 | INFO     | src.fed_imp.sub_modules.server.base_server:run:154 - Imputation Round 18
2024-11-18 16:28:43.678 | INFO     | src.fed_imp.sub_modules.server.base_server:run:153 - ==================================================
2024-11-18 16:28:43.679 | INFO     | src.fed_imp.sub_modules.server.base_server:run:154 - Imputation Round 18
2024-11-18 16:28:48.890 | INFO     | src.fed_imp.sub_modules.server.base_server:run:153 - ==================================================
2024-11-18 16:28:48.890 | INFO     | src.fed_imp.sub_modules.server.base_server:run:154 - Imputation Round 19
2024-11-18 16:29:24.451 | INFO     | src.fed_imp.sub_modules.server.base_server:run:153 - ==================================================
2024-11-18 16:29:24.477 | INFO     | src.fed_imp.sub_modules.server.base_server:run:154 - Imputation Round 19
2024-11-18 16:29:37.159 | INFO     | src.fed_imp.sub_modules.server.base_server:run:153 - ==================================================
2024-11-18 16:29:37.159 | INFO     | src.fed_imp.sub_modules.server.base_server:run:154 - Imputation Round 19
2024-11-18 16:30:14.654 | INFO     | src.fed_imp.sub_modules.server.base_server:run:153 - ==================================================
2024-11-18 16:30:14.655 | INFO     | src.fed_imp.sub_modules.server.base_server:run:154 - Imputation Round 19
2024-11-18 16:31:24.180 | INFO     | src.fed_imp.sub_modules.server.base_server:run:153 - ==================================================
2024-11-18 16:31:24.180 | INFO     | src.fed_imp.sub_modules.server.base_server:run:154 - Imputation Round 20
2024-11-18 16:31:46.061 | INFO     | src.fed_imp.sub_modules.server.base_server:run:153 - ==================================================
2024-11-18 16:31:46.061 | INFO     | src.fed_imp.sub_modules.server.base_server:run:154 - Imputation Round 19
2024-11-18 16:31:46.601 | INFO     | src.fed_imp.sub_modules.server.base_server:run:153 - ==================================================
2024-11-18 16:31:46.601 | INFO     | src.fed_imp.sub_modules.server.base_server:run:154 - Imputation Round 19
2024-11-18 16:31:48.970 | INFO     | src.fed_imp.sub_modules.server.base_server:run:153 - ==================================================
2024-11-18 16:31:48.971 | INFO     | src.fed_imp.sub_modules.server.base_server:run:154 - Imputation Round 20
2024-11-18 16:31:53.939 | INFO     | src.fed_imp.sub_modules.server.base_server:run:153 - ==================================================
2024-11-18 16:31:53.940 | INFO     | src.fed_imp.sub_modules.server.base_server:run:154 - Imputation Round 20
2024-11-18 16:32:08.592 | INFO     | src.fed_imp.sub_modules.server.base_server:run:153 - ==================================================
2024-11-18 16:32:08.592 | INFO     | src.fed_imp.sub_modules.server.base_server:run:154 - Imputation Round 20
2024-11-18 16:32:25.539 | INFO     | src.fed_imp.sub_modules.server.base_server:run:153 - ==================================================
2024-11-18 16:32:25.539 | INFO     | src.fed_imp.sub_modules.server.base_server:run:154 - Imputation Round 19
2024-11-18 16:33:03.293 | INFO     | src.fed_imp.sub_modules.server.base_server:run:153 - ==================================================
2024-11-18 16:33:03.293 | INFO     | src.fed_imp.sub_modules.server.base_server:run:154 - Imputation Round 20
2024-11-18 16:33:12.261 | INFO     | src.fed_imp.sub_modules.server.base_server:run:153 - ==================================================
2024-11-18 16:33:12.261 | INFO     | src.fed_imp.sub_modules.server.base_server:run:154 - Imputation Round 20
2024-11-18 16:34:10.671 | INFO     | src.fed_imp.sub_modules.server.base_server:run:153 - ==================================================
2024-11-18 16:34:10.671 | INFO     | src.fed_imp.sub_modules.server.base_server:run:154 - Imputation Round 20
2024-11-18 16:35:00.934 | INFO     | src.fed_imp.sub_modules.server.base_server:run:183 - FL finished in 4076.5680625871755
2024-11-18 16:35:07.436 | INFO     | src.fed_imp.sub_modules.server.base_server:run:183 - FL finished in 4082.997264567297
2024-11-18 16:35:07.568 | INFO     | src.fed_imp.sub_modules.server.base_server:run:153 - ==================================================
2024-11-18 16:35:07.568 | INFO     | src.fed_imp.sub_modules.server.base_server:run:154 - Imputation Round 20
2024-11-18 16:35:09.554 | INFO     | src.fed_imp.sub_modules.server.base_server:run:153 - ==================================================
2024-11-18 16:35:09.554 | INFO     | src.fed_imp.sub_modules.server.base_server:run:154 - Imputation Round 20
2024-11-18 16:35:14.151 | INFO     | src.fed_imp.sub_modules.server.base_server:run:153 - ==================================================
2024-11-18 16:35:14.152 | INFO     | src.fed_imp.sub_modules.server.base_server:run:154 - Imputation Round 20
2024-11-18 16:35:21.699 | INFO     | src.fed_imp.sub_modules.server.base_server:run:183 - FL finished in 4097.3937027291395
2024-11-18 16:35:34.811 | INFO     | src.fed_imp.sub_modules.server.base_server:run:183 - FL finished in 4110.634253258351
2024-11-18 16:36:16.912 | INFO     | src.fed_imp.sub_modules.server.base_server:run:183 - FL finished in 4152.701827717014
2024-11-18 16:36:28.823 | INFO     | src.fed_imp.sub_modules.server.base_server:run:183 - FL finished in 4164.675470781047
2024-11-18 16:36:55.212 | INFO     | src.fed_imp.sub_modules.server.base_server:run:183 - FL finished in 4190.944728025235
2024-11-18 16:37:11.819 | INFO     | src.fed_imp.sub_modules.server.base_server:run:183 - FL finished in 4207.700970381964
2024-11-18 16:37:13.500 | INFO     | src.fed_imp.sub_modules.server.base_server:run:183 - FL finished in 4209.258605374023
2024-11-18 16:37:14.213 | INFO     | src.fed_imp.sub_modules.server.base_server:run:183 - FL finished in 4210.112332602963
natural {}
Adding missing to client 0 ...
Adding missing to client 1 ...
Adding missing to client 2 ...
Adding missing to client 3 ...
Adding missing to client 4 ...
Adding missing to client 5 ...
Adding missing to client 6 ...
Adding missing to client 7 ...
Adding missing to client 8 ...
Adding missing to client 9 ...
Adding missing to client 10 ...
Adding missing to client 11 ...
Adding missing to client 12 ...
Adding missing to client 13 ...
Adding missing to client 14 ...
Adding missing to client 15 ...
Adding missing to client 16 ...
Adding missing to client 17 ...
Adding missing to client 18 ...
Adding missing to client 19 ...
Adding missing to client 20 ...
Adding missing to client 21 ...
Adding missing to client 22 ...
client: 0 dup rate: 0.0
client: 1 dup rate: 0.0
client: 2 dup rate: 0.0
client: 3 dup rate: 0.0
client: 4 dup rate: 0.0
client: 5 dup rate: 0.030563514804202496
client: 6 dup rate: 0.0
client: 7 dup rate: 0.0
client: 8 dup rate: 0.0
client: 9 dup rate: 0.0
client: 10 dup rate: 0.0
client: 11 dup rate: 0.0
client: 12 dup rate: 0.0
client: 13 dup rate: 0.0
client: 14 dup rate: 0.0
client: 15 dup rate: 0.0
client: 16 dup rate: 0.0
client: 17 dup rate: 0.0
client: 18 dup rate: 0.0
client: 19 dup rate: 0.0
client: 20 dup rate: 0.0
client: 21 dup rate: 0.0
client: 22 dup rate: 0.0
Used default params: {'client_thres': 1.0, 'alpha': 0.95, 'gamma': 0.02, 'scale_factor': 4}
natural {}
Adding missing to client 0 ...
Adding missing to client 1 ...
Adding missing to client 2 ...
Adding missing to client 3 ...
Adding missing to client 4 ...
Adding missing to client 5 ...
Adding missing to client 6 ...
Adding missing to client 7 ...
Adding missing to client 8 ...
Adding missing to client 9 ...
Adding missing to client 10 ...
Adding missing to client 11 ...
Adding missing to client 12 ...
Adding missing to client 13 ...
Adding missing to client 14 ...
Adding missing to client 15 ...
Adding missing to client 16 ...
Adding missing to client 17 ...
Adding missing to client 18 ...
Adding missing to client 19 ...
Adding missing to client 20 ...
Adding missing to client 21 ...
Adding missing to client 22 ...
client: 0 dup rate: 0.0
client: 1 dup rate: 0.0
client: 2 dup rate: 0.0
client: 3 dup rate: 0.0
client: 4 dup rate: 0.0
client: 5 dup rate: 0.030563514804202496
client: 6 dup rate: 0.0
client: 7 dup rate: 0.0
client: 8 dup rate: 0.0
client: 9 dup rate: 0.0
client: 10 dup rate: 0.0
client: 11 dup rate: 0.0
client: 12 dup rate: 0.0
client: 13 dup rate: 0.0
client: 14 dup rate: 0.0
client: 15 dup rate: 0.0
client: 16 dup rate: 0.0
client: 17 dup rate: 0.0
client: 18 dup rate: 0.0
client: 19 dup rate: 0.0
client: 20 dup rate: 0.0
client: 21 dup rate: 0.0
client: 22 dup rate: 0.0
Used default params: {'client_thres': 1.0, 'alpha': 0.95, 'gamma': 0.02, 'scale_factor': 4}
natural {}
Adding missing to client 0 ...
Adding missing to client 1 ...
Adding missing to client 2 ...
Adding missing to client 3 ...
Adding missing to client 4 ...
Adding missing to client 5 ...
Adding missing to client 6 ...
Adding missing to client 7 ...
Adding missing to client 8 ...
Adding missing to client 9 ...
Adding missing to client 10 ...
Adding missing to client 11 ...
Adding missing to client 12 ...
Adding missing to client 13 ...
Adding missing to client 14 ...
Adding missing to client 15 ...
Adding missing to client 16 ...
Adding missing to client 17 ...
Adding missing to client 18 ...
Adding missing to client 19 ...
Adding missing to client 20 ...
Adding missing to client 21 ...
Adding missing to client 22 ...
client: 0 dup rate: 0.0
client: 1 dup rate: 0.0
client: 2 dup rate: 0.0
client: 3 dup rate: 0.0
client: 4 dup rate: 0.0
client: 5 dup rate: 0.030563514804202496
client: 6 dup rate: 0.0
client: 7 dup rate: 0.0
client: 8 dup rate: 0.0
client: 9 dup rate: 0.0
client: 10 dup rate: 0.0
client: 11 dup rate: 0.0
client: 12 dup rate: 0.0
client: 13 dup rate: 0.0
client: 14 dup rate: 0.0
client: 15 dup rate: 0.0
client: 16 dup rate: 0.0
client: 17 dup rate: 0.0
client: 18 dup rate: 0.0
client: 19 dup rate: 0.0
client: 20 dup rate: 0.0
client: 21 dup rate: 0.0
client: 22 dup rate: 0.0
Used default params: {'client_thres': 1.0, 'alpha': 0.95, 'gamma': 0.02, 'scale_factor': 4}
natural {}
Adding missing to client 0 ...
Adding missing to client 1 ...
Adding missing to client 2 ...
Adding missing to client 3 ...
Adding missing to client 4 ...
Adding missing to client 5 ...
Adding missing to client 6 ...
Adding missing to client 7 ...
Adding missing to client 8 ...
Adding missing to client 9 ...
Adding missing to client 10 ...
Adding missing to client 11 ...
Adding missing to client 12 ...
Adding missing to client 13 ...
Adding missing to client 14 ...
Adding missing to client 15 ...
Adding missing to client 16 ...
Adding missing to client 17 ...
Adding missing to client 18 ...
Adding missing to client 19 ...
Adding missing to client 20 ...
Adding missing to client 21 ...
Adding missing to client 22 ...
client: 0 dup rate: 0.0
client: 1 dup rate: 0.0
client: 2 dup rate: 0.0
client: 3 dup rate: 0.0
client: 4 dup rate: 0.0
client: 5 dup rate: 0.030563514804202496
client: 6 dup rate: 0.0
client: 7 dup rate: 0.0
client: 8 dup rate: 0.0
client: 9 dup rate: 0.0
client: 10 dup rate: 0.0
client: 11 dup rate: 0.0
client: 12 dup rate: 0.0
client: 13 dup rate: 0.0
client: 14 dup rate: 0.0
client: 15 dup rate: 0.0
client: 16 dup rate: 0.0
client: 17 dup rate: 0.0
client: 18 dup rate: 0.0
client: 19 dup rate: 0.0
client: 20 dup rate: 0.0
client: 21 dup rate: 0.0
client: 22 dup rate: 0.0
Used default params: {'client_thres': 1.0, 'alpha': 0.95, 'gamma': 0.02, 'scale_factor': 4}
natural {}
Adding missing to client 0 ...
Adding missing to client 1 ...
Adding missing to client 2 ...
Adding missing to client 3 ...
Adding missing to client 4 ...
Adding missing to client 5 ...
Adding missing to client 6 ...
Adding missing to client 7 ...
Adding missing to client 8 ...
Adding missing to client 9 ...
Adding missing to client 10 ...
Adding missing to client 11 ...
Adding missing to client 12 ...
Adding missing to client 13 ...
Adding missing to client 14 ...
Adding missing to client 15 ...
Adding missing to client 16 ...
Adding missing to client 17 ...
Adding missing to client 18 ...
Adding missing to client 19 ...
Adding missing to client 20 ...
Adding missing to client 21 ...
Adding missing to client 22 ...
client: 0 dup rate: 0.0
client: 1 dup rate: 0.0
client: 2 dup rate: 0.0
client: 3 dup rate: 0.0
client: 4 dup rate: 0.0
client: 5 dup rate: 0.030563514804202496
client: 6 dup rate: 0.0
client: 7 dup rate: 0.0
client: 8 dup rate: 0.0
client: 9 dup rate: 0.0
client: 10 dup rate: 0.0
client: 11 dup rate: 0.0
client: 12 dup rate: 0.0
client: 13 dup rate: 0.0
client: 14 dup rate: 0.0
client: 15 dup rate: 0.0
client: 16 dup rate: 0.0
client: 17 dup rate: 0.0
client: 18 dup rate: 0.0
client: 19 dup rate: 0.0
client: 20 dup rate: 0.0
client: 21 dup rate: 0.0
client: 22 dup rate: 0.0
Used default params: {'client_thres': 1.0, 'alpha': 0.95, 'gamma': 0.02, 'scale_factor': 4}
natural {}
Adding missing to client 0 ...
Adding missing to client 1 ...
Adding missing to client 2 ...
Adding missing to client 3 ...
Adding missing to client 4 ...
Adding missing to client 5 ...
Adding missing to client 6 ...
Adding missing to client 7 ...
Adding missing to client 8 ...
Adding missing to client 9 ...
Adding missing to client 10 ...
Adding missing to client 11 ...
Adding missing to client 12 ...
Adding missing to client 13 ...
Adding missing to client 14 ...
Adding missing to client 15 ...
Adding missing to client 16 ...
Adding missing to client 17 ...
Adding missing to client 18 ...
Adding missing to client 19 ...
Adding missing to client 20 ...
Adding missing to client 21 ...
Adding missing to client 22 ...
client: 0 dup rate: 0.0
client: 1 dup rate: 0.0
client: 2 dup rate: 0.0
client: 3 dup rate: 0.0
client: 4 dup rate: 0.0
client: 5 dup rate: 0.030563514804202496
client: 6 dup rate: 0.0
client: 7 dup rate: 0.0
client: 8 dup rate: 0.0
client: 9 dup rate: 0.0
client: 10 dup rate: 0.0
client: 11 dup rate: 0.0
client: 12 dup rate: 0.0
client: 13 dup rate: 0.0
client: 14 dup rate: 0.0
client: 15 dup rate: 0.0
client: 16 dup rate: 0.0
client: 17 dup rate: 0.0
client: 18 dup rate: 0.0
client: 19 dup rate: 0.0
client: 20 dup rate: 0.0
client: 21 dup rate: 0.0
client: 22 dup rate: 0.0
Used default params: {'client_thres': 1.0, 'alpha': 0.95, 'gamma': 0.02, 'scale_factor': 4}
natural {}
Adding missing to client 0 ...
Adding missing to client 1 ...
Adding missing to client 2 ...
Adding missing to client 3 ...
Adding missing to client 4 ...
Adding missing to client 5 ...
Adding missing to client 6 ...
Adding missing to client 7 ...
Adding missing to client 8 ...
Adding missing to client 9 ...
Adding missing to client 10 ...
Adding missing to client 11 ...
Adding missing to client 12 ...
Adding missing to client 13 ...
Adding missing to client 14 ...
Adding missing to client 15 ...
Adding missing to client 16 ...
Adding missing to client 17 ...
Adding missing to client 18 ...
Adding missing to client 19 ...
Adding missing to client 20 ...
Adding missing to client 21 ...
Adding missing to client 22 ...
client: 0 dup rate: 0.0
client: 1 dup rate: 0.0
client: 2 dup rate: 0.0
client: 3 dup rate: 0.0
client: 4 dup rate: 0.0
client: 5 dup rate: 0.030563514804202496
client: 6 dup rate: 0.0
client: 7 dup rate: 0.0
client: 8 dup rate: 0.0
client: 9 dup rate: 0.0
client: 10 dup rate: 0.0
client: 11 dup rate: 0.0
client: 12 dup rate: 0.0
client: 13 dup rate: 0.0
client: 14 dup rate: 0.0
client: 15 dup rate: 0.0
client: 16 dup rate: 0.0
client: 17 dup rate: 0.0
client: 18 dup rate: 0.0
client: 19 dup rate: 0.0
client: 20 dup rate: 0.0
client: 21 dup rate: 0.0
client: 22 dup rate: 0.0
Used default params: {'client_thres': 1.0, 'alpha': 0.95, 'gamma': 0.02, 'scale_factor': 4}
natural {}
Adding missing to client 0 ...
Adding missing to client 1 ...
Adding missing to client 2 ...
Adding missing to client 3 ...
Adding missing to client 4 ...
Adding missing to client 5 ...
Adding missing to client 6 ...
Adding missing to client 7 ...
Adding missing to client 8 ...
Adding missing to client 9 ...
Adding missing to client 10 ...
Adding missing to client 11 ...
Adding missing to client 12 ...
Adding missing to client 13 ...
Adding missing to client 14 ...
Adding missing to client 15 ...
Adding missing to client 16 ...
Adding missing to client 17 ...
Adding missing to client 18 ...
Adding missing to client 19 ...
Adding missing to client 20 ...
Adding missing to client 21 ...
Adding missing to client 22 ...
client: 0 dup rate: 0.0
client: 1 dup rate: 0.0
client: 2 dup rate: 0.0
client: 3 dup rate: 0.0
client: 4 dup rate: 0.0
client: 5 dup rate: 0.030563514804202496
client: 6 dup rate: 0.0
client: 7 dup rate: 0.0
client: 8 dup rate: 0.0
client: 9 dup rate: 0.0
client: 10 dup rate: 0.0
client: 11 dup rate: 0.0
client: 12 dup rate: 0.0
client: 13 dup rate: 0.0
client: 14 dup rate: 0.0
client: 15 dup rate: 0.0
client: 16 dup rate: 0.0
client: 17 dup rate: 0.0
client: 18 dup rate: 0.0
client: 19 dup rate: 0.0
client: 20 dup rate: 0.0
client: 21 dup rate: 0.0
client: 22 dup rate: 0.0
Used default params: {'client_thres': 1.0, 'alpha': 0.95, 'gamma': 0.02, 'scale_factor': 4}
natural {}
Adding missing to client 0 ...
Adding missing to client 1 ...
Adding missing to client 2 ...
Adding missing to client 3 ...
Adding missing to client 4 ...
Adding missing to client 5 ...
Adding missing to client 6 ...
Adding missing to client 7 ...
Adding missing to client 8 ...
Adding missing to client 9 ...
Adding missing to client 10 ...
Adding missing to client 11 ...
Adding missing to client 12 ...
Adding missing to client 13 ...
Adding missing to client 14 ...
Adding missing to client 15 ...
Adding missing to client 16 ...
Adding missing to client 17 ...
Adding missing to client 18 ...
Adding missing to client 19 ...
Adding missing to client 20 ...
Adding missing to client 21 ...
Adding missing to client 22 ...
client: 0 dup rate: 0.0
client: 1 dup rate: 0.0
client: 2 dup rate: 0.0
client: 3 dup rate: 0.0
client: 4 dup rate: 0.0
client: 5 dup rate: 0.030563514804202496
client: 6 dup rate: 0.0
client: 7 dup rate: 0.0
client: 8 dup rate: 0.0
client: 9 dup rate: 0.0
client: 10 dup rate: 0.0
client: 11 dup rate: 0.0
client: 12 dup rate: 0.0
client: 13 dup rate: 0.0
client: 14 dup rate: 0.0
client: 15 dup rate: 0.0
client: 16 dup rate: 0.0
client: 17 dup rate: 0.0
client: 18 dup rate: 0.0
client: 19 dup rate: 0.0
client: 20 dup rate: 0.0
client: 21 dup rate: 0.0
client: 22 dup rate: 0.0
Used default params: {'client_thres': 1.0, 'alpha': 0.95, 'gamma': 0.02, 'scale_factor': 4}
2024-11-18 16:37:26.490 | INFO     | src.fed_imp.experiment:run_experiment:318 - Summary: fedmechw_new
2024-11-18 16:37:26.784 | INFO     | src.fed_imp.experiment:experiment_result_processing:366 - imp@rmse: avg 0.13847609238537945
2024-11-18 16:37:26.784 | INFO     | src.fed_imp.experiment:experiment_result_processing:366 - imp@w2: avg 0.6801181345460205
2024-11-18 16:37:26.784 | INFO     | src.fed_imp.experiment:experiment_result_processing:366 - imp@sliced_ws: avg 0.041926903892728976
2024-11-18 16:37:26.785 | INFO     | src.fed_imp.experiment:experiment_result_processing:381 - model pred_accu: 0.00000 (0.000) pred_f1: 0.00000 (0.000)
2024-11-18 16:39:19.040 | INFO     | src.fed_imp.experiment:experiment_result_processing:403 - imp@rmse: 0.13848 (0.016) imp@sliced_ws: 0.04193 (0.009) imp@global_ws: 0.02451
2024-11-18 16:39:19.043 | INFO     | src.experiment_management.experiment_manager:run_experiments:67 - Experiment finished in 4336.402064323425
2024-11-18 16:39:19.654 | INFO     | src.experiment_management.experiment_manager:run_experiments:86 - Total time: 4337.0127584934235
