2024-11-05 08:55:56.578 | INFO     | src.experiment_management.experiment_manager:set_experiment:22 - Experiment name: fed_imp
2024-11-05 08:55:56.580 | INFO     | src.experiment_management.experiment_manager:run_experiments:45 - Running 1 experiments
2024-11-05 08:55:56.581 | INFO     | src.experiment_management.experiment_manager:run_experiments:51 - Experiment - 0
2024-11-05 08:55:56.581 | INFO     | src.experiment_management.experiment_manager:run_experiments:52 - Experiment - ['dn', 'nc', 'dp', 'ms', 'mct', 'st', 'as', 's', 's', 'p', 'm', 'nr', 'n', 'ts']
2024-11-05 08:55:56.581 | INFO     | src.experiment_management.experiment_manager:run_experiments:53 - Experiment - ('hhp_los_np1', 0, 'natural', 'random2@mrl=0.3_mrr=0.7_mm=mnarlrsigst', 'allk0.25_sphere', 'fedavg_pytorch', 'fedavg-s', 102931466, 50, False, False, 1, 1, 0.1)
2024-11-05 08:55:57.309 | INFO     | src.fed_imp.experiment:main_func:31 - Round 0
2024-11-05 08:56:28.884 | INFO     | src.fed_imp.sub_modules.server.base_server:run:153 - ==================================================
2024-11-05 08:56:28.884 | INFO     | src.fed_imp.sub_modules.server.base_server:run:154 - Imputation Round 1
2024-11-05 08:57:19.146 | INFO     | src.fed_imp.sub_modules.server.base_server:run:153 - ==================================================
2024-11-05 08:57:19.147 | INFO     | src.fed_imp.sub_modules.server.base_server:run:154 - Imputation Round 2
2024-11-05 08:58:10.296 | INFO     | src.fed_imp.sub_modules.server.base_server:run:153 - ==================================================
2024-11-05 08:58:10.297 | INFO     | src.fed_imp.sub_modules.server.base_server:run:154 - Imputation Round 3
2024-11-05 08:59:01.455 | INFO     | src.fed_imp.sub_modules.server.base_server:run:153 - ==================================================
2024-11-05 08:59:01.455 | INFO     | src.fed_imp.sub_modules.server.base_server:run:154 - Imputation Round 4
2024-11-05 08:59:52.902 | INFO     | src.fed_imp.sub_modules.server.base_server:run:153 - ==================================================
2024-11-05 08:59:52.902 | INFO     | src.fed_imp.sub_modules.server.base_server:run:154 - Imputation Round 5
2024-11-05 09:00:44.317 | INFO     | src.fed_imp.sub_modules.server.base_server:run:153 - ==================================================
2024-11-05 09:00:44.317 | INFO     | src.fed_imp.sub_modules.server.base_server:run:154 - Imputation Round 6
2024-11-05 09:01:35.496 | INFO     | src.fed_imp.sub_modules.server.base_server:run:153 - ==================================================
2024-11-05 09:01:35.497 | INFO     | src.fed_imp.sub_modules.server.base_server:run:154 - Imputation Round 7
2024-11-05 09:02:26.189 | INFO     | src.fed_imp.sub_modules.server.base_server:run:153 - ==================================================
2024-11-05 09:02:26.189 | INFO     | src.fed_imp.sub_modules.server.base_server:run:154 - Imputation Round 8
2024-11-05 09:03:17.216 | INFO     | src.fed_imp.sub_modules.server.base_server:run:153 - ==================================================
2024-11-05 09:03:17.217 | INFO     | src.fed_imp.sub_modules.server.base_server:run:154 - Imputation Round 9
2024-11-05 09:04:07.745 | INFO     | src.fed_imp.sub_modules.server.base_server:run:153 - ==================================================
2024-11-05 09:04:07.745 | INFO     | src.fed_imp.sub_modules.server.base_server:run:154 - Imputation Round 10
2024-11-05 09:04:58.334 | INFO     | src.fed_imp.sub_modules.server.base_server:run:153 - ==================================================
2024-11-05 09:04:58.334 | INFO     | src.fed_imp.sub_modules.server.base_server:run:154 - Imputation Round 11
2024-11-05 09:05:48.691 | INFO     | src.fed_imp.sub_modules.server.base_server:run:153 - ==================================================
2024-11-05 09:05:48.692 | INFO     | src.fed_imp.sub_modules.server.base_server:run:154 - Imputation Round 12
2024-11-05 09:06:39.403 | INFO     | src.fed_imp.sub_modules.server.base_server:run:153 - ==================================================
2024-11-05 09:06:39.403 | INFO     | src.fed_imp.sub_modules.server.base_server:run:154 - Imputation Round 13
2024-11-05 09:07:30.637 | INFO     | src.fed_imp.sub_modules.server.base_server:run:153 - ==================================================
2024-11-05 09:07:30.638 | INFO     | src.fed_imp.sub_modules.server.base_server:run:154 - Imputation Round 14
2024-11-05 09:08:21.062 | INFO     | src.fed_imp.sub_modules.server.base_server:run:153 - ==================================================
2024-11-05 09:08:21.063 | INFO     | src.fed_imp.sub_modules.server.base_server:run:154 - Imputation Round 15
2024-11-05 09:09:11.630 | INFO     | src.fed_imp.sub_modules.server.base_server:run:153 - ==================================================
2024-11-05 09:09:11.631 | INFO     | src.fed_imp.sub_modules.server.base_server:run:154 - Imputation Round 16
2024-11-05 09:10:02.554 | INFO     | src.fed_imp.sub_modules.server.base_server:run:153 - ==================================================
2024-11-05 09:10:02.554 | INFO     | src.fed_imp.sub_modules.server.base_server:run:154 - Imputation Round 17
2024-11-05 09:10:53.343 | INFO     | src.fed_imp.sub_modules.server.base_server:run:153 - ==================================================
2024-11-05 09:10:53.344 | INFO     | src.fed_imp.sub_modules.server.base_server:run:154 - Imputation Round 18
2024-11-05 09:11:44.469 | INFO     | src.fed_imp.sub_modules.server.base_server:run:153 - ==================================================
2024-11-05 09:11:44.469 | INFO     | src.fed_imp.sub_modules.server.base_server:run:154 - Imputation Round 19
2024-11-05 09:12:34.854 | INFO     | src.fed_imp.sub_modules.server.base_server:run:153 - ==================================================
2024-11-05 09:12:34.855 | INFO     | src.fed_imp.sub_modules.server.base_server:run:154 - Imputation Round 20
2024-11-05 09:13:24.991 | INFO     | src.fed_imp.sub_modules.server.base_server:run:183 - FL finished in 1041.3742287268396
2024-11-05 09:13:56.632 | INFO     | src.fed_imp.experiment:run_experiment:318 - Summary: fedavg-s
2024-11-05 09:13:56.923 | INFO     | src.fed_imp.experiment:experiment_result_processing:366 - imp@rmse: avg 0.18277023576125406
2024-11-05 09:13:56.923 | INFO     | src.fed_imp.experiment:experiment_result_processing:366 - imp@w2: avg 1.442605902938443
2024-11-05 09:13:56.923 | INFO     | src.fed_imp.experiment:experiment_result_processing:366 - imp@sliced_ws: avg 0.07385827283601562
2024-11-05 09:13:56.923 | INFO     | src.fed_imp.experiment:experiment_result_processing:381 - model pred_accu: 0.00000 (0.000) pred_f1: 0.00000 (0.000)
2024-11-05 09:14:28.357 | INFO     | src.fed_imp.experiment:experiment_result_processing:403 - imp@rmse: 0.18277 (0.000) imp@sliced_ws: 0.07386 (0.000) imp@global_ws: 0.05453
2024-11-05 09:14:28.357 | INFO     | src.experiment_management.experiment_manager:run_experiments:67 - Experiment finished in 1111.7765591144562
2024-11-05 09:14:28.444 | INFO     | src.experiment_management.experiment_manager:run_experiments:86 - Total time: 1111.8630084991455
