2024-11-20 18:37:21.247 | INFO     | src.experiment_management.experiment_manager:set_experiment:22 - Experiment name: fed_imp
2024-11-20 18:37:21.249 | INFO     | src.experiment_management.experiment_manager:run_experiments:45 - Running 1 experiments
2024-11-20 18:37:21.250 | INFO     | src.experiment_management.experiment_manager:run_experiments:51 - Experiment - 0
2024-11-20 18:37:21.250 | INFO     | src.experiment_management.experiment_manager:run_experiments:52 - Experiment - ['dn', 'nc', 'dp', 'ms', 'mct', 'st', 'as', 's', 's', 'p', 'nr', 'n', 'ts']
2024-11-20 18:37:21.250 | INFO     | src.experiment_management.experiment_manager:run_experiments:53 - Experiment - ('hhp_ct3', 0, 'natural', 'random2@mrl=0.3_mrr=0.7_mm=mnarlrsigst', 'allk0.25_sphere', 'fedavg_pytorch', 'fedavg-s', 102931466, 50, False, 10, 10, 0.1)
[Parallel(n_jobs=10)]: Using backend LokyBackend with 10 concurrent workers.
2024-11-20 18:37:27.607 | INFO     | src.fed_imp.experiment:main_func:31 - Round 1
2024-11-20 18:37:27.655 | INFO     | src.fed_imp.experiment:main_func:31 - Round 0
2024-11-20 18:37:27.669 | INFO     | src.fed_imp.experiment:main_func:31 - Round 3
2024-11-20 18:37:27.691 | INFO     | src.fed_imp.experiment:main_func:31 - Round 5
2024-11-20 18:37:27.709 | INFO     | src.fed_imp.experiment:main_func:31 - Round 2
2024-11-20 18:37:27.750 | INFO     | src.fed_imp.experiment:main_func:31 - Round 6
2024-11-20 18:37:27.797 | INFO     | src.fed_imp.experiment:main_func:31 - Round 7
2024-11-20 18:37:27.807 | INFO     | src.fed_imp.experiment:main_func:31 - Round 8
2024-11-20 18:37:28.266 | INFO     | src.fed_imp.experiment:main_func:31 - Round 4
2024-11-20 18:37:28.394 | INFO     | src.fed_imp.experiment:main_func:31 - Round 9
2024-11-20 18:38:08.181 | INFO     | src.fed_imp.sub_modules.server.base_server:run:153 - ==================================================
2024-11-20 18:38:08.182 | INFO     | src.fed_imp.sub_modules.server.base_server:run:154 - Imputation Round 1
2024-11-20 18:38:08.435 | INFO     | src.fed_imp.sub_modules.server.base_server:run:153 - ==================================================
2024-11-20 18:38:08.436 | INFO     | src.fed_imp.sub_modules.server.base_server:run:154 - Imputation Round 1
2024-11-20 18:38:08.614 | INFO     | src.fed_imp.sub_modules.server.base_server:run:153 - ==================================================
2024-11-20 18:38:08.614 | INFO     | src.fed_imp.sub_modules.server.base_server:run:154 - Imputation Round 1
2024-11-20 18:38:08.636 | INFO     | src.fed_imp.sub_modules.server.base_server:run:153 - ==================================================
2024-11-20 18:38:08.636 | INFO     | src.fed_imp.sub_modules.server.base_server:run:154 - Imputation Round 1
2024-11-20 18:38:08.644 | INFO     | src.fed_imp.sub_modules.server.base_server:run:153 - ==================================================
2024-11-20 18:38:08.644 | INFO     | src.fed_imp.sub_modules.server.base_server:run:154 - Imputation Round 1
2024-11-20 18:38:08.685 | INFO     | src.fed_imp.sub_modules.server.base_server:run:153 - ==================================================
2024-11-20 18:38:08.686 | INFO     | src.fed_imp.sub_modules.server.base_server:run:154 - Imputation Round 1
2024-11-20 18:38:08.689 | INFO     | src.fed_imp.sub_modules.server.base_server:run:153 - ==================================================
2024-11-20 18:38:08.690 | INFO     | src.fed_imp.sub_modules.server.base_server:run:154 - Imputation Round 1
2024-11-20 18:38:09.004 | INFO     | src.fed_imp.sub_modules.server.base_server:run:153 - ==================================================
2024-11-20 18:38:09.004 | INFO     | src.fed_imp.sub_modules.server.base_server:run:154 - Imputation Round 1
2024-11-20 18:38:09.096 | INFO     | src.fed_imp.sub_modules.server.base_server:run:153 - ==================================================
2024-11-20 18:38:09.096 | INFO     | src.fed_imp.sub_modules.server.base_server:run:154 - Imputation Round 1
2024-11-20 18:38:09.463 | INFO     | src.fed_imp.sub_modules.server.base_server:run:153 - ==================================================
2024-11-20 18:38:09.464 | INFO     | src.fed_imp.sub_modules.server.base_server:run:154 - Imputation Round 1
2024-11-20 18:39:16.546 | INFO     | src.fed_imp.sub_modules.server.base_server:run:153 - ==================================================
2024-11-20 18:39:16.547 | INFO     | src.fed_imp.sub_modules.server.base_server:run:154 - Imputation Round 2
2024-11-20 18:39:18.135 | INFO     | src.fed_imp.sub_modules.server.base_server:run:153 - ==================================================
2024-11-20 18:39:18.135 | INFO     | src.fed_imp.sub_modules.server.base_server:run:154 - Imputation Round 2
2024-11-20 18:39:18.150 | INFO     | src.fed_imp.sub_modules.server.base_server:run:153 - ==================================================
2024-11-20 18:39:18.151 | INFO     | src.fed_imp.sub_modules.server.base_server:run:154 - Imputation Round 2
2024-11-20 18:39:18.459 | INFO     | src.fed_imp.sub_modules.server.base_server:run:153 - ==================================================
2024-11-20 18:39:18.459 | INFO     | src.fed_imp.sub_modules.server.base_server:run:154 - Imputation Round 2
2024-11-20 18:39:19.190 | INFO     | src.fed_imp.sub_modules.server.base_server:run:153 - ==================================================
2024-11-20 18:39:19.191 | INFO     | src.fed_imp.sub_modules.server.base_server:run:154 - Imputation Round 2
2024-11-20 18:39:19.961 | INFO     | src.fed_imp.sub_modules.server.base_server:run:153 - ==================================================
2024-11-20 18:39:19.962 | INFO     | src.fed_imp.sub_modules.server.base_server:run:154 - Imputation Round 2
2024-11-20 18:39:20.091 | INFO     | src.fed_imp.sub_modules.server.base_server:run:153 - ==================================================
2024-11-20 18:39:20.091 | INFO     | src.fed_imp.sub_modules.server.base_server:run:154 - Imputation Round 2
2024-11-20 18:39:20.223 | INFO     | src.fed_imp.sub_modules.server.base_server:run:153 - ==================================================
2024-11-20 18:39:20.223 | INFO     | src.fed_imp.sub_modules.server.base_server:run:154 - Imputation Round 2
2024-11-20 18:39:20.377 | INFO     | src.fed_imp.sub_modules.server.base_server:run:153 - ==================================================
2024-11-20 18:39:20.378 | INFO     | src.fed_imp.sub_modules.server.base_server:run:154 - Imputation Round 2
2024-11-20 18:39:23.283 | INFO     | src.fed_imp.sub_modules.server.base_server:run:153 - ==================================================
2024-11-20 18:39:23.283 | INFO     | src.fed_imp.sub_modules.server.base_server:run:154 - Imputation Round 2
2024-11-20 18:40:26.190 | INFO     | src.fed_imp.sub_modules.server.base_server:run:153 - ==================================================
2024-11-20 18:40:26.190 | INFO     | src.fed_imp.sub_modules.server.base_server:run:154 - Imputation Round 3
2024-11-20 18:40:27.510 | INFO     | src.fed_imp.sub_modules.server.base_server:run:153 - ==================================================
2024-11-20 18:40:27.511 | INFO     | src.fed_imp.sub_modules.server.base_server:run:154 - Imputation Round 3
2024-11-20 18:40:27.808 | INFO     | src.fed_imp.sub_modules.server.base_server:run:153 - ==================================================
2024-11-20 18:40:27.808 | INFO     | src.fed_imp.sub_modules.server.base_server:run:154 - Imputation Round 3
2024-11-20 18:40:28.355 | INFO     | src.fed_imp.sub_modules.server.base_server:run:153 - ==================================================
2024-11-20 18:40:28.355 | INFO     | src.fed_imp.sub_modules.server.base_server:run:154 - Imputation Round 3
2024-11-20 18:40:28.356 | INFO     | src.fed_imp.sub_modules.server.base_server:run:153 - ==================================================
2024-11-20 18:40:28.357 | INFO     | src.fed_imp.sub_modules.server.base_server:run:154 - Imputation Round 3
2024-11-20 18:40:31.242 | INFO     | src.fed_imp.sub_modules.server.base_server:run:153 - ==================================================
2024-11-20 18:40:31.243 | INFO     | src.fed_imp.sub_modules.server.base_server:run:154 - Imputation Round 3
2024-11-20 18:40:31.639 | INFO     | src.fed_imp.sub_modules.server.base_server:run:153 - ==================================================
2024-11-20 18:40:31.639 | INFO     | src.fed_imp.sub_modules.server.base_server:run:154 - Imputation Round 3
2024-11-20 18:40:32.318 | INFO     | src.fed_imp.sub_modules.server.base_server:run:153 - ==================================================
2024-11-20 18:40:32.319 | INFO     | src.fed_imp.sub_modules.server.base_server:run:154 - Imputation Round 3
2024-11-20 18:40:32.769 | INFO     | src.fed_imp.sub_modules.server.base_server:run:153 - ==================================================
2024-11-20 18:40:32.770 | INFO     | src.fed_imp.sub_modules.server.base_server:run:154 - Imputation Round 3
2024-11-20 18:40:37.543 | INFO     | src.fed_imp.sub_modules.server.base_server:run:153 - ==================================================
2024-11-20 18:40:37.544 | INFO     | src.fed_imp.sub_modules.server.base_server:run:154 - Imputation Round 3
2024-11-20 18:41:35.580 | INFO     | src.fed_imp.sub_modules.server.base_server:run:153 - ==================================================
2024-11-20 18:41:35.581 | INFO     | src.fed_imp.sub_modules.server.base_server:run:154 - Imputation Round 4
2024-11-20 18:41:35.801 | INFO     | src.fed_imp.sub_modules.server.base_server:run:153 - ==================================================
2024-11-20 18:41:35.801 | INFO     | src.fed_imp.sub_modules.server.base_server:run:154 - Imputation Round 4
2024-11-20 18:41:37.689 | INFO     | src.fed_imp.sub_modules.server.base_server:run:153 - ==================================================
2024-11-20 18:41:37.689 | INFO     | src.fed_imp.sub_modules.server.base_server:run:154 - Imputation Round 4
2024-11-20 18:41:37.896 | INFO     | src.fed_imp.sub_modules.server.base_server:run:153 - ==================================================
2024-11-20 18:41:37.897 | INFO     | src.fed_imp.sub_modules.server.base_server:run:154 - Imputation Round 4
2024-11-20 18:41:38.208 | INFO     | src.fed_imp.sub_modules.server.base_server:run:153 - ==================================================
2024-11-20 18:41:38.208 | INFO     | src.fed_imp.sub_modules.server.base_server:run:154 - Imputation Round 4
2024-11-20 18:41:42.006 | INFO     | src.fed_imp.sub_modules.server.base_server:run:153 - ==================================================
2024-11-20 18:41:42.006 | INFO     | src.fed_imp.sub_modules.server.base_server:run:154 - Imputation Round 4
2024-11-20 18:41:43.553 | INFO     | src.fed_imp.sub_modules.server.base_server:run:153 - ==================================================
2024-11-20 18:41:43.553 | INFO     | src.fed_imp.sub_modules.server.base_server:run:154 - Imputation Round 4
2024-11-20 18:41:44.110 | INFO     | src.fed_imp.sub_modules.server.base_server:run:153 - ==================================================
2024-11-20 18:41:44.111 | INFO     | src.fed_imp.sub_modules.server.base_server:run:154 - Imputation Round 4
2024-11-20 18:41:44.357 | INFO     | src.fed_imp.sub_modules.server.base_server:run:153 - ==================================================
2024-11-20 18:41:44.357 | INFO     | src.fed_imp.sub_modules.server.base_server:run:154 - Imputation Round 4
2024-11-20 18:41:51.495 | INFO     | src.fed_imp.sub_modules.server.base_server:run:153 - ==================================================
2024-11-20 18:41:51.496 | INFO     | src.fed_imp.sub_modules.server.base_server:run:154 - Imputation Round 4
2024-11-20 18:42:44.215 | INFO     | src.fed_imp.sub_modules.server.base_server:run:153 - ==================================================
2024-11-20 18:42:44.216 | INFO     | src.fed_imp.sub_modules.server.base_server:run:154 - Imputation Round 5
2024-11-20 18:42:44.855 | INFO     | src.fed_imp.sub_modules.server.base_server:run:153 - ==================================================
2024-11-20 18:42:44.856 | INFO     | src.fed_imp.sub_modules.server.base_server:run:154 - Imputation Round 5
2024-11-20 18:42:46.463 | INFO     | src.fed_imp.sub_modules.server.base_server:run:153 - ==================================================
2024-11-20 18:42:46.463 | INFO     | src.fed_imp.sub_modules.server.base_server:run:154 - Imputation Round 5
2024-11-20 18:42:46.967 | INFO     | src.fed_imp.sub_modules.server.base_server:run:153 - ==================================================
2024-11-20 18:42:46.968 | INFO     | src.fed_imp.sub_modules.server.base_server:run:154 - Imputation Round 5
2024-11-20 18:42:47.764 | INFO     | src.fed_imp.sub_modules.server.base_server:run:153 - ==================================================
2024-11-20 18:42:47.765 | INFO     | src.fed_imp.sub_modules.server.base_server:run:154 - Imputation Round 5
2024-11-20 18:42:52.025 | INFO     | src.fed_imp.sub_modules.server.base_server:run:153 - ==================================================
2024-11-20 18:42:52.026 | INFO     | src.fed_imp.sub_modules.server.base_server:run:154 - Imputation Round 5
2024-11-20 18:42:54.719 | INFO     | src.fed_imp.sub_modules.server.base_server:run:153 - ==================================================
2024-11-20 18:42:54.719 | INFO     | src.fed_imp.sub_modules.server.base_server:run:154 - Imputation Round 5
2024-11-20 18:42:55.059 | INFO     | src.fed_imp.sub_modules.server.base_server:run:153 - ==================================================
2024-11-20 18:42:55.059 | INFO     | src.fed_imp.sub_modules.server.base_server:run:154 - Imputation Round 5
2024-11-20 18:42:56.112 | INFO     | src.fed_imp.sub_modules.server.base_server:run:153 - ==================================================
2024-11-20 18:42:56.112 | INFO     | src.fed_imp.sub_modules.server.base_server:run:154 - Imputation Round 5
2024-11-20 18:43:05.016 | INFO     | src.fed_imp.sub_modules.server.base_server:run:153 - ==================================================
2024-11-20 18:43:05.016 | INFO     | src.fed_imp.sub_modules.server.base_server:run:154 - Imputation Round 5
2024-11-20 18:43:53.378 | INFO     | src.fed_imp.sub_modules.server.base_server:run:153 - ==================================================
2024-11-20 18:43:53.378 | INFO     | src.fed_imp.sub_modules.server.base_server:run:154 - Imputation Round 6
2024-11-20 18:43:54.421 | INFO     | src.fed_imp.sub_modules.server.base_server:run:153 - ==================================================
2024-11-20 18:43:54.421 | INFO     | src.fed_imp.sub_modules.server.base_server:run:154 - Imputation Round 6
2024-11-20 18:43:55.077 | INFO     | src.fed_imp.sub_modules.server.base_server:run:153 - ==================================================
2024-11-20 18:43:55.078 | INFO     | src.fed_imp.sub_modules.server.base_server:run:154 - Imputation Round 6
2024-11-20 18:43:56.741 | INFO     | src.fed_imp.sub_modules.server.base_server:run:153 - ==================================================
2024-11-20 18:43:56.742 | INFO     | src.fed_imp.sub_modules.server.base_server:run:154 - Imputation Round 6
2024-11-20 18:43:57.723 | INFO     | src.fed_imp.sub_modules.server.base_server:run:153 - ==================================================
2024-11-20 18:43:57.723 | INFO     | src.fed_imp.sub_modules.server.base_server:run:154 - Imputation Round 6
2024-11-20 18:44:02.507 | INFO     | src.fed_imp.sub_modules.server.base_server:run:153 - ==================================================
2024-11-20 18:44:02.508 | INFO     | src.fed_imp.sub_modules.server.base_server:run:154 - Imputation Round 6
2024-11-20 18:44:05.877 | INFO     | src.fed_imp.sub_modules.server.base_server:run:153 - ==================================================
2024-11-20 18:44:05.878 | INFO     | src.fed_imp.sub_modules.server.base_server:run:154 - Imputation Round 6
2024-11-20 18:44:07.576 | INFO     | src.fed_imp.sub_modules.server.base_server:run:153 - ==================================================
2024-11-20 18:44:07.576 | INFO     | src.fed_imp.sub_modules.server.base_server:run:154 - Imputation Round 6
2024-11-20 18:44:08.566 | INFO     | src.fed_imp.sub_modules.server.base_server:run:153 - ==================================================
2024-11-20 18:44:08.566 | INFO     | src.fed_imp.sub_modules.server.base_server:run:154 - Imputation Round 6
2024-11-20 18:44:18.923 | INFO     | src.fed_imp.sub_modules.server.base_server:run:153 - ==================================================
2024-11-20 18:44:18.924 | INFO     | src.fed_imp.sub_modules.server.base_server:run:154 - Imputation Round 6
2024-11-20 18:45:01.834 | INFO     | src.fed_imp.sub_modules.server.base_server:run:153 - ==================================================
2024-11-20 18:45:01.835 | INFO     | src.fed_imp.sub_modules.server.base_server:run:154 - Imputation Round 7
2024-11-20 18:45:03.449 | INFO     | src.fed_imp.sub_modules.server.base_server:run:153 - ==================================================
2024-11-20 18:45:03.449 | INFO     | src.fed_imp.sub_modules.server.base_server:run:154 - Imputation Round 7
2024-11-20 18:45:04.749 | INFO     | src.fed_imp.sub_modules.server.base_server:run:153 - ==================================================
2024-11-20 18:45:04.749 | INFO     | src.fed_imp.sub_modules.server.base_server:run:154 - Imputation Round 7
2024-11-20 18:45:05.908 | INFO     | src.fed_imp.sub_modules.server.base_server:run:153 - ==================================================
2024-11-20 18:45:05.909 | INFO     | src.fed_imp.sub_modules.server.base_server:run:154 - Imputation Round 7
2024-11-20 18:45:07.040 | INFO     | src.fed_imp.sub_modules.server.base_server:run:153 - ==================================================
2024-11-20 18:45:07.040 | INFO     | src.fed_imp.sub_modules.server.base_server:run:154 - Imputation Round 7
2024-11-20 18:45:12.783 | INFO     | src.fed_imp.sub_modules.server.base_server:run:153 - ==================================================
2024-11-20 18:45:12.784 | INFO     | src.fed_imp.sub_modules.server.base_server:run:154 - Imputation Round 7
2024-11-20 18:45:16.423 | INFO     | src.fed_imp.sub_modules.server.base_server:run:153 - ==================================================
2024-11-20 18:45:16.424 | INFO     | src.fed_imp.sub_modules.server.base_server:run:154 - Imputation Round 7
2024-11-20 18:45:19.360 | INFO     | src.fed_imp.sub_modules.server.base_server:run:153 - ==================================================
2024-11-20 18:45:19.360 | INFO     | src.fed_imp.sub_modules.server.base_server:run:154 - Imputation Round 7
2024-11-20 18:45:20.570 | INFO     | src.fed_imp.sub_modules.server.base_server:run:153 - ==================================================
2024-11-20 18:45:20.571 | INFO     | src.fed_imp.sub_modules.server.base_server:run:154 - Imputation Round 7
2024-11-20 18:45:32.424 | INFO     | src.fed_imp.sub_modules.server.base_server:run:153 - ==================================================
2024-11-20 18:45:32.424 | INFO     | src.fed_imp.sub_modules.server.base_server:run:154 - Imputation Round 7
2024-11-20 18:46:10.419 | INFO     | src.fed_imp.sub_modules.server.base_server:run:153 - ==================================================
2024-11-20 18:46:10.420 | INFO     | src.fed_imp.sub_modules.server.base_server:run:154 - Imputation Round 8
2024-11-20 18:46:11.334 | INFO     | src.fed_imp.sub_modules.server.base_server:run:153 - ==================================================
2024-11-20 18:46:11.334 | INFO     | src.fed_imp.sub_modules.server.base_server:run:154 - Imputation Round 8
2024-11-20 18:46:14.486 | INFO     | src.fed_imp.sub_modules.server.base_server:run:153 - ==================================================
2024-11-20 18:46:14.486 | INFO     | src.fed_imp.sub_modules.server.base_server:run:154 - Imputation Round 8
2024-11-20 18:46:15.049 | INFO     | src.fed_imp.sub_modules.server.base_server:run:153 - ==================================================
2024-11-20 18:46:15.049 | INFO     | src.fed_imp.sub_modules.server.base_server:run:154 - Imputation Round 8
2024-11-20 18:46:16.831 | INFO     | src.fed_imp.sub_modules.server.base_server:run:153 - ==================================================
2024-11-20 18:46:16.831 | INFO     | src.fed_imp.sub_modules.server.base_server:run:154 - Imputation Round 8
2024-11-20 18:46:23.619 | INFO     | src.fed_imp.sub_modules.server.base_server:run:153 - ==================================================
2024-11-20 18:46:23.619 | INFO     | src.fed_imp.sub_modules.server.base_server:run:154 - Imputation Round 8
2024-11-20 18:46:27.622 | INFO     | src.fed_imp.sub_modules.server.base_server:run:153 - ==================================================
2024-11-20 18:46:27.623 | INFO     | src.fed_imp.sub_modules.server.base_server:run:154 - Imputation Round 8
2024-11-20 18:46:31.171 | INFO     | src.fed_imp.sub_modules.server.base_server:run:153 - ==================================================
2024-11-20 18:46:31.172 | INFO     | src.fed_imp.sub_modules.server.base_server:run:154 - Imputation Round 8
2024-11-20 18:46:32.525 | INFO     | src.fed_imp.sub_modules.server.base_server:run:153 - ==================================================
2024-11-20 18:46:32.525 | INFO     | src.fed_imp.sub_modules.server.base_server:run:154 - Imputation Round 8
2024-11-20 18:46:45.862 | INFO     | src.fed_imp.sub_modules.server.base_server:run:153 - ==================================================
2024-11-20 18:46:45.862 | INFO     | src.fed_imp.sub_modules.server.base_server:run:154 - Imputation Round 8
2024-11-20 18:47:18.574 | INFO     | src.fed_imp.sub_modules.server.base_server:run:153 - ==================================================
2024-11-20 18:47:18.574 | INFO     | src.fed_imp.sub_modules.server.base_server:run:154 - Imputation Round 9
2024-11-20 18:47:18.707 | INFO     | src.fed_imp.sub_modules.server.base_server:run:153 - ==================================================
2024-11-20 18:47:18.707 | INFO     | src.fed_imp.sub_modules.server.base_server:run:154 - Imputation Round 9
2024-11-20 18:47:23.381 | INFO     | src.fed_imp.sub_modules.server.base_server:run:153 - ==================================================
2024-11-20 18:47:23.381 | INFO     | src.fed_imp.sub_modules.server.base_server:run:154 - Imputation Round 9
2024-11-20 18:47:23.677 | INFO     | src.fed_imp.sub_modules.server.base_server:run:153 - ==================================================
2024-11-20 18:47:23.677 | INFO     | src.fed_imp.sub_modules.server.base_server:run:154 - Imputation Round 9
2024-11-20 18:47:26.246 | INFO     | src.fed_imp.sub_modules.server.base_server:run:153 - ==================================================
2024-11-20 18:47:26.246 | INFO     | src.fed_imp.sub_modules.server.base_server:run:154 - Imputation Round 9
2024-11-20 18:47:33.673 | INFO     | src.fed_imp.sub_modules.server.base_server:run:153 - ==================================================
2024-11-20 18:47:33.673 | INFO     | src.fed_imp.sub_modules.server.base_server:run:154 - Imputation Round 9
2024-11-20 18:47:38.805 | INFO     | src.fed_imp.sub_modules.server.base_server:run:153 - ==================================================
2024-11-20 18:47:38.805 | INFO     | src.fed_imp.sub_modules.server.base_server:run:154 - Imputation Round 9
2024-11-20 18:47:43.014 | INFO     | src.fed_imp.sub_modules.server.base_server:run:153 - ==================================================
2024-11-20 18:47:43.015 | INFO     | src.fed_imp.sub_modules.server.base_server:run:154 - Imputation Round 9
2024-11-20 18:47:44.434 | INFO     | src.fed_imp.sub_modules.server.base_server:run:153 - ==================================================
2024-11-20 18:47:44.434 | INFO     | src.fed_imp.sub_modules.server.base_server:run:154 - Imputation Round 9
2024-11-20 18:47:58.970 | INFO     | src.fed_imp.sub_modules.server.base_server:run:153 - ==================================================
2024-11-20 18:47:58.971 | INFO     | src.fed_imp.sub_modules.server.base_server:run:154 - Imputation Round 9
2024-11-20 18:48:26.914 | INFO     | src.fed_imp.sub_modules.server.base_server:run:153 - ==================================================
2024-11-20 18:48:26.914 | INFO     | src.fed_imp.sub_modules.server.base_server:run:154 - Imputation Round 10
2024-11-20 18:48:27.295 | INFO     | src.fed_imp.sub_modules.server.base_server:run:153 - ==================================================
2024-11-20 18:48:27.295 | INFO     | src.fed_imp.sub_modules.server.base_server:run:154 - Imputation Round 10
2024-11-20 18:48:32.333 | INFO     | src.fed_imp.sub_modules.server.base_server:run:153 - ==================================================
2024-11-20 18:48:32.333 | INFO     | src.fed_imp.sub_modules.server.base_server:run:154 - Imputation Round 10
2024-11-20 18:48:33.392 | INFO     | src.fed_imp.sub_modules.server.base_server:run:153 - ==================================================
2024-11-20 18:48:33.393 | INFO     | src.fed_imp.sub_modules.server.base_server:run:154 - Imputation Round 10
2024-11-20 18:48:36.001 | INFO     | src.fed_imp.sub_modules.server.base_server:run:153 - ==================================================
2024-11-20 18:48:36.001 | INFO     | src.fed_imp.sub_modules.server.base_server:run:154 - Imputation Round 10
2024-11-20 18:48:44.281 | INFO     | src.fed_imp.sub_modules.server.base_server:run:153 - ==================================================
2024-11-20 18:48:44.282 | INFO     | src.fed_imp.sub_modules.server.base_server:run:154 - Imputation Round 10
2024-11-20 18:48:50.265 | INFO     | src.fed_imp.sub_modules.server.base_server:run:153 - ==================================================
2024-11-20 18:48:50.266 | INFO     | src.fed_imp.sub_modules.server.base_server:run:154 - Imputation Round 10
2024-11-20 18:48:55.159 | INFO     | src.fed_imp.sub_modules.server.base_server:run:153 - ==================================================
2024-11-20 18:48:55.160 | INFO     | src.fed_imp.sub_modules.server.base_server:run:154 - Imputation Round 10
2024-11-20 18:48:56.778 | INFO     | src.fed_imp.sub_modules.server.base_server:run:153 - ==================================================
2024-11-20 18:48:56.778 | INFO     | src.fed_imp.sub_modules.server.base_server:run:154 - Imputation Round 10
2024-11-20 18:49:12.404 | INFO     | src.fed_imp.sub_modules.server.base_server:run:153 - ==================================================
2024-11-20 18:49:12.404 | INFO     | src.fed_imp.sub_modules.server.base_server:run:154 - Imputation Round 10
2024-11-20 18:49:34.722 | INFO     | src.fed_imp.sub_modules.server.base_server:run:153 - ==================================================
2024-11-20 18:49:34.723 | INFO     | src.fed_imp.sub_modules.server.base_server:run:154 - Imputation Round 11
2024-11-20 18:49:36.057 | INFO     | src.fed_imp.sub_modules.server.base_server:run:153 - ==================================================
2024-11-20 18:49:36.057 | INFO     | src.fed_imp.sub_modules.server.base_server:run:154 - Imputation Round 11
2024-11-20 18:49:41.067 | INFO     | src.fed_imp.sub_modules.server.base_server:run:153 - ==================================================
2024-11-20 18:49:41.067 | INFO     | src.fed_imp.sub_modules.server.base_server:run:154 - Imputation Round 11
2024-11-20 18:49:42.890 | INFO     | src.fed_imp.sub_modules.server.base_server:run:153 - ==================================================
2024-11-20 18:49:42.890 | INFO     | src.fed_imp.sub_modules.server.base_server:run:154 - Imputation Round 11
2024-11-20 18:49:45.722 | INFO     | src.fed_imp.sub_modules.server.base_server:run:153 - ==================================================
2024-11-20 18:49:45.722 | INFO     | src.fed_imp.sub_modules.server.base_server:run:154 - Imputation Round 11
2024-11-20 18:49:54.318 | INFO     | src.fed_imp.sub_modules.server.base_server:run:153 - ==================================================
2024-11-20 18:49:54.318 | INFO     | src.fed_imp.sub_modules.server.base_server:run:154 - Imputation Round 11
2024-11-20 18:50:01.515 | INFO     | src.fed_imp.sub_modules.server.base_server:run:153 - ==================================================
2024-11-20 18:50:01.516 | INFO     | src.fed_imp.sub_modules.server.base_server:run:154 - Imputation Round 11
2024-11-20 18:50:07.838 | INFO     | src.fed_imp.sub_modules.server.base_server:run:153 - ==================================================
2024-11-20 18:50:07.838 | INFO     | src.fed_imp.sub_modules.server.base_server:run:154 - Imputation Round 11
2024-11-20 18:50:08.939 | INFO     | src.fed_imp.sub_modules.server.base_server:run:153 - ==================================================
2024-11-20 18:50:08.939 | INFO     | src.fed_imp.sub_modules.server.base_server:run:154 - Imputation Round 11
2024-11-20 18:50:25.287 | INFO     | src.fed_imp.sub_modules.server.base_server:run:153 - ==================================================
2024-11-20 18:50:25.288 | INFO     | src.fed_imp.sub_modules.server.base_server:run:154 - Imputation Round 11
2024-11-20 18:50:42.052 | INFO     | src.fed_imp.sub_modules.server.base_server:run:153 - ==================================================
2024-11-20 18:50:42.053 | INFO     | src.fed_imp.sub_modules.server.base_server:run:154 - Imputation Round 12
2024-11-20 18:50:44.051 | INFO     | src.fed_imp.sub_modules.server.base_server:run:153 - ==================================================
2024-11-20 18:50:44.051 | INFO     | src.fed_imp.sub_modules.server.base_server:run:154 - Imputation Round 12
2024-11-20 18:50:49.930 | INFO     | src.fed_imp.sub_modules.server.base_server:run:153 - ==================================================
2024-11-20 18:50:49.930 | INFO     | src.fed_imp.sub_modules.server.base_server:run:154 - Imputation Round 12
2024-11-20 18:50:51.858 | INFO     | src.fed_imp.sub_modules.server.base_server:run:153 - ==================================================
2024-11-20 18:50:51.858 | INFO     | src.fed_imp.sub_modules.server.base_server:run:154 - Imputation Round 12
2024-11-20 18:50:55.139 | INFO     | src.fed_imp.sub_modules.server.base_server:run:153 - ==================================================
2024-11-20 18:50:55.140 | INFO     | src.fed_imp.sub_modules.server.base_server:run:154 - Imputation Round 12
2024-11-20 18:51:04.468 | INFO     | src.fed_imp.sub_modules.server.base_server:run:153 - ==================================================
2024-11-20 18:51:04.468 | INFO     | src.fed_imp.sub_modules.server.base_server:run:154 - Imputation Round 12
2024-11-20 18:51:12.603 | INFO     | src.fed_imp.sub_modules.server.base_server:run:153 - ==================================================
2024-11-20 18:51:12.603 | INFO     | src.fed_imp.sub_modules.server.base_server:run:154 - Imputation Round 12
2024-11-20 18:51:19.368 | INFO     | src.fed_imp.sub_modules.server.base_server:run:153 - ==================================================
2024-11-20 18:51:19.368 | INFO     | src.fed_imp.sub_modules.server.base_server:run:154 - Imputation Round 12
2024-11-20 18:51:20.983 | INFO     | src.fed_imp.sub_modules.server.base_server:run:153 - ==================================================
2024-11-20 18:51:20.983 | INFO     | src.fed_imp.sub_modules.server.base_server:run:154 - Imputation Round 12
2024-11-20 18:51:39.373 | INFO     | src.fed_imp.sub_modules.server.base_server:run:153 - ==================================================
2024-11-20 18:51:39.373 | INFO     | src.fed_imp.sub_modules.server.base_server:run:154 - Imputation Round 12
2024-11-20 18:51:49.727 | INFO     | src.fed_imp.sub_modules.server.base_server:run:153 - ==================================================
2024-11-20 18:51:49.728 | INFO     | src.fed_imp.sub_modules.server.base_server:run:154 - Imputation Round 13
2024-11-20 18:51:52.316 | INFO     | src.fed_imp.sub_modules.server.base_server:run:153 - ==================================================
2024-11-20 18:51:52.317 | INFO     | src.fed_imp.sub_modules.server.base_server:run:154 - Imputation Round 13
2024-11-20 18:51:58.256 | INFO     | src.fed_imp.sub_modules.server.base_server:run:153 - ==================================================
2024-11-20 18:51:58.256 | INFO     | src.fed_imp.sub_modules.server.base_server:run:154 - Imputation Round 13
2024-11-20 18:52:00.742 | INFO     | src.fed_imp.sub_modules.server.base_server:run:153 - ==================================================
2024-11-20 18:52:00.743 | INFO     | src.fed_imp.sub_modules.server.base_server:run:154 - Imputation Round 13
2024-11-20 18:52:04.450 | INFO     | src.fed_imp.sub_modules.server.base_server:run:153 - ==================================================
2024-11-20 18:52:04.450 | INFO     | src.fed_imp.sub_modules.server.base_server:run:154 - Imputation Round 13
2024-11-20 18:52:14.519 | INFO     | src.fed_imp.sub_modules.server.base_server:run:153 - ==================================================
2024-11-20 18:52:14.519 | INFO     | src.fed_imp.sub_modules.server.base_server:run:154 - Imputation Round 13
2024-11-20 18:52:24.362 | INFO     | src.fed_imp.sub_modules.server.base_server:run:153 - ==================================================
2024-11-20 18:52:24.363 | INFO     | src.fed_imp.sub_modules.server.base_server:run:154 - Imputation Round 13
2024-11-20 18:52:30.887 | INFO     | src.fed_imp.sub_modules.server.base_server:run:153 - ==================================================
2024-11-20 18:52:30.887 | INFO     | src.fed_imp.sub_modules.server.base_server:run:154 - Imputation Round 13
2024-11-20 18:52:33.323 | INFO     | src.fed_imp.sub_modules.server.base_server:run:153 - ==================================================
2024-11-20 18:52:33.323 | INFO     | src.fed_imp.sub_modules.server.base_server:run:154 - Imputation Round 13
2024-11-20 18:52:53.122 | INFO     | src.fed_imp.sub_modules.server.base_server:run:153 - ==================================================
2024-11-20 18:52:53.122 | INFO     | src.fed_imp.sub_modules.server.base_server:run:154 - Imputation Round 13
2024-11-20 18:52:57.461 | INFO     | src.fed_imp.sub_modules.server.base_server:run:153 - ==================================================
2024-11-20 18:52:57.462 | INFO     | src.fed_imp.sub_modules.server.base_server:run:154 - Imputation Round 14
2024-11-20 18:53:01.086 | INFO     | src.fed_imp.sub_modules.server.base_server:run:153 - ==================================================
2024-11-20 18:53:01.086 | INFO     | src.fed_imp.sub_modules.server.base_server:run:154 - Imputation Round 14
2024-11-20 18:53:07.172 | INFO     | src.fed_imp.sub_modules.server.base_server:run:153 - ==================================================
2024-11-20 18:53:07.172 | INFO     | src.fed_imp.sub_modules.server.base_server:run:154 - Imputation Round 14
2024-11-20 18:53:10.565 | INFO     | src.fed_imp.sub_modules.server.base_server:run:153 - ==================================================
2024-11-20 18:53:10.565 | INFO     | src.fed_imp.sub_modules.server.base_server:run:154 - Imputation Round 14
2024-11-20 18:53:14.085 | INFO     | src.fed_imp.sub_modules.server.base_server:run:153 - ==================================================
2024-11-20 18:53:14.086 | INFO     | src.fed_imp.sub_modules.server.base_server:run:154 - Imputation Round 14
2024-11-20 18:53:25.134 | INFO     | src.fed_imp.sub_modules.server.base_server:run:153 - ==================================================
2024-11-20 18:53:25.134 | INFO     | src.fed_imp.sub_modules.server.base_server:run:154 - Imputation Round 14
2024-11-20 18:53:35.956 | INFO     | src.fed_imp.sub_modules.server.base_server:run:153 - ==================================================
2024-11-20 18:53:35.956 | INFO     | src.fed_imp.sub_modules.server.base_server:run:154 - Imputation Round 14
2024-11-20 18:53:42.550 | INFO     | src.fed_imp.sub_modules.server.base_server:run:153 - ==================================================
2024-11-20 18:53:42.551 | INFO     | src.fed_imp.sub_modules.server.base_server:run:154 - Imputation Round 14
2024-11-20 18:53:45.917 | INFO     | src.fed_imp.sub_modules.server.base_server:run:153 - ==================================================
2024-11-20 18:53:45.917 | INFO     | src.fed_imp.sub_modules.server.base_server:run:154 - Imputation Round 14
2024-11-20 18:54:04.783 | INFO     | src.fed_imp.sub_modules.server.base_server:run:153 - ==================================================
2024-11-20 18:54:04.783 | INFO     | src.fed_imp.sub_modules.server.base_server:run:154 - Imputation Round 15
2024-11-20 18:54:07.012 | INFO     | src.fed_imp.sub_modules.server.base_server:run:153 - ==================================================
2024-11-20 18:54:07.012 | INFO     | src.fed_imp.sub_modules.server.base_server:run:154 - Imputation Round 14
2024-11-20 18:54:09.458 | INFO     | src.fed_imp.sub_modules.server.base_server:run:153 - ==================================================
2024-11-20 18:54:09.459 | INFO     | src.fed_imp.sub_modules.server.base_server:run:154 - Imputation Round 15
2024-11-20 18:54:15.771 | INFO     | src.fed_imp.sub_modules.server.base_server:run:153 - ==================================================
2024-11-20 18:54:15.771 | INFO     | src.fed_imp.sub_modules.server.base_server:run:154 - Imputation Round 15
2024-11-20 18:54:19.983 | INFO     | src.fed_imp.sub_modules.server.base_server:run:153 - ==================================================
2024-11-20 18:54:19.984 | INFO     | src.fed_imp.sub_modules.server.base_server:run:154 - Imputation Round 15
2024-11-20 18:54:23.699 | INFO     | src.fed_imp.sub_modules.server.base_server:run:153 - ==================================================
2024-11-20 18:54:23.699 | INFO     | src.fed_imp.sub_modules.server.base_server:run:154 - Imputation Round 15
2024-11-20 18:54:35.314 | INFO     | src.fed_imp.sub_modules.server.base_server:run:153 - ==================================================
2024-11-20 18:54:35.314 | INFO     | src.fed_imp.sub_modules.server.base_server:run:154 - Imputation Round 15
2024-11-20 18:54:47.823 | INFO     | src.fed_imp.sub_modules.server.base_server:run:153 - ==================================================
2024-11-20 18:54:47.823 | INFO     | src.fed_imp.sub_modules.server.base_server:run:154 - Imputation Round 15
2024-11-20 18:54:54.622 | INFO     | src.fed_imp.sub_modules.server.base_server:run:153 - ==================================================
2024-11-20 18:54:54.622 | INFO     | src.fed_imp.sub_modules.server.base_server:run:154 - Imputation Round 15
2024-11-20 18:54:58.627 | INFO     | src.fed_imp.sub_modules.server.base_server:run:153 - ==================================================
2024-11-20 18:54:58.627 | INFO     | src.fed_imp.sub_modules.server.base_server:run:154 - Imputation Round 15
2024-11-20 18:55:12.092 | INFO     | src.fed_imp.sub_modules.server.base_server:run:153 - ==================================================
2024-11-20 18:55:12.092 | INFO     | src.fed_imp.sub_modules.server.base_server:run:154 - Imputation Round 16
2024-11-20 18:55:17.669 | INFO     | src.fed_imp.sub_modules.server.base_server:run:153 - ==================================================
2024-11-20 18:55:17.670 | INFO     | src.fed_imp.sub_modules.server.base_server:run:154 - Imputation Round 16
2024-11-20 18:55:20.397 | INFO     | src.fed_imp.sub_modules.server.base_server:run:153 - ==================================================
2024-11-20 18:55:20.397 | INFO     | src.fed_imp.sub_modules.server.base_server:run:154 - Imputation Round 15
2024-11-20 18:55:24.431 | INFO     | src.fed_imp.sub_modules.server.base_server:run:153 - ==================================================
2024-11-20 18:55:24.431 | INFO     | src.fed_imp.sub_modules.server.base_server:run:154 - Imputation Round 16
2024-11-20 18:55:29.159 | INFO     | src.fed_imp.sub_modules.server.base_server:run:153 - ==================================================
2024-11-20 18:55:29.160 | INFO     | src.fed_imp.sub_modules.server.base_server:run:154 - Imputation Round 16
2024-11-20 18:55:33.209 | INFO     | src.fed_imp.sub_modules.server.base_server:run:153 - ==================================================
2024-11-20 18:55:33.210 | INFO     | src.fed_imp.sub_modules.server.base_server:run:154 - Imputation Round 16
2024-11-20 18:55:45.528 | INFO     | src.fed_imp.sub_modules.server.base_server:run:153 - ==================================================
2024-11-20 18:55:45.529 | INFO     | src.fed_imp.sub_modules.server.base_server:run:154 - Imputation Round 16
2024-11-20 18:56:00.177 | INFO     | src.fed_imp.sub_modules.server.base_server:run:153 - ==================================================
2024-11-20 18:56:00.177 | INFO     | src.fed_imp.sub_modules.server.base_server:run:154 - Imputation Round 16
2024-11-20 18:56:07.103 | INFO     | src.fed_imp.sub_modules.server.base_server:run:153 - ==================================================
2024-11-20 18:56:07.104 | INFO     | src.fed_imp.sub_modules.server.base_server:run:154 - Imputation Round 16
2024-11-20 18:56:11.765 | INFO     | src.fed_imp.sub_modules.server.base_server:run:153 - ==================================================
2024-11-20 18:56:11.765 | INFO     | src.fed_imp.sub_modules.server.base_server:run:154 - Imputation Round 16
2024-11-20 18:56:19.648 | INFO     | src.fed_imp.sub_modules.server.base_server:run:153 - ==================================================
2024-11-20 18:56:19.649 | INFO     | src.fed_imp.sub_modules.server.base_server:run:154 - Imputation Round 17
2024-11-20 18:56:25.802 | INFO     | src.fed_imp.sub_modules.server.base_server:run:153 - ==================================================
2024-11-20 18:56:25.802 | INFO     | src.fed_imp.sub_modules.server.base_server:run:154 - Imputation Round 17
2024-11-20 18:56:33.021 | INFO     | src.fed_imp.sub_modules.server.base_server:run:153 - ==================================================
2024-11-20 18:56:33.022 | INFO     | src.fed_imp.sub_modules.server.base_server:run:154 - Imputation Round 17
2024-11-20 18:56:33.831 | INFO     | src.fed_imp.sub_modules.server.base_server:run:153 - ==================================================
2024-11-20 18:56:33.832 | INFO     | src.fed_imp.sub_modules.server.base_server:run:154 - Imputation Round 16
2024-11-20 18:56:38.158 | INFO     | src.fed_imp.sub_modules.server.base_server:run:153 - ==================================================
2024-11-20 18:56:38.159 | INFO     | src.fed_imp.sub_modules.server.base_server:run:154 - Imputation Round 17
2024-11-20 18:56:42.494 | INFO     | src.fed_imp.sub_modules.server.base_server:run:153 - ==================================================
2024-11-20 18:56:42.494 | INFO     | src.fed_imp.sub_modules.server.base_server:run:154 - Imputation Round 17
2024-11-20 18:56:55.526 | INFO     | src.fed_imp.sub_modules.server.base_server:run:153 - ==================================================
2024-11-20 18:56:55.526 | INFO     | src.fed_imp.sub_modules.server.base_server:run:154 - Imputation Round 17
2024-11-20 18:57:12.725 | INFO     | src.fed_imp.sub_modules.server.base_server:run:153 - ==================================================
2024-11-20 18:57:12.726 | INFO     | src.fed_imp.sub_modules.server.base_server:run:154 - Imputation Round 17
2024-11-20 18:57:19.177 | INFO     | src.fed_imp.sub_modules.server.base_server:run:153 - ==================================================
2024-11-20 18:57:19.177 | INFO     | src.fed_imp.sub_modules.server.base_server:run:154 - Imputation Round 17
2024-11-20 18:57:25.010 | INFO     | src.fed_imp.sub_modules.server.base_server:run:153 - ==================================================
2024-11-20 18:57:25.010 | INFO     | src.fed_imp.sub_modules.server.base_server:run:154 - Imputation Round 17
2024-11-20 18:57:27.694 | INFO     | src.fed_imp.sub_modules.server.base_server:run:153 - ==================================================
2024-11-20 18:57:27.695 | INFO     | src.fed_imp.sub_modules.server.base_server:run:154 - Imputation Round 18
2024-11-20 18:57:34.155 | INFO     | src.fed_imp.sub_modules.server.base_server:run:153 - ==================================================
2024-11-20 18:57:34.155 | INFO     | src.fed_imp.sub_modules.server.base_server:run:154 - Imputation Round 18
2024-11-20 18:57:42.058 | INFO     | src.fed_imp.sub_modules.server.base_server:run:153 - ==================================================
2024-11-20 18:57:42.058 | INFO     | src.fed_imp.sub_modules.server.base_server:run:154 - Imputation Round 18
2024-11-20 18:57:47.307 | INFO     | src.fed_imp.sub_modules.server.base_server:run:153 - ==================================================
2024-11-20 18:57:47.307 | INFO     | src.fed_imp.sub_modules.server.base_server:run:154 - Imputation Round 18
2024-11-20 18:57:47.443 | INFO     | src.fed_imp.sub_modules.server.base_server:run:153 - ==================================================
2024-11-20 18:57:47.443 | INFO     | src.fed_imp.sub_modules.server.base_server:run:154 - Imputation Round 17
2024-11-20 18:57:51.995 | INFO     | src.fed_imp.sub_modules.server.base_server:run:153 - ==================================================
2024-11-20 18:57:51.996 | INFO     | src.fed_imp.sub_modules.server.base_server:run:154 - Imputation Round 18
2024-11-20 18:58:05.617 | INFO     | src.fed_imp.sub_modules.server.base_server:run:153 - ==================================================
2024-11-20 18:58:05.617 | INFO     | src.fed_imp.sub_modules.server.base_server:run:154 - Imputation Round 18
2024-11-20 18:58:24.618 | INFO     | src.fed_imp.sub_modules.server.base_server:run:153 - ==================================================
2024-11-20 18:58:24.619 | INFO     | src.fed_imp.sub_modules.server.base_server:run:154 - Imputation Round 18
2024-11-20 18:58:31.122 | INFO     | src.fed_imp.sub_modules.server.base_server:run:153 - ==================================================
2024-11-20 18:58:31.122 | INFO     | src.fed_imp.sub_modules.server.base_server:run:154 - Imputation Round 18
2024-11-20 18:58:35.435 | INFO     | src.fed_imp.sub_modules.server.base_server:run:153 - ==================================================
2024-11-20 18:58:35.436 | INFO     | src.fed_imp.sub_modules.server.base_server:run:154 - Imputation Round 19
2024-11-20 18:58:38.570 | INFO     | src.fed_imp.sub_modules.server.base_server:run:153 - ==================================================
2024-11-20 18:58:38.570 | INFO     | src.fed_imp.sub_modules.server.base_server:run:154 - Imputation Round 18
2024-11-20 18:58:42.406 | INFO     | src.fed_imp.sub_modules.server.base_server:run:153 - ==================================================
2024-11-20 18:58:42.407 | INFO     | src.fed_imp.sub_modules.server.base_server:run:154 - Imputation Round 19
2024-11-20 18:58:51.011 | INFO     | src.fed_imp.sub_modules.server.base_server:run:153 - ==================================================
2024-11-20 18:58:51.011 | INFO     | src.fed_imp.sub_modules.server.base_server:run:154 - Imputation Round 19
2024-11-20 18:58:56.780 | INFO     | src.fed_imp.sub_modules.server.base_server:run:153 - ==================================================
2024-11-20 18:58:56.781 | INFO     | src.fed_imp.sub_modules.server.base_server:run:154 - Imputation Round 19
2024-11-20 18:59:01.531 | INFO     | src.fed_imp.sub_modules.server.base_server:run:153 - ==================================================
2024-11-20 18:59:01.531 | INFO     | src.fed_imp.sub_modules.server.base_server:run:154 - Imputation Round 18
2024-11-20 18:59:01.670 | INFO     | src.fed_imp.sub_modules.server.base_server:run:153 - ==================================================
2024-11-20 18:59:01.671 | INFO     | src.fed_imp.sub_modules.server.base_server:run:154 - Imputation Round 19
2024-11-20 18:59:15.676 | INFO     | src.fed_imp.sub_modules.server.base_server:run:153 - ==================================================
2024-11-20 18:59:15.676 | INFO     | src.fed_imp.sub_modules.server.base_server:run:154 - Imputation Round 19
2024-11-20 18:59:36.553 | INFO     | src.fed_imp.sub_modules.server.base_server:run:153 - ==================================================
2024-11-20 18:59:36.554 | INFO     | src.fed_imp.sub_modules.server.base_server:run:154 - Imputation Round 19
2024-11-20 18:59:43.399 | INFO     | src.fed_imp.sub_modules.server.base_server:run:153 - ==================================================
2024-11-20 18:59:43.399 | INFO     | src.fed_imp.sub_modules.server.base_server:run:154 - Imputation Round 20
2024-11-20 18:59:43.470 | INFO     | src.fed_imp.sub_modules.server.base_server:run:153 - ==================================================
2024-11-20 18:59:43.471 | INFO     | src.fed_imp.sub_modules.server.base_server:run:154 - Imputation Round 19
2024-11-20 18:59:50.466 | INFO     | src.fed_imp.sub_modules.server.base_server:run:153 - ==================================================
2024-11-20 18:59:50.466 | INFO     | src.fed_imp.sub_modules.server.base_server:run:154 - Imputation Round 20
2024-11-20 18:59:51.709 | INFO     | src.fed_imp.sub_modules.server.base_server:run:153 - ==================================================
2024-11-20 18:59:51.709 | INFO     | src.fed_imp.sub_modules.server.base_server:run:154 - Imputation Round 19
2024-11-20 18:59:59.810 | INFO     | src.fed_imp.sub_modules.server.base_server:run:153 - ==================================================
2024-11-20 18:59:59.811 | INFO     | src.fed_imp.sub_modules.server.base_server:run:154 - Imputation Round 20
2024-11-20 19:00:05.638 | INFO     | src.fed_imp.sub_modules.server.base_server:run:153 - ==================================================
2024-11-20 19:00:05.639 | INFO     | src.fed_imp.sub_modules.server.base_server:run:154 - Imputation Round 20
2024-11-20 19:00:10.599 | INFO     | src.fed_imp.sub_modules.server.base_server:run:153 - ==================================================
2024-11-20 19:00:10.599 | INFO     | src.fed_imp.sub_modules.server.base_server:run:154 - Imputation Round 20
2024-11-20 19:00:14.734 | INFO     | src.fed_imp.sub_modules.server.base_server:run:153 - ==================================================
2024-11-20 19:00:14.735 | INFO     | src.fed_imp.sub_modules.server.base_server:run:154 - Imputation Round 19
2024-11-20 19:00:25.414 | INFO     | src.fed_imp.sub_modules.server.base_server:run:153 - ==================================================
2024-11-20 19:00:25.415 | INFO     | src.fed_imp.sub_modules.server.base_server:run:154 - Imputation Round 20
2024-11-20 19:00:47.547 | INFO     | src.fed_imp.sub_modules.server.base_server:run:153 - ==================================================
2024-11-20 19:00:47.547 | INFO     | src.fed_imp.sub_modules.server.base_server:run:154 - Imputation Round 20
2024-11-20 19:00:50.305 | INFO     | src.fed_imp.sub_modules.server.base_server:run:183 - FL finished in 1395.4990495149978
2024-11-20 19:00:54.703 | INFO     | src.fed_imp.sub_modules.server.base_server:run:153 - ==================================================
2024-11-20 19:00:54.703 | INFO     | src.fed_imp.sub_modules.server.base_server:run:154 - Imputation Round 20
2024-11-20 19:00:57.552 | INFO     | src.fed_imp.sub_modules.server.base_server:run:183 - FL finished in 1402.0128872692585
2024-11-20 19:01:04.210 | INFO     | src.fed_imp.sub_modules.server.base_server:run:153 - ==================================================
2024-11-20 19:01:04.210 | INFO     | src.fed_imp.sub_modules.server.base_server:run:154 - Imputation Round 20
2024-11-20 19:01:07.256 | INFO     | src.fed_imp.sub_modules.server.base_server:run:183 - FL finished in 1412.438046057243
2024-11-20 19:01:13.641 | INFO     | src.fed_imp.sub_modules.server.base_server:run:183 - FL finished in 1418.7422836888582
2024-11-20 19:01:18.614 | INFO     | src.fed_imp.sub_modules.server.base_server:run:183 - FL finished in 1423.7839533719234
2024-11-20 19:01:26.531 | INFO     | src.fed_imp.sub_modules.server.base_server:run:153 - ==================================================
2024-11-20 19:01:26.531 | INFO     | src.fed_imp.sub_modules.server.base_server:run:154 - Imputation Round 20
2024-11-20 19:01:33.471 | INFO     | src.fed_imp.sub_modules.server.base_server:run:183 - FL finished in 1438.6256038323045
[Parallel(n_jobs=10)]: Done   2 out of  10 | elapsed: 24.2min remaining: 96.9min
2024-11-20 19:01:55.652 | INFO     | src.fed_imp.sub_modules.server.base_server:run:183 - FL finished in 1460.7031460292637
2024-11-20 19:02:01.575 | INFO     | src.fed_imp.sub_modules.server.base_server:run:183 - FL finished in 1466.9080601730384
2024-11-20 19:02:10.921 | INFO     | src.fed_imp.sub_modules.server.base_server:run:183 - FL finished in 1475.9593529524282
2024-11-20 19:02:29.632 | INFO     | src.fed_imp.sub_modules.server.base_server:run:183 - FL finished in 1494.2264473768882
[Parallel(n_jobs=10)]: Done  10 out of  10 | elapsed: 25.7min finished
2024-11-20 19:03:01.971 | INFO     | src.fed_imp.experiment:run_experiment:339 - Summary: fedavg-s
2024-11-20 19:03:02.259 | INFO     | src.fed_imp.experiment:experiment_result_processing:387 - imp@rmse: avg 0.17016177059863608
2024-11-20 19:03:02.259 | INFO     | src.fed_imp.experiment:experiment_result_processing:387 - imp@w2: avg 1.3282622233734305
2024-11-20 19:03:02.259 | INFO     | src.fed_imp.experiment:experiment_result_processing:387 - imp@sliced_ws: avg 0.06600371472278646
2024-11-20 19:03:02.259 | INFO     | src.fed_imp.experiment:experiment_result_processing:402 - model pred_accu: 0.00000 (0.000) pred_f1: 0.00000 (0.000)
2024-11-20 19:07:52.505 | INFO     | src.fed_imp.experiment:experiment_result_processing:424 - imp@rmse: 0.17016 (0.022) imp@sliced_ws: 0.06600 (0.013) imp@global_ws: 0.05721
2024-11-20 19:07:52.506 | INFO     | src.experiment_management.experiment_manager:run_experiments:67 - Experiment finished in 1831.2557592391968
2024-11-20 19:07:53.347 | INFO     | src.experiment_management.experiment_manager:run_experiments:86 - Total time: 1832.0974810123444
