2024-11-19 02:28:11.657 | INFO     | src.experiment_management.experiment_manager:set_experiment:22 - Experiment name: fed_imp
2024-11-19 02:28:11.659 | INFO     | src.experiment_management.experiment_manager:run_experiments:45 - Running 1 experiments
2024-11-19 02:28:11.659 | INFO     | src.experiment_management.experiment_manager:run_experiments:51 - Experiment - 0
2024-11-19 02:28:11.659 | INFO     | src.experiment_management.experiment_manager:run_experiments:52 - Experiment - ['dn', 'nc', 'dp', 'ms', 'mct', 'st', 'as', 's', 's', 'p', 'nr', 'n', 'ts']
2024-11-19 02:28:11.659 | INFO     | src.experiment_management.experiment_manager:run_experiments:53 - Experiment - ('heart_disease_binary', 0, 'natural', 'random2@mrl=0.3_mrr=0.7_mm=mnarlrsigst', 'allk0.25_sphere', 'fedavg_pytorch', 'local', 102931466, 50, False, 5, 5, 0.1)
[Parallel(n_jobs=5)]: Using backend LokyBackend with 5 concurrent workers.
2024-11-19 02:28:14.886 | INFO     | src.fed_imp.experiment:main_func:31 - Round 1
2024-11-19 02:28:14.904 | INFO     | src.fed_imp.experiment:main_func:31 - Round 0
2024-11-19 02:28:14.926 | INFO     | src.fed_imp.experiment:main_func:31 - Round 2
2024-11-19 02:28:14.945 | INFO     | src.fed_imp.experiment:main_func:31 - Round 4
2024-11-19 02:28:14.954 | INFO     | src.fed_imp.experiment:main_func:31 - Round 3
2024-11-19 02:28:15.125 | INFO     | src.fed_imp.sub_modules.server.base_server:run:153 - ==================================================
2024-11-19 02:28:15.125 | INFO     | src.fed_imp.sub_modules.server.base_server:run:154 - Imputation Round 1
2024-11-19 02:28:15.153 | INFO     | src.fed_imp.sub_modules.server.base_server:run:153 - ==================================================
2024-11-19 02:28:15.153 | INFO     | src.fed_imp.sub_modules.server.base_server:run:154 - Imputation Round 1
2024-11-19 02:28:15.164 | INFO     | src.fed_imp.sub_modules.server.base_server:run:153 - ==================================================
2024-11-19 02:28:15.165 | INFO     | src.fed_imp.sub_modules.server.base_server:run:154 - Imputation Round 1
2024-11-19 02:28:15.185 | INFO     | src.fed_imp.sub_modules.server.base_server:run:153 - ==================================================
2024-11-19 02:28:15.185 | INFO     | src.fed_imp.sub_modules.server.base_server:run:154 - Imputation Round 1
2024-11-19 02:28:15.194 | INFO     | src.fed_imp.sub_modules.server.base_server:run:153 - ==================================================
2024-11-19 02:28:15.194 | INFO     | src.fed_imp.sub_modules.server.base_server:run:154 - Imputation Round 1
2024-11-19 02:28:16.408 | INFO     | src.fed_imp.sub_modules.server.base_server:run:153 - ==================================================
2024-11-19 02:28:16.408 | INFO     | src.fed_imp.sub_modules.server.base_server:run:154 - Imputation Round 2
2024-11-19 02:28:16.435 | INFO     | src.fed_imp.sub_modules.server.base_server:run:153 - ==================================================
2024-11-19 02:28:16.436 | INFO     | src.fed_imp.sub_modules.server.base_server:run:154 - Imputation Round 2
2024-11-19 02:28:16.467 | INFO     | src.fed_imp.sub_modules.server.base_server:run:153 - ==================================================
2024-11-19 02:28:16.467 | INFO     | src.fed_imp.sub_modules.server.base_server:run:154 - Imputation Round 2
2024-11-19 02:28:16.482 | INFO     | src.fed_imp.sub_modules.server.base_server:run:153 - ==================================================
2024-11-19 02:28:16.483 | INFO     | src.fed_imp.sub_modules.server.base_server:run:154 - Imputation Round 2
2024-11-19 02:28:16.488 | INFO     | src.fed_imp.sub_modules.server.base_server:run:153 - ==================================================
2024-11-19 02:28:16.488 | INFO     | src.fed_imp.sub_modules.server.base_server:run:154 - Imputation Round 2
2024-11-19 02:28:17.685 | INFO     | src.fed_imp.sub_modules.server.base_server:run:153 - ==================================================
2024-11-19 02:28:17.685 | INFO     | src.fed_imp.sub_modules.server.base_server:run:154 - Imputation Round 3
2024-11-19 02:28:17.702 | INFO     | src.fed_imp.sub_modules.server.base_server:run:153 - ==================================================
2024-11-19 02:28:17.702 | INFO     | src.fed_imp.sub_modules.server.base_server:run:154 - Imputation Round 3
2024-11-19 02:28:17.772 | INFO     | src.fed_imp.sub_modules.server.base_server:run:153 - ==================================================
2024-11-19 02:28:17.773 | INFO     | src.fed_imp.sub_modules.server.base_server:run:154 - Imputation Round 3
2024-11-19 02:28:17.773 | INFO     | src.fed_imp.sub_modules.server.base_server:run:153 - ==================================================
2024-11-19 02:28:17.774 | INFO     | src.fed_imp.sub_modules.server.base_server:run:154 - Imputation Round 3
2024-11-19 02:28:17.782 | INFO     | src.fed_imp.sub_modules.server.base_server:run:153 - ==================================================
2024-11-19 02:28:17.782 | INFO     | src.fed_imp.sub_modules.server.base_server:run:154 - Imputation Round 3
2024-11-19 02:28:18.964 | INFO     | src.fed_imp.sub_modules.server.base_server:run:153 - ==================================================
2024-11-19 02:28:18.964 | INFO     | src.fed_imp.sub_modules.server.base_server:run:154 - Imputation Round 4
2024-11-19 02:28:18.965 | INFO     | src.fed_imp.sub_modules.server.base_server:run:153 - ==================================================
2024-11-19 02:28:18.965 | INFO     | src.fed_imp.sub_modules.server.base_server:run:154 - Imputation Round 4
2024-11-19 02:28:19.077 | INFO     | src.fed_imp.sub_modules.server.base_server:run:153 - ==================================================
2024-11-19 02:28:19.077 | INFO     | src.fed_imp.sub_modules.server.base_server:run:154 - Imputation Round 4
2024-11-19 02:28:19.077 | INFO     | src.fed_imp.sub_modules.server.base_server:run:153 - ==================================================
2024-11-19 02:28:19.077 | INFO     | src.fed_imp.sub_modules.server.base_server:run:154 - Imputation Round 4
2024-11-19 02:28:19.095 | INFO     | src.fed_imp.sub_modules.server.base_server:run:153 - ==================================================
2024-11-19 02:28:19.095 | INFO     | src.fed_imp.sub_modules.server.base_server:run:154 - Imputation Round 4
2024-11-19 02:28:20.236 | INFO     | src.fed_imp.sub_modules.server.base_server:run:153 - ==================================================
2024-11-19 02:28:20.236 | INFO     | src.fed_imp.sub_modules.server.base_server:run:154 - Imputation Round 5
2024-11-19 02:28:20.244 | INFO     | src.fed_imp.sub_modules.server.base_server:run:153 - ==================================================
2024-11-19 02:28:20.244 | INFO     | src.fed_imp.sub_modules.server.base_server:run:154 - Imputation Round 5
2024-11-19 02:28:20.382 | INFO     | src.fed_imp.sub_modules.server.base_server:run:153 - ==================================================
2024-11-19 02:28:20.382 | INFO     | src.fed_imp.sub_modules.server.base_server:run:154 - Imputation Round 5
2024-11-19 02:28:20.383 | INFO     | src.fed_imp.sub_modules.server.base_server:run:153 - ==================================================
2024-11-19 02:28:20.383 | INFO     | src.fed_imp.sub_modules.server.base_server:run:154 - Imputation Round 5
2024-11-19 02:28:20.383 | INFO     | src.fed_imp.sub_modules.server.base_server:run:153 - ==================================================
2024-11-19 02:28:20.383 | INFO     | src.fed_imp.sub_modules.server.base_server:run:154 - Imputation Round 5
2024-11-19 02:28:21.513 | INFO     | src.fed_imp.sub_modules.server.base_server:run:153 - ==================================================
2024-11-19 02:28:21.513 | INFO     | src.fed_imp.sub_modules.server.base_server:run:154 - Imputation Round 6
2024-11-19 02:28:21.534 | INFO     | src.fed_imp.sub_modules.server.base_server:run:153 - ==================================================
2024-11-19 02:28:21.534 | INFO     | src.fed_imp.sub_modules.server.base_server:run:154 - Imputation Round 6
2024-11-19 02:28:21.686 | INFO     | src.fed_imp.sub_modules.server.base_server:run:153 - ==================================================
2024-11-19 02:28:21.686 | INFO     | src.fed_imp.sub_modules.server.base_server:run:154 - Imputation Round 6
2024-11-19 02:28:21.688 | INFO     | src.fed_imp.sub_modules.server.base_server:run:153 - ==================================================
2024-11-19 02:28:21.688 | INFO     | src.fed_imp.sub_modules.server.base_server:run:154 - Imputation Round 6
2024-11-19 02:28:21.703 | INFO     | src.fed_imp.sub_modules.server.base_server:run:153 - ==================================================
2024-11-19 02:28:21.703 | INFO     | src.fed_imp.sub_modules.server.base_server:run:154 - Imputation Round 6
2024-11-19 02:28:22.788 | INFO     | src.fed_imp.sub_modules.server.base_server:run:153 - ==================================================
2024-11-19 02:28:22.788 | INFO     | src.fed_imp.sub_modules.server.base_server:run:154 - Imputation Round 7
2024-11-19 02:28:22.820 | INFO     | src.fed_imp.sub_modules.server.base_server:run:153 - ==================================================
2024-11-19 02:28:22.821 | INFO     | src.fed_imp.sub_modules.server.base_server:run:154 - Imputation Round 7
2024-11-19 02:28:22.993 | INFO     | src.fed_imp.sub_modules.server.base_server:run:153 - ==================================================
2024-11-19 02:28:22.993 | INFO     | src.fed_imp.sub_modules.server.base_server:run:154 - Imputation Round 7
2024-11-19 02:28:23.013 | INFO     | src.fed_imp.sub_modules.server.base_server:run:153 - ==================================================
2024-11-19 02:28:23.014 | INFO     | src.fed_imp.sub_modules.server.base_server:run:154 - Imputation Round 7
2024-11-19 02:28:23.016 | INFO     | src.fed_imp.sub_modules.server.base_server:run:153 - ==================================================
2024-11-19 02:28:23.017 | INFO     | src.fed_imp.sub_modules.server.base_server:run:154 - Imputation Round 7
2024-11-19 02:28:24.050 | INFO     | src.fed_imp.sub_modules.server.base_server:run:153 - ==================================================
2024-11-19 02:28:24.051 | INFO     | src.fed_imp.sub_modules.server.base_server:run:154 - Imputation Round 8
2024-11-19 02:28:24.094 | INFO     | src.fed_imp.sub_modules.server.base_server:run:153 - ==================================================
2024-11-19 02:28:24.094 | INFO     | src.fed_imp.sub_modules.server.base_server:run:154 - Imputation Round 8
2024-11-19 02:28:24.282 | INFO     | src.fed_imp.sub_modules.server.base_server:run:153 - ==================================================
2024-11-19 02:28:24.283 | INFO     | src.fed_imp.sub_modules.server.base_server:run:154 - Imputation Round 8
2024-11-19 02:28:24.292 | INFO     | src.fed_imp.sub_modules.server.base_server:run:153 - ==================================================
2024-11-19 02:28:24.293 | INFO     | src.fed_imp.sub_modules.server.base_server:run:154 - Imputation Round 8
2024-11-19 02:28:24.310 | INFO     | src.fed_imp.sub_modules.server.base_server:run:153 - ==================================================
2024-11-19 02:28:24.310 | INFO     | src.fed_imp.sub_modules.server.base_server:run:154 - Imputation Round 8
2024-11-19 02:28:25.314 | INFO     | src.fed_imp.sub_modules.server.base_server:run:153 - ==================================================
2024-11-19 02:28:25.314 | INFO     | src.fed_imp.sub_modules.server.base_server:run:154 - Imputation Round 9
2024-11-19 02:28:25.367 | INFO     | src.fed_imp.sub_modules.server.base_server:run:153 - ==================================================
2024-11-19 02:28:25.367 | INFO     | src.fed_imp.sub_modules.server.base_server:run:154 - Imputation Round 9
2024-11-19 02:28:25.571 | INFO     | src.fed_imp.sub_modules.server.base_server:run:153 - ==================================================
2024-11-19 02:28:25.571 | INFO     | src.fed_imp.sub_modules.server.base_server:run:154 - Imputation Round 9
2024-11-19 02:28:25.575 | INFO     | src.fed_imp.sub_modules.server.base_server:run:153 - ==================================================
2024-11-19 02:28:25.576 | INFO     | src.fed_imp.sub_modules.server.base_server:run:154 - Imputation Round 9
2024-11-19 02:28:25.606 | INFO     | src.fed_imp.sub_modules.server.base_server:run:153 - ==================================================
2024-11-19 02:28:25.607 | INFO     | src.fed_imp.sub_modules.server.base_server:run:154 - Imputation Round 9
2024-11-19 02:28:26.574 | INFO     | src.fed_imp.sub_modules.server.base_server:run:153 - ==================================================
2024-11-19 02:28:26.574 | INFO     | src.fed_imp.sub_modules.server.base_server:run:154 - Imputation Round 10
2024-11-19 02:28:26.638 | INFO     | src.fed_imp.sub_modules.server.base_server:run:153 - ==================================================
2024-11-19 02:28:26.638 | INFO     | src.fed_imp.sub_modules.server.base_server:run:154 - Imputation Round 10
2024-11-19 02:28:26.847 | INFO     | src.fed_imp.sub_modules.server.base_server:run:153 - ==================================================
2024-11-19 02:28:26.848 | INFO     | src.fed_imp.sub_modules.server.base_server:run:154 - Imputation Round 10
2024-11-19 02:28:26.861 | INFO     | src.fed_imp.sub_modules.server.base_server:run:153 - ==================================================
2024-11-19 02:28:26.861 | INFO     | src.fed_imp.sub_modules.server.base_server:run:154 - Imputation Round 10
2024-11-19 02:28:26.905 | INFO     | src.fed_imp.sub_modules.server.base_server:run:153 - ==================================================
2024-11-19 02:28:26.905 | INFO     | src.fed_imp.sub_modules.server.base_server:run:154 - Imputation Round 10
2024-11-19 02:28:27.835 | INFO     | src.fed_imp.sub_modules.server.base_server:run:153 - ==================================================
2024-11-19 02:28:27.835 | INFO     | src.fed_imp.sub_modules.server.base_server:run:154 - Imputation Round 11
2024-11-19 02:28:27.915 | INFO     | src.fed_imp.sub_modules.server.base_server:run:153 - ==================================================
2024-11-19 02:28:27.915 | INFO     | src.fed_imp.sub_modules.server.base_server:run:154 - Imputation Round 11
2024-11-19 02:28:28.129 | INFO     | src.fed_imp.sub_modules.server.base_server:run:153 - ==================================================
2024-11-19 02:28:28.129 | INFO     | src.fed_imp.sub_modules.server.base_server:run:154 - Imputation Round 11
2024-11-19 02:28:28.160 | INFO     | src.fed_imp.sub_modules.server.base_server:run:153 - ==================================================
2024-11-19 02:28:28.161 | INFO     | src.fed_imp.sub_modules.server.base_server:run:154 - Imputation Round 11
2024-11-19 02:28:28.212 | INFO     | src.fed_imp.sub_modules.server.base_server:run:153 - ==================================================
2024-11-19 02:28:28.212 | INFO     | src.fed_imp.sub_modules.server.base_server:run:154 - Imputation Round 11
2024-11-19 02:28:29.112 | INFO     | src.fed_imp.sub_modules.server.base_server:run:153 - ==================================================
2024-11-19 02:28:29.113 | INFO     | src.fed_imp.sub_modules.server.base_server:run:154 - Imputation Round 12
2024-11-19 02:28:29.202 | INFO     | src.fed_imp.sub_modules.server.base_server:run:153 - ==================================================
2024-11-19 02:28:29.202 | INFO     | src.fed_imp.sub_modules.server.base_server:run:154 - Imputation Round 12
2024-11-19 02:28:29.425 | INFO     | src.fed_imp.sub_modules.server.base_server:run:153 - ==================================================
2024-11-19 02:28:29.425 | INFO     | src.fed_imp.sub_modules.server.base_server:run:154 - Imputation Round 12
2024-11-19 02:28:29.462 | INFO     | src.fed_imp.sub_modules.server.base_server:run:153 - ==================================================
2024-11-19 02:28:29.463 | INFO     | src.fed_imp.sub_modules.server.base_server:run:154 - Imputation Round 12
2024-11-19 02:28:29.525 | INFO     | src.fed_imp.sub_modules.server.base_server:run:153 - ==================================================
2024-11-19 02:28:29.525 | INFO     | src.fed_imp.sub_modules.server.base_server:run:154 - Imputation Round 12
2024-11-19 02:28:30.387 | INFO     | src.fed_imp.sub_modules.server.base_server:run:153 - ==================================================
2024-11-19 02:28:30.387 | INFO     | src.fed_imp.sub_modules.server.base_server:run:154 - Imputation Round 13
2024-11-19 02:28:30.487 | INFO     | src.fed_imp.sub_modules.server.base_server:run:153 - ==================================================
2024-11-19 02:28:30.488 | INFO     | src.fed_imp.sub_modules.server.base_server:run:154 - Imputation Round 13
2024-11-19 02:28:30.714 | INFO     | src.fed_imp.sub_modules.server.base_server:run:153 - ==================================================
2024-11-19 02:28:30.714 | INFO     | src.fed_imp.sub_modules.server.base_server:run:154 - Imputation Round 13
2024-11-19 02:28:30.767 | INFO     | src.fed_imp.sub_modules.server.base_server:run:153 - ==================================================
2024-11-19 02:28:30.767 | INFO     | src.fed_imp.sub_modules.server.base_server:run:154 - Imputation Round 13
2024-11-19 02:28:30.835 | INFO     | src.fed_imp.sub_modules.server.base_server:run:153 - ==================================================
2024-11-19 02:28:30.835 | INFO     | src.fed_imp.sub_modules.server.base_server:run:154 - Imputation Round 13
2024-11-19 02:28:31.647 | INFO     | src.fed_imp.sub_modules.server.base_server:run:153 - ==================================================
2024-11-19 02:28:31.647 | INFO     | src.fed_imp.sub_modules.server.base_server:run:154 - Imputation Round 14
2024-11-19 02:28:31.759 | INFO     | src.fed_imp.sub_modules.server.base_server:run:153 - ==================================================
2024-11-19 02:28:31.759 | INFO     | src.fed_imp.sub_modules.server.base_server:run:154 - Imputation Round 14
2024-11-19 02:28:31.993 | INFO     | src.fed_imp.sub_modules.server.base_server:run:153 - ==================================================
2024-11-19 02:28:31.994 | INFO     | src.fed_imp.sub_modules.server.base_server:run:154 - Imputation Round 14
2024-11-19 02:28:32.057 | INFO     | src.fed_imp.sub_modules.server.base_server:run:153 - ==================================================
2024-11-19 02:28:32.058 | INFO     | src.fed_imp.sub_modules.server.base_server:run:154 - Imputation Round 14
2024-11-19 02:28:32.131 | INFO     | src.fed_imp.sub_modules.server.base_server:run:153 - ==================================================
2024-11-19 02:28:32.131 | INFO     | src.fed_imp.sub_modules.server.base_server:run:154 - Imputation Round 14
2024-11-19 02:28:32.909 | INFO     | src.fed_imp.sub_modules.server.base_server:run:153 - ==================================================
2024-11-19 02:28:32.909 | INFO     | src.fed_imp.sub_modules.server.base_server:run:154 - Imputation Round 15
2024-11-19 02:28:33.030 | INFO     | src.fed_imp.sub_modules.server.base_server:run:153 - ==================================================
2024-11-19 02:28:33.030 | INFO     | src.fed_imp.sub_modules.server.base_server:run:154 - Imputation Round 15
2024-11-19 02:28:33.270 | INFO     | src.fed_imp.sub_modules.server.base_server:run:153 - ==================================================
2024-11-19 02:28:33.270 | INFO     | src.fed_imp.sub_modules.server.base_server:run:154 - Imputation Round 15
2024-11-19 02:28:33.350 | INFO     | src.fed_imp.sub_modules.server.base_server:run:153 - ==================================================
2024-11-19 02:28:33.351 | INFO     | src.fed_imp.sub_modules.server.base_server:run:154 - Imputation Round 15
2024-11-19 02:28:33.427 | INFO     | src.fed_imp.sub_modules.server.base_server:run:153 - ==================================================
2024-11-19 02:28:33.428 | INFO     | src.fed_imp.sub_modules.server.base_server:run:154 - Imputation Round 15
2024-11-19 02:28:34.165 | INFO     | src.fed_imp.sub_modules.server.base_server:run:153 - ==================================================
2024-11-19 02:28:34.165 | INFO     | src.fed_imp.sub_modules.server.base_server:run:154 - Imputation Round 16
2024-11-19 02:28:34.301 | INFO     | src.fed_imp.sub_modules.server.base_server:run:153 - ==================================================
2024-11-19 02:28:34.301 | INFO     | src.fed_imp.sub_modules.server.base_server:run:154 - Imputation Round 16
2024-11-19 02:28:34.548 | INFO     | src.fed_imp.sub_modules.server.base_server:run:153 - ==================================================
2024-11-19 02:28:34.548 | INFO     | src.fed_imp.sub_modules.server.base_server:run:154 - Imputation Round 16
2024-11-19 02:28:34.636 | INFO     | src.fed_imp.sub_modules.server.base_server:run:153 - ==================================================
2024-11-19 02:28:34.636 | INFO     | src.fed_imp.sub_modules.server.base_server:run:154 - Imputation Round 16
2024-11-19 02:28:34.724 | INFO     | src.fed_imp.sub_modules.server.base_server:run:153 - ==================================================
2024-11-19 02:28:34.724 | INFO     | src.fed_imp.sub_modules.server.base_server:run:154 - Imputation Round 16
2024-11-19 02:28:35.426 | INFO     | src.fed_imp.sub_modules.server.base_server:run:153 - ==================================================
2024-11-19 02:28:35.427 | INFO     | src.fed_imp.sub_modules.server.base_server:run:154 - Imputation Round 17
2024-11-19 02:28:35.574 | INFO     | src.fed_imp.sub_modules.server.base_server:run:153 - ==================================================
2024-11-19 02:28:35.575 | INFO     | src.fed_imp.sub_modules.server.base_server:run:154 - Imputation Round 17
2024-11-19 02:28:35.829 | INFO     | src.fed_imp.sub_modules.server.base_server:run:153 - ==================================================
2024-11-19 02:28:35.829 | INFO     | src.fed_imp.sub_modules.server.base_server:run:154 - Imputation Round 17
2024-11-19 02:28:35.932 | INFO     | src.fed_imp.sub_modules.server.base_server:run:153 - ==================================================
2024-11-19 02:28:35.932 | INFO     | src.fed_imp.sub_modules.server.base_server:run:154 - Imputation Round 17
2024-11-19 02:28:36.024 | INFO     | src.fed_imp.sub_modules.server.base_server:run:153 - ==================================================
2024-11-19 02:28:36.024 | INFO     | src.fed_imp.sub_modules.server.base_server:run:154 - Imputation Round 17
2024-11-19 02:28:36.694 | INFO     | src.fed_imp.sub_modules.server.base_server:run:153 - ==================================================
2024-11-19 02:28:36.694 | INFO     | src.fed_imp.sub_modules.server.base_server:run:154 - Imputation Round 18
2024-11-19 02:28:36.857 | INFO     | src.fed_imp.sub_modules.server.base_server:run:153 - ==================================================
2024-11-19 02:28:36.857 | INFO     | src.fed_imp.sub_modules.server.base_server:run:154 - Imputation Round 18
2024-11-19 02:28:37.127 | INFO     | src.fed_imp.sub_modules.server.base_server:run:153 - ==================================================
2024-11-19 02:28:37.127 | INFO     | src.fed_imp.sub_modules.server.base_server:run:154 - Imputation Round 18
2024-11-19 02:28:37.234 | INFO     | src.fed_imp.sub_modules.server.base_server:run:153 - ==================================================
2024-11-19 02:28:37.235 | INFO     | src.fed_imp.sub_modules.server.base_server:run:154 - Imputation Round 18
2024-11-19 02:28:37.338 | INFO     | src.fed_imp.sub_modules.server.base_server:run:153 - ==================================================
2024-11-19 02:28:37.338 | INFO     | src.fed_imp.sub_modules.server.base_server:run:154 - Imputation Round 18
2024-11-19 02:28:37.968 | INFO     | src.fed_imp.sub_modules.server.base_server:run:153 - ==================================================
2024-11-19 02:28:37.968 | INFO     | src.fed_imp.sub_modules.server.base_server:run:154 - Imputation Round 19
2024-11-19 02:28:38.143 | INFO     | src.fed_imp.sub_modules.server.base_server:run:153 - ==================================================
2024-11-19 02:28:38.143 | INFO     | src.fed_imp.sub_modules.server.base_server:run:154 - Imputation Round 19
2024-11-19 02:28:38.415 | INFO     | src.fed_imp.sub_modules.server.base_server:run:153 - ==================================================
2024-11-19 02:28:38.415 | INFO     | src.fed_imp.sub_modules.server.base_server:run:154 - Imputation Round 19
2024-11-19 02:28:38.539 | INFO     | src.fed_imp.sub_modules.server.base_server:run:153 - ==================================================
2024-11-19 02:28:38.539 | INFO     | src.fed_imp.sub_modules.server.base_server:run:154 - Imputation Round 19
2024-11-19 02:28:38.647 | INFO     | src.fed_imp.sub_modules.server.base_server:run:153 - ==================================================
2024-11-19 02:28:38.647 | INFO     | src.fed_imp.sub_modules.server.base_server:run:154 - Imputation Round 19
2024-11-19 02:28:39.228 | INFO     | src.fed_imp.sub_modules.server.base_server:run:153 - ==================================================
2024-11-19 02:28:39.228 | INFO     | src.fed_imp.sub_modules.server.base_server:run:154 - Imputation Round 20
2024-11-19 02:28:39.419 | INFO     | src.fed_imp.sub_modules.server.base_server:run:153 - ==================================================
2024-11-19 02:28:39.419 | INFO     | src.fed_imp.sub_modules.server.base_server:run:154 - Imputation Round 20
2024-11-19 02:28:39.696 | INFO     | src.fed_imp.sub_modules.server.base_server:run:153 - ==================================================
2024-11-19 02:28:39.696 | INFO     | src.fed_imp.sub_modules.server.base_server:run:154 - Imputation Round 20
2024-11-19 02:28:39.828 | INFO     | src.fed_imp.sub_modules.server.base_server:run:153 - ==================================================
2024-11-19 02:28:39.828 | INFO     | src.fed_imp.sub_modules.server.base_server:run:154 - Imputation Round 20
2024-11-19 02:28:39.944 | INFO     | src.fed_imp.sub_modules.server.base_server:run:153 - ==================================================
2024-11-19 02:28:39.944 | INFO     | src.fed_imp.sub_modules.server.base_server:run:154 - Imputation Round 20
2024-11-19 02:28:40.489 | INFO     | src.fed_imp.sub_modules.server.base_server:run:183 - FL finished in 25.452260588295758
2024-11-19 02:28:40.693 | INFO     | src.fed_imp.sub_modules.server.base_server:run:183 - FL finished in 25.695071983151138
[Parallel(n_jobs=5)]: Done   2 out of   5 | elapsed:   29.1s remaining:   43.6s
2024-11-19 02:28:40.973 | INFO     | src.fed_imp.sub_modules.server.base_server:run:183 - FL finished in 25.907609132118523
2024-11-19 02:28:41.122 | INFO     | src.fed_imp.sub_modules.server.base_server:run:183 - FL finished in 26.064877306111157
2024-11-19 02:28:41.243 | INFO     | src.fed_imp.sub_modules.server.base_server:run:183 - FL finished in 26.220735895913094
[Parallel(n_jobs=5)]: Done   5 out of   5 | elapsed:   29.6s finished
2024-11-19 02:28:41.361 | INFO     | src.fed_imp.experiment:run_experiment:339 - Summary: local
2024-11-19 02:28:41.618 | INFO     | src.fed_imp.experiment:experiment_result_processing:387 - imp@rmse: avg 0.32797633484589006
2024-11-19 02:28:41.618 | INFO     | src.fed_imp.experiment:experiment_result_processing:387 - imp@w2: avg 0.7129476143369842
2024-11-19 02:28:41.618 | INFO     | src.fed_imp.experiment:experiment_result_processing:387 - imp@sliced_ws: avg 0.11359337524687671
2024-11-19 02:28:41.618 | INFO     | src.fed_imp.experiment:experiment_result_processing:402 - model pred_accu: 0.00000 (0.000) pred_f1: 0.00000 (0.000)
2024-11-19 02:28:42.167 | INFO     | src.fed_imp.experiment:experiment_result_processing:424 - imp@rmse: 0.32798 (0.041) imp@sliced_ws: 0.11359 (0.020) imp@global_ws: 0.06449
2024-11-19 02:28:42.168 | INFO     | src.experiment_management.experiment_manager:run_experiments:67 - Experiment finished in 30.50858187675476
2024-11-19 02:28:42.215 | INFO     | src.experiment_management.experiment_manager:run_experiments:86 - Total time: 30.555686950683594
