config_tmpl:
  num_clients: 10
  data:
    dataset_name: breast
    normalize: true
  data_partition:
    strategy: full
    params: {}
  handle_imbalance: null
  missing_simulate:
    mf_strategy: all
    mm_strategy: none
    mm_strategy_params:
      corr_type: others
  imputation:
    initial_strategy_num: mean
    initial_strategy_cat: mode
    estimator_num: ridge_cv
    estimator_cat: logistic_cv
    imp_evaluation_model: logistic
    imp_evaluation_params:
      tune_params: gridsearch
    clip: true
  agg_strategy_imp:
    strategy: local
    params:
      ms_field: missing_cell_pct
      beta: 0.7
  client_type: ice
  server_type: fedavg_pytorch
  server:
    impute_mode: instant
    imp_round: 20
    imp_local_epochs: 0
    pred_round: 0
    pred_local_epochs: 0
    model_fit_mode: one_shot
    froze_ms_coefs_round: 100
  pred_model:
    model_params:
      model: 2nn
      num_hiddens: 32
      model_init_config: null
      model_other_params: null
    train_params:
      batch_size: 128
      learning_rate: 0.001
      weight_decay: 0.0001
      pred_round: 200
      pred_local_epochs: 3
  experiment:
    n_rounds: 5
    seed: 102931466
    mtp: true
    random_seed: 50
    num_process: 5
    test_size: 0.1
  track: false
  tune_params: false
  prediction: false
  save_state: true
  algo_params:
    central: {}
    central2: {}
    central_vae: {}
    central_gain: {}
    local: {}
    local_vae: {}
    local_gain: {}
    fedavg: {}
    fedavg_vae: {}
    fedavg_gain: {}
    fedwavg:
      alpha: 0.9
    fedmechw:
      client_thres: 1.0
      alpha: 1.0
      beta: 0.0,
      scale_factor: 4
    fedmechw_p:
      client_thres: 1.0
      alpha: 0.85
      beta: 0.1
      scale_factor: 4
    fedmechw_new:
      client_thres: 1.0
      alpha: 0.95
      gamma: 0.02
      scale_factor: 4
    fedmechw_dedup:
      client_thres: 1.0
      alpha: 0.95
      gamma: 0.02
      scale_factor: 4
    fedmechw_p_sigmoid:
      client_thres: 1.0
      alpha: 0.9
      beta: 0.1
      scale_factor: 3
    fedmechclw:
      client_thres: 1.0
      thres1: 0.2
      alpha: 0.8
    scale_factor: 6
config_vars:
  hhplos_exp1:
  - name: dataset_name
    value:
    - hhp_los_np1
    keys:
    - data
    - dataset_name
    save_mode: dir1
  - name: n_client
    value:
    - 0
    save_mode: dir2
    keys:
    - num_clients
  - name: data_partition
    value:
    - natural
    save_mode: dir3
    keys:
    - data_partition
    - strategy
  - name: mm_strategy
    value:
    - random2@mrl=0.3_mrr=0.7_mm=mnarlrsigst
    save_mode: dir4
    keys:
    - missing_simulate
    - mm_strategy_new
  - name: mm_corr_type
    value:
    - allk0.25_sphere
    save_mode: dir4
    keys:
    - missing_simulate
    - mm_strategy_params
    - corr_type
  - name: server_type
    value:
    - fedavg_pytorch
    save_mode: none
    keys:
    - server_type
  - name: agg_strategy
    value:
    - fedavg-s
    save_mode: null
    keys:
    - agg_strategy_imp
    - strategy
  - name: seed
    value:
    - 102931466
    save_mode: null
    keys:
    - experiment
    - seed
  - name: seed2
    value:
    - 50
    save_mode: null
    keys:
    - experiment
    - random_seed
  - name: params
    value:
    - false
    save_mode: null
    keys:
    - tune_params
  - name: mtp
    value:
    - false
    save_mode: null
    keys:
    - experiment
    - mtp
  - name: n_rounds
    value:
    - 1
    save_mode: none
    keys:
    - experiment
    - n_rounds
  - name: np
    value:
    - 1
    save_mode: none
    keys:
    - experiment
    - num_process
  - name: test_size
    value:
    - 0.1
    save_mode: none
    keys:
    - experiment
    - test_size
experiment_name: fed_imp_ext2_amarel
debug: false
experiment_marker:
- num_clients
- server@imp_round

========================================================================================================================================================================================================
{'num_clients': 0, 'data': {'dataset_name': 'hhp_los_np1', 'normalize': True}, 'data_partition': {'strategy': 'natural', 'params': {}}, 'handle_imbalance': None, 'missing_simulate': {'mf_strategy': 'all', 'mm_strategy': 'none', 'mm_strategy_params': {'corr_type': 'allk0.25_sphere'}, 'mm_strategy_new': 'random2@mrl=0.3_mrr=0.7_mm=mnarlrsigst'}, 'imputation': {'initial_strategy_num': 'mean', 'initial_strategy_cat': 'mode', 'estimator_num': 'ridge_cv', 'estimator_cat': 'logistic_cv', 'imp_evaluation_model': 'logistic', 'imp_evaluation_params': {'tune_params': 'gridsearch'}, 'clip': True}, 'agg_strategy_imp': {'strategy': 'fedavg-s', 'params': {'ms_field': 'missing_cell_pct', 'beta': 0.7}}, 'client_type': 'ice', 'server_type': 'fedavg_pytorch', 'server': {'impute_mode': 'instant', 'imp_round': 20, 'imp_local_epochs': 0, 'pred_round': 0, 'pred_local_epochs': 0, 'model_fit_mode': 'one_shot', 'froze_ms_coefs_round': 100}, 'pred_model': {'model_params': {'model': '2nn', 'num_hiddens': 32, 'model_init_config': None, 'model_other_params': None}, 'train_params': {'batch_size': 128, 'learning_rate': 0.001, 'weight_decay': 0.0001, 'pred_round': 200, 'pred_local_epochs': 3}}, 'experiment': {'n_rounds': 1, 'seed': 102931466, 'mtp': False, 'random_seed': 50, 'num_process': 1, 'test_size': 0.1}, 'track': False, 'tune_params': False, 'prediction': False, 'save_state': True, 'algo_params': {'central': {}, 'central2': {}, 'central_vae': {}, 'central_gain': {}, 'local': {}, 'local_vae': {}, 'local_gain': {}, 'fedavg': {}, 'fedavg_vae': {}, 'fedavg_gain': {}, 'fedwavg': {'alpha': 0.9}, 'fedmechw': {'client_thres': 1.0, 'alpha': 1.0, 'beta': '0.0,', 'scale_factor': 4}, 'fedmechw_p': {'client_thres': 1.0, 'alpha': 0.85, 'beta': 0.1, 'scale_factor': 4}, 'fedmechw_new': {'client_thres': 1.0, 'alpha': 0.95, 'gamma': 0.02, 'scale_factor': 4}, 'fedmechw_dedup': {'client_thres': 1.0, 'alpha': 0.95, 'gamma': 0.02, 'scale_factor': 4}, 'fedmechw_p_sigmoid': {'client_thres': 1.0, 'alpha': 0.9, 'beta': 0.1, 'scale_factor': 3}, 'fedmechclw': {'client_thres': 1.0, 'thres1': 0.2, 'alpha': 0.8}, 'scale_factor': 6}}
(16502, 33)
(8335, 33)
(12748, 33)
(913, 33)
(1094, 33)
(1064, 33)
(33723, 33)
(1721, 33)
(1689, 33)
(1358, 33)
natural {}
Adding missing to client 0 ...
Adding missing to client 1 ...
Adding missing to client 2 ...
Adding missing to client 3 ...
Adding missing to client 4 ...
Adding missing to client 5 ...
Adding missing to client 6 ...
Adding missing to client 7 ...
Adding missing to client 8 ...
Adding missing to client 9 ...
client: 0 dup rate: 0.5408435341170768
client: 1 dup rate: 0.459628074385123
client: 2 dup rate: 0.5908377784750549
client: 3 dup rate: 0.24753559693318727
client: 4 dup rate: 0.39031078610603287
client: 5 dup rate: 0.2612781954887218
client: 6 dup rate: 0.5966551018592652
client: 7 dup rate: 0.1934921557234166
client: 8 dup rate: 0.17406749555950263
client: 9 dup rate: 0.35125184094256257
Used default params: {}
