2024-11-20 20:00:59.855 | INFO     | src.experiment_management.experiment_manager:set_experiment:22 - Experiment name: fed_imp
2024-11-20 20:00:59.857 | INFO     | src.experiment_management.experiment_manager:run_experiments:45 - Running 1 experiments
2024-11-20 20:00:59.857 | INFO     | src.experiment_management.experiment_manager:run_experiments:51 - Experiment - 0
2024-11-20 20:00:59.857 | INFO     | src.experiment_management.experiment_manager:run_experiments:52 - Experiment - ['dn', 'nc', 'dp', 'ms', 'mct', 'st', 'as', 's', 's', 'p', 'nr', 'n', 'ts']
2024-11-20 20:00:59.857 | INFO     | src.experiment_management.experiment_manager:run_experiments:53 - Experiment - ('eicu_mo2', 0, 'natural', 'random2@mrl=0.3_mrr=0.7_mm=mnarlrsigst', 'allk0.25_sphere', 'fedavg_pytorch', 'local', 102931466, 50, False, 10, 10, 0.1)
[Parallel(n_jobs=10)]: Using backend LokyBackend with 10 concurrent workers.
2024-11-20 20:01:05.541 | INFO     | src.fed_imp.experiment:main_func:31 - Round 0
2024-11-20 20:01:05.567 | INFO     | src.fed_imp.experiment:main_func:31 - Round 2
2024-11-20 20:01:05.568 | INFO     | src.fed_imp.experiment:main_func:31 - Round 6
2024-11-20 20:01:05.574 | INFO     | src.fed_imp.experiment:main_func:31 - Round 3
2024-11-20 20:01:05.606 | INFO     | src.fed_imp.experiment:main_func:31 - Round 1
2024-11-20 20:01:05.614 | INFO     | src.fed_imp.experiment:main_func:31 - Round 5
2024-11-20 20:01:05.653 | INFO     | src.fed_imp.experiment:main_func:31 - Round 7
2024-11-20 20:01:05.665 | INFO     | src.fed_imp.experiment:main_func:31 - Round 8
2024-11-20 20:01:05.702 | INFO     | src.fed_imp.experiment:main_func:31 - Round 4
2024-11-20 20:01:06.650 | INFO     | src.fed_imp.experiment:main_func:31 - Round 9
2024-11-20 20:01:09.698 | INFO     | src.fed_imp.sub_modules.server.base_server:run:153 - ==================================================
2024-11-20 20:01:09.698 | INFO     | src.fed_imp.sub_modules.server.base_server:run:154 - Imputation Round 1
2024-11-20 20:01:09.707 | INFO     | src.fed_imp.sub_modules.server.base_server:run:153 - ==================================================
2024-11-20 20:01:09.707 | INFO     | src.fed_imp.sub_modules.server.base_server:run:154 - Imputation Round 1
2024-11-20 20:01:09.710 | INFO     | src.fed_imp.sub_modules.server.base_server:run:153 - ==================================================
2024-11-20 20:01:09.710 | INFO     | src.fed_imp.sub_modules.server.base_server:run:154 - Imputation Round 1
2024-11-20 20:01:09.736 | INFO     | src.fed_imp.sub_modules.server.base_server:run:153 - ==================================================
2024-11-20 20:01:09.737 | INFO     | src.fed_imp.sub_modules.server.base_server:run:154 - Imputation Round 1
2024-11-20 20:01:09.774 | INFO     | src.fed_imp.sub_modules.server.base_server:run:153 - ==================================================
2024-11-20 20:01:09.774 | INFO     | src.fed_imp.sub_modules.server.base_server:run:154 - Imputation Round 1
2024-11-20 20:01:09.775 | INFO     | src.fed_imp.sub_modules.server.base_server:run:153 - ==================================================
2024-11-20 20:01:09.775 | INFO     | src.fed_imp.sub_modules.server.base_server:run:154 - Imputation Round 1
2024-11-20 20:01:09.777 | INFO     | src.fed_imp.sub_modules.server.base_server:run:153 - ==================================================
2024-11-20 20:01:09.777 | INFO     | src.fed_imp.sub_modules.server.base_server:run:154 - Imputation Round 1
2024-11-20 20:01:09.788 | INFO     | src.fed_imp.sub_modules.server.base_server:run:153 - ==================================================
2024-11-20 20:01:09.788 | INFO     | src.fed_imp.sub_modules.server.base_server:run:154 - Imputation Round 1
2024-11-20 20:01:09.867 | INFO     | src.fed_imp.sub_modules.server.base_server:run:153 - ==================================================
2024-11-20 20:01:09.867 | INFO     | src.fed_imp.sub_modules.server.base_server:run:154 - Imputation Round 1
2024-11-20 20:01:10.853 | INFO     | src.fed_imp.sub_modules.server.base_server:run:153 - ==================================================
2024-11-20 20:01:10.853 | INFO     | src.fed_imp.sub_modules.server.base_server:run:154 - Imputation Round 1
2024-11-20 20:01:15.602 | INFO     | src.fed_imp.sub_modules.server.base_server:run:153 - ==================================================
2024-11-20 20:01:15.603 | INFO     | src.fed_imp.sub_modules.server.base_server:run:154 - Imputation Round 2
2024-11-20 20:01:15.614 | INFO     | src.fed_imp.sub_modules.server.base_server:run:153 - ==================================================
2024-11-20 20:01:15.615 | INFO     | src.fed_imp.sub_modules.server.base_server:run:154 - Imputation Round 2
2024-11-20 20:01:15.645 | INFO     | src.fed_imp.sub_modules.server.base_server:run:153 - ==================================================
2024-11-20 20:01:15.645 | INFO     | src.fed_imp.sub_modules.server.base_server:run:154 - Imputation Round 2
2024-11-20 20:01:15.660 | INFO     | src.fed_imp.sub_modules.server.base_server:run:153 - ==================================================
2024-11-20 20:01:15.661 | INFO     | src.fed_imp.sub_modules.server.base_server:run:154 - Imputation Round 2
2024-11-20 20:01:15.730 | INFO     | src.fed_imp.sub_modules.server.base_server:run:153 - ==================================================
2024-11-20 20:01:15.730 | INFO     | src.fed_imp.sub_modules.server.base_server:run:154 - Imputation Round 2
2024-11-20 20:01:15.748 | INFO     | src.fed_imp.sub_modules.server.base_server:run:153 - ==================================================
2024-11-20 20:01:15.749 | INFO     | src.fed_imp.sub_modules.server.base_server:run:154 - Imputation Round 2
2024-11-20 20:01:15.782 | INFO     | src.fed_imp.sub_modules.server.base_server:run:153 - ==================================================
2024-11-20 20:01:15.782 | INFO     | src.fed_imp.sub_modules.server.base_server:run:154 - Imputation Round 2
2024-11-20 20:01:15.783 | INFO     | src.fed_imp.sub_modules.server.base_server:run:153 - ==================================================
2024-11-20 20:01:15.783 | INFO     | src.fed_imp.sub_modules.server.base_server:run:154 - Imputation Round 2
2024-11-20 20:01:15.806 | INFO     | src.fed_imp.sub_modules.server.base_server:run:153 - ==================================================
2024-11-20 20:01:15.807 | INFO     | src.fed_imp.sub_modules.server.base_server:run:154 - Imputation Round 2
2024-11-20 20:01:16.651 | INFO     | src.fed_imp.sub_modules.server.base_server:run:153 - ==================================================
2024-11-20 20:01:16.652 | INFO     | src.fed_imp.sub_modules.server.base_server:run:154 - Imputation Round 2
2024-11-20 20:01:21.178 | INFO     | src.fed_imp.sub_modules.server.base_server:run:153 - ==================================================
2024-11-20 20:01:21.178 | INFO     | src.fed_imp.sub_modules.server.base_server:run:154 - Imputation Round 3
2024-11-20 20:01:21.217 | INFO     | src.fed_imp.sub_modules.server.base_server:run:153 - ==================================================
2024-11-20 20:01:21.217 | INFO     | src.fed_imp.sub_modules.server.base_server:run:154 - Imputation Round 3
2024-11-20 20:01:21.243 | INFO     | src.fed_imp.sub_modules.server.base_server:run:153 - ==================================================
2024-11-20 20:01:21.243 | INFO     | src.fed_imp.sub_modules.server.base_server:run:154 - Imputation Round 3
2024-11-20 20:01:21.272 | INFO     | src.fed_imp.sub_modules.server.base_server:run:153 - ==================================================
2024-11-20 20:01:21.273 | INFO     | src.fed_imp.sub_modules.server.base_server:run:154 - Imputation Round 3
2024-11-20 20:01:21.391 | INFO     | src.fed_imp.sub_modules.server.base_server:run:153 - ==================================================
2024-11-20 20:01:21.391 | INFO     | src.fed_imp.sub_modules.server.base_server:run:154 - Imputation Round 3
2024-11-20 20:01:21.427 | INFO     | src.fed_imp.sub_modules.server.base_server:run:153 - ==================================================
2024-11-20 20:01:21.427 | INFO     | src.fed_imp.sub_modules.server.base_server:run:154 - Imputation Round 3
2024-11-20 20:01:21.434 | INFO     | src.fed_imp.sub_modules.server.base_server:run:153 - ==================================================
2024-11-20 20:01:21.434 | INFO     | src.fed_imp.sub_modules.server.base_server:run:154 - Imputation Round 3
2024-11-20 20:01:21.463 | INFO     | src.fed_imp.sub_modules.server.base_server:run:153 - ==================================================
2024-11-20 20:01:21.463 | INFO     | src.fed_imp.sub_modules.server.base_server:run:154 - Imputation Round 3
2024-11-20 20:01:21.489 | INFO     | src.fed_imp.sub_modules.server.base_server:run:153 - ==================================================
2024-11-20 20:01:21.490 | INFO     | src.fed_imp.sub_modules.server.base_server:run:154 - Imputation Round 3
2024-11-20 20:01:22.245 | INFO     | src.fed_imp.sub_modules.server.base_server:run:153 - ==================================================
2024-11-20 20:01:22.245 | INFO     | src.fed_imp.sub_modules.server.base_server:run:154 - Imputation Round 3
2024-11-20 20:01:26.797 | INFO     | src.fed_imp.sub_modules.server.base_server:run:153 - ==================================================
2024-11-20 20:01:26.797 | INFO     | src.fed_imp.sub_modules.server.base_server:run:154 - Imputation Round 4
2024-11-20 20:01:26.868 | INFO     | src.fed_imp.sub_modules.server.base_server:run:153 - ==================================================
2024-11-20 20:01:26.868 | INFO     | src.fed_imp.sub_modules.server.base_server:run:154 - Imputation Round 4
2024-11-20 20:01:26.870 | INFO     | src.fed_imp.sub_modules.server.base_server:run:153 - ==================================================
2024-11-20 20:01:26.870 | INFO     | src.fed_imp.sub_modules.server.base_server:run:154 - Imputation Round 4
2024-11-20 20:01:26.958 | INFO     | src.fed_imp.sub_modules.server.base_server:run:153 - ==================================================
2024-11-20 20:01:26.958 | INFO     | src.fed_imp.sub_modules.server.base_server:run:154 - Imputation Round 4
2024-11-20 20:01:27.023 | INFO     | src.fed_imp.sub_modules.server.base_server:run:153 - ==================================================
2024-11-20 20:01:27.023 | INFO     | src.fed_imp.sub_modules.server.base_server:run:154 - Imputation Round 4
2024-11-20 20:01:27.115 | INFO     | src.fed_imp.sub_modules.server.base_server:run:153 - ==================================================
2024-11-20 20:01:27.115 | INFO     | src.fed_imp.sub_modules.server.base_server:run:154 - Imputation Round 4
2024-11-20 20:01:27.139 | INFO     | src.fed_imp.sub_modules.server.base_server:run:153 - ==================================================
2024-11-20 20:01:27.139 | INFO     | src.fed_imp.sub_modules.server.base_server:run:154 - Imputation Round 4
2024-11-20 20:01:27.159 | INFO     | src.fed_imp.sub_modules.server.base_server:run:153 - ==================================================
2024-11-20 20:01:27.159 | INFO     | src.fed_imp.sub_modules.server.base_server:run:154 - Imputation Round 4
2024-11-20 20:01:27.213 | INFO     | src.fed_imp.sub_modules.server.base_server:run:153 - ==================================================
2024-11-20 20:01:27.214 | INFO     | src.fed_imp.sub_modules.server.base_server:run:154 - Imputation Round 4
2024-11-20 20:01:27.871 | INFO     | src.fed_imp.sub_modules.server.base_server:run:153 - ==================================================
2024-11-20 20:01:27.871 | INFO     | src.fed_imp.sub_modules.server.base_server:run:154 - Imputation Round 4
2024-11-20 20:01:32.444 | INFO     | src.fed_imp.sub_modules.server.base_server:run:153 - ==================================================
2024-11-20 20:01:32.444 | INFO     | src.fed_imp.sub_modules.server.base_server:run:154 - Imputation Round 5
2024-11-20 20:01:32.554 | INFO     | src.fed_imp.sub_modules.server.base_server:run:153 - ==================================================
2024-11-20 20:01:32.554 | INFO     | src.fed_imp.sub_modules.server.base_server:run:154 - Imputation Round 5
2024-11-20 20:01:32.557 | INFO     | src.fed_imp.sub_modules.server.base_server:run:153 - ==================================================
2024-11-20 20:01:32.557 | INFO     | src.fed_imp.sub_modules.server.base_server:run:154 - Imputation Round 5
2024-11-20 20:01:32.651 | INFO     | src.fed_imp.sub_modules.server.base_server:run:153 - ==================================================
2024-11-20 20:01:32.651 | INFO     | src.fed_imp.sub_modules.server.base_server:run:154 - Imputation Round 5
2024-11-20 20:01:32.704 | INFO     | src.fed_imp.sub_modules.server.base_server:run:153 - ==================================================
2024-11-20 20:01:32.705 | INFO     | src.fed_imp.sub_modules.server.base_server:run:154 - Imputation Round 5
2024-11-20 20:01:32.823 | INFO     | src.fed_imp.sub_modules.server.base_server:run:153 - ==================================================
2024-11-20 20:01:32.823 | INFO     | src.fed_imp.sub_modules.server.base_server:run:154 - Imputation Round 5
2024-11-20 20:01:32.879 | INFO     | src.fed_imp.sub_modules.server.base_server:run:153 - ==================================================
2024-11-20 20:01:32.879 | INFO     | src.fed_imp.sub_modules.server.base_server:run:154 - Imputation Round 5
2024-11-20 20:01:32.948 | INFO     | src.fed_imp.sub_modules.server.base_server:run:153 - ==================================================
2024-11-20 20:01:32.949 | INFO     | src.fed_imp.sub_modules.server.base_server:run:154 - Imputation Round 5
2024-11-20 20:01:32.973 | INFO     | src.fed_imp.sub_modules.server.base_server:run:153 - ==================================================
2024-11-20 20:01:32.974 | INFO     | src.fed_imp.sub_modules.server.base_server:run:154 - Imputation Round 5
2024-11-20 20:01:33.552 | INFO     | src.fed_imp.sub_modules.server.base_server:run:153 - ==================================================
2024-11-20 20:01:33.553 | INFO     | src.fed_imp.sub_modules.server.base_server:run:154 - Imputation Round 5
2024-11-20 20:01:38.166 | INFO     | src.fed_imp.sub_modules.server.base_server:run:153 - ==================================================
2024-11-20 20:01:38.166 | INFO     | src.fed_imp.sub_modules.server.base_server:run:154 - Imputation Round 6
2024-11-20 20:01:38.270 | INFO     | src.fed_imp.sub_modules.server.base_server:run:153 - ==================================================
2024-11-20 20:01:38.271 | INFO     | src.fed_imp.sub_modules.server.base_server:run:154 - Imputation Round 6
2024-11-20 20:01:38.294 | INFO     | src.fed_imp.sub_modules.server.base_server:run:153 - ==================================================
2024-11-20 20:01:38.294 | INFO     | src.fed_imp.sub_modules.server.base_server:run:154 - Imputation Round 6
2024-11-20 20:01:38.403 | INFO     | src.fed_imp.sub_modules.server.base_server:run:153 - ==================================================
2024-11-20 20:01:38.403 | INFO     | src.fed_imp.sub_modules.server.base_server:run:154 - Imputation Round 6
2024-11-20 20:01:38.418 | INFO     | src.fed_imp.sub_modules.server.base_server:run:153 - ==================================================
2024-11-20 20:01:38.418 | INFO     | src.fed_imp.sub_modules.server.base_server:run:154 - Imputation Round 6
2024-11-20 20:01:38.553 | INFO     | src.fed_imp.sub_modules.server.base_server:run:153 - ==================================================
2024-11-20 20:01:38.553 | INFO     | src.fed_imp.sub_modules.server.base_server:run:154 - Imputation Round 6
2024-11-20 20:01:38.668 | INFO     | src.fed_imp.sub_modules.server.base_server:run:153 - ==================================================
2024-11-20 20:01:38.668 | INFO     | src.fed_imp.sub_modules.server.base_server:run:154 - Imputation Round 6
2024-11-20 20:01:38.759 | INFO     | src.fed_imp.sub_modules.server.base_server:run:153 - ==================================================
2024-11-20 20:01:38.759 | INFO     | src.fed_imp.sub_modules.server.base_server:run:154 - Imputation Round 6
2024-11-20 20:01:38.848 | INFO     | src.fed_imp.sub_modules.server.base_server:run:153 - ==================================================
2024-11-20 20:01:38.848 | INFO     | src.fed_imp.sub_modules.server.base_server:run:154 - Imputation Round 6
2024-11-20 20:01:39.235 | INFO     | src.fed_imp.sub_modules.server.base_server:run:153 - ==================================================
2024-11-20 20:01:39.236 | INFO     | src.fed_imp.sub_modules.server.base_server:run:154 - Imputation Round 6
2024-11-20 20:01:43.852 | INFO     | src.fed_imp.sub_modules.server.base_server:run:153 - ==================================================
2024-11-20 20:01:43.852 | INFO     | src.fed_imp.sub_modules.server.base_server:run:154 - Imputation Round 7
2024-11-20 20:01:43.968 | INFO     | src.fed_imp.sub_modules.server.base_server:run:153 - ==================================================
2024-11-20 20:01:43.968 | INFO     | src.fed_imp.sub_modules.server.base_server:run:154 - Imputation Round 7
2024-11-20 20:01:44.021 | INFO     | src.fed_imp.sub_modules.server.base_server:run:153 - ==================================================
2024-11-20 20:01:44.021 | INFO     | src.fed_imp.sub_modules.server.base_server:run:154 - Imputation Round 7
2024-11-20 20:01:44.091 | INFO     | src.fed_imp.sub_modules.server.base_server:run:153 - ==================================================
2024-11-20 20:01:44.092 | INFO     | src.fed_imp.sub_modules.server.base_server:run:154 - Imputation Round 7
2024-11-20 20:01:44.131 | INFO     | src.fed_imp.sub_modules.server.base_server:run:153 - ==================================================
2024-11-20 20:01:44.131 | INFO     | src.fed_imp.sub_modules.server.base_server:run:154 - Imputation Round 7
2024-11-20 20:01:44.275 | INFO     | src.fed_imp.sub_modules.server.base_server:run:153 - ==================================================
2024-11-20 20:01:44.275 | INFO     | src.fed_imp.sub_modules.server.base_server:run:154 - Imputation Round 7
2024-11-20 20:01:44.429 | INFO     | src.fed_imp.sub_modules.server.base_server:run:153 - ==================================================
2024-11-20 20:01:44.429 | INFO     | src.fed_imp.sub_modules.server.base_server:run:154 - Imputation Round 7
2024-11-20 20:01:44.563 | INFO     | src.fed_imp.sub_modules.server.base_server:run:153 - ==================================================
2024-11-20 20:01:44.563 | INFO     | src.fed_imp.sub_modules.server.base_server:run:154 - Imputation Round 7
2024-11-20 20:01:44.657 | INFO     | src.fed_imp.sub_modules.server.base_server:run:153 - ==================================================
2024-11-20 20:01:44.657 | INFO     | src.fed_imp.sub_modules.server.base_server:run:154 - Imputation Round 7
2024-11-20 20:01:44.907 | INFO     | src.fed_imp.sub_modules.server.base_server:run:153 - ==================================================
2024-11-20 20:01:44.907 | INFO     | src.fed_imp.sub_modules.server.base_server:run:154 - Imputation Round 7
2024-11-20 20:01:49.560 | INFO     | src.fed_imp.sub_modules.server.base_server:run:153 - ==================================================
2024-11-20 20:01:49.560 | INFO     | src.fed_imp.sub_modules.server.base_server:run:154 - Imputation Round 8
2024-11-20 20:01:49.692 | INFO     | src.fed_imp.sub_modules.server.base_server:run:153 - ==================================================
2024-11-20 20:01:49.692 | INFO     | src.fed_imp.sub_modules.server.base_server:run:154 - Imputation Round 8
2024-11-20 20:01:49.778 | INFO     | src.fed_imp.sub_modules.server.base_server:run:153 - ==================================================
2024-11-20 20:01:49.778 | INFO     | src.fed_imp.sub_modules.server.base_server:run:154 - Imputation Round 8
2024-11-20 20:01:49.823 | INFO     | src.fed_imp.sub_modules.server.base_server:run:153 - ==================================================
2024-11-20 20:01:49.824 | INFO     | src.fed_imp.sub_modules.server.base_server:run:154 - Imputation Round 8
2024-11-20 20:01:49.905 | INFO     | src.fed_imp.sub_modules.server.base_server:run:153 - ==================================================
2024-11-20 20:01:49.905 | INFO     | src.fed_imp.sub_modules.server.base_server:run:154 - Imputation Round 8
2024-11-20 20:01:50.031 | INFO     | src.fed_imp.sub_modules.server.base_server:run:153 - ==================================================
2024-11-20 20:01:50.031 | INFO     | src.fed_imp.sub_modules.server.base_server:run:154 - Imputation Round 8
2024-11-20 20:01:50.208 | INFO     | src.fed_imp.sub_modules.server.base_server:run:153 - ==================================================
2024-11-20 20:01:50.208 | INFO     | src.fed_imp.sub_modules.server.base_server:run:154 - Imputation Round 8
2024-11-20 20:01:50.405 | INFO     | src.fed_imp.sub_modules.server.base_server:run:153 - ==================================================
2024-11-20 20:01:50.405 | INFO     | src.fed_imp.sub_modules.server.base_server:run:154 - Imputation Round 8
2024-11-20 20:01:50.502 | INFO     | src.fed_imp.sub_modules.server.base_server:run:153 - ==================================================
2024-11-20 20:01:50.503 | INFO     | src.fed_imp.sub_modules.server.base_server:run:154 - Imputation Round 8
2024-11-20 20:01:50.593 | INFO     | src.fed_imp.sub_modules.server.base_server:run:153 - ==================================================
2024-11-20 20:01:50.593 | INFO     | src.fed_imp.sub_modules.server.base_server:run:154 - Imputation Round 8
2024-11-20 20:01:55.308 | INFO     | src.fed_imp.sub_modules.server.base_server:run:153 - ==================================================
2024-11-20 20:01:55.309 | INFO     | src.fed_imp.sub_modules.server.base_server:run:154 - Imputation Round 9
2024-11-20 20:01:55.422 | INFO     | src.fed_imp.sub_modules.server.base_server:run:153 - ==================================================
2024-11-20 20:01:55.423 | INFO     | src.fed_imp.sub_modules.server.base_server:run:154 - Imputation Round 9
2024-11-20 20:01:55.553 | INFO     | src.fed_imp.sub_modules.server.base_server:run:153 - ==================================================
2024-11-20 20:01:55.553 | INFO     | src.fed_imp.sub_modules.server.base_server:run:154 - Imputation Round 9
2024-11-20 20:01:55.556 | INFO     | src.fed_imp.sub_modules.server.base_server:run:153 - ==================================================
2024-11-20 20:01:55.556 | INFO     | src.fed_imp.sub_modules.server.base_server:run:154 - Imputation Round 9
2024-11-20 20:01:55.678 | INFO     | src.fed_imp.sub_modules.server.base_server:run:153 - ==================================================
2024-11-20 20:01:55.678 | INFO     | src.fed_imp.sub_modules.server.base_server:run:154 - Imputation Round 9
2024-11-20 20:01:55.787 | INFO     | src.fed_imp.sub_modules.server.base_server:run:153 - ==================================================
2024-11-20 20:01:55.787 | INFO     | src.fed_imp.sub_modules.server.base_server:run:154 - Imputation Round 9
2024-11-20 20:01:55.976 | INFO     | src.fed_imp.sub_modules.server.base_server:run:153 - ==================================================
2024-11-20 20:01:55.976 | INFO     | src.fed_imp.sub_modules.server.base_server:run:154 - Imputation Round 9
2024-11-20 20:01:56.237 | INFO     | src.fed_imp.sub_modules.server.base_server:run:153 - ==================================================
2024-11-20 20:01:56.237 | INFO     | src.fed_imp.sub_modules.server.base_server:run:154 - Imputation Round 9
2024-11-20 20:01:56.300 | INFO     | src.fed_imp.sub_modules.server.base_server:run:153 - ==================================================
2024-11-20 20:01:56.300 | INFO     | src.fed_imp.sub_modules.server.base_server:run:154 - Imputation Round 9
2024-11-20 20:01:56.325 | INFO     | src.fed_imp.sub_modules.server.base_server:run:153 - ==================================================
2024-11-20 20:01:56.325 | INFO     | src.fed_imp.sub_modules.server.base_server:run:154 - Imputation Round 9
2024-11-20 20:02:01.019 | INFO     | src.fed_imp.sub_modules.server.base_server:run:153 - ==================================================
2024-11-20 20:02:01.019 | INFO     | src.fed_imp.sub_modules.server.base_server:run:154 - Imputation Round 10
2024-11-20 20:02:01.173 | INFO     | src.fed_imp.sub_modules.server.base_server:run:153 - ==================================================
2024-11-20 20:02:01.173 | INFO     | src.fed_imp.sub_modules.server.base_server:run:154 - Imputation Round 10
2024-11-20 20:02:01.293 | INFO     | src.fed_imp.sub_modules.server.base_server:run:153 - ==================================================
2024-11-20 20:02:01.294 | INFO     | src.fed_imp.sub_modules.server.base_server:run:154 - Imputation Round 10
2024-11-20 20:02:01.339 | INFO     | src.fed_imp.sub_modules.server.base_server:run:153 - ==================================================
2024-11-20 20:02:01.340 | INFO     | src.fed_imp.sub_modules.server.base_server:run:154 - Imputation Round 10
2024-11-20 20:02:01.435 | INFO     | src.fed_imp.sub_modules.server.base_server:run:153 - ==================================================
2024-11-20 20:02:01.435 | INFO     | src.fed_imp.sub_modules.server.base_server:run:154 - Imputation Round 10
2024-11-20 20:02:01.538 | INFO     | src.fed_imp.sub_modules.server.base_server:run:153 - ==================================================
2024-11-20 20:02:01.538 | INFO     | src.fed_imp.sub_modules.server.base_server:run:154 - Imputation Round 10
2024-11-20 20:02:01.763 | INFO     | src.fed_imp.sub_modules.server.base_server:run:153 - ==================================================
2024-11-20 20:02:01.763 | INFO     | src.fed_imp.sub_modules.server.base_server:run:154 - Imputation Round 10
2024-11-20 20:02:01.998 | INFO     | src.fed_imp.sub_modules.server.base_server:run:153 - ==================================================
2024-11-20 20:02:01.999 | INFO     | src.fed_imp.sub_modules.server.base_server:run:154 - Imputation Round 10
2024-11-20 20:02:02.074 | INFO     | src.fed_imp.sub_modules.server.base_server:run:153 - ==================================================
2024-11-20 20:02:02.074 | INFO     | src.fed_imp.sub_modules.server.base_server:run:154 - Imputation Round 10
2024-11-20 20:02:02.154 | INFO     | src.fed_imp.sub_modules.server.base_server:run:153 - ==================================================
2024-11-20 20:02:02.154 | INFO     | src.fed_imp.sub_modules.server.base_server:run:154 - Imputation Round 10
2024-11-20 20:02:06.727 | INFO     | src.fed_imp.sub_modules.server.base_server:run:153 - ==================================================
2024-11-20 20:02:06.728 | INFO     | src.fed_imp.sub_modules.server.base_server:run:154 - Imputation Round 11
2024-11-20 20:02:06.933 | INFO     | src.fed_imp.sub_modules.server.base_server:run:153 - ==================================================
2024-11-20 20:02:06.934 | INFO     | src.fed_imp.sub_modules.server.base_server:run:154 - Imputation Round 11
2024-11-20 20:02:07.047 | INFO     | src.fed_imp.sub_modules.server.base_server:run:153 - ==================================================
2024-11-20 20:02:07.047 | INFO     | src.fed_imp.sub_modules.server.base_server:run:154 - Imputation Round 11
2024-11-20 20:02:07.124 | INFO     | src.fed_imp.sub_modules.server.base_server:run:153 - ==================================================
2024-11-20 20:02:07.124 | INFO     | src.fed_imp.sub_modules.server.base_server:run:154 - Imputation Round 11
2024-11-20 20:02:07.189 | INFO     | src.fed_imp.sub_modules.server.base_server:run:153 - ==================================================
2024-11-20 20:02:07.189 | INFO     | src.fed_imp.sub_modules.server.base_server:run:154 - Imputation Round 11
2024-11-20 20:02:07.305 | INFO     | src.fed_imp.sub_modules.server.base_server:run:153 - ==================================================
2024-11-20 20:02:07.306 | INFO     | src.fed_imp.sub_modules.server.base_server:run:154 - Imputation Round 11
2024-11-20 20:02:07.528 | INFO     | src.fed_imp.sub_modules.server.base_server:run:153 - ==================================================
2024-11-20 20:02:07.529 | INFO     | src.fed_imp.sub_modules.server.base_server:run:154 - Imputation Round 11
2024-11-20 20:02:07.707 | INFO     | src.fed_imp.sub_modules.server.base_server:run:153 - ==================================================
2024-11-20 20:02:07.708 | INFO     | src.fed_imp.sub_modules.server.base_server:run:154 - Imputation Round 11
2024-11-20 20:02:07.911 | INFO     | src.fed_imp.sub_modules.server.base_server:run:153 - ==================================================
2024-11-20 20:02:07.911 | INFO     | src.fed_imp.sub_modules.server.base_server:run:154 - Imputation Round 11
2024-11-20 20:02:08.005 | INFO     | src.fed_imp.sub_modules.server.base_server:run:153 - ==================================================
2024-11-20 20:02:08.005 | INFO     | src.fed_imp.sub_modules.server.base_server:run:154 - Imputation Round 11
2024-11-20 20:02:12.464 | INFO     | src.fed_imp.sub_modules.server.base_server:run:153 - ==================================================
2024-11-20 20:02:12.464 | INFO     | src.fed_imp.sub_modules.server.base_server:run:154 - Imputation Round 12
2024-11-20 20:02:12.686 | INFO     | src.fed_imp.sub_modules.server.base_server:run:153 - ==================================================
2024-11-20 20:02:12.686 | INFO     | src.fed_imp.sub_modules.server.base_server:run:154 - Imputation Round 12
2024-11-20 20:02:12.804 | INFO     | src.fed_imp.sub_modules.server.base_server:run:153 - ==================================================
2024-11-20 20:02:12.804 | INFO     | src.fed_imp.sub_modules.server.base_server:run:154 - Imputation Round 12
2024-11-20 20:02:12.895 | INFO     | src.fed_imp.sub_modules.server.base_server:run:153 - ==================================================
2024-11-20 20:02:12.895 | INFO     | src.fed_imp.sub_modules.server.base_server:run:154 - Imputation Round 12
2024-11-20 20:02:12.950 | INFO     | src.fed_imp.sub_modules.server.base_server:run:153 - ==================================================
2024-11-20 20:02:12.950 | INFO     | src.fed_imp.sub_modules.server.base_server:run:154 - Imputation Round 12
2024-11-20 20:02:13.055 | INFO     | src.fed_imp.sub_modules.server.base_server:run:153 - ==================================================
2024-11-20 20:02:13.055 | INFO     | src.fed_imp.sub_modules.server.base_server:run:154 - Imputation Round 12
2024-11-20 20:02:13.306 | INFO     | src.fed_imp.sub_modules.server.base_server:run:153 - ==================================================
2024-11-20 20:02:13.306 | INFO     | src.fed_imp.sub_modules.server.base_server:run:154 - Imputation Round 12
2024-11-20 20:02:13.422 | INFO     | src.fed_imp.sub_modules.server.base_server:run:153 - ==================================================
2024-11-20 20:02:13.422 | INFO     | src.fed_imp.sub_modules.server.base_server:run:154 - Imputation Round 12
2024-11-20 20:02:13.764 | INFO     | src.fed_imp.sub_modules.server.base_server:run:153 - ==================================================
2024-11-20 20:02:13.764 | INFO     | src.fed_imp.sub_modules.server.base_server:run:154 - Imputation Round 12
2024-11-20 20:02:13.854 | INFO     | src.fed_imp.sub_modules.server.base_server:run:153 - ==================================================
2024-11-20 20:02:13.854 | INFO     | src.fed_imp.sub_modules.server.base_server:run:154 - Imputation Round 12
2024-11-20 20:02:18.218 | INFO     | src.fed_imp.sub_modules.server.base_server:run:153 - ==================================================
2024-11-20 20:02:18.218 | INFO     | src.fed_imp.sub_modules.server.base_server:run:154 - Imputation Round 13
2024-11-20 20:02:18.444 | INFO     | src.fed_imp.sub_modules.server.base_server:run:153 - ==================================================
2024-11-20 20:02:18.444 | INFO     | src.fed_imp.sub_modules.server.base_server:run:154 - Imputation Round 13
2024-11-20 20:02:18.562 | INFO     | src.fed_imp.sub_modules.server.base_server:run:153 - ==================================================
2024-11-20 20:02:18.562 | INFO     | src.fed_imp.sub_modules.server.base_server:run:154 - Imputation Round 13
2024-11-20 20:02:18.671 | INFO     | src.fed_imp.sub_modules.server.base_server:run:153 - ==================================================
2024-11-20 20:02:18.671 | INFO     | src.fed_imp.sub_modules.server.base_server:run:154 - Imputation Round 13
2024-11-20 20:02:18.721 | INFO     | src.fed_imp.sub_modules.server.base_server:run:153 - ==================================================
2024-11-20 20:02:18.721 | INFO     | src.fed_imp.sub_modules.server.base_server:run:154 - Imputation Round 13
2024-11-20 20:02:18.815 | INFO     | src.fed_imp.sub_modules.server.base_server:run:153 - ==================================================
2024-11-20 20:02:18.815 | INFO     | src.fed_imp.sub_modules.server.base_server:run:154 - Imputation Round 13
2024-11-20 20:02:19.091 | INFO     | src.fed_imp.sub_modules.server.base_server:run:153 - ==================================================
2024-11-20 20:02:19.091 | INFO     | src.fed_imp.sub_modules.server.base_server:run:154 - Imputation Round 13
2024-11-20 20:02:19.136 | INFO     | src.fed_imp.sub_modules.server.base_server:run:153 - ==================================================
2024-11-20 20:02:19.137 | INFO     | src.fed_imp.sub_modules.server.base_server:run:154 - Imputation Round 13
2024-11-20 20:02:19.607 | INFO     | src.fed_imp.sub_modules.server.base_server:run:153 - ==================================================
2024-11-20 20:02:19.607 | INFO     | src.fed_imp.sub_modules.server.base_server:run:154 - Imputation Round 13
2024-11-20 20:02:19.688 | INFO     | src.fed_imp.sub_modules.server.base_server:run:153 - ==================================================
2024-11-20 20:02:19.688 | INFO     | src.fed_imp.sub_modules.server.base_server:run:154 - Imputation Round 13
2024-11-20 20:02:23.973 | INFO     | src.fed_imp.sub_modules.server.base_server:run:153 - ==================================================
2024-11-20 20:02:23.973 | INFO     | src.fed_imp.sub_modules.server.base_server:run:154 - Imputation Round 14
2024-11-20 20:02:24.215 | INFO     | src.fed_imp.sub_modules.server.base_server:run:153 - ==================================================
2024-11-20 20:02:24.215 | INFO     | src.fed_imp.sub_modules.server.base_server:run:154 - Imputation Round 14
2024-11-20 20:02:24.319 | INFO     | src.fed_imp.sub_modules.server.base_server:run:153 - ==================================================
2024-11-20 20:02:24.319 | INFO     | src.fed_imp.sub_modules.server.base_server:run:154 - Imputation Round 14
2024-11-20 20:02:24.462 | INFO     | src.fed_imp.sub_modules.server.base_server:run:153 - ==================================================
2024-11-20 20:02:24.462 | INFO     | src.fed_imp.sub_modules.server.base_server:run:154 - Imputation Round 14
2024-11-20 20:02:24.491 | INFO     | src.fed_imp.sub_modules.server.base_server:run:153 - ==================================================
2024-11-20 20:02:24.491 | INFO     | src.fed_imp.sub_modules.server.base_server:run:154 - Imputation Round 14
2024-11-20 20:02:24.574 | INFO     | src.fed_imp.sub_modules.server.base_server:run:153 - ==================================================
2024-11-20 20:02:24.574 | INFO     | src.fed_imp.sub_modules.server.base_server:run:154 - Imputation Round 14
2024-11-20 20:02:24.842 | INFO     | src.fed_imp.sub_modules.server.base_server:run:153 - ==================================================
2024-11-20 20:02:24.843 | INFO     | src.fed_imp.sub_modules.server.base_server:run:154 - Imputation Round 14
2024-11-20 20:02:24.859 | INFO     | src.fed_imp.sub_modules.server.base_server:run:153 - ==================================================
2024-11-20 20:02:24.859 | INFO     | src.fed_imp.sub_modules.server.base_server:run:154 - Imputation Round 14
2024-11-20 20:02:25.456 | INFO     | src.fed_imp.sub_modules.server.base_server:run:153 - ==================================================
2024-11-20 20:02:25.457 | INFO     | src.fed_imp.sub_modules.server.base_server:run:154 - Imputation Round 14
2024-11-20 20:02:25.536 | INFO     | src.fed_imp.sub_modules.server.base_server:run:153 - ==================================================
2024-11-20 20:02:25.536 | INFO     | src.fed_imp.sub_modules.server.base_server:run:154 - Imputation Round 14
2024-11-20 20:02:29.718 | INFO     | src.fed_imp.sub_modules.server.base_server:run:153 - ==================================================
2024-11-20 20:02:29.718 | INFO     | src.fed_imp.sub_modules.server.base_server:run:154 - Imputation Round 15
2024-11-20 20:02:29.999 | INFO     | src.fed_imp.sub_modules.server.base_server:run:153 - ==================================================
2024-11-20 20:02:30.000 | INFO     | src.fed_imp.sub_modules.server.base_server:run:154 - Imputation Round 15
2024-11-20 20:02:30.056 | INFO     | src.fed_imp.sub_modules.server.base_server:run:153 - ==================================================
2024-11-20 20:02:30.056 | INFO     | src.fed_imp.sub_modules.server.base_server:run:154 - Imputation Round 15
2024-11-20 20:02:30.249 | INFO     | src.fed_imp.sub_modules.server.base_server:run:153 - ==================================================
2024-11-20 20:02:30.250 | INFO     | src.fed_imp.sub_modules.server.base_server:run:154 - Imputation Round 15
2024-11-20 20:02:30.250 | INFO     | src.fed_imp.sub_modules.server.base_server:run:153 - ==================================================
2024-11-20 20:02:30.250 | INFO     | src.fed_imp.sub_modules.server.base_server:run:154 - Imputation Round 15
2024-11-20 20:02:30.323 | INFO     | src.fed_imp.sub_modules.server.base_server:run:153 - ==================================================
2024-11-20 20:02:30.323 | INFO     | src.fed_imp.sub_modules.server.base_server:run:154 - Imputation Round 15
2024-11-20 20:02:30.556 | INFO     | src.fed_imp.sub_modules.server.base_server:run:153 - ==================================================
2024-11-20 20:02:30.557 | INFO     | src.fed_imp.sub_modules.server.base_server:run:154 - Imputation Round 15
2024-11-20 20:02:30.653 | INFO     | src.fed_imp.sub_modules.server.base_server:run:153 - ==================================================
2024-11-20 20:02:30.653 | INFO     | src.fed_imp.sub_modules.server.base_server:run:154 - Imputation Round 15
2024-11-20 20:02:31.313 | INFO     | src.fed_imp.sub_modules.server.base_server:run:153 - ==================================================
2024-11-20 20:02:31.313 | INFO     | src.fed_imp.sub_modules.server.base_server:run:154 - Imputation Round 15
2024-11-20 20:02:31.398 | INFO     | src.fed_imp.sub_modules.server.base_server:run:153 - ==================================================
2024-11-20 20:02:31.398 | INFO     | src.fed_imp.sub_modules.server.base_server:run:154 - Imputation Round 15
2024-11-20 20:02:35.465 | INFO     | src.fed_imp.sub_modules.server.base_server:run:153 - ==================================================
2024-11-20 20:02:35.465 | INFO     | src.fed_imp.sub_modules.server.base_server:run:154 - Imputation Round 16
2024-11-20 20:02:35.774 | INFO     | src.fed_imp.sub_modules.server.base_server:run:153 - ==================================================
2024-11-20 20:02:35.775 | INFO     | src.fed_imp.sub_modules.server.base_server:run:154 - Imputation Round 16
2024-11-20 20:02:35.808 | INFO     | src.fed_imp.sub_modules.server.base_server:run:153 - ==================================================
2024-11-20 20:02:35.808 | INFO     | src.fed_imp.sub_modules.server.base_server:run:154 - Imputation Round 16
2024-11-20 20:02:36.023 | INFO     | src.fed_imp.sub_modules.server.base_server:run:153 - ==================================================
2024-11-20 20:02:36.023 | INFO     | src.fed_imp.sub_modules.server.base_server:run:154 - Imputation Round 16
2024-11-20 20:02:36.044 | INFO     | src.fed_imp.sub_modules.server.base_server:run:153 - ==================================================
2024-11-20 20:02:36.044 | INFO     | src.fed_imp.sub_modules.server.base_server:run:154 - Imputation Round 16
2024-11-20 20:02:36.075 | INFO     | src.fed_imp.sub_modules.server.base_server:run:153 - ==================================================
2024-11-20 20:02:36.075 | INFO     | src.fed_imp.sub_modules.server.base_server:run:154 - Imputation Round 16
2024-11-20 20:02:36.263 | INFO     | src.fed_imp.sub_modules.server.base_server:run:153 - ==================================================
2024-11-20 20:02:36.264 | INFO     | src.fed_imp.sub_modules.server.base_server:run:154 - Imputation Round 16
2024-11-20 20:02:36.447 | INFO     | src.fed_imp.sub_modules.server.base_server:run:153 - ==================================================
2024-11-20 20:02:36.447 | INFO     | src.fed_imp.sub_modules.server.base_server:run:154 - Imputation Round 16
2024-11-20 20:02:37.165 | INFO     | src.fed_imp.sub_modules.server.base_server:run:153 - ==================================================
2024-11-20 20:02:37.165 | INFO     | src.fed_imp.sub_modules.server.base_server:run:154 - Imputation Round 16
2024-11-20 20:02:37.266 | INFO     | src.fed_imp.sub_modules.server.base_server:run:153 - ==================================================
2024-11-20 20:02:37.266 | INFO     | src.fed_imp.sub_modules.server.base_server:run:154 - Imputation Round 16
2024-11-20 20:02:41.202 | INFO     | src.fed_imp.sub_modules.server.base_server:run:153 - ==================================================
2024-11-20 20:02:41.202 | INFO     | src.fed_imp.sub_modules.server.base_server:run:154 - Imputation Round 17
2024-11-20 20:02:41.535 | INFO     | src.fed_imp.sub_modules.server.base_server:run:153 - ==================================================
2024-11-20 20:02:41.535 | INFO     | src.fed_imp.sub_modules.server.base_server:run:154 - Imputation Round 17
2024-11-20 20:02:41.554 | INFO     | src.fed_imp.sub_modules.server.base_server:run:153 - ==================================================
2024-11-20 20:02:41.555 | INFO     | src.fed_imp.sub_modules.server.base_server:run:154 - Imputation Round 17
2024-11-20 20:02:41.787 | INFO     | src.fed_imp.sub_modules.server.base_server:run:153 - ==================================================
2024-11-20 20:02:41.787 | INFO     | src.fed_imp.sub_modules.server.base_server:run:154 - Imputation Round 17
2024-11-20 20:02:41.836 | INFO     | src.fed_imp.sub_modules.server.base_server:run:153 - ==================================================
2024-11-20 20:02:41.836 | INFO     | src.fed_imp.sub_modules.server.base_server:run:154 - Imputation Round 17
2024-11-20 20:02:41.840 | INFO     | src.fed_imp.sub_modules.server.base_server:run:153 - ==================================================
2024-11-20 20:02:41.840 | INFO     | src.fed_imp.sub_modules.server.base_server:run:154 - Imputation Round 17
2024-11-20 20:02:41.983 | INFO     | src.fed_imp.sub_modules.server.base_server:run:153 - ==================================================
2024-11-20 20:02:41.983 | INFO     | src.fed_imp.sub_modules.server.base_server:run:154 - Imputation Round 17
2024-11-20 20:02:42.245 | INFO     | src.fed_imp.sub_modules.server.base_server:run:153 - ==================================================
2024-11-20 20:02:42.246 | INFO     | src.fed_imp.sub_modules.server.base_server:run:154 - Imputation Round 17
2024-11-20 20:02:43.005 | INFO     | src.fed_imp.sub_modules.server.base_server:run:153 - ==================================================
2024-11-20 20:02:43.005 | INFO     | src.fed_imp.sub_modules.server.base_server:run:154 - Imputation Round 17
2024-11-20 20:02:43.149 | INFO     | src.fed_imp.sub_modules.server.base_server:run:153 - ==================================================
2024-11-20 20:02:43.149 | INFO     | src.fed_imp.sub_modules.server.base_server:run:154 - Imputation Round 17
2024-11-20 20:02:46.940 | INFO     | src.fed_imp.sub_modules.server.base_server:run:153 - ==================================================
2024-11-20 20:02:46.941 | INFO     | src.fed_imp.sub_modules.server.base_server:run:154 - Imputation Round 18
2024-11-20 20:02:47.296 | INFO     | src.fed_imp.sub_modules.server.base_server:run:153 - ==================================================
2024-11-20 20:02:47.296 | INFO     | src.fed_imp.sub_modules.server.base_server:run:154 - Imputation Round 18
2024-11-20 20:02:47.309 | INFO     | src.fed_imp.sub_modules.server.base_server:run:153 - ==================================================
2024-11-20 20:02:47.309 | INFO     | src.fed_imp.sub_modules.server.base_server:run:154 - Imputation Round 18
2024-11-20 20:02:47.549 | INFO     | src.fed_imp.sub_modules.server.base_server:run:153 - ==================================================
2024-11-20 20:02:47.550 | INFO     | src.fed_imp.sub_modules.server.base_server:run:154 - Imputation Round 18
2024-11-20 20:02:47.591 | INFO     | src.fed_imp.sub_modules.server.base_server:run:153 - ==================================================
2024-11-20 20:02:47.591 | INFO     | src.fed_imp.sub_modules.server.base_server:run:154 - Imputation Round 18
2024-11-20 20:02:47.622 | INFO     | src.fed_imp.sub_modules.server.base_server:run:153 - ==================================================
2024-11-20 20:02:47.622 | INFO     | src.fed_imp.sub_modules.server.base_server:run:154 - Imputation Round 18
2024-11-20 20:02:47.690 | INFO     | src.fed_imp.sub_modules.server.base_server:run:153 - ==================================================
2024-11-20 20:02:47.691 | INFO     | src.fed_imp.sub_modules.server.base_server:run:154 - Imputation Round 18
2024-11-20 20:02:48.011 | INFO     | src.fed_imp.sub_modules.server.base_server:run:153 - ==================================================
2024-11-20 20:02:48.011 | INFO     | src.fed_imp.sub_modules.server.base_server:run:154 - Imputation Round 18
2024-11-20 20:02:48.850 | INFO     | src.fed_imp.sub_modules.server.base_server:run:153 - ==================================================
2024-11-20 20:02:48.850 | INFO     | src.fed_imp.sub_modules.server.base_server:run:154 - Imputation Round 18
2024-11-20 20:02:49.010 | INFO     | src.fed_imp.sub_modules.server.base_server:run:153 - ==================================================
2024-11-20 20:02:49.011 | INFO     | src.fed_imp.sub_modules.server.base_server:run:154 - Imputation Round 18
2024-11-20 20:02:52.679 | INFO     | src.fed_imp.sub_modules.server.base_server:run:153 - ==================================================
2024-11-20 20:02:52.679 | INFO     | src.fed_imp.sub_modules.server.base_server:run:154 - Imputation Round 19
2024-11-20 20:02:53.043 | INFO     | src.fed_imp.sub_modules.server.base_server:run:153 - ==================================================
2024-11-20 20:02:53.043 | INFO     | src.fed_imp.sub_modules.server.base_server:run:154 - Imputation Round 19
2024-11-20 20:02:53.083 | INFO     | src.fed_imp.sub_modules.server.base_server:run:153 - ==================================================
2024-11-20 20:02:53.084 | INFO     | src.fed_imp.sub_modules.server.base_server:run:154 - Imputation Round 19
2024-11-20 20:02:53.311 | INFO     | src.fed_imp.sub_modules.server.base_server:run:153 - ==================================================
2024-11-20 20:02:53.311 | INFO     | src.fed_imp.sub_modules.server.base_server:run:154 - Imputation Round 19
2024-11-20 20:02:53.358 | INFO     | src.fed_imp.sub_modules.server.base_server:run:153 - ==================================================
2024-11-20 20:02:53.358 | INFO     | src.fed_imp.sub_modules.server.base_server:run:154 - Imputation Round 19
2024-11-20 20:02:53.403 | INFO     | src.fed_imp.sub_modules.server.base_server:run:153 - ==================================================
2024-11-20 20:02:53.403 | INFO     | src.fed_imp.sub_modules.server.base_server:run:154 - Imputation Round 19
2024-11-20 20:02:53.412 | INFO     | src.fed_imp.sub_modules.server.base_server:run:153 - ==================================================
2024-11-20 20:02:53.412 | INFO     | src.fed_imp.sub_modules.server.base_server:run:154 - Imputation Round 19
2024-11-20 20:02:53.804 | INFO     | src.fed_imp.sub_modules.server.base_server:run:153 - ==================================================
2024-11-20 20:02:53.804 | INFO     | src.fed_imp.sub_modules.server.base_server:run:154 - Imputation Round 19
2024-11-20 20:02:54.706 | INFO     | src.fed_imp.sub_modules.server.base_server:run:153 - ==================================================
2024-11-20 20:02:54.706 | INFO     | src.fed_imp.sub_modules.server.base_server:run:154 - Imputation Round 19
2024-11-20 20:02:54.869 | INFO     | src.fed_imp.sub_modules.server.base_server:run:153 - ==================================================
2024-11-20 20:02:54.869 | INFO     | src.fed_imp.sub_modules.server.base_server:run:154 - Imputation Round 19
2024-11-20 20:02:58.406 | INFO     | src.fed_imp.sub_modules.server.base_server:run:153 - ==================================================
2024-11-20 20:02:58.407 | INFO     | src.fed_imp.sub_modules.server.base_server:run:154 - Imputation Round 20
2024-11-20 20:02:58.784 | INFO     | src.fed_imp.sub_modules.server.base_server:run:153 - ==================================================
2024-11-20 20:02:58.784 | INFO     | src.fed_imp.sub_modules.server.base_server:run:154 - Imputation Round 20
2024-11-20 20:02:58.849 | INFO     | src.fed_imp.sub_modules.server.base_server:run:153 - ==================================================
2024-11-20 20:02:58.849 | INFO     | src.fed_imp.sub_modules.server.base_server:run:154 - Imputation Round 20
2024-11-20 20:02:59.073 | INFO     | src.fed_imp.sub_modules.server.base_server:run:153 - ==================================================
2024-11-20 20:02:59.073 | INFO     | src.fed_imp.sub_modules.server.base_server:run:154 - Imputation Round 20
2024-11-20 20:02:59.120 | INFO     | src.fed_imp.sub_modules.server.base_server:run:153 - ==================================================
2024-11-20 20:02:59.120 | INFO     | src.fed_imp.sub_modules.server.base_server:run:154 - Imputation Round 20
2024-11-20 20:02:59.133 | INFO     | src.fed_imp.sub_modules.server.base_server:run:153 - ==================================================
2024-11-20 20:02:59.133 | INFO     | src.fed_imp.sub_modules.server.base_server:run:154 - Imputation Round 20
2024-11-20 20:02:59.189 | INFO     | src.fed_imp.sub_modules.server.base_server:run:153 - ==================================================
2024-11-20 20:02:59.189 | INFO     | src.fed_imp.sub_modules.server.base_server:run:154 - Imputation Round 20
2024-11-20 20:02:59.594 | INFO     | src.fed_imp.sub_modules.server.base_server:run:153 - ==================================================
2024-11-20 20:02:59.594 | INFO     | src.fed_imp.sub_modules.server.base_server:run:154 - Imputation Round 20
2024-11-20 20:03:00.555 | INFO     | src.fed_imp.sub_modules.server.base_server:run:153 - ==================================================
2024-11-20 20:03:00.555 | INFO     | src.fed_imp.sub_modules.server.base_server:run:154 - Imputation Round 20
2024-11-20 20:03:00.717 | INFO     | src.fed_imp.sub_modules.server.base_server:run:153 - ==================================================
2024-11-20 20:03:00.717 | INFO     | src.fed_imp.sub_modules.server.base_server:run:154 - Imputation Round 20
2024-11-20 20:03:04.126 | INFO     | src.fed_imp.sub_modules.server.base_server:run:183 - FL finished in 116.97252966929227
2024-11-20 20:03:04.521 | INFO     | src.fed_imp.sub_modules.server.base_server:run:183 - FL finished in 117.20581535529345
2024-11-20 20:03:04.612 | INFO     | src.fed_imp.sub_modules.server.base_server:run:183 - FL finished in 117.46403126092628
2024-11-20 20:03:04.827 | INFO     | src.fed_imp.sub_modules.server.base_server:run:183 - FL finished in 117.63751865690574
2024-11-20 20:03:04.851 | INFO     | src.fed_imp.sub_modules.server.base_server:run:183 - FL finished in 116.56457997625694
2024-11-20 20:03:04.895 | INFO     | src.fed_imp.sub_modules.server.base_server:run:183 - FL finished in 117.68984957411885
2024-11-20 20:03:04.978 | INFO     | src.fed_imp.sub_modules.server.base_server:run:183 - FL finished in 117.86709692608565
2024-11-20 20:03:05.424 | INFO     | src.fed_imp.sub_modules.server.base_server:run:183 - FL finished in 118.19861583271995
2024-11-20 20:03:06.488 | INFO     | src.fed_imp.sub_modules.server.base_server:run:183 - FL finished in 119.2640822250396
2024-11-20 20:03:06.672 | INFO     | src.fed_imp.sub_modules.server.base_server:run:183 - FL finished in 119.48972962610424
[Parallel(n_jobs=10)]: Done   2 out of  10 | elapsed:  2.1min remaining:  8.5min
[Parallel(n_jobs=10)]: Done  10 out of  10 | elapsed:  2.2min finished
2024-11-20 20:03:10.331 | INFO     | src.fed_imp.experiment:run_experiment:339 - Summary: local
2024-11-20 20:03:10.623 | INFO     | src.fed_imp.experiment:experiment_result_processing:387 - imp@rmse: avg 0.15588411859062642
2024-11-20 20:03:10.623 | INFO     | src.fed_imp.experiment:experiment_result_processing:387 - imp@w2: avg 1.3628766385731166
2024-11-20 20:03:10.623 | INFO     | src.fed_imp.experiment:experiment_result_processing:387 - imp@sliced_ws: avg 0.08357311178817425
2024-11-20 20:03:10.623 | INFO     | src.fed_imp.experiment:experiment_result_processing:402 - model pred_accu: 0.00000 (0.000) pred_f1: 0.00000 (0.000)
2024-11-20 20:03:39.715 | INFO     | src.fed_imp.experiment:experiment_result_processing:424 - imp@rmse: 0.15588 (0.006) imp@sliced_ws: 0.08357 (0.010) imp@global_ws: 0.03398
2024-11-20 20:03:39.715 | INFO     | src.experiment_management.experiment_manager:run_experiments:67 - Experiment finished in 159.85821342468262
2024-11-20 20:03:39.818 | INFO     | src.experiment_management.experiment_manager:run_experiments:86 - Total time: 159.96106505393982
