./results/raw_results/fed_imp_ext2_amarel/1105/hhp_los_np1/0/natural/random2@mrl=0.3_mrr=0.7_mm=mnarlrsigst/allk0.25_sphere/
====================================================================================
round: 7
./results/raw_results/fed_imp_ext2_amarel/1105/hhp_los_np1/0/natural/random2@mrl=0.3_mrr=0.7_mm=mnarlrsigst/allk0.25_sphere/
====================================================================================
round: 6
./results/raw_results/fed_imp_ext2_amarel/1105/hhp_los_np1/0/natural/random2@mrl=0.3_mrr=0.7_mm=mnarlrsigst/allk0.25_sphere/
./results/raw_results/fed_imp_ext2_amarel/1105/hhp_los_np1/0/natural/random2@mrl=0.3_mrr=0.7_mm=mnarlrsigst/allk0.25_sphere/
====================================================================================
round: 8
./results/raw_results/fed_imp_ext2_amarel/1105/hhp_los_np1/0/natural/random2@mrl=0.3_mrr=0.7_mm=mnarlrsigst/allk0.25_sphere/
./results/raw_results/fed_imp_ext2_amarel/1105/hhp_los_np1/0/natural/random2@mrl=0.3_mrr=0.7_mm=mnarlrsigst/allk0.25_sphere/
./results/raw_results/fed_imp_ext2_amarel/1105/hhp_los_np1/0/natural/random2@mrl=0.3_mrr=0.7_mm=mnarlrsigst/allk0.25_sphere/
./results/raw_results/fed_imp_ext2_amarel/1105/hhp_los_np1/0/natural/random2@mrl=0.3_mrr=0.7_mm=mnarlrsigst/allk0.25_sphere/
====================================================================================
round: 5
./results/raw_results/fed_imp_ext2_amarel/1105/hhp_los_np1/0/natural/random2@mrl=0.3_mrr=0.7_mm=mnarlrsigst/allk0.25_sphere/
====================================================================================
round: 9
./results/raw_results/fed_imp_ext2_amarel/1105/hhp_los_np1/0/natural/random2@mrl=0.3_mrr=0.7_mm=mnarlrsigst/allk0.25_sphere/
./results/raw_results/fed_imp_ext2_amarel/1105/hhp_los_np1/0/natural/random2@mrl=0.3_mrr=0.7_mm=mnarlrsigst/allk0.25_sphere/
./results/raw_results/fed_imp_ext2_amarel/1105/hhp_los_np1/0/natural/random2@mrl=0.3_mrr=0.7_mm=mnarlrsigst/allk0.25_sphere/
./results/raw_results/fed_imp_ext2_amarel/1105/hhp_los_np1/0/natural/random2@mrl=0.3_mrr=0.7_mm=mnarlrsigst/allk0.25_sphere/
./results/raw_results/fed_imp_ext2_amarel/1105/hhp_los_np1/0/natural/random2@mrl=0.3_mrr=0.7_mm=mnarlrsigst/allk0.25_sphere/
====================================================================================
round: 2
./results/raw_results/fed_imp_ext2_amarel/1105/hhp_los_np1/0/natural/random2@mrl=0.3_mrr=0.7_mm=mnarlrsigst/allk0.25_sphere/
./results/raw_results/fed_imp_ext2_amarel/1105/hhp_los_np1/0/natural/random2@mrl=0.3_mrr=0.7_mm=mnarlrsigst/allk0.25_sphere/
./results/raw_results/fed_imp_ext2_amarel/1105/hhp_los_np1/0/natural/random2@mrl=0.3_mrr=0.7_mm=mnarlrsigst/allk0.25_sphere/
./results/raw_results/fed_imp_ext2_amarel/1105/hhp_los_np1/0/natural/random2@mrl=0.3_mrr=0.7_mm=mnarlrsigst/allk0.25_sphere/
./results/raw_results/fed_imp_ext2_amarel/1105/hhp_los_np1/0/natural/random2@mrl=0.3_mrr=0.7_mm=mnarlrsigst/allk0.25_sphere/
./results/raw_results/fed_imp_ext2_amarel/1105/hhp_los_np1/0/natural/random2@mrl=0.3_mrr=0.7_mm=mnarlrsigst/allk0.25_sphere/
====================================================================================
round: 1
./results/raw_results/fed_imp_ext2_amarel/1105/hhp_los_np1/0/natural/random2@mrl=0.3_mrr=0.7_mm=mnarlrsigst/allk0.25_sphere/
./results/raw_results/fed_imp_ext2_amarel/1105/hhp_los_np1/0/natural/random2@mrl=0.3_mrr=0.7_mm=mnarlrsigst/allk0.25_sphere/
./results/raw_results/fed_imp_ext2_amarel/1105/hhp_los_np1/0/natural/random2@mrl=0.3_mrr=0.7_mm=mnarlrsigst/allk0.25_sphere/
./results/raw_results/fed_imp_ext2_amarel/1105/hhp_los_np1/0/natural/random2@mrl=0.3_mrr=0.7_mm=mnarlrsigst/allk0.25_sphere/
./results/raw_results/fed_imp_ext2_amarel/1105/hhp_los_np1/0/natural/random2@mrl=0.3_mrr=0.7_mm=mnarlrsigst/allk0.25_sphere/
====================================================================================
round: 4
./results/raw_results/fed_imp_ext2_amarel/1105/hhp_los_np1/0/natural/random2@mrl=0.3_mrr=0.7_mm=mnarlrsigst/allk0.25_sphere/
./results/raw_results/fed_imp_ext2_amarel/1105/hhp_los_np1/0/natural/random2@mrl=0.3_mrr=0.7_mm=mnarlrsigst/allk0.25_sphere/
./results/raw_results/fed_imp_ext2_amarel/1105/hhp_los_np1/0/natural/random2@mrl=0.3_mrr=0.7_mm=mnarlrsigst/allk0.25_sphere/
====================================================================================
round: 3
./results/raw_results/fed_imp_ext2_amarel/1105/hhp_los_np1/0/natural/random2@mrl=0.3_mrr=0.7_mm=mnarlrsigst/allk0.25_sphere/
./results/raw_results/fed_imp_ext2_amarel/1105/hhp_los_np1/0/natural/random2@mrl=0.3_mrr=0.7_mm=mnarlrq/allk0.25_sphere/
====================================================================================
round: 2
{'batch_size': 300, 'learning_rate': 0.001, 'weight_decay': 0.0, 'pred_round': 600, 'pred_local_epochs': 3, 'local_epoch': 5, 'sample_pct': 1}
./results/raw_results/fed_imp_ext2_amarel/1105/hhp_los_np1/0/natural/random2@mrl=0.3_mrr=0.7_mm=mnarlrq/allk0.25_sphere/
====================================================================================
round: 3
{'batch_size': 300, 'learning_rate': 0.001, 'weight_decay': 0.0, 'pred_round': 600, 'pred_local_epochs': 3, 'local_epoch': 5, 'sample_pct': 1}
./results/raw_results/fed_imp_ext2_amarel/1105/hhp_los_np1/0/natural/random2@mrl=0.3_mrr=0.7_mm=mnarlrq/allk0.25_sphere/
====================================================================================
round: 5
{'batch_size': 300, 'learning_rate': 0.001, 'weight_decay': 0.0, 'pred_round': 600, 'pred_local_epochs': 3, 'local_epoch': 5, 'sample_pct': 1}
./results/raw_results/fed_imp_ext2_amarel/1105/hhp_los_np1/0/natural/random2@mrl=0.3_mrr=0.7_mm=mnarlrq/allk0.25_sphere/
====================================================================================
round: 5
{'batch_size': 300, 'learning_rate': 0.001, 'weight_decay': 0.0, 'pred_round': 600, 'pred_local_epochs': 3, 'local_epoch': 5, 'sample_pct': 1}
./results/raw_results/fed_imp_ext2_amarel/1105/hhp_los_np1/0/natural/random2@mrl=0.3_mrr=0.7_mm=mnarlrq/allk0.25_sphere/
====================================================================================
round: 9
{'batch_size': 300, 'learning_rate': 0.001, 'weight_decay': 0.0, 'pred_round': 600, 'pred_local_epochs': 3, 'local_epoch': 5, 'sample_pct': 1}
./results/raw_results/fed_imp_ext2_amarel/1105/hhp_los_np1/0/natural/random2@mrl=0.3_mrr=0.7_mm=mnarlrq/allk0.25_sphere/
====================================================================================
round: 9
{'batch_size': 300, 'learning_rate': 0.001, 'weight_decay': 0.0, 'pred_round': 600, 'pred_local_epochs': 3, 'local_epoch': 5, 'sample_pct': 1}
./results/raw_results/fed_imp_ext2_amarel/1105/hhp_los_np1/0/natural/random2@mrl=0.3_mrr=0.7_mm=mnarlrq/allk0.25_sphere/
====================================================================================
round: 6
{'batch_size': 300, 'learning_rate': 0.001, 'weight_decay': 0.0, 'pred_round': 600, 'pred_local_epochs': 3, 'local_epoch': 5, 'sample_pct': 1}
./results/raw_results/fed_imp_ext2_amarel/1105/hhp_los_np1/0/natural/random2@mrl=0.3_mrr=0.7_mm=mnarlrq/allk0.25_sphere/
====================================================================================
round: 3
{'batch_size': 300, 'learning_rate': 0.001, 'weight_decay': 0.0, 'pred_round': 600, 'pred_local_epochs': 3, 'local_epoch': 5, 'sample_pct': 1}
./results/raw_results/fed_imp_ext2_amarel/1105/hhp_los_np1/0/natural/random2@mrl=0.3_mrr=0.7_mm=mnarlrq/allk0.25_sphere/
====================================================================================
round: 0
{'batch_size': 300, 'learning_rate': 0.001, 'weight_decay': 0.0, 'pred_round': 600, 'pred_local_epochs': 3, 'local_epoch': 5, 'sample_pct': 1}
./results/raw_results/fed_imp_ext2_amarel/1105/hhp_los_np1/0/natural/random2@mrl=0.3_mrr=0.7_mm=mnarlrq/allk0.25_sphere/
====================================================================================
round: 0
{'batch_size': 300, 'learning_rate': 0.001, 'weight_decay': 0.0, 'pred_round': 600, 'pred_local_epochs': 3, 'local_epoch': 5, 'sample_pct': 1}
./results/raw_results/fed_imp_ext2_amarel/1105/hhp_los_np1/0/natural/random2@mrl=0.3_mrr=0.7_mm=mnarlrq/allk0.25_sphere/
====================================================================================
round: 8
{'batch_size': 300, 'learning_rate': 0.001, 'weight_decay': 0.0, 'pred_round': 600, 'pred_local_epochs': 3, 'local_epoch': 5, 'sample_pct': 1}
./results/raw_results/fed_imp_ext2_amarel/1105/hhp_los_np1/0/natural/random2@mrl=0.3_mrr=0.7_mm=mnarlrq/allk0.25_sphere/
====================================================================================
round: 9
{'batch_size': 300, 'learning_rate': 0.001, 'weight_decay': 0.0, 'pred_round': 600, 'pred_local_epochs': 3, 'local_epoch': 5, 'sample_pct': 1}
./results/raw_results/fed_imp_ext2_amarel/1105/hhp_los_np1/0/natural/random2@mrl=0.3_mrr=0.7_mm=mnarlrq/allk0.25_sphere/
====================================================================================
round: 5
{'batch_size': 300, 'learning_rate': 0.001, 'weight_decay': 0.0, 'pred_round': 600, 'pred_local_epochs': 3, 'local_epoch': 5, 'sample_pct': 1}
./results/raw_results/fed_imp_ext2_amarel/1105/hhp_los_np1/0/natural/random2@mrl=0.3_mrr=0.7_mm=mnarlrsigst/allk0.25_sphere/
====================================================================================
round: 0
{'batch_size': 300, 'learning_rate': 0.001, 'weight_decay': 0.0, 'pred_round': 600, 'pred_local_epochs': 3, 'local_epoch': 5, 'sample_pct': 1}
./results/raw_results/fed_imp_ext2_amarel/1105/hhp_los_np1/0/natural/random2@mrl=0.3_mrr=0.7_mm=mnarlrq/allk0.25_sphere/
====================================================================================
round: 8
{'batch_size': 300, 'learning_rate': 0.001, 'weight_decay': 0.0, 'pred_round': 600, 'pred_local_epochs': 3, 'local_epoch': 5, 'sample_pct': 1}
./results/raw_results/fed_imp_ext2_amarel/1105/hhp_los_np1/0/natural/random2@mrl=0.3_mrr=0.7_mm=mnarlrq/allk0.25_sphere/
====================================================================================
round: 2
{'batch_size': 300, 'learning_rate': 0.001, 'weight_decay': 0.0, 'pred_round': 600, 'pred_local_epochs': 3, 'local_epoch': 5, 'sample_pct': 1}
./results/raw_results/fed_imp_ext2_amarel/1105/hhp_los_np1/0/natural/random2@mrl=0.3_mrr=0.7_mm=mnarlrq/allk0.25_sphere/
====================================================================================
round: 4
{'batch_size': 300, 'learning_rate': 0.001, 'weight_decay': 0.0, 'pred_round': 600, 'pred_local_epochs': 3, 'local_epoch': 5, 'sample_pct': 1}
./results/raw_results/fed_imp_ext2_amarel/1105/hhp_los_np1/0/natural/random2@mrl=0.3_mrr=0.7_mm=mnarlrq/allk0.25_sphere/
====================================================================================
round: 8
{'batch_size': 300, 'learning_rate': 0.001, 'weight_decay': 0.0, 'pred_round': 600, 'pred_local_epochs': 3, 'local_epoch': 5, 'sample_pct': 1}
./results/raw_results/fed_imp_ext2_amarel/1105/hhp_los_np1/0/natural/random2@mrl=0.3_mrr=0.7_mm=mnarlrq/allk0.25_sphere/
====================================================================================
round: 1
{'batch_size': 300, 'learning_rate': 0.001, 'weight_decay': 0.0, 'pred_round': 600, 'pred_local_epochs': 3, 'local_epoch': 5, 'sample_pct': 1}
./results/raw_results/fed_imp_ext2_amarel/1105/hhp_los_np1/0/natural/random2@mrl=0.3_mrr=0.7_mm=mnarlrq/allk0.25_sphere/
====================================================================================
round: 2
{'batch_size': 300, 'learning_rate': 0.001, 'weight_decay': 0.0, 'pred_round': 600, 'pred_local_epochs': 3, 'local_epoch': 5, 'sample_pct': 1}
./results/raw_results/fed_imp_ext2_amarel/1105/hhp_los_np1/0/natural/random2@mrl=0.3_mrr=0.7_mm=mnarlrq/allk0.25_sphere/
====================================================================================
round: 3
{'batch_size': 300, 'learning_rate': 0.001, 'weight_decay': 0.0, 'pred_round': 600, 'pred_local_epochs': 3, 'local_epoch': 5, 'sample_pct': 1}
./results/raw_results/fed_imp_ext2_amarel/1105/hhp_los_np1/0/natural/random2@mrl=0.3_mrr=0.7_mm=mnarlrq/allk0.25_sphere/
====================================================================================
round: 4
{'batch_size': 300, 'learning_rate': 0.001, 'weight_decay': 0.0, 'pred_round': 600, 'pred_local_epochs': 3, 'local_epoch': 5, 'sample_pct': 1}
./results/raw_results/fed_imp_ext2_amarel/1105/hhp_los_np1/0/natural/random2@mrl=0.3_mrr=0.7_mm=mnarlrq/allk0.25_sphere/
====================================================================================
round: 7
{'batch_size': 300, 'learning_rate': 0.001, 'weight_decay': 0.0, 'pred_round': 600, 'pred_local_epochs': 3, 'local_epoch': 5, 'sample_pct': 1}
./results/raw_results/fed_imp_ext2_amarel/1105/hhp_los_np1/0/natural/random2@mrl=0.3_mrr=0.7_mm=mnarlrq/allk0.25_sphere/
====================================================================================
round: 1
{'batch_size': 300, 'learning_rate': 0.001, 'weight_decay': 0.0, 'pred_round': 600, 'pred_local_epochs': 3, 'local_epoch': 5, 'sample_pct': 1}
./results/raw_results/fed_imp_ext2_amarel/1105/hhp_los_np1/0/natural/random2@mrl=0.3_mrr=0.7_mm=mnarlrq/allk0.25_sphere/
====================================================================================
round: 6
{'batch_size': 300, 'learning_rate': 0.001, 'weight_decay': 0.0, 'pred_round': 600, 'pred_local_epochs': 3, 'local_epoch': 5, 'sample_pct': 1}
./results/raw_results/fed_imp_ext2_amarel/1105/hhp_los_np1/0/natural/random2@mrl=0.3_mrr=0.7_mm=mnarlrq/allk0.25_sphere/
====================================================================================
round: 6
{'batch_size': 300, 'learning_rate': 0.001, 'weight_decay': 0.0, 'pred_round': 600, 'pred_local_epochs': 3, 'local_epoch': 5, 'sample_pct': 1}
./results/raw_results/fed_imp_ext2_amarel/1105/hhp_los_np1/0/natural/random2@mrl=0.3_mrr=0.7_mm=mnarlrq/allk0.25_sphere/
====================================================================================
round: 7
{'batch_size': 300, 'learning_rate': 0.001, 'weight_decay': 0.0, 'pred_round': 600, 'pred_local_epochs': 3, 'local_epoch': 5, 'sample_pct': 1}
./results/raw_results/fed_imp_ext2_amarel/1105/hhp_los_np1/0/natural/random2@mrl=0.3_mrr=0.7_mm=mnarlrq/allk0.25_sphere/
====================================================================================
round: 4
{'batch_size': 300, 'learning_rate': 0.001, 'weight_decay': 0.0, 'pred_round': 600, 'pred_local_epochs': 3, 'local_epoch': 5, 'sample_pct': 1}
./results/raw_results/fed_imp_ext2_amarel/1105/hhp_los_np1/0/natural/random2@mrl=0.3_mrr=0.7_mm=mnarlrq/allk0.25_sphere/
====================================================================================
round: 7
{'batch_size': 300, 'learning_rate': 0.001, 'weight_decay': 0.0, 'pred_round': 600, 'pred_local_epochs': 3, 'local_epoch': 5, 'sample_pct': 1}
./results/raw_results/fed_imp_ext2_amarel/1105/hhp_los_np1/0/natural/random2@mrl=0.3_mrr=0.7_mm=mnarlrq/allk0.25_sphere/
====================================================================================
round: 0
{'batch_size': 300, 'learning_rate': 0.001, 'weight_decay': 0.0, 'pred_round': 600, 'pred_local_epochs': 3, 'local_epoch': 5, 'sample_pct': 1}
