2024-11-19 02:27:26.664 | INFO     | src.experiment_management.experiment_manager:set_experiment:22 - Experiment name: fed_imp
2024-11-19 02:27:26.667 | INFO     | src.experiment_management.experiment_manager:run_experiments:45 - Running 1 experiments
2024-11-19 02:27:26.668 | INFO     | src.experiment_management.experiment_manager:run_experiments:51 - Experiment - 0
2024-11-19 02:27:26.668 | INFO     | src.experiment_management.experiment_manager:run_experiments:52 - Experiment - ['dn', 'nc', 'dp', 'ms', 'mct', 'st', 'as', 's', 's', 'p', 'nr', 'n', 'ts']
2024-11-19 02:27:26.668 | INFO     | src.experiment_management.experiment_manager:run_experiments:53 - Experiment - ('eicu_mo_np4', 0, 'natural', 'random2@mrl=0.3_mrr=0.7_mm=mnarlrq', 'allk0.25_sphere', 'fedavg_pytorch', 'fedavg-s', 102931466, 50, False, 10, 10, 0.1)
[Parallel(n_jobs=10)]: Using backend LokyBackend with 10 concurrent workers.
2024-11-19 02:27:31.312 | INFO     | src.fed_imp.experiment:main_func:31 - Round 2
2024-11-19 02:27:31.315 | INFO     | src.fed_imp.experiment:main_func:31 - Round 3
2024-11-19 02:27:31.315 | INFO     | src.fed_imp.experiment:main_func:31 - Round 1
2024-11-19 02:27:31.378 | INFO     | src.fed_imp.experiment:main_func:31 - Round 4
2024-11-19 02:27:31.381 | INFO     | src.fed_imp.experiment:main_func:31 - Round 6
2024-11-19 02:27:31.394 | INFO     | src.fed_imp.experiment:main_func:31 - Round 0
2024-11-19 02:27:31.400 | INFO     | src.fed_imp.experiment:main_func:31 - Round 5
2024-11-19 02:27:31.420 | INFO     | src.fed_imp.experiment:main_func:31 - Round 7
2024-11-19 02:27:31.471 | INFO     | src.fed_imp.experiment:main_func:31 - Round 8
2024-11-19 02:27:31.478 | INFO     | src.fed_imp.experiment:main_func:31 - Round 9
2024-11-19 02:27:34.273 | INFO     | src.fed_imp.sub_modules.server.base_server:run:153 - ==================================================
2024-11-19 02:27:34.273 | INFO     | src.fed_imp.sub_modules.server.base_server:run:154 - Imputation Round 1
2024-11-19 02:27:34.282 | INFO     | src.fed_imp.sub_modules.server.base_server:run:153 - ==================================================
2024-11-19 02:27:34.282 | INFO     | src.fed_imp.sub_modules.server.base_server:run:154 - Imputation Round 1
2024-11-19 02:27:34.284 | INFO     | src.fed_imp.sub_modules.server.base_server:run:153 - ==================================================
2024-11-19 02:27:34.284 | INFO     | src.fed_imp.sub_modules.server.base_server:run:154 - Imputation Round 1
2024-11-19 02:27:34.307 | INFO     | src.fed_imp.sub_modules.server.base_server:run:153 - ==================================================
2024-11-19 02:27:34.308 | INFO     | src.fed_imp.sub_modules.server.base_server:run:154 - Imputation Round 1
2024-11-19 02:27:34.311 | INFO     | src.fed_imp.sub_modules.server.base_server:run:153 - ==================================================
2024-11-19 02:27:34.312 | INFO     | src.fed_imp.sub_modules.server.base_server:run:154 - Imputation Round 1
2024-11-19 02:27:34.322 | INFO     | src.fed_imp.sub_modules.server.base_server:run:153 - ==================================================
2024-11-19 02:27:34.322 | INFO     | src.fed_imp.sub_modules.server.base_server:run:154 - Imputation Round 1
2024-11-19 02:27:34.329 | INFO     | src.fed_imp.sub_modules.server.base_server:run:153 - ==================================================
2024-11-19 02:27:34.329 | INFO     | src.fed_imp.sub_modules.server.base_server:run:154 - Imputation Round 1
2024-11-19 02:27:34.331 | INFO     | src.fed_imp.sub_modules.server.base_server:run:153 - ==================================================
2024-11-19 02:27:34.331 | INFO     | src.fed_imp.sub_modules.server.base_server:run:154 - Imputation Round 1
2024-11-19 02:27:34.335 | INFO     | src.fed_imp.sub_modules.server.base_server:run:153 - ==================================================
2024-11-19 02:27:34.336 | INFO     | src.fed_imp.sub_modules.server.base_server:run:154 - Imputation Round 1
2024-11-19 02:27:34.363 | INFO     | src.fed_imp.sub_modules.server.base_server:run:153 - ==================================================
2024-11-19 02:27:34.363 | INFO     | src.fed_imp.sub_modules.server.base_server:run:154 - Imputation Round 1
2024-11-19 02:27:42.193 | INFO     | src.fed_imp.sub_modules.server.base_server:run:153 - ==================================================
2024-11-19 02:27:42.193 | INFO     | src.fed_imp.sub_modules.server.base_server:run:154 - Imputation Round 2
2024-11-19 02:27:42.214 | INFO     | src.fed_imp.sub_modules.server.base_server:run:153 - ==================================================
2024-11-19 02:27:42.214 | INFO     | src.fed_imp.sub_modules.server.base_server:run:154 - Imputation Round 2
2024-11-19 02:27:42.231 | INFO     | src.fed_imp.sub_modules.server.base_server:run:153 - ==================================================
2024-11-19 02:27:42.231 | INFO     | src.fed_imp.sub_modules.server.base_server:run:154 - Imputation Round 2
2024-11-19 02:27:42.270 | INFO     | src.fed_imp.sub_modules.server.base_server:run:153 - ==================================================
2024-11-19 02:27:42.270 | INFO     | src.fed_imp.sub_modules.server.base_server:run:154 - Imputation Round 2
2024-11-19 02:27:42.286 | INFO     | src.fed_imp.sub_modules.server.base_server:run:153 - ==================================================
2024-11-19 02:27:42.287 | INFO     | src.fed_imp.sub_modules.server.base_server:run:154 - Imputation Round 2
2024-11-19 02:27:42.295 | INFO     | src.fed_imp.sub_modules.server.base_server:run:153 - ==================================================
2024-11-19 02:27:42.295 | INFO     | src.fed_imp.sub_modules.server.base_server:run:154 - Imputation Round 2
2024-11-19 02:27:42.318 | INFO     | src.fed_imp.sub_modules.server.base_server:run:153 - ==================================================
2024-11-19 02:27:42.319 | INFO     | src.fed_imp.sub_modules.server.base_server:run:154 - Imputation Round 2
2024-11-19 02:27:42.338 | INFO     | src.fed_imp.sub_modules.server.base_server:run:153 - ==================================================
2024-11-19 02:27:42.338 | INFO     | src.fed_imp.sub_modules.server.base_server:run:154 - Imputation Round 2
2024-11-19 02:27:42.387 | INFO     | src.fed_imp.sub_modules.server.base_server:run:153 - ==================================================
2024-11-19 02:27:42.387 | INFO     | src.fed_imp.sub_modules.server.base_server:run:154 - Imputation Round 2
2024-11-19 02:27:42.392 | INFO     | src.fed_imp.sub_modules.server.base_server:run:153 - ==================================================
2024-11-19 02:27:42.392 | INFO     | src.fed_imp.sub_modules.server.base_server:run:154 - Imputation Round 2
2024-11-19 02:27:49.959 | INFO     | src.fed_imp.sub_modules.server.base_server:run:153 - ==================================================
2024-11-19 02:27:49.960 | INFO     | src.fed_imp.sub_modules.server.base_server:run:154 - Imputation Round 3
2024-11-19 02:27:49.973 | INFO     | src.fed_imp.sub_modules.server.base_server:run:153 - ==================================================
2024-11-19 02:27:49.974 | INFO     | src.fed_imp.sub_modules.server.base_server:run:154 - Imputation Round 3
2024-11-19 02:27:50.115 | INFO     | src.fed_imp.sub_modules.server.base_server:run:153 - ==================================================
2024-11-19 02:27:50.115 | INFO     | src.fed_imp.sub_modules.server.base_server:run:154 - Imputation Round 3
2024-11-19 02:27:50.124 | INFO     | src.fed_imp.sub_modules.server.base_server:run:153 - ==================================================
2024-11-19 02:27:50.124 | INFO     | src.fed_imp.sub_modules.server.base_server:run:154 - Imputation Round 3
2024-11-19 02:27:50.143 | INFO     | src.fed_imp.sub_modules.server.base_server:run:153 - ==================================================
2024-11-19 02:27:50.143 | INFO     | src.fed_imp.sub_modules.server.base_server:run:154 - Imputation Round 3
2024-11-19 02:27:50.174 | INFO     | src.fed_imp.sub_modules.server.base_server:run:153 - ==================================================
2024-11-19 02:27:50.174 | INFO     | src.fed_imp.sub_modules.server.base_server:run:154 - Imputation Round 3
2024-11-19 02:27:50.178 | INFO     | src.fed_imp.sub_modules.server.base_server:run:153 - ==================================================
2024-11-19 02:27:50.179 | INFO     | src.fed_imp.sub_modules.server.base_server:run:154 - Imputation Round 3
2024-11-19 02:27:50.200 | INFO     | src.fed_imp.sub_modules.server.base_server:run:153 - ==================================================
2024-11-19 02:27:50.201 | INFO     | src.fed_imp.sub_modules.server.base_server:run:154 - Imputation Round 3
2024-11-19 02:27:50.286 | INFO     | src.fed_imp.sub_modules.server.base_server:run:153 - ==================================================
2024-11-19 02:27:50.286 | INFO     | src.fed_imp.sub_modules.server.base_server:run:154 - Imputation Round 3
2024-11-19 02:27:50.301 | INFO     | src.fed_imp.sub_modules.server.base_server:run:153 - ==================================================
2024-11-19 02:27:50.301 | INFO     | src.fed_imp.sub_modules.server.base_server:run:154 - Imputation Round 3
2024-11-19 02:27:57.774 | INFO     | src.fed_imp.sub_modules.server.base_server:run:153 - ==================================================
2024-11-19 02:27:57.774 | INFO     | src.fed_imp.sub_modules.server.base_server:run:154 - Imputation Round 4
2024-11-19 02:27:57.820 | INFO     | src.fed_imp.sub_modules.server.base_server:run:153 - ==================================================
2024-11-19 02:27:57.821 | INFO     | src.fed_imp.sub_modules.server.base_server:run:154 - Imputation Round 4
2024-11-19 02:27:58.041 | INFO     | src.fed_imp.sub_modules.server.base_server:run:153 - ==================================================
2024-11-19 02:27:58.042 | INFO     | src.fed_imp.sub_modules.server.base_server:run:154 - Imputation Round 4
2024-11-19 02:27:58.053 | INFO     | src.fed_imp.sub_modules.server.base_server:run:153 - ==================================================
2024-11-19 02:27:58.053 | INFO     | src.fed_imp.sub_modules.server.base_server:run:154 - Imputation Round 4
2024-11-19 02:27:58.062 | INFO     | src.fed_imp.sub_modules.server.base_server:run:153 - ==================================================
2024-11-19 02:27:58.063 | INFO     | src.fed_imp.sub_modules.server.base_server:run:154 - Imputation Round 4
2024-11-19 02:27:58.094 | INFO     | src.fed_imp.sub_modules.server.base_server:run:153 - ==================================================
2024-11-19 02:27:58.094 | INFO     | src.fed_imp.sub_modules.server.base_server:run:154 - Imputation Round 4
2024-11-19 02:27:58.097 | INFO     | src.fed_imp.sub_modules.server.base_server:run:153 - ==================================================
2024-11-19 02:27:58.098 | INFO     | src.fed_imp.sub_modules.server.base_server:run:154 - Imputation Round 4
2024-11-19 02:27:58.146 | INFO     | src.fed_imp.sub_modules.server.base_server:run:153 - ==================================================
2024-11-19 02:27:58.146 | INFO     | src.fed_imp.sub_modules.server.base_server:run:154 - Imputation Round 4
2024-11-19 02:27:58.197 | INFO     | src.fed_imp.sub_modules.server.base_server:run:153 - ==================================================
2024-11-19 02:27:58.197 | INFO     | src.fed_imp.sub_modules.server.base_server:run:154 - Imputation Round 4
2024-11-19 02:27:58.323 | INFO     | src.fed_imp.sub_modules.server.base_server:run:153 - ==================================================
2024-11-19 02:27:58.324 | INFO     | src.fed_imp.sub_modules.server.base_server:run:154 - Imputation Round 4
2024-11-19 02:28:05.582 | INFO     | src.fed_imp.sub_modules.server.base_server:run:153 - ==================================================
2024-11-19 02:28:05.583 | INFO     | src.fed_imp.sub_modules.server.base_server:run:154 - Imputation Round 5
2024-11-19 02:28:05.621 | INFO     | src.fed_imp.sub_modules.server.base_server:run:153 - ==================================================
2024-11-19 02:28:05.621 | INFO     | src.fed_imp.sub_modules.server.base_server:run:154 - Imputation Round 5
2024-11-19 02:28:05.968 | INFO     | src.fed_imp.sub_modules.server.base_server:run:153 - ==================================================
2024-11-19 02:28:05.969 | INFO     | src.fed_imp.sub_modules.server.base_server:run:154 - Imputation Round 5
2024-11-19 02:28:05.974 | INFO     | src.fed_imp.sub_modules.server.base_server:run:153 - ==================================================
2024-11-19 02:28:05.974 | INFO     | src.fed_imp.sub_modules.server.base_server:run:154 - Imputation Round 5
2024-11-19 02:28:05.980 | INFO     | src.fed_imp.sub_modules.server.base_server:run:153 - ==================================================
2024-11-19 02:28:05.980 | INFO     | src.fed_imp.sub_modules.server.base_server:run:154 - Imputation Round 5
2024-11-19 02:28:05.998 | INFO     | src.fed_imp.sub_modules.server.base_server:run:153 - ==================================================
2024-11-19 02:28:05.999 | INFO     | src.fed_imp.sub_modules.server.base_server:run:154 - Imputation Round 5
2024-11-19 02:28:06.029 | INFO     | src.fed_imp.sub_modules.server.base_server:run:153 - ==================================================
2024-11-19 02:28:06.029 | INFO     | src.fed_imp.sub_modules.server.base_server:run:154 - Imputation Round 5
2024-11-19 02:28:06.108 | INFO     | src.fed_imp.sub_modules.server.base_server:run:153 - ==================================================
2024-11-19 02:28:06.108 | INFO     | src.fed_imp.sub_modules.server.base_server:run:153 - ==================================================
2024-11-19 02:28:06.108 | INFO     | src.fed_imp.sub_modules.server.base_server:run:154 - Imputation Round 5
2024-11-19 02:28:06.108 | INFO     | src.fed_imp.sub_modules.server.base_server:run:154 - Imputation Round 5
2024-11-19 02:28:06.302 | INFO     | src.fed_imp.sub_modules.server.base_server:run:153 - ==================================================
2024-11-19 02:28:06.302 | INFO     | src.fed_imp.sub_modules.server.base_server:run:154 - Imputation Round 5
2024-11-19 02:28:13.370 | INFO     | src.fed_imp.sub_modules.server.base_server:run:153 - ==================================================
2024-11-19 02:28:13.370 | INFO     | src.fed_imp.sub_modules.server.base_server:run:154 - Imputation Round 6
2024-11-19 02:28:13.421 | INFO     | src.fed_imp.sub_modules.server.base_server:run:153 - ==================================================
2024-11-19 02:28:13.421 | INFO     | src.fed_imp.sub_modules.server.base_server:run:154 - Imputation Round 6
2024-11-19 02:28:13.914 | INFO     | src.fed_imp.sub_modules.server.base_server:run:153 - ==================================================
2024-11-19 02:28:13.914 | INFO     | src.fed_imp.sub_modules.server.base_server:run:154 - Imputation Round 6
2024-11-19 02:28:13.917 | INFO     | src.fed_imp.sub_modules.server.base_server:run:153 - ==================================================
2024-11-19 02:28:13.918 | INFO     | src.fed_imp.sub_modules.server.base_server:run:154 - Imputation Round 6
2024-11-19 02:28:13.932 | INFO     | src.fed_imp.sub_modules.server.base_server:run:153 - ==================================================
2024-11-19 02:28:13.932 | INFO     | src.fed_imp.sub_modules.server.base_server:run:154 - Imputation Round 6
2024-11-19 02:28:13.937 | INFO     | src.fed_imp.sub_modules.server.base_server:run:153 - ==================================================
2024-11-19 02:28:13.937 | INFO     | src.fed_imp.sub_modules.server.base_server:run:154 - Imputation Round 6
2024-11-19 02:28:14.022 | INFO     | src.fed_imp.sub_modules.server.base_server:run:153 - ==================================================
2024-11-19 02:28:14.023 | INFO     | src.fed_imp.sub_modules.server.base_server:run:154 - Imputation Round 6
2024-11-19 02:28:14.042 | INFO     | src.fed_imp.sub_modules.server.base_server:run:153 - ==================================================
2024-11-19 02:28:14.042 | INFO     | src.fed_imp.sub_modules.server.base_server:run:154 - Imputation Round 6
2024-11-19 02:28:14.062 | INFO     | src.fed_imp.sub_modules.server.base_server:run:153 - ==================================================
2024-11-19 02:28:14.062 | INFO     | src.fed_imp.sub_modules.server.base_server:run:154 - Imputation Round 6
2024-11-19 02:28:14.312 | INFO     | src.fed_imp.sub_modules.server.base_server:run:153 - ==================================================
2024-11-19 02:28:14.313 | INFO     | src.fed_imp.sub_modules.server.base_server:run:154 - Imputation Round 6
2024-11-19 02:28:21.185 | INFO     | src.fed_imp.sub_modules.server.base_server:run:153 - ==================================================
2024-11-19 02:28:21.185 | INFO     | src.fed_imp.sub_modules.server.base_server:run:154 - Imputation Round 7
2024-11-19 02:28:21.272 | INFO     | src.fed_imp.sub_modules.server.base_server:run:153 - ==================================================
2024-11-19 02:28:21.273 | INFO     | src.fed_imp.sub_modules.server.base_server:run:154 - Imputation Round 7
2024-11-19 02:28:21.806 | INFO     | src.fed_imp.sub_modules.server.base_server:run:153 - ==================================================
2024-11-19 02:28:21.806 | INFO     | src.fed_imp.sub_modules.server.base_server:run:154 - Imputation Round 7
2024-11-19 02:28:21.809 | INFO     | src.fed_imp.sub_modules.server.base_server:run:153 - ==================================================
2024-11-19 02:28:21.809 | INFO     | src.fed_imp.sub_modules.server.base_server:run:154 - Imputation Round 7
2024-11-19 02:28:21.822 | INFO     | src.fed_imp.sub_modules.server.base_server:run:153 - ==================================================
2024-11-19 02:28:21.822 | INFO     | src.fed_imp.sub_modules.server.base_server:run:154 - Imputation Round 7
2024-11-19 02:28:21.861 | INFO     | src.fed_imp.sub_modules.server.base_server:run:153 - ==================================================
2024-11-19 02:28:21.861 | INFO     | src.fed_imp.sub_modules.server.base_server:run:154 - Imputation Round 7
2024-11-19 02:28:21.940 | INFO     | src.fed_imp.sub_modules.server.base_server:run:153 - ==================================================
2024-11-19 02:28:21.941 | INFO     | src.fed_imp.sub_modules.server.base_server:run:154 - Imputation Round 7
2024-11-19 02:28:21.977 | INFO     | src.fed_imp.sub_modules.server.base_server:run:153 - ==================================================
2024-11-19 02:28:21.977 | INFO     | src.fed_imp.sub_modules.server.base_server:run:154 - Imputation Round 7
2024-11-19 02:28:22.001 | INFO     | src.fed_imp.sub_modules.server.base_server:run:153 - ==================================================
2024-11-19 02:28:22.001 | INFO     | src.fed_imp.sub_modules.server.base_server:run:154 - Imputation Round 7
2024-11-19 02:28:22.305 | INFO     | src.fed_imp.sub_modules.server.base_server:run:153 - ==================================================
2024-11-19 02:28:22.305 | INFO     | src.fed_imp.sub_modules.server.base_server:run:154 - Imputation Round 7
2024-11-19 02:28:28.958 | INFO     | src.fed_imp.sub_modules.server.base_server:run:153 - ==================================================
2024-11-19 02:28:28.958 | INFO     | src.fed_imp.sub_modules.server.base_server:run:154 - Imputation Round 8
2024-11-19 02:28:29.075 | INFO     | src.fed_imp.sub_modules.server.base_server:run:153 - ==================================================
2024-11-19 02:28:29.075 | INFO     | src.fed_imp.sub_modules.server.base_server:run:154 - Imputation Round 8
2024-11-19 02:28:29.668 | INFO     | src.fed_imp.sub_modules.server.base_server:run:153 - ==================================================
2024-11-19 02:28:29.668 | INFO     | src.fed_imp.sub_modules.server.base_server:run:154 - Imputation Round 8
2024-11-19 02:28:29.695 | INFO     | src.fed_imp.sub_modules.server.base_server:run:153 - ==================================================
2024-11-19 02:28:29.695 | INFO     | src.fed_imp.sub_modules.server.base_server:run:154 - Imputation Round 8
2024-11-19 02:28:29.701 | INFO     | src.fed_imp.sub_modules.server.base_server:run:153 - ==================================================
2024-11-19 02:28:29.701 | INFO     | src.fed_imp.sub_modules.server.base_server:run:154 - Imputation Round 8
2024-11-19 02:28:29.750 | INFO     | src.fed_imp.sub_modules.server.base_server:run:153 - ==================================================
2024-11-19 02:28:29.751 | INFO     | src.fed_imp.sub_modules.server.base_server:run:154 - Imputation Round 8
2024-11-19 02:28:29.849 | INFO     | src.fed_imp.sub_modules.server.base_server:run:153 - ==================================================
2024-11-19 02:28:29.849 | INFO     | src.fed_imp.sub_modules.server.base_server:run:154 - Imputation Round 8
2024-11-19 02:28:29.890 | INFO     | src.fed_imp.sub_modules.server.base_server:run:153 - ==================================================
2024-11-19 02:28:29.891 | INFO     | src.fed_imp.sub_modules.server.base_server:run:154 - Imputation Round 8
2024-11-19 02:28:29.947 | INFO     | src.fed_imp.sub_modules.server.base_server:run:153 - ==================================================
2024-11-19 02:28:29.947 | INFO     | src.fed_imp.sub_modules.server.base_server:run:154 - Imputation Round 8
2024-11-19 02:28:30.289 | INFO     | src.fed_imp.sub_modules.server.base_server:run:153 - ==================================================
2024-11-19 02:28:30.290 | INFO     | src.fed_imp.sub_modules.server.base_server:run:154 - Imputation Round 8
2024-11-19 02:28:36.777 | INFO     | src.fed_imp.sub_modules.server.base_server:run:153 - ==================================================
2024-11-19 02:28:36.777 | INFO     | src.fed_imp.sub_modules.server.base_server:run:154 - Imputation Round 9
2024-11-19 02:28:36.919 | INFO     | src.fed_imp.sub_modules.server.base_server:run:153 - ==================================================
2024-11-19 02:28:36.920 | INFO     | src.fed_imp.sub_modules.server.base_server:run:154 - Imputation Round 9
2024-11-19 02:28:37.629 | INFO     | src.fed_imp.sub_modules.server.base_server:run:153 - ==================================================
2024-11-19 02:28:37.630 | INFO     | src.fed_imp.sub_modules.server.base_server:run:154 - Imputation Round 9
2024-11-19 02:28:37.650 | INFO     | src.fed_imp.sub_modules.server.base_server:run:153 - ==================================================
2024-11-19 02:28:37.650 | INFO     | src.fed_imp.sub_modules.server.base_server:run:154 - Imputation Round 9
2024-11-19 02:28:37.653 | INFO     | src.fed_imp.sub_modules.server.base_server:run:153 - ==================================================
2024-11-19 02:28:37.653 | INFO     | src.fed_imp.sub_modules.server.base_server:run:154 - Imputation Round 9
2024-11-19 02:28:37.697 | INFO     | src.fed_imp.sub_modules.server.base_server:run:153 - ==================================================
2024-11-19 02:28:37.698 | INFO     | src.fed_imp.sub_modules.server.base_server:run:154 - Imputation Round 9
2024-11-19 02:28:37.833 | INFO     | src.fed_imp.sub_modules.server.base_server:run:153 - ==================================================
2024-11-19 02:28:37.833 | INFO     | src.fed_imp.sub_modules.server.base_server:run:154 - Imputation Round 9
2024-11-19 02:28:37.837 | INFO     | src.fed_imp.sub_modules.server.base_server:run:153 - ==================================================
2024-11-19 02:28:37.837 | INFO     | src.fed_imp.sub_modules.server.base_server:run:154 - Imputation Round 9
2024-11-19 02:28:37.900 | INFO     | src.fed_imp.sub_modules.server.base_server:run:153 - ==================================================
2024-11-19 02:28:37.900 | INFO     | src.fed_imp.sub_modules.server.base_server:run:154 - Imputation Round 9
2024-11-19 02:28:38.295 | INFO     | src.fed_imp.sub_modules.server.base_server:run:153 - ==================================================
2024-11-19 02:28:38.295 | INFO     | src.fed_imp.sub_modules.server.base_server:run:154 - Imputation Round 9
2024-11-19 02:28:44.579 | INFO     | src.fed_imp.sub_modules.server.base_server:run:153 - ==================================================
2024-11-19 02:28:44.580 | INFO     | src.fed_imp.sub_modules.server.base_server:run:154 - Imputation Round 10
2024-11-19 02:28:44.759 | INFO     | src.fed_imp.sub_modules.server.base_server:run:153 - ==================================================
2024-11-19 02:28:44.759 | INFO     | src.fed_imp.sub_modules.server.base_server:run:154 - Imputation Round 10
2024-11-19 02:28:45.535 | INFO     | src.fed_imp.sub_modules.server.base_server:run:153 - ==================================================
2024-11-19 02:28:45.535 | INFO     | src.fed_imp.sub_modules.server.base_server:run:154 - Imputation Round 10
2024-11-19 02:28:45.584 | INFO     | src.fed_imp.sub_modules.server.base_server:run:153 - ==================================================
2024-11-19 02:28:45.585 | INFO     | src.fed_imp.sub_modules.server.base_server:run:154 - Imputation Round 10
2024-11-19 02:28:45.587 | INFO     | src.fed_imp.sub_modules.server.base_server:run:153 - ==================================================
2024-11-19 02:28:45.587 | INFO     | src.fed_imp.sub_modules.server.base_server:run:154 - Imputation Round 10
2024-11-19 02:28:45.637 | INFO     | src.fed_imp.sub_modules.server.base_server:run:153 - ==================================================
2024-11-19 02:28:45.637 | INFO     | src.fed_imp.sub_modules.server.base_server:run:154 - Imputation Round 10
2024-11-19 02:28:45.805 | INFO     | src.fed_imp.sub_modules.server.base_server:run:153 - ==================================================
2024-11-19 02:28:45.806 | INFO     | src.fed_imp.sub_modules.server.base_server:run:154 - Imputation Round 10
2024-11-19 02:28:45.826 | INFO     | src.fed_imp.sub_modules.server.base_server:run:153 - ==================================================
2024-11-19 02:28:45.826 | INFO     | src.fed_imp.sub_modules.server.base_server:run:154 - Imputation Round 10
2024-11-19 02:28:45.840 | INFO     | src.fed_imp.sub_modules.server.base_server:run:153 - ==================================================
2024-11-19 02:28:45.840 | INFO     | src.fed_imp.sub_modules.server.base_server:run:154 - Imputation Round 10
2024-11-19 02:28:46.320 | INFO     | src.fed_imp.sub_modules.server.base_server:run:153 - ==================================================
2024-11-19 02:28:46.320 | INFO     | src.fed_imp.sub_modules.server.base_server:run:154 - Imputation Round 10
2024-11-19 02:28:52.338 | INFO     | src.fed_imp.sub_modules.server.base_server:run:153 - ==================================================
2024-11-19 02:28:52.338 | INFO     | src.fed_imp.sub_modules.server.base_server:run:154 - Imputation Round 11
2024-11-19 02:28:52.533 | INFO     | src.fed_imp.sub_modules.server.base_server:run:153 - ==================================================
2024-11-19 02:28:52.533 | INFO     | src.fed_imp.sub_modules.server.base_server:run:154 - Imputation Round 11
2024-11-19 02:28:53.411 | INFO     | src.fed_imp.sub_modules.server.base_server:run:153 - ==================================================
2024-11-19 02:28:53.411 | INFO     | src.fed_imp.sub_modules.server.base_server:run:154 - Imputation Round 11
2024-11-19 02:28:53.456 | INFO     | src.fed_imp.sub_modules.server.base_server:run:153 - ==================================================
2024-11-19 02:28:53.456 | INFO     | src.fed_imp.sub_modules.server.base_server:run:154 - Imputation Round 11
2024-11-19 02:28:53.499 | INFO     | src.fed_imp.sub_modules.server.base_server:run:153 - ==================================================
2024-11-19 02:28:53.499 | INFO     | src.fed_imp.sub_modules.server.base_server:run:154 - Imputation Round 11
2024-11-19 02:28:53.554 | INFO     | src.fed_imp.sub_modules.server.base_server:run:153 - ==================================================
2024-11-19 02:28:53.554 | INFO     | src.fed_imp.sub_modules.server.base_server:run:154 - Imputation Round 11
2024-11-19 02:28:53.703 | INFO     | src.fed_imp.sub_modules.server.base_server:run:153 - ==================================================
2024-11-19 02:28:53.703 | INFO     | src.fed_imp.sub_modules.server.base_server:run:154 - Imputation Round 11
2024-11-19 02:28:53.713 | INFO     | src.fed_imp.sub_modules.server.base_server:run:153 - ==================================================
2024-11-19 02:28:53.713 | INFO     | src.fed_imp.sub_modules.server.base_server:run:154 - Imputation Round 11
2024-11-19 02:28:53.776 | INFO     | src.fed_imp.sub_modules.server.base_server:run:153 - ==================================================
2024-11-19 02:28:53.776 | INFO     | src.fed_imp.sub_modules.server.base_server:run:154 - Imputation Round 11
2024-11-19 02:28:54.293 | INFO     | src.fed_imp.sub_modules.server.base_server:run:153 - ==================================================
2024-11-19 02:28:54.293 | INFO     | src.fed_imp.sub_modules.server.base_server:run:154 - Imputation Round 11
2024-11-19 02:29:00.129 | INFO     | src.fed_imp.sub_modules.server.base_server:run:153 - ==================================================
2024-11-19 02:29:00.129 | INFO     | src.fed_imp.sub_modules.server.base_server:run:154 - Imputation Round 12
2024-11-19 02:29:00.364 | INFO     | src.fed_imp.sub_modules.server.base_server:run:153 - ==================================================
2024-11-19 02:29:00.364 | INFO     | src.fed_imp.sub_modules.server.base_server:run:154 - Imputation Round 12
2024-11-19 02:29:01.345 | INFO     | src.fed_imp.sub_modules.server.base_server:run:153 - ==================================================
2024-11-19 02:29:01.345 | INFO     | src.fed_imp.sub_modules.server.base_server:run:154 - Imputation Round 12
2024-11-19 02:29:01.383 | INFO     | src.fed_imp.sub_modules.server.base_server:run:153 - ==================================================
2024-11-19 02:29:01.383 | INFO     | src.fed_imp.sub_modules.server.base_server:run:154 - Imputation Round 12
2024-11-19 02:29:01.402 | INFO     | src.fed_imp.sub_modules.server.base_server:run:153 - ==================================================
2024-11-19 02:29:01.402 | INFO     | src.fed_imp.sub_modules.server.base_server:run:154 - Imputation Round 12
2024-11-19 02:29:01.485 | INFO     | src.fed_imp.sub_modules.server.base_server:run:153 - ==================================================
2024-11-19 02:29:01.485 | INFO     | src.fed_imp.sub_modules.server.base_server:run:154 - Imputation Round 12
2024-11-19 02:29:01.626 | INFO     | src.fed_imp.sub_modules.server.base_server:run:153 - ==================================================
2024-11-19 02:29:01.627 | INFO     | src.fed_imp.sub_modules.server.base_server:run:154 - Imputation Round 12
2024-11-19 02:29:01.650 | INFO     | src.fed_imp.sub_modules.server.base_server:run:153 - ==================================================
2024-11-19 02:29:01.650 | INFO     | src.fed_imp.sub_modules.server.base_server:run:154 - Imputation Round 12
2024-11-19 02:29:01.721 | INFO     | src.fed_imp.sub_modules.server.base_server:run:153 - ==================================================
2024-11-19 02:29:01.721 | INFO     | src.fed_imp.sub_modules.server.base_server:run:154 - Imputation Round 12
2024-11-19 02:29:02.260 | INFO     | src.fed_imp.sub_modules.server.base_server:run:153 - ==================================================
2024-11-19 02:29:02.260 | INFO     | src.fed_imp.sub_modules.server.base_server:run:154 - Imputation Round 12
2024-11-19 02:29:07.934 | INFO     | src.fed_imp.sub_modules.server.base_server:run:153 - ==================================================
2024-11-19 02:29:07.934 | INFO     | src.fed_imp.sub_modules.server.base_server:run:154 - Imputation Round 13
2024-11-19 02:29:08.129 | INFO     | src.fed_imp.sub_modules.server.base_server:run:153 - ==================================================
2024-11-19 02:29:08.130 | INFO     | src.fed_imp.sub_modules.server.base_server:run:154 - Imputation Round 13
2024-11-19 02:29:09.205 | INFO     | src.fed_imp.sub_modules.server.base_server:run:153 - ==================================================
2024-11-19 02:29:09.206 | INFO     | src.fed_imp.sub_modules.server.base_server:run:154 - Imputation Round 13
2024-11-19 02:29:09.252 | INFO     | src.fed_imp.sub_modules.server.base_server:run:153 - ==================================================
2024-11-19 02:29:09.252 | INFO     | src.fed_imp.sub_modules.server.base_server:run:154 - Imputation Round 13
2024-11-19 02:29:09.290 | INFO     | src.fed_imp.sub_modules.server.base_server:run:153 - ==================================================
2024-11-19 02:29:09.290 | INFO     | src.fed_imp.sub_modules.server.base_server:run:154 - Imputation Round 13
2024-11-19 02:29:09.392 | INFO     | src.fed_imp.sub_modules.server.base_server:run:153 - ==================================================
2024-11-19 02:29:09.392 | INFO     | src.fed_imp.sub_modules.server.base_server:run:154 - Imputation Round 13
2024-11-19 02:29:09.534 | INFO     | src.fed_imp.sub_modules.server.base_server:run:153 - ==================================================
2024-11-19 02:29:09.534 | INFO     | src.fed_imp.sub_modules.server.base_server:run:154 - Imputation Round 13
2024-11-19 02:29:09.540 | INFO     | src.fed_imp.sub_modules.server.base_server:run:153 - ==================================================
2024-11-19 02:29:09.540 | INFO     | src.fed_imp.sub_modules.server.base_server:run:154 - Imputation Round 13
2024-11-19 02:29:09.608 | INFO     | src.fed_imp.sub_modules.server.base_server:run:153 - ==================================================
2024-11-19 02:29:09.608 | INFO     | src.fed_imp.sub_modules.server.base_server:run:154 - Imputation Round 13
2024-11-19 02:29:10.198 | INFO     | src.fed_imp.sub_modules.server.base_server:run:153 - ==================================================
2024-11-19 02:29:10.198 | INFO     | src.fed_imp.sub_modules.server.base_server:run:154 - Imputation Round 13
2024-11-19 02:29:15.714 | INFO     | src.fed_imp.sub_modules.server.base_server:run:153 - ==================================================
2024-11-19 02:29:15.714 | INFO     | src.fed_imp.sub_modules.server.base_server:run:154 - Imputation Round 14
2024-11-19 02:29:15.872 | INFO     | src.fed_imp.sub_modules.server.base_server:run:153 - ==================================================
2024-11-19 02:29:15.872 | INFO     | src.fed_imp.sub_modules.server.base_server:run:154 - Imputation Round 14
2024-11-19 02:29:17.053 | INFO     | src.fed_imp.sub_modules.server.base_server:run:153 - ==================================================
2024-11-19 02:29:17.053 | INFO     | src.fed_imp.sub_modules.server.base_server:run:154 - Imputation Round 14
2024-11-19 02:29:17.063 | INFO     | src.fed_imp.sub_modules.server.base_server:run:153 - ==================================================
2024-11-19 02:29:17.063 | INFO     | src.fed_imp.sub_modules.server.base_server:run:154 - Imputation Round 14
2024-11-19 02:29:17.128 | INFO     | src.fed_imp.sub_modules.server.base_server:run:153 - ==================================================
2024-11-19 02:29:17.128 | INFO     | src.fed_imp.sub_modules.server.base_server:run:154 - Imputation Round 14
2024-11-19 02:29:17.265 | INFO     | src.fed_imp.sub_modules.server.base_server:run:153 - ==================================================
2024-11-19 02:29:17.265 | INFO     | src.fed_imp.sub_modules.server.base_server:run:154 - Imputation Round 14
2024-11-19 02:29:17.409 | INFO     | src.fed_imp.sub_modules.server.base_server:run:153 - ==================================================
2024-11-19 02:29:17.409 | INFO     | src.fed_imp.sub_modules.server.base_server:run:154 - Imputation Round 14
2024-11-19 02:29:17.449 | INFO     | src.fed_imp.sub_modules.server.base_server:run:153 - ==================================================
2024-11-19 02:29:17.449 | INFO     | src.fed_imp.sub_modules.server.base_server:run:154 - Imputation Round 14
2024-11-19 02:29:17.517 | INFO     | src.fed_imp.sub_modules.server.base_server:run:153 - ==================================================
2024-11-19 02:29:17.517 | INFO     | src.fed_imp.sub_modules.server.base_server:run:154 - Imputation Round 14
2024-11-19 02:29:18.156 | INFO     | src.fed_imp.sub_modules.server.base_server:run:153 - ==================================================
2024-11-19 02:29:18.157 | INFO     | src.fed_imp.sub_modules.server.base_server:run:154 - Imputation Round 14
2024-11-19 02:29:23.504 | INFO     | src.fed_imp.sub_modules.server.base_server:run:153 - ==================================================
2024-11-19 02:29:23.504 | INFO     | src.fed_imp.sub_modules.server.base_server:run:154 - Imputation Round 15
2024-11-19 02:29:23.652 | INFO     | src.fed_imp.sub_modules.server.base_server:run:153 - ==================================================
2024-11-19 02:29:23.653 | INFO     | src.fed_imp.sub_modules.server.base_server:run:154 - Imputation Round 15
2024-11-19 02:29:24.883 | INFO     | src.fed_imp.sub_modules.server.base_server:run:153 - ==================================================
2024-11-19 02:29:24.883 | INFO     | src.fed_imp.sub_modules.server.base_server:run:154 - Imputation Round 15
2024-11-19 02:29:24.935 | INFO     | src.fed_imp.sub_modules.server.base_server:run:153 - ==================================================
2024-11-19 02:29:24.935 | INFO     | src.fed_imp.sub_modules.server.base_server:run:154 - Imputation Round 15
2024-11-19 02:29:25.050 | INFO     | src.fed_imp.sub_modules.server.base_server:run:153 - ==================================================
2024-11-19 02:29:25.051 | INFO     | src.fed_imp.sub_modules.server.base_server:run:154 - Imputation Round 15
2024-11-19 02:29:25.132 | INFO     | src.fed_imp.sub_modules.server.base_server:run:153 - ==================================================
2024-11-19 02:29:25.133 | INFO     | src.fed_imp.sub_modules.server.base_server:run:154 - Imputation Round 15
2024-11-19 02:29:25.326 | INFO     | src.fed_imp.sub_modules.server.base_server:run:153 - ==================================================
2024-11-19 02:29:25.326 | INFO     | src.fed_imp.sub_modules.server.base_server:run:154 - Imputation Round 15
2024-11-19 02:29:25.366 | INFO     | src.fed_imp.sub_modules.server.base_server:run:153 - ==================================================
2024-11-19 02:29:25.366 | INFO     | src.fed_imp.sub_modules.server.base_server:run:154 - Imputation Round 15
2024-11-19 02:29:25.413 | INFO     | src.fed_imp.sub_modules.server.base_server:run:153 - ==================================================
2024-11-19 02:29:25.413 | INFO     | src.fed_imp.sub_modules.server.base_server:run:154 - Imputation Round 15
2024-11-19 02:29:26.125 | INFO     | src.fed_imp.sub_modules.server.base_server:run:153 - ==================================================
2024-11-19 02:29:26.126 | INFO     | src.fed_imp.sub_modules.server.base_server:run:154 - Imputation Round 15
2024-11-19 02:29:31.302 | INFO     | src.fed_imp.sub_modules.server.base_server:run:153 - ==================================================
2024-11-19 02:29:31.302 | INFO     | src.fed_imp.sub_modules.server.base_server:run:154 - Imputation Round 16
2024-11-19 02:29:31.394 | INFO     | src.fed_imp.sub_modules.server.base_server:run:153 - ==================================================
2024-11-19 02:29:31.394 | INFO     | src.fed_imp.sub_modules.server.base_server:run:154 - Imputation Round 16
2024-11-19 02:29:32.697 | INFO     | src.fed_imp.sub_modules.server.base_server:run:153 - ==================================================
2024-11-19 02:29:32.698 | INFO     | src.fed_imp.sub_modules.server.base_server:run:154 - Imputation Round 16
2024-11-19 02:29:32.801 | INFO     | src.fed_imp.sub_modules.server.base_server:run:153 - ==================================================
2024-11-19 02:29:32.801 | INFO     | src.fed_imp.sub_modules.server.base_server:run:154 - Imputation Round 16
2024-11-19 02:29:32.948 | INFO     | src.fed_imp.sub_modules.server.base_server:run:153 - ==================================================
2024-11-19 02:29:32.948 | INFO     | src.fed_imp.sub_modules.server.base_server:run:154 - Imputation Round 16
2024-11-19 02:29:32.972 | INFO     | src.fed_imp.sub_modules.server.base_server:run:153 - ==================================================
2024-11-19 02:29:32.972 | INFO     | src.fed_imp.sub_modules.server.base_server:run:154 - Imputation Round 16
2024-11-19 02:29:33.161 | INFO     | src.fed_imp.sub_modules.server.base_server:run:153 - ==================================================
2024-11-19 02:29:33.161 | INFO     | src.fed_imp.sub_modules.server.base_server:run:154 - Imputation Round 16
2024-11-19 02:29:33.271 | INFO     | src.fed_imp.sub_modules.server.base_server:run:153 - ==================================================
2024-11-19 02:29:33.271 | INFO     | src.fed_imp.sub_modules.server.base_server:run:154 - Imputation Round 16
2024-11-19 02:29:33.296 | INFO     | src.fed_imp.sub_modules.server.base_server:run:153 - ==================================================
2024-11-19 02:29:33.296 | INFO     | src.fed_imp.sub_modules.server.base_server:run:154 - Imputation Round 16
2024-11-19 02:29:34.080 | INFO     | src.fed_imp.sub_modules.server.base_server:run:153 - ==================================================
2024-11-19 02:29:34.080 | INFO     | src.fed_imp.sub_modules.server.base_server:run:154 - Imputation Round 16
2024-11-19 02:29:39.079 | INFO     | src.fed_imp.sub_modules.server.base_server:run:153 - ==================================================
2024-11-19 02:29:39.079 | INFO     | src.fed_imp.sub_modules.server.base_server:run:154 - Imputation Round 17
2024-11-19 02:29:39.134 | INFO     | src.fed_imp.sub_modules.server.base_server:run:153 - ==================================================
2024-11-19 02:29:39.134 | INFO     | src.fed_imp.sub_modules.server.base_server:run:154 - Imputation Round 17
2024-11-19 02:29:40.504 | INFO     | src.fed_imp.sub_modules.server.base_server:run:153 - ==================================================
2024-11-19 02:29:40.505 | INFO     | src.fed_imp.sub_modules.server.base_server:run:154 - Imputation Round 17
2024-11-19 02:29:40.658 | INFO     | src.fed_imp.sub_modules.server.base_server:run:153 - ==================================================
2024-11-19 02:29:40.658 | INFO     | src.fed_imp.sub_modules.server.base_server:run:154 - Imputation Round 17
2024-11-19 02:29:40.816 | INFO     | src.fed_imp.sub_modules.server.base_server:run:153 - ==================================================
2024-11-19 02:29:40.816 | INFO     | src.fed_imp.sub_modules.server.base_server:run:154 - Imputation Round 17
2024-11-19 02:29:40.834 | INFO     | src.fed_imp.sub_modules.server.base_server:run:153 - ==================================================
2024-11-19 02:29:40.834 | INFO     | src.fed_imp.sub_modules.server.base_server:run:154 - Imputation Round 17
2024-11-19 02:29:41.001 | INFO     | src.fed_imp.sub_modules.server.base_server:run:153 - ==================================================
2024-11-19 02:29:41.002 | INFO     | src.fed_imp.sub_modules.server.base_server:run:154 - Imputation Round 17
2024-11-19 02:29:41.158 | INFO     | src.fed_imp.sub_modules.server.base_server:run:153 - ==================================================
2024-11-19 02:29:41.158 | INFO     | src.fed_imp.sub_modules.server.base_server:run:154 - Imputation Round 17
2024-11-19 02:29:41.171 | INFO     | src.fed_imp.sub_modules.server.base_server:run:153 - ==================================================
2024-11-19 02:29:41.171 | INFO     | src.fed_imp.sub_modules.server.base_server:run:154 - Imputation Round 17
2024-11-19 02:29:42.013 | INFO     | src.fed_imp.sub_modules.server.base_server:run:153 - ==================================================
2024-11-19 02:29:42.013 | INFO     | src.fed_imp.sub_modules.server.base_server:run:154 - Imputation Round 17
2024-11-19 02:29:46.840 | INFO     | src.fed_imp.sub_modules.server.base_server:run:153 - ==================================================
2024-11-19 02:29:46.840 | INFO     | src.fed_imp.sub_modules.server.base_server:run:154 - Imputation Round 18
2024-11-19 02:29:46.847 | INFO     | src.fed_imp.sub_modules.server.base_server:run:153 - ==================================================
2024-11-19 02:29:46.848 | INFO     | src.fed_imp.sub_modules.server.base_server:run:154 - Imputation Round 18
2024-11-19 02:29:48.291 | INFO     | src.fed_imp.sub_modules.server.base_server:run:153 - ==================================================
2024-11-19 02:29:48.291 | INFO     | src.fed_imp.sub_modules.server.base_server:run:154 - Imputation Round 18
2024-11-19 02:29:48.571 | INFO     | src.fed_imp.sub_modules.server.base_server:run:153 - ==================================================
2024-11-19 02:29:48.571 | INFO     | src.fed_imp.sub_modules.server.base_server:run:154 - Imputation Round 18
2024-11-19 02:29:48.659 | INFO     | src.fed_imp.sub_modules.server.base_server:run:153 - ==================================================
2024-11-19 02:29:48.659 | INFO     | src.fed_imp.sub_modules.server.base_server:run:154 - Imputation Round 18
2024-11-19 02:29:48.744 | INFO     | src.fed_imp.sub_modules.server.base_server:run:153 - ==================================================
2024-11-19 02:29:48.744 | INFO     | src.fed_imp.sub_modules.server.base_server:run:154 - Imputation Round 18
2024-11-19 02:29:48.868 | INFO     | src.fed_imp.sub_modules.server.base_server:run:153 - ==================================================
2024-11-19 02:29:48.868 | INFO     | src.fed_imp.sub_modules.server.base_server:run:154 - Imputation Round 18
2024-11-19 02:29:48.990 | INFO     | src.fed_imp.sub_modules.server.base_server:run:153 - ==================================================
2024-11-19 02:29:48.991 | INFO     | src.fed_imp.sub_modules.server.base_server:run:154 - Imputation Round 18
2024-11-19 02:29:49.043 | INFO     | src.fed_imp.sub_modules.server.base_server:run:153 - ==================================================
2024-11-19 02:29:49.043 | INFO     | src.fed_imp.sub_modules.server.base_server:run:154 - Imputation Round 18
2024-11-19 02:29:49.980 | INFO     | src.fed_imp.sub_modules.server.base_server:run:153 - ==================================================
2024-11-19 02:29:49.980 | INFO     | src.fed_imp.sub_modules.server.base_server:run:154 - Imputation Round 18
2024-11-19 02:29:54.540 | INFO     | src.fed_imp.sub_modules.server.base_server:run:153 - ==================================================
2024-11-19 02:29:54.540 | INFO     | src.fed_imp.sub_modules.server.base_server:run:154 - Imputation Round 19
2024-11-19 02:29:54.548 | INFO     | src.fed_imp.sub_modules.server.base_server:run:153 - ==================================================
2024-11-19 02:29:54.548 | INFO     | src.fed_imp.sub_modules.server.base_server:run:154 - Imputation Round 19
2024-11-19 02:29:56.117 | INFO     | src.fed_imp.sub_modules.server.base_server:run:153 - ==================================================
2024-11-19 02:29:56.117 | INFO     | src.fed_imp.sub_modules.server.base_server:run:154 - Imputation Round 19
2024-11-19 02:29:56.446 | INFO     | src.fed_imp.sub_modules.server.base_server:run:153 - ==================================================
2024-11-19 02:29:56.446 | INFO     | src.fed_imp.sub_modules.server.base_server:run:154 - Imputation Round 19
2024-11-19 02:29:56.504 | INFO     | src.fed_imp.sub_modules.server.base_server:run:153 - ==================================================
2024-11-19 02:29:56.504 | INFO     | src.fed_imp.sub_modules.server.base_server:run:154 - Imputation Round 19
2024-11-19 02:29:56.642 | INFO     | src.fed_imp.sub_modules.server.base_server:run:153 - ==================================================
2024-11-19 02:29:56.642 | INFO     | src.fed_imp.sub_modules.server.base_server:run:154 - Imputation Round 19
2024-11-19 02:29:56.737 | INFO     | src.fed_imp.sub_modules.server.base_server:run:153 - ==================================================
2024-11-19 02:29:56.737 | INFO     | src.fed_imp.sub_modules.server.base_server:run:154 - Imputation Round 19
2024-11-19 02:29:56.835 | INFO     | src.fed_imp.sub_modules.server.base_server:run:153 - ==================================================
2024-11-19 02:29:56.835 | INFO     | src.fed_imp.sub_modules.server.base_server:run:154 - Imputation Round 19
2024-11-19 02:29:56.906 | INFO     | src.fed_imp.sub_modules.server.base_server:run:153 - ==================================================
2024-11-19 02:29:56.906 | INFO     | src.fed_imp.sub_modules.server.base_server:run:154 - Imputation Round 19
2024-11-19 02:29:57.915 | INFO     | src.fed_imp.sub_modules.server.base_server:run:153 - ==================================================
2024-11-19 02:29:57.915 | INFO     | src.fed_imp.sub_modules.server.base_server:run:154 - Imputation Round 19
2024-11-19 02:30:02.251 | INFO     | src.fed_imp.sub_modules.server.base_server:run:153 - ==================================================
2024-11-19 02:30:02.251 | INFO     | src.fed_imp.sub_modules.server.base_server:run:154 - Imputation Round 20
2024-11-19 02:30:02.276 | INFO     | src.fed_imp.sub_modules.server.base_server:run:153 - ==================================================
2024-11-19 02:30:02.277 | INFO     | src.fed_imp.sub_modules.server.base_server:run:154 - Imputation Round 20
2024-11-19 02:30:03.966 | INFO     | src.fed_imp.sub_modules.server.base_server:run:153 - ==================================================
2024-11-19 02:30:03.966 | INFO     | src.fed_imp.sub_modules.server.base_server:run:154 - Imputation Round 20
2024-11-19 02:30:04.330 | INFO     | src.fed_imp.sub_modules.server.base_server:run:153 - ==================================================
2024-11-19 02:30:04.330 | INFO     | src.fed_imp.sub_modules.server.base_server:run:154 - Imputation Round 20
2024-11-19 02:30:04.387 | INFO     | src.fed_imp.sub_modules.server.base_server:run:153 - ==================================================
2024-11-19 02:30:04.387 | INFO     | src.fed_imp.sub_modules.server.base_server:run:154 - Imputation Round 20
2024-11-19 02:30:04.534 | INFO     | src.fed_imp.sub_modules.server.base_server:run:153 - ==================================================
2024-11-19 02:30:04.534 | INFO     | src.fed_imp.sub_modules.server.base_server:run:154 - Imputation Round 20
2024-11-19 02:30:04.667 | INFO     | src.fed_imp.sub_modules.server.base_server:run:153 - ==================================================
2024-11-19 02:30:04.667 | INFO     | src.fed_imp.sub_modules.server.base_server:run:154 - Imputation Round 20
2024-11-19 02:30:04.725 | INFO     | src.fed_imp.sub_modules.server.base_server:run:153 - ==================================================
2024-11-19 02:30:04.725 | INFO     | src.fed_imp.sub_modules.server.base_server:run:154 - Imputation Round 20
2024-11-19 02:30:04.819 | INFO     | src.fed_imp.sub_modules.server.base_server:run:153 - ==================================================
2024-11-19 02:30:04.819 | INFO     | src.fed_imp.sub_modules.server.base_server:run:154 - Imputation Round 20
2024-11-19 02:30:05.913 | INFO     | src.fed_imp.sub_modules.server.base_server:run:153 - ==================================================
2024-11-19 02:30:05.913 | INFO     | src.fed_imp.sub_modules.server.base_server:run:154 - Imputation Round 20
2024-11-19 02:30:10.029 | INFO     | src.fed_imp.sub_modules.server.base_server:run:183 - FL finished in 158.5194905810058
2024-11-19 02:30:10.031 | INFO     | src.fed_imp.sub_modules.server.base_server:run:183 - FL finished in 158.52084494195879
2024-11-19 02:30:11.843 | INFO     | src.fed_imp.sub_modules.server.base_server:run:183 - FL finished in 160.33277763985097
2024-11-19 02:30:12.240 | INFO     | src.fed_imp.sub_modules.server.base_server:run:183 - FL finished in 160.73090687114745
2024-11-19 02:30:12.242 | INFO     | src.fed_imp.sub_modules.server.base_server:run:183 - FL finished in 160.73101580003276
2024-11-19 02:30:12.380 | INFO     | src.fed_imp.sub_modules.server.base_server:run:183 - FL finished in 160.8702340661548
2024-11-19 02:30:12.561 | INFO     | src.fed_imp.sub_modules.server.base_server:run:183 - FL finished in 160.99720907071605
2024-11-19 02:30:12.580 | INFO     | src.fed_imp.sub_modules.server.base_server:run:183 - FL finished in 161.0687162000686
2024-11-19 02:30:12.659 | INFO     | src.fed_imp.sub_modules.server.base_server:run:183 - FL finished in 161.1017888612114
[Parallel(n_jobs=10)]: Done   2 out of  10 | elapsed:  2.8min remaining: 11.1min
2024-11-19 02:30:13.874 | INFO     | src.fed_imp.sub_modules.server.base_server:run:183 - FL finished in 162.36311034904793
[Parallel(n_jobs=10)]: Done  10 out of  10 | elapsed:  2.8min finished
2024-11-19 02:30:17.123 | INFO     | src.fed_imp.experiment:run_experiment:339 - Summary: fedavg-s
2024-11-19 02:30:17.400 | INFO     | src.fed_imp.experiment:experiment_result_processing:387 - imp@rmse: avg 0.20144068724216804
2024-11-19 02:30:17.400 | INFO     | src.fed_imp.experiment:experiment_result_processing:387 - imp@w2: avg 1.4965463813789863
2024-11-19 02:30:17.400 | INFO     | src.fed_imp.experiment:experiment_result_processing:387 - imp@sliced_ws: avg 0.10858995779293301
2024-11-19 02:30:17.400 | INFO     | src.fed_imp.experiment:experiment_result_processing:402 - model pred_accu: 0.00000 (0.000) pred_f1: 0.00000 (0.000)
2024-11-19 02:30:47.888 | INFO     | src.fed_imp.experiment:experiment_result_processing:424 - imp@rmse: 0.20144 (0.017) imp@sliced_ws: 0.10859 (0.018) imp@global_ws: 0.10332
2024-11-19 02:30:47.889 | INFO     | src.experiment_management.experiment_manager:run_experiments:67 - Experiment finished in 201.2210144996643
2024-11-19 02:30:48.010 | INFO     | src.experiment_management.experiment_manager:run_experiments:86 - Total time: 201.34227967262268
