2024-11-18 20:07:21.091 | INFO     | src.experiment_management.experiment_manager:set_experiment:22 - Experiment name: fed_imp
2024-11-18 20:07:21.094 | INFO     | src.experiment_management.experiment_manager:run_experiments:45 - Running 1 experiments
2024-11-18 20:07:21.094 | INFO     | src.experiment_management.experiment_manager:run_experiments:51 - Experiment - 0
2024-11-18 20:07:21.094 | INFO     | src.experiment_management.experiment_manager:run_experiments:52 - Experiment - ['dn', 'nc', 'dp', 'ms', 'mct', 'st', 'as', 's', 's', 'p', 'nr', 'n', 'ts']
2024-11-18 20:07:21.094 | INFO     | src.experiment_management.experiment_manager:run_experiments:53 - Experiment - ('hhp_ct_np1', 0, 'natural', 'random2@mrl=0.3_mrr=0.7_mm=mnarlrsigst', 'allk0.25_sphere', 'fedavg_pytorch', 'fedavg-s', 102931466, 50, False, 10, 10, 0.1)
[Parallel(n_jobs=10)]: Using backend LokyBackend with 10 concurrent workers.
2024-11-18 20:07:31.811 | INFO     | src.fed_imp.experiment:main_func:31 - Round 7
2024-11-18 20:07:31.811 | INFO     | src.fed_imp.experiment:main_func:31 - Round 5
2024-11-18 20:07:31.812 | INFO     | src.fed_imp.experiment:main_func:31 - Round 9
2024-11-18 20:07:31.812 | INFO     | src.fed_imp.experiment:main_func:31 - Round 2
2024-11-18 20:07:31.813 | INFO     | src.fed_imp.experiment:main_func:31 - Round 8
2024-11-18 20:07:31.895 | INFO     | src.fed_imp.experiment:main_func:31 - Round 1
2024-11-18 20:07:31.895 | INFO     | src.fed_imp.experiment:main_func:31 - Round 6
2024-11-18 20:07:31.921 | INFO     | src.fed_imp.experiment:main_func:31 - Round 4
2024-11-18 20:07:31.931 | INFO     | src.fed_imp.experiment:main_func:31 - Round 0
2024-11-18 20:07:31.933 | INFO     | src.fed_imp.experiment:main_func:31 - Round 3
2024-11-18 20:08:07.314 | INFO     | src.fed_imp.sub_modules.server.base_server:run:153 - ==================================================
2024-11-18 20:08:07.314 | INFO     | src.fed_imp.sub_modules.server.base_server:run:154 - Imputation Round 1
2024-11-18 20:08:07.471 | INFO     | src.fed_imp.sub_modules.server.base_server:run:153 - ==================================================
2024-11-18 20:08:07.472 | INFO     | src.fed_imp.sub_modules.server.base_server:run:154 - Imputation Round 1
2024-11-18 20:08:07.503 | INFO     | src.fed_imp.sub_modules.server.base_server:run:153 - ==================================================
2024-11-18 20:08:07.503 | INFO     | src.fed_imp.sub_modules.server.base_server:run:154 - Imputation Round 1
2024-11-18 20:08:07.526 | INFO     | src.fed_imp.sub_modules.server.base_server:run:153 - ==================================================
2024-11-18 20:08:07.526 | INFO     | src.fed_imp.sub_modules.server.base_server:run:154 - Imputation Round 1
2024-11-18 20:08:07.538 | INFO     | src.fed_imp.sub_modules.server.base_server:run:153 - ==================================================
2024-11-18 20:08:07.538 | INFO     | src.fed_imp.sub_modules.server.base_server:run:154 - Imputation Round 1
2024-11-18 20:08:07.683 | INFO     | src.fed_imp.sub_modules.server.base_server:run:153 - ==================================================
2024-11-18 20:08:07.684 | INFO     | src.fed_imp.sub_modules.server.base_server:run:154 - Imputation Round 1
2024-11-18 20:08:07.978 | INFO     | src.fed_imp.sub_modules.server.base_server:run:153 - ==================================================
2024-11-18 20:08:07.978 | INFO     | src.fed_imp.sub_modules.server.base_server:run:154 - Imputation Round 1
2024-11-18 20:08:07.991 | INFO     | src.fed_imp.sub_modules.server.base_server:run:153 - ==================================================
2024-11-18 20:08:07.991 | INFO     | src.fed_imp.sub_modules.server.base_server:run:154 - Imputation Round 1
2024-11-18 20:08:07.999 | INFO     | src.fed_imp.sub_modules.server.base_server:run:153 - ==================================================
2024-11-18 20:08:08.000 | INFO     | src.fed_imp.sub_modules.server.base_server:run:154 - Imputation Round 1
2024-11-18 20:08:08.110 | INFO     | src.fed_imp.sub_modules.server.base_server:run:153 - ==================================================
2024-11-18 20:08:08.111 | INFO     | src.fed_imp.sub_modules.server.base_server:run:154 - Imputation Round 1
2024-11-18 20:09:04.861 | INFO     | src.fed_imp.sub_modules.server.base_server:run:153 - ==================================================
2024-11-18 20:09:04.861 | INFO     | src.fed_imp.sub_modules.server.base_server:run:154 - Imputation Round 2
2024-11-18 20:09:05.762 | INFO     | src.fed_imp.sub_modules.server.base_server:run:153 - ==================================================
2024-11-18 20:09:05.763 | INFO     | src.fed_imp.sub_modules.server.base_server:run:154 - Imputation Round 2
2024-11-18 20:09:06.023 | INFO     | src.fed_imp.sub_modules.server.base_server:run:153 - ==================================================
2024-11-18 20:09:06.024 | INFO     | src.fed_imp.sub_modules.server.base_server:run:154 - Imputation Round 2
2024-11-18 20:09:07.215 | INFO     | src.fed_imp.sub_modules.server.base_server:run:153 - ==================================================
2024-11-18 20:09:07.215 | INFO     | src.fed_imp.sub_modules.server.base_server:run:154 - Imputation Round 2
2024-11-18 20:09:07.683 | INFO     | src.fed_imp.sub_modules.server.base_server:run:153 - ==================================================
2024-11-18 20:09:07.683 | INFO     | src.fed_imp.sub_modules.server.base_server:run:154 - Imputation Round 2
2024-11-18 20:09:07.792 | INFO     | src.fed_imp.sub_modules.server.base_server:run:153 - ==================================================
2024-11-18 20:09:07.793 | INFO     | src.fed_imp.sub_modules.server.base_server:run:154 - Imputation Round 2
2024-11-18 20:09:08.091 | INFO     | src.fed_imp.sub_modules.server.base_server:run:153 - ==================================================
2024-11-18 20:09:08.091 | INFO     | src.fed_imp.sub_modules.server.base_server:run:154 - Imputation Round 2
2024-11-18 20:09:08.147 | INFO     | src.fed_imp.sub_modules.server.base_server:run:153 - ==================================================
2024-11-18 20:09:08.147 | INFO     | src.fed_imp.sub_modules.server.base_server:run:154 - Imputation Round 2
2024-11-18 20:09:08.550 | INFO     | src.fed_imp.sub_modules.server.base_server:run:153 - ==================================================
2024-11-18 20:09:08.551 | INFO     | src.fed_imp.sub_modules.server.base_server:run:154 - Imputation Round 2
2024-11-18 20:09:09.492 | INFO     | src.fed_imp.sub_modules.server.base_server:run:153 - ==================================================
2024-11-18 20:09:09.492 | INFO     | src.fed_imp.sub_modules.server.base_server:run:154 - Imputation Round 2
2024-11-18 20:10:03.733 | INFO     | src.fed_imp.sub_modules.server.base_server:run:153 - ==================================================
2024-11-18 20:10:03.733 | INFO     | src.fed_imp.sub_modules.server.base_server:run:154 - Imputation Round 3
2024-11-18 20:10:05.039 | INFO     | src.fed_imp.sub_modules.server.base_server:run:153 - ==================================================
2024-11-18 20:10:05.040 | INFO     | src.fed_imp.sub_modules.server.base_server:run:154 - Imputation Round 3
2024-11-18 20:10:05.870 | INFO     | src.fed_imp.sub_modules.server.base_server:run:153 - ==================================================
2024-11-18 20:10:05.871 | INFO     | src.fed_imp.sub_modules.server.base_server:run:154 - Imputation Round 3
2024-11-18 20:10:08.679 | INFO     | src.fed_imp.sub_modules.server.base_server:run:153 - ==================================================
2024-11-18 20:10:08.680 | INFO     | src.fed_imp.sub_modules.server.base_server:run:154 - Imputation Round 3
2024-11-18 20:10:08.702 | INFO     | src.fed_imp.sub_modules.server.base_server:run:153 - ==================================================
2024-11-18 20:10:08.703 | INFO     | src.fed_imp.sub_modules.server.base_server:run:154 - Imputation Round 3
2024-11-18 20:10:08.723 | INFO     | src.fed_imp.sub_modules.server.base_server:run:153 - ==================================================
2024-11-18 20:10:08.723 | INFO     | src.fed_imp.sub_modules.server.base_server:run:154 - Imputation Round 3
2024-11-18 20:10:08.853 | INFO     | src.fed_imp.sub_modules.server.base_server:run:153 - ==================================================
2024-11-18 20:10:08.853 | INFO     | src.fed_imp.sub_modules.server.base_server:run:154 - Imputation Round 3
2024-11-18 20:10:08.877 | INFO     | src.fed_imp.sub_modules.server.base_server:run:153 - ==================================================
2024-11-18 20:10:08.878 | INFO     | src.fed_imp.sub_modules.server.base_server:run:154 - Imputation Round 3
2024-11-18 20:10:09.973 | INFO     | src.fed_imp.sub_modules.server.base_server:run:153 - ==================================================
2024-11-18 20:10:09.973 | INFO     | src.fed_imp.sub_modules.server.base_server:run:154 - Imputation Round 3
2024-11-18 20:10:11.317 | INFO     | src.fed_imp.sub_modules.server.base_server:run:153 - ==================================================
2024-11-18 20:10:11.317 | INFO     | src.fed_imp.sub_modules.server.base_server:run:154 - Imputation Round 3
2024-11-18 20:11:02.645 | INFO     | src.fed_imp.sub_modules.server.base_server:run:153 - ==================================================
2024-11-18 20:11:02.645 | INFO     | src.fed_imp.sub_modules.server.base_server:run:154 - Imputation Round 4
2024-11-18 20:11:03.822 | INFO     | src.fed_imp.sub_modules.server.base_server:run:153 - ==================================================
2024-11-18 20:11:03.823 | INFO     | src.fed_imp.sub_modules.server.base_server:run:154 - Imputation Round 4
2024-11-18 20:11:05.776 | INFO     | src.fed_imp.sub_modules.server.base_server:run:153 - ==================================================
2024-11-18 20:11:05.776 | INFO     | src.fed_imp.sub_modules.server.base_server:run:154 - Imputation Round 4
2024-11-18 20:11:08.174 | INFO     | src.fed_imp.sub_modules.server.base_server:run:153 - ==================================================
2024-11-18 20:11:08.174 | INFO     | src.fed_imp.sub_modules.server.base_server:run:154 - Imputation Round 4
2024-11-18 20:11:09.097 | INFO     | src.fed_imp.sub_modules.server.base_server:run:153 - ==================================================
2024-11-18 20:11:09.097 | INFO     | src.fed_imp.sub_modules.server.base_server:run:154 - Imputation Round 4
2024-11-18 20:11:09.314 | INFO     | src.fed_imp.sub_modules.server.base_server:run:153 - ==================================================
2024-11-18 20:11:09.314 | INFO     | src.fed_imp.sub_modules.server.base_server:run:154 - Imputation Round 4
2024-11-18 20:11:09.915 | INFO     | src.fed_imp.sub_modules.server.base_server:run:153 - ==================================================
2024-11-18 20:11:09.916 | INFO     | src.fed_imp.sub_modules.server.base_server:run:154 - Imputation Round 4
2024-11-18 20:11:10.770 | INFO     | src.fed_imp.sub_modules.server.base_server:run:153 - ==================================================
2024-11-18 20:11:10.771 | INFO     | src.fed_imp.sub_modules.server.base_server:run:154 - Imputation Round 4
2024-11-18 20:11:10.842 | INFO     | src.fed_imp.sub_modules.server.base_server:run:153 - ==================================================
2024-11-18 20:11:10.842 | INFO     | src.fed_imp.sub_modules.server.base_server:run:154 - Imputation Round 4
2024-11-18 20:11:13.770 | INFO     | src.fed_imp.sub_modules.server.base_server:run:153 - ==================================================
2024-11-18 20:11:13.770 | INFO     | src.fed_imp.sub_modules.server.base_server:run:154 - Imputation Round 4
2024-11-18 20:12:02.189 | INFO     | src.fed_imp.sub_modules.server.base_server:run:153 - ==================================================
2024-11-18 20:12:02.189 | INFO     | src.fed_imp.sub_modules.server.base_server:run:154 - Imputation Round 5
2024-11-18 20:12:02.734 | INFO     | src.fed_imp.sub_modules.server.base_server:run:153 - ==================================================
2024-11-18 20:12:02.734 | INFO     | src.fed_imp.sub_modules.server.base_server:run:154 - Imputation Round 5
2024-11-18 20:12:05.242 | INFO     | src.fed_imp.sub_modules.server.base_server:run:153 - ==================================================
2024-11-18 20:12:05.242 | INFO     | src.fed_imp.sub_modules.server.base_server:run:154 - Imputation Round 5
2024-11-18 20:12:08.436 | INFO     | src.fed_imp.sub_modules.server.base_server:run:153 - ==================================================
2024-11-18 20:12:08.437 | INFO     | src.fed_imp.sub_modules.server.base_server:run:154 - Imputation Round 5
2024-11-18 20:12:09.585 | INFO     | src.fed_imp.sub_modules.server.base_server:run:153 - ==================================================
2024-11-18 20:12:09.586 | INFO     | src.fed_imp.sub_modules.server.base_server:run:154 - Imputation Round 5
2024-11-18 20:12:10.735 | INFO     | src.fed_imp.sub_modules.server.base_server:run:153 - ==================================================
2024-11-18 20:12:10.735 | INFO     | src.fed_imp.sub_modules.server.base_server:run:154 - Imputation Round 5
2024-11-18 20:12:10.816 | INFO     | src.fed_imp.sub_modules.server.base_server:run:153 - ==================================================
2024-11-18 20:12:10.817 | INFO     | src.fed_imp.sub_modules.server.base_server:run:154 - Imputation Round 5
2024-11-18 20:12:11.573 | INFO     | src.fed_imp.sub_modules.server.base_server:run:153 - ==================================================
2024-11-18 20:12:11.573 | INFO     | src.fed_imp.sub_modules.server.base_server:run:154 - Imputation Round 5
2024-11-18 20:12:12.631 | INFO     | src.fed_imp.sub_modules.server.base_server:run:153 - ==================================================
2024-11-18 20:12:12.631 | INFO     | src.fed_imp.sub_modules.server.base_server:run:154 - Imputation Round 5
2024-11-18 20:12:15.923 | INFO     | src.fed_imp.sub_modules.server.base_server:run:153 - ==================================================
2024-11-18 20:12:15.923 | INFO     | src.fed_imp.sub_modules.server.base_server:run:154 - Imputation Round 5
2024-11-18 20:13:01.343 | INFO     | src.fed_imp.sub_modules.server.base_server:run:153 - ==================================================
2024-11-18 20:13:01.343 | INFO     | src.fed_imp.sub_modules.server.base_server:run:154 - Imputation Round 6
2024-11-18 20:13:01.680 | INFO     | src.fed_imp.sub_modules.server.base_server:run:153 - ==================================================
2024-11-18 20:13:01.680 | INFO     | src.fed_imp.sub_modules.server.base_server:run:154 - Imputation Round 6
2024-11-18 20:13:05.344 | INFO     | src.fed_imp.sub_modules.server.base_server:run:153 - ==================================================
2024-11-18 20:13:05.345 | INFO     | src.fed_imp.sub_modules.server.base_server:run:154 - Imputation Round 6
2024-11-18 20:13:08.727 | INFO     | src.fed_imp.sub_modules.server.base_server:run:153 - ==================================================
2024-11-18 20:13:08.727 | INFO     | src.fed_imp.sub_modules.server.base_server:run:154 - Imputation Round 6
2024-11-18 20:13:09.637 | INFO     | src.fed_imp.sub_modules.server.base_server:run:153 - ==================================================
2024-11-18 20:13:09.638 | INFO     | src.fed_imp.sub_modules.server.base_server:run:154 - Imputation Round 6
2024-11-18 20:13:11.974 | INFO     | src.fed_imp.sub_modules.server.base_server:run:153 - ==================================================
2024-11-18 20:13:11.974 | INFO     | src.fed_imp.sub_modules.server.base_server:run:154 - Imputation Round 6
2024-11-18 20:13:12.344 | INFO     | src.fed_imp.sub_modules.server.base_server:run:153 - ==================================================
2024-11-18 20:13:12.345 | INFO     | src.fed_imp.sub_modules.server.base_server:run:154 - Imputation Round 6
2024-11-18 20:13:13.048 | INFO     | src.fed_imp.sub_modules.server.base_server:run:153 - ==================================================
2024-11-18 20:13:13.048 | INFO     | src.fed_imp.sub_modules.server.base_server:run:154 - Imputation Round 6
2024-11-18 20:13:15.033 | INFO     | src.fed_imp.sub_modules.server.base_server:run:153 - ==================================================
2024-11-18 20:13:15.033 | INFO     | src.fed_imp.sub_modules.server.base_server:run:154 - Imputation Round 6
2024-11-18 20:13:18.640 | INFO     | src.fed_imp.sub_modules.server.base_server:run:153 - ==================================================
2024-11-18 20:13:18.640 | INFO     | src.fed_imp.sub_modules.server.base_server:run:154 - Imputation Round 6
2024-11-18 20:14:00.098 | INFO     | src.fed_imp.sub_modules.server.base_server:run:153 - ==================================================
2024-11-18 20:14:00.098 | INFO     | src.fed_imp.sub_modules.server.base_server:run:154 - Imputation Round 7
2024-11-18 20:14:00.855 | INFO     | src.fed_imp.sub_modules.server.base_server:run:153 - ==================================================
2024-11-18 20:14:00.855 | INFO     | src.fed_imp.sub_modules.server.base_server:run:154 - Imputation Round 7
2024-11-18 20:14:05.404 | INFO     | src.fed_imp.sub_modules.server.base_server:run:153 - ==================================================
2024-11-18 20:14:05.405 | INFO     | src.fed_imp.sub_modules.server.base_server:run:154 - Imputation Round 7
2024-11-18 20:14:08.766 | INFO     | src.fed_imp.sub_modules.server.base_server:run:153 - ==================================================
2024-11-18 20:14:08.766 | INFO     | src.fed_imp.sub_modules.server.base_server:run:154 - Imputation Round 7
2024-11-18 20:14:09.660 | INFO     | src.fed_imp.sub_modules.server.base_server:run:153 - ==================================================
2024-11-18 20:14:09.661 | INFO     | src.fed_imp.sub_modules.server.base_server:run:154 - Imputation Round 7
2024-11-18 20:14:12.850 | INFO     | src.fed_imp.sub_modules.server.base_server:run:153 - ==================================================
2024-11-18 20:14:12.850 | INFO     | src.fed_imp.sub_modules.server.base_server:run:154 - Imputation Round 7
2024-11-18 20:14:13.514 | INFO     | src.fed_imp.sub_modules.server.base_server:run:153 - ==================================================
2024-11-18 20:14:13.515 | INFO     | src.fed_imp.sub_modules.server.base_server:run:154 - Imputation Round 7
2024-11-18 20:14:13.788 | INFO     | src.fed_imp.sub_modules.server.base_server:run:153 - ==================================================
2024-11-18 20:14:13.788 | INFO     | src.fed_imp.sub_modules.server.base_server:run:154 - Imputation Round 7
2024-11-18 20:14:17.449 | INFO     | src.fed_imp.sub_modules.server.base_server:run:153 - ==================================================
2024-11-18 20:14:17.449 | INFO     | src.fed_imp.sub_modules.server.base_server:run:154 - Imputation Round 7
2024-11-18 20:14:21.643 | INFO     | src.fed_imp.sub_modules.server.base_server:run:153 - ==================================================
2024-11-18 20:14:21.643 | INFO     | src.fed_imp.sub_modules.server.base_server:run:154 - Imputation Round 7
2024-11-18 20:14:58.495 | INFO     | src.fed_imp.sub_modules.server.base_server:run:153 - ==================================================
2024-11-18 20:14:58.495 | INFO     | src.fed_imp.sub_modules.server.base_server:run:154 - Imputation Round 8
2024-11-18 20:15:00.220 | INFO     | src.fed_imp.sub_modules.server.base_server:run:153 - ==================================================
2024-11-18 20:15:00.220 | INFO     | src.fed_imp.sub_modules.server.base_server:run:154 - Imputation Round 8
2024-11-18 20:15:05.428 | INFO     | src.fed_imp.sub_modules.server.base_server:run:153 - ==================================================
2024-11-18 20:15:05.428 | INFO     | src.fed_imp.sub_modules.server.base_server:run:154 - Imputation Round 8
2024-11-18 20:15:08.964 | INFO     | src.fed_imp.sub_modules.server.base_server:run:153 - ==================================================
2024-11-18 20:15:08.965 | INFO     | src.fed_imp.sub_modules.server.base_server:run:154 - Imputation Round 8
2024-11-18 20:15:09.641 | INFO     | src.fed_imp.sub_modules.server.base_server:run:153 - ==================================================
2024-11-18 20:15:09.641 | INFO     | src.fed_imp.sub_modules.server.base_server:run:154 - Imputation Round 8
2024-11-18 20:15:13.892 | INFO     | src.fed_imp.sub_modules.server.base_server:run:153 - ==================================================
2024-11-18 20:15:13.893 | INFO     | src.fed_imp.sub_modules.server.base_server:run:154 - Imputation Round 8
2024-11-18 20:15:14.623 | INFO     | src.fed_imp.sub_modules.server.base_server:run:153 - ==================================================
2024-11-18 20:15:14.623 | INFO     | src.fed_imp.sub_modules.server.base_server:run:154 - Imputation Round 8
2024-11-18 20:15:14.693 | INFO     | src.fed_imp.sub_modules.server.base_server:run:153 - ==================================================
2024-11-18 20:15:14.694 | INFO     | src.fed_imp.sub_modules.server.base_server:run:154 - Imputation Round 8
2024-11-18 20:15:20.834 | INFO     | src.fed_imp.sub_modules.server.base_server:run:153 - ==================================================
2024-11-18 20:15:20.834 | INFO     | src.fed_imp.sub_modules.server.base_server:run:154 - Imputation Round 8
2024-11-18 20:15:24.112 | INFO     | src.fed_imp.sub_modules.server.base_server:run:153 - ==================================================
2024-11-18 20:15:24.112 | INFO     | src.fed_imp.sub_modules.server.base_server:run:154 - Imputation Round 8
2024-11-18 20:15:57.146 | INFO     | src.fed_imp.sub_modules.server.base_server:run:153 - ==================================================
2024-11-18 20:15:57.146 | INFO     | src.fed_imp.sub_modules.server.base_server:run:154 - Imputation Round 9
2024-11-18 20:15:59.990 | INFO     | src.fed_imp.sub_modules.server.base_server:run:153 - ==================================================
2024-11-18 20:15:59.990 | INFO     | src.fed_imp.sub_modules.server.base_server:run:154 - Imputation Round 9
2024-11-18 20:16:05.628 | INFO     | src.fed_imp.sub_modules.server.base_server:run:153 - ==================================================
2024-11-18 20:16:05.629 | INFO     | src.fed_imp.sub_modules.server.base_server:run:154 - Imputation Round 9
2024-11-18 20:16:09.092 | INFO     | src.fed_imp.sub_modules.server.base_server:run:153 - ==================================================
2024-11-18 20:16:09.092 | INFO     | src.fed_imp.sub_modules.server.base_server:run:154 - Imputation Round 9
2024-11-18 20:16:09.696 | INFO     | src.fed_imp.sub_modules.server.base_server:run:153 - ==================================================
2024-11-18 20:16:09.697 | INFO     | src.fed_imp.sub_modules.server.base_server:run:154 - Imputation Round 9
2024-11-18 20:16:14.499 | INFO     | src.fed_imp.sub_modules.server.base_server:run:153 - ==================================================
2024-11-18 20:16:14.499 | INFO     | src.fed_imp.sub_modules.server.base_server:run:154 - Imputation Round 9
2024-11-18 20:16:14.959 | INFO     | src.fed_imp.sub_modules.server.base_server:run:153 - ==================================================
2024-11-18 20:16:14.959 | INFO     | src.fed_imp.sub_modules.server.base_server:run:154 - Imputation Round 9
2024-11-18 20:16:15.518 | INFO     | src.fed_imp.sub_modules.server.base_server:run:153 - ==================================================
2024-11-18 20:16:15.518 | INFO     | src.fed_imp.sub_modules.server.base_server:run:154 - Imputation Round 9
2024-11-18 20:16:23.515 | INFO     | src.fed_imp.sub_modules.server.base_server:run:153 - ==================================================
2024-11-18 20:16:23.515 | INFO     | src.fed_imp.sub_modules.server.base_server:run:154 - Imputation Round 9
2024-11-18 20:16:26.779 | INFO     | src.fed_imp.sub_modules.server.base_server:run:153 - ==================================================
2024-11-18 20:16:26.779 | INFO     | src.fed_imp.sub_modules.server.base_server:run:154 - Imputation Round 9
2024-11-18 20:16:55.979 | INFO     | src.fed_imp.sub_modules.server.base_server:run:153 - ==================================================
2024-11-18 20:16:55.980 | INFO     | src.fed_imp.sub_modules.server.base_server:run:154 - Imputation Round 10
2024-11-18 20:17:00.360 | INFO     | src.fed_imp.sub_modules.server.base_server:run:153 - ==================================================
2024-11-18 20:17:00.361 | INFO     | src.fed_imp.sub_modules.server.base_server:run:154 - Imputation Round 10
2024-11-18 20:17:05.682 | INFO     | src.fed_imp.sub_modules.server.base_server:run:153 - ==================================================
2024-11-18 20:17:05.683 | INFO     | src.fed_imp.sub_modules.server.base_server:run:154 - Imputation Round 10
2024-11-18 20:17:09.254 | INFO     | src.fed_imp.sub_modules.server.base_server:run:153 - ==================================================
2024-11-18 20:17:09.254 | INFO     | src.fed_imp.sub_modules.server.base_server:run:154 - Imputation Round 10
2024-11-18 20:17:09.842 | INFO     | src.fed_imp.sub_modules.server.base_server:run:153 - ==================================================
2024-11-18 20:17:09.842 | INFO     | src.fed_imp.sub_modules.server.base_server:run:154 - Imputation Round 10
2024-11-18 20:17:15.425 | INFO     | src.fed_imp.sub_modules.server.base_server:run:153 - ==================================================
2024-11-18 20:17:15.426 | INFO     | src.fed_imp.sub_modules.server.base_server:run:154 - Imputation Round 10
2024-11-18 20:17:15.937 | INFO     | src.fed_imp.sub_modules.server.base_server:run:153 - ==================================================
2024-11-18 20:17:15.938 | INFO     | src.fed_imp.sub_modules.server.base_server:run:154 - Imputation Round 10
2024-11-18 20:17:16.641 | INFO     | src.fed_imp.sub_modules.server.base_server:run:153 - ==================================================
2024-11-18 20:17:16.642 | INFO     | src.fed_imp.sub_modules.server.base_server:run:154 - Imputation Round 10
2024-11-18 20:17:27.024 | INFO     | src.fed_imp.sub_modules.server.base_server:run:153 - ==================================================
2024-11-18 20:17:27.024 | INFO     | src.fed_imp.sub_modules.server.base_server:run:154 - Imputation Round 10
2024-11-18 20:17:29.772 | INFO     | src.fed_imp.sub_modules.server.base_server:run:153 - ==================================================
2024-11-18 20:17:29.773 | INFO     | src.fed_imp.sub_modules.server.base_server:run:154 - Imputation Round 10
2024-11-18 20:17:54.614 | INFO     | src.fed_imp.sub_modules.server.base_server:run:153 - ==================================================
2024-11-18 20:17:54.615 | INFO     | src.fed_imp.sub_modules.server.base_server:run:154 - Imputation Round 11
2024-11-18 20:18:00.400 | INFO     | src.fed_imp.sub_modules.server.base_server:run:153 - ==================================================
2024-11-18 20:18:00.401 | INFO     | src.fed_imp.sub_modules.server.base_server:run:154 - Imputation Round 11
2024-11-18 20:18:05.675 | INFO     | src.fed_imp.sub_modules.server.base_server:run:153 - ==================================================
2024-11-18 20:18:05.676 | INFO     | src.fed_imp.sub_modules.server.base_server:run:154 - Imputation Round 11
2024-11-18 20:18:09.648 | INFO     | src.fed_imp.sub_modules.server.base_server:run:153 - ==================================================
2024-11-18 20:18:09.649 | INFO     | src.fed_imp.sub_modules.server.base_server:run:154 - Imputation Round 11
2024-11-18 20:18:10.082 | INFO     | src.fed_imp.sub_modules.server.base_server:run:153 - ==================================================
2024-11-18 20:18:10.083 | INFO     | src.fed_imp.sub_modules.server.base_server:run:154 - Imputation Round 11
2024-11-18 20:18:15.848 | INFO     | src.fed_imp.sub_modules.server.base_server:run:153 - ==================================================
2024-11-18 20:18:15.848 | INFO     | src.fed_imp.sub_modules.server.base_server:run:154 - Imputation Round 11
2024-11-18 20:18:17.337 | INFO     | src.fed_imp.sub_modules.server.base_server:run:153 - ==================================================
2024-11-18 20:18:17.337 | INFO     | src.fed_imp.sub_modules.server.base_server:run:154 - Imputation Round 11
2024-11-18 20:18:17.628 | INFO     | src.fed_imp.sub_modules.server.base_server:run:153 - ==================================================
2024-11-18 20:18:17.629 | INFO     | src.fed_imp.sub_modules.server.base_server:run:154 - Imputation Round 11
2024-11-18 20:18:30.429 | INFO     | src.fed_imp.sub_modules.server.base_server:run:153 - ==================================================
2024-11-18 20:18:30.430 | INFO     | src.fed_imp.sub_modules.server.base_server:run:154 - Imputation Round 11
2024-11-18 20:18:32.807 | INFO     | src.fed_imp.sub_modules.server.base_server:run:153 - ==================================================
2024-11-18 20:18:32.808 | INFO     | src.fed_imp.sub_modules.server.base_server:run:154 - Imputation Round 11
2024-11-18 20:18:53.059 | INFO     | src.fed_imp.sub_modules.server.base_server:run:153 - ==================================================
2024-11-18 20:18:53.060 | INFO     | src.fed_imp.sub_modules.server.base_server:run:154 - Imputation Round 12
2024-11-18 20:19:00.566 | INFO     | src.fed_imp.sub_modules.server.base_server:run:153 - ==================================================
2024-11-18 20:19:00.566 | INFO     | src.fed_imp.sub_modules.server.base_server:run:154 - Imputation Round 12
2024-11-18 20:19:05.802 | INFO     | src.fed_imp.sub_modules.server.base_server:run:153 - ==================================================
2024-11-18 20:19:05.802 | INFO     | src.fed_imp.sub_modules.server.base_server:run:154 - Imputation Round 12
2024-11-18 20:19:10.104 | INFO     | src.fed_imp.sub_modules.server.base_server:run:153 - ==================================================
2024-11-18 20:19:10.104 | INFO     | src.fed_imp.sub_modules.server.base_server:run:154 - Imputation Round 12
2024-11-18 20:19:10.486 | INFO     | src.fed_imp.sub_modules.server.base_server:run:153 - ==================================================
2024-11-18 20:19:10.486 | INFO     | src.fed_imp.sub_modules.server.base_server:run:154 - Imputation Round 12
2024-11-18 20:19:16.271 | INFO     | src.fed_imp.sub_modules.server.base_server:run:153 - ==================================================
2024-11-18 20:19:16.271 | INFO     | src.fed_imp.sub_modules.server.base_server:run:154 - Imputation Round 12
2024-11-18 20:19:18.176 | INFO     | src.fed_imp.sub_modules.server.base_server:run:153 - ==================================================
2024-11-18 20:19:18.176 | INFO     | src.fed_imp.sub_modules.server.base_server:run:154 - Imputation Round 12
2024-11-18 20:19:18.460 | INFO     | src.fed_imp.sub_modules.server.base_server:run:153 - ==================================================
2024-11-18 20:19:18.460 | INFO     | src.fed_imp.sub_modules.server.base_server:run:154 - Imputation Round 12
2024-11-18 20:19:33.693 | INFO     | src.fed_imp.sub_modules.server.base_server:run:153 - ==================================================
2024-11-18 20:19:33.693 | INFO     | src.fed_imp.sub_modules.server.base_server:run:154 - Imputation Round 12
2024-11-18 20:19:35.905 | INFO     | src.fed_imp.sub_modules.server.base_server:run:153 - ==================================================
2024-11-18 20:19:35.905 | INFO     | src.fed_imp.sub_modules.server.base_server:run:154 - Imputation Round 12
2024-11-18 20:19:51.574 | INFO     | src.fed_imp.sub_modules.server.base_server:run:153 - ==================================================
2024-11-18 20:19:51.574 | INFO     | src.fed_imp.sub_modules.server.base_server:run:154 - Imputation Round 13
2024-11-18 20:20:01.258 | INFO     | src.fed_imp.sub_modules.server.base_server:run:153 - ==================================================
2024-11-18 20:20:01.258 | INFO     | src.fed_imp.sub_modules.server.base_server:run:154 - Imputation Round 13
2024-11-18 20:20:05.845 | INFO     | src.fed_imp.sub_modules.server.base_server:run:153 - ==================================================
2024-11-18 20:20:05.846 | INFO     | src.fed_imp.sub_modules.server.base_server:run:154 - Imputation Round 13
2024-11-18 20:20:10.638 | INFO     | src.fed_imp.sub_modules.server.base_server:run:153 - ==================================================
2024-11-18 20:20:10.638 | INFO     | src.fed_imp.sub_modules.server.base_server:run:154 - Imputation Round 13
2024-11-18 20:20:10.675 | INFO     | src.fed_imp.sub_modules.server.base_server:run:153 - ==================================================
2024-11-18 20:20:10.675 | INFO     | src.fed_imp.sub_modules.server.base_server:run:154 - Imputation Round 13
2024-11-18 20:20:16.293 | INFO     | src.fed_imp.sub_modules.server.base_server:run:153 - ==================================================
2024-11-18 20:20:16.294 | INFO     | src.fed_imp.sub_modules.server.base_server:run:154 - Imputation Round 13
2024-11-18 20:20:18.418 | INFO     | src.fed_imp.sub_modules.server.base_server:run:153 - ==================================================
2024-11-18 20:20:18.418 | INFO     | src.fed_imp.sub_modules.server.base_server:run:154 - Imputation Round 13
2024-11-18 20:20:18.894 | INFO     | src.fed_imp.sub_modules.server.base_server:run:153 - ==================================================
2024-11-18 20:20:18.894 | INFO     | src.fed_imp.sub_modules.server.base_server:run:154 - Imputation Round 13
2024-11-18 20:20:36.989 | INFO     | src.fed_imp.sub_modules.server.base_server:run:153 - ==================================================
2024-11-18 20:20:36.990 | INFO     | src.fed_imp.sub_modules.server.base_server:run:154 - Imputation Round 13
2024-11-18 20:20:39.169 | INFO     | src.fed_imp.sub_modules.server.base_server:run:153 - ==================================================
2024-11-18 20:20:39.169 | INFO     | src.fed_imp.sub_modules.server.base_server:run:154 - Imputation Round 13
2024-11-18 20:20:49.935 | INFO     | src.fed_imp.sub_modules.server.base_server:run:153 - ==================================================
2024-11-18 20:20:49.935 | INFO     | src.fed_imp.sub_modules.server.base_server:run:154 - Imputation Round 14
2024-11-18 20:21:01.825 | INFO     | src.fed_imp.sub_modules.server.base_server:run:153 - ==================================================
2024-11-18 20:21:01.826 | INFO     | src.fed_imp.sub_modules.server.base_server:run:154 - Imputation Round 14
2024-11-18 20:21:06.281 | INFO     | src.fed_imp.sub_modules.server.base_server:run:153 - ==================================================
2024-11-18 20:21:06.281 | INFO     | src.fed_imp.sub_modules.server.base_server:run:154 - Imputation Round 14
2024-11-18 20:21:11.059 | INFO     | src.fed_imp.sub_modules.server.base_server:run:153 - ==================================================
2024-11-18 20:21:11.059 | INFO     | src.fed_imp.sub_modules.server.base_server:run:154 - Imputation Round 14
2024-11-18 20:21:11.419 | INFO     | src.fed_imp.sub_modules.server.base_server:run:153 - ==================================================
2024-11-18 20:21:11.419 | INFO     | src.fed_imp.sub_modules.server.base_server:run:154 - Imputation Round 14
2024-11-18 20:21:17.098 | INFO     | src.fed_imp.sub_modules.server.base_server:run:153 - ==================================================
2024-11-18 20:21:17.098 | INFO     | src.fed_imp.sub_modules.server.base_server:run:154 - Imputation Round 14
2024-11-18 20:21:19.270 | INFO     | src.fed_imp.sub_modules.server.base_server:run:153 - ==================================================
2024-11-18 20:21:19.270 | INFO     | src.fed_imp.sub_modules.server.base_server:run:154 - Imputation Round 14
2024-11-18 20:21:19.585 | INFO     | src.fed_imp.sub_modules.server.base_server:run:153 - ==================================================
2024-11-18 20:21:19.585 | INFO     | src.fed_imp.sub_modules.server.base_server:run:154 - Imputation Round 14
2024-11-18 20:21:40.506 | INFO     | src.fed_imp.sub_modules.server.base_server:run:153 - ==================================================
2024-11-18 20:21:40.506 | INFO     | src.fed_imp.sub_modules.server.base_server:run:154 - Imputation Round 14
2024-11-18 20:21:42.356 | INFO     | src.fed_imp.sub_modules.server.base_server:run:153 - ==================================================
2024-11-18 20:21:42.356 | INFO     | src.fed_imp.sub_modules.server.base_server:run:154 - Imputation Round 14
2024-11-18 20:21:48.272 | INFO     | src.fed_imp.sub_modules.server.base_server:run:153 - ==================================================
2024-11-18 20:21:48.272 | INFO     | src.fed_imp.sub_modules.server.base_server:run:154 - Imputation Round 15
2024-11-18 20:22:02.308 | INFO     | src.fed_imp.sub_modules.server.base_server:run:153 - ==================================================
2024-11-18 20:22:02.309 | INFO     | src.fed_imp.sub_modules.server.base_server:run:154 - Imputation Round 15
2024-11-18 20:22:06.439 | INFO     | src.fed_imp.sub_modules.server.base_server:run:153 - ==================================================
2024-11-18 20:22:06.440 | INFO     | src.fed_imp.sub_modules.server.base_server:run:154 - Imputation Round 15
2024-11-18 20:22:11.006 | INFO     | src.fed_imp.sub_modules.server.base_server:run:153 - ==================================================
2024-11-18 20:22:11.007 | INFO     | src.fed_imp.sub_modules.server.base_server:run:154 - Imputation Round 15
2024-11-18 20:22:12.054 | INFO     | src.fed_imp.sub_modules.server.base_server:run:153 - ==================================================
2024-11-18 20:22:12.055 | INFO     | src.fed_imp.sub_modules.server.base_server:run:154 - Imputation Round 15
2024-11-18 20:22:17.402 | INFO     | src.fed_imp.sub_modules.server.base_server:run:153 - ==================================================
2024-11-18 20:22:17.402 | INFO     | src.fed_imp.sub_modules.server.base_server:run:154 - Imputation Round 15
2024-11-18 20:22:20.165 | INFO     | src.fed_imp.sub_modules.server.base_server:run:153 - ==================================================
2024-11-18 20:22:20.165 | INFO     | src.fed_imp.sub_modules.server.base_server:run:154 - Imputation Round 15
2024-11-18 20:22:20.323 | INFO     | src.fed_imp.sub_modules.server.base_server:run:153 - ==================================================
2024-11-18 20:22:20.323 | INFO     | src.fed_imp.sub_modules.server.base_server:run:154 - Imputation Round 15
2024-11-18 20:22:44.051 | INFO     | src.fed_imp.sub_modules.server.base_server:run:153 - ==================================================
2024-11-18 20:22:44.051 | INFO     | src.fed_imp.sub_modules.server.base_server:run:154 - Imputation Round 15
