2024-11-19 02:27:33.811 | INFO     | src.experiment_management.experiment_manager:set_experiment:22 - Experiment name: fed_imp
2024-11-19 02:27:33.813 | INFO     | src.experiment_management.experiment_manager:run_experiments:45 - Running 1 experiments
2024-11-19 02:27:33.813 | INFO     | src.experiment_management.experiment_manager:run_experiments:51 - Experiment - 0
2024-11-19 02:27:33.813 | INFO     | src.experiment_management.experiment_manager:run_experiments:52 - Experiment - ['dn', 'nc', 'dp', 'ms', 'mct', 'st', 'as', 's', 's', 'p', 'nr', 'n', 'ts']
2024-11-19 02:27:33.813 | INFO     | src.experiment_management.experiment_manager:run_experiments:53 - Experiment - ('heart_disease_binary', 0, 'natural', 'random2@mrl=0.3_mrr=0.7_mm=mnarlrq', 'allk0.25_sphere', 'fedavg_pytorch', 'fedavg-s', 102931466, 50, False, 5, 5, 0.1)
[Parallel(n_jobs=5)]: Using backend LokyBackend with 5 concurrent workers.
2024-11-19 02:27:37.651 | INFO     | src.fed_imp.experiment:main_func:31 - Round 2
2024-11-19 02:27:37.651 | INFO     | src.fed_imp.experiment:main_func:31 - Round 0
2024-11-19 02:27:37.664 | INFO     | src.fed_imp.experiment:main_func:31 - Round 3
2024-11-19 02:27:37.666 | INFO     | src.fed_imp.experiment:main_func:31 - Round 1
2024-11-19 02:27:37.688 | INFO     | src.fed_imp.experiment:main_func:31 - Round 4
2024-11-19 02:27:37.778 | INFO     | src.fed_imp.sub_modules.server.base_server:run:153 - ==================================================
2024-11-19 02:27:37.778 | INFO     | src.fed_imp.sub_modules.server.base_server:run:154 - Imputation Round 1
2024-11-19 02:27:37.778 | INFO     | src.fed_imp.sub_modules.server.base_server:run:153 - ==================================================
2024-11-19 02:27:37.778 | INFO     | src.fed_imp.sub_modules.server.base_server:run:154 - Imputation Round 1
2024-11-19 02:27:37.793 | INFO     | src.fed_imp.sub_modules.server.base_server:run:153 - ==================================================
2024-11-19 02:27:37.793 | INFO     | src.fed_imp.sub_modules.server.base_server:run:154 - Imputation Round 1
2024-11-19 02:27:37.796 | INFO     | src.fed_imp.sub_modules.server.base_server:run:153 - ==================================================
2024-11-19 02:27:37.796 | INFO     | src.fed_imp.sub_modules.server.base_server:run:154 - Imputation Round 1
2024-11-19 02:27:37.818 | INFO     | src.fed_imp.sub_modules.server.base_server:run:153 - ==================================================
2024-11-19 02:27:37.818 | INFO     | src.fed_imp.sub_modules.server.base_server:run:154 - Imputation Round 1
2024-11-19 02:27:39.053 | INFO     | src.fed_imp.sub_modules.server.base_server:run:153 - ==================================================
2024-11-19 02:27:39.053 | INFO     | src.fed_imp.sub_modules.server.base_server:run:154 - Imputation Round 2
2024-11-19 02:27:39.055 | INFO     | src.fed_imp.sub_modules.server.base_server:run:153 - ==================================================
2024-11-19 02:27:39.055 | INFO     | src.fed_imp.sub_modules.server.base_server:run:154 - Imputation Round 2
2024-11-19 02:27:39.066 | INFO     | src.fed_imp.sub_modules.server.base_server:run:153 - ==================================================
2024-11-19 02:27:39.066 | INFO     | src.fed_imp.sub_modules.server.base_server:run:154 - Imputation Round 2
2024-11-19 02:27:39.078 | INFO     | src.fed_imp.sub_modules.server.base_server:run:153 - ==================================================
2024-11-19 02:27:39.078 | INFO     | src.fed_imp.sub_modules.server.base_server:run:154 - Imputation Round 2
2024-11-19 02:27:39.120 | INFO     | src.fed_imp.sub_modules.server.base_server:run:153 - ==================================================
2024-11-19 02:27:39.121 | INFO     | src.fed_imp.sub_modules.server.base_server:run:154 - Imputation Round 2
2024-11-19 02:27:40.333 | INFO     | src.fed_imp.sub_modules.server.base_server:run:153 - ==================================================
2024-11-19 02:27:40.333 | INFO     | src.fed_imp.sub_modules.server.base_server:run:154 - Imputation Round 3
2024-11-19 02:27:40.336 | INFO     | src.fed_imp.sub_modules.server.base_server:run:153 - ==================================================
2024-11-19 02:27:40.337 | INFO     | src.fed_imp.sub_modules.server.base_server:run:154 - Imputation Round 3
2024-11-19 02:27:40.344 | INFO     | src.fed_imp.sub_modules.server.base_server:run:153 - ==================================================
2024-11-19 02:27:40.345 | INFO     | src.fed_imp.sub_modules.server.base_server:run:154 - Imputation Round 3
2024-11-19 02:27:40.362 | INFO     | src.fed_imp.sub_modules.server.base_server:run:153 - ==================================================
2024-11-19 02:27:40.363 | INFO     | src.fed_imp.sub_modules.server.base_server:run:154 - Imputation Round 3
2024-11-19 02:27:40.413 | INFO     | src.fed_imp.sub_modules.server.base_server:run:153 - ==================================================
2024-11-19 02:27:40.414 | INFO     | src.fed_imp.sub_modules.server.base_server:run:154 - Imputation Round 3
2024-11-19 02:27:41.628 | INFO     | src.fed_imp.sub_modules.server.base_server:run:153 - ==================================================
2024-11-19 02:27:41.628 | INFO     | src.fed_imp.sub_modules.server.base_server:run:153 - ==================================================
2024-11-19 02:27:41.628 | INFO     | src.fed_imp.sub_modules.server.base_server:run:154 - Imputation Round 4
2024-11-19 02:27:41.628 | INFO     | src.fed_imp.sub_modules.server.base_server:run:154 - Imputation Round 4
2024-11-19 02:27:41.632 | INFO     | src.fed_imp.sub_modules.server.base_server:run:153 - ==================================================
2024-11-19 02:27:41.633 | INFO     | src.fed_imp.sub_modules.server.base_server:run:154 - Imputation Round 4
2024-11-19 02:27:41.661 | INFO     | src.fed_imp.sub_modules.server.base_server:run:153 - ==================================================
2024-11-19 02:27:41.662 | INFO     | src.fed_imp.sub_modules.server.base_server:run:154 - Imputation Round 4
2024-11-19 02:27:41.720 | INFO     | src.fed_imp.sub_modules.server.base_server:run:153 - ==================================================
2024-11-19 02:27:41.720 | INFO     | src.fed_imp.sub_modules.server.base_server:run:154 - Imputation Round 4
2024-11-19 02:27:42.901 | INFO     | src.fed_imp.sub_modules.server.base_server:run:153 - ==================================================
2024-11-19 02:27:42.901 | INFO     | src.fed_imp.sub_modules.server.base_server:run:154 - Imputation Round 5
2024-11-19 02:27:42.923 | INFO     | src.fed_imp.sub_modules.server.base_server:run:153 - ==================================================
2024-11-19 02:27:42.923 | INFO     | src.fed_imp.sub_modules.server.base_server:run:154 - Imputation Round 5
2024-11-19 02:27:42.949 | INFO     | src.fed_imp.sub_modules.server.base_server:run:153 - ==================================================
2024-11-19 02:27:42.950 | INFO     | src.fed_imp.sub_modules.server.base_server:run:154 - Imputation Round 5
2024-11-19 02:27:42.984 | INFO     | src.fed_imp.sub_modules.server.base_server:run:153 - ==================================================
2024-11-19 02:27:42.984 | INFO     | src.fed_imp.sub_modules.server.base_server:run:154 - Imputation Round 5
2024-11-19 02:27:43.012 | INFO     | src.fed_imp.sub_modules.server.base_server:run:153 - ==================================================
2024-11-19 02:27:43.012 | INFO     | src.fed_imp.sub_modules.server.base_server:run:154 - Imputation Round 5
2024-11-19 02:27:44.178 | INFO     | src.fed_imp.sub_modules.server.base_server:run:153 - ==================================================
2024-11-19 02:27:44.178 | INFO     | src.fed_imp.sub_modules.server.base_server:run:154 - Imputation Round 6
2024-11-19 02:27:44.191 | INFO     | src.fed_imp.sub_modules.server.base_server:run:153 - ==================================================
2024-11-19 02:27:44.191 | INFO     | src.fed_imp.sub_modules.server.base_server:run:154 - Imputation Round 6
2024-11-19 02:27:44.228 | INFO     | src.fed_imp.sub_modules.server.base_server:run:153 - ==================================================
2024-11-19 02:27:44.228 | INFO     | src.fed_imp.sub_modules.server.base_server:run:154 - Imputation Round 6
2024-11-19 02:27:44.258 | INFO     | src.fed_imp.sub_modules.server.base_server:run:153 - ==================================================
2024-11-19 02:27:44.258 | INFO     | src.fed_imp.sub_modules.server.base_server:run:154 - Imputation Round 6
2024-11-19 02:27:44.316 | INFO     | src.fed_imp.sub_modules.server.base_server:run:153 - ==================================================
2024-11-19 02:27:44.316 | INFO     | src.fed_imp.sub_modules.server.base_server:run:154 - Imputation Round 6
2024-11-19 02:27:45.446 | INFO     | src.fed_imp.sub_modules.server.base_server:run:153 - ==================================================
2024-11-19 02:27:45.446 | INFO     | src.fed_imp.sub_modules.server.base_server:run:154 - Imputation Round 7
2024-11-19 02:27:45.465 | INFO     | src.fed_imp.sub_modules.server.base_server:run:153 - ==================================================
2024-11-19 02:27:45.465 | INFO     | src.fed_imp.sub_modules.server.base_server:run:154 - Imputation Round 7
2024-11-19 02:27:45.528 | INFO     | src.fed_imp.sub_modules.server.base_server:run:153 - ==================================================
2024-11-19 02:27:45.528 | INFO     | src.fed_imp.sub_modules.server.base_server:run:154 - Imputation Round 7
2024-11-19 02:27:45.536 | INFO     | src.fed_imp.sub_modules.server.base_server:run:153 - ==================================================
2024-11-19 02:27:45.536 | INFO     | src.fed_imp.sub_modules.server.base_server:run:154 - Imputation Round 7
2024-11-19 02:27:45.601 | INFO     | src.fed_imp.sub_modules.server.base_server:run:153 - ==================================================
2024-11-19 02:27:45.602 | INFO     | src.fed_imp.sub_modules.server.base_server:run:154 - Imputation Round 7
2024-11-19 02:27:46.708 | INFO     | src.fed_imp.sub_modules.server.base_server:run:153 - ==================================================
2024-11-19 02:27:46.708 | INFO     | src.fed_imp.sub_modules.server.base_server:run:154 - Imputation Round 8
2024-11-19 02:27:46.734 | INFO     | src.fed_imp.sub_modules.server.base_server:run:153 - ==================================================
2024-11-19 02:27:46.735 | INFO     | src.fed_imp.sub_modules.server.base_server:run:154 - Imputation Round 8
2024-11-19 02:27:46.808 | INFO     | src.fed_imp.sub_modules.server.base_server:run:153 - ==================================================
2024-11-19 02:27:46.809 | INFO     | src.fed_imp.sub_modules.server.base_server:run:154 - Imputation Round 8
2024-11-19 02:27:46.826 | INFO     | src.fed_imp.sub_modules.server.base_server:run:153 - ==================================================
2024-11-19 02:27:46.826 | INFO     | src.fed_imp.sub_modules.server.base_server:run:154 - Imputation Round 8
2024-11-19 02:27:46.883 | INFO     | src.fed_imp.sub_modules.server.base_server:run:153 - ==================================================
2024-11-19 02:27:46.883 | INFO     | src.fed_imp.sub_modules.server.base_server:run:154 - Imputation Round 8
2024-11-19 02:27:47.974 | INFO     | src.fed_imp.sub_modules.server.base_server:run:153 - ==================================================
2024-11-19 02:27:47.974 | INFO     | src.fed_imp.sub_modules.server.base_server:run:154 - Imputation Round 9
2024-11-19 02:27:48.004 | INFO     | src.fed_imp.sub_modules.server.base_server:run:153 - ==================================================
2024-11-19 02:27:48.004 | INFO     | src.fed_imp.sub_modules.server.base_server:run:154 - Imputation Round 9
2024-11-19 02:27:48.084 | INFO     | src.fed_imp.sub_modules.server.base_server:run:153 - ==================================================
2024-11-19 02:27:48.084 | INFO     | src.fed_imp.sub_modules.server.base_server:run:154 - Imputation Round 9
2024-11-19 02:27:48.101 | INFO     | src.fed_imp.sub_modules.server.base_server:run:153 - ==================================================
2024-11-19 02:27:48.101 | INFO     | src.fed_imp.sub_modules.server.base_server:run:154 - Imputation Round 9
2024-11-19 02:27:48.175 | INFO     | src.fed_imp.sub_modules.server.base_server:run:153 - ==================================================
2024-11-19 02:27:48.176 | INFO     | src.fed_imp.sub_modules.server.base_server:run:154 - Imputation Round 9
2024-11-19 02:27:49.253 | INFO     | src.fed_imp.sub_modules.server.base_server:run:153 - ==================================================
2024-11-19 02:27:49.253 | INFO     | src.fed_imp.sub_modules.server.base_server:run:154 - Imputation Round 10
2024-11-19 02:27:49.286 | INFO     | src.fed_imp.sub_modules.server.base_server:run:153 - ==================================================
2024-11-19 02:27:49.286 | INFO     | src.fed_imp.sub_modules.server.base_server:run:154 - Imputation Round 10
2024-11-19 02:27:49.372 | INFO     | src.fed_imp.sub_modules.server.base_server:run:153 - ==================================================
2024-11-19 02:27:49.373 | INFO     | src.fed_imp.sub_modules.server.base_server:run:154 - Imputation Round 10
2024-11-19 02:27:49.399 | INFO     | src.fed_imp.sub_modules.server.base_server:run:153 - ==================================================
2024-11-19 02:27:49.399 | INFO     | src.fed_imp.sub_modules.server.base_server:run:154 - Imputation Round 10
2024-11-19 02:27:49.530 | INFO     | src.fed_imp.sub_modules.server.base_server:run:153 - ==================================================
2024-11-19 02:27:49.530 | INFO     | src.fed_imp.sub_modules.server.base_server:run:154 - Imputation Round 10
2024-11-19 02:27:50.529 | INFO     | src.fed_imp.sub_modules.server.base_server:run:153 - ==================================================
2024-11-19 02:27:50.529 | INFO     | src.fed_imp.sub_modules.server.base_server:run:154 - Imputation Round 11
2024-11-19 02:27:50.567 | INFO     | src.fed_imp.sub_modules.server.base_server:run:153 - ==================================================
2024-11-19 02:27:50.567 | INFO     | src.fed_imp.sub_modules.server.base_server:run:154 - Imputation Round 11
2024-11-19 02:27:50.656 | INFO     | src.fed_imp.sub_modules.server.base_server:run:153 - ==================================================
2024-11-19 02:27:50.656 | INFO     | src.fed_imp.sub_modules.server.base_server:run:154 - Imputation Round 11
2024-11-19 02:27:50.686 | INFO     | src.fed_imp.sub_modules.server.base_server:run:153 - ==================================================
2024-11-19 02:27:50.686 | INFO     | src.fed_imp.sub_modules.server.base_server:run:154 - Imputation Round 11
2024-11-19 02:27:50.818 | INFO     | src.fed_imp.sub_modules.server.base_server:run:153 - ==================================================
2024-11-19 02:27:50.819 | INFO     | src.fed_imp.sub_modules.server.base_server:run:154 - Imputation Round 11
2024-11-19 02:27:51.786 | INFO     | src.fed_imp.sub_modules.server.base_server:run:153 - ==================================================
2024-11-19 02:27:51.786 | INFO     | src.fed_imp.sub_modules.server.base_server:run:154 - Imputation Round 12
2024-11-19 02:27:51.842 | INFO     | src.fed_imp.sub_modules.server.base_server:run:153 - ==================================================
2024-11-19 02:27:51.842 | INFO     | src.fed_imp.sub_modules.server.base_server:run:154 - Imputation Round 12
2024-11-19 02:27:51.924 | INFO     | src.fed_imp.sub_modules.server.base_server:run:153 - ==================================================
2024-11-19 02:27:51.924 | INFO     | src.fed_imp.sub_modules.server.base_server:run:154 - Imputation Round 12
2024-11-19 02:27:51.960 | INFO     | src.fed_imp.sub_modules.server.base_server:run:153 - ==================================================
2024-11-19 02:27:51.960 | INFO     | src.fed_imp.sub_modules.server.base_server:run:154 - Imputation Round 12
2024-11-19 02:27:52.101 | INFO     | src.fed_imp.sub_modules.server.base_server:run:153 - ==================================================
2024-11-19 02:27:52.101 | INFO     | src.fed_imp.sub_modules.server.base_server:run:154 - Imputation Round 12
2024-11-19 02:27:53.052 | INFO     | src.fed_imp.sub_modules.server.base_server:run:153 - ==================================================
2024-11-19 02:27:53.052 | INFO     | src.fed_imp.sub_modules.server.base_server:run:154 - Imputation Round 13
2024-11-19 02:27:53.112 | INFO     | src.fed_imp.sub_modules.server.base_server:run:153 - ==================================================
2024-11-19 02:27:53.112 | INFO     | src.fed_imp.sub_modules.server.base_server:run:154 - Imputation Round 13
2024-11-19 02:27:53.201 | INFO     | src.fed_imp.sub_modules.server.base_server:run:153 - ==================================================
2024-11-19 02:27:53.201 | INFO     | src.fed_imp.sub_modules.server.base_server:run:154 - Imputation Round 13
2024-11-19 02:27:53.250 | INFO     | src.fed_imp.sub_modules.server.base_server:run:153 - ==================================================
2024-11-19 02:27:53.250 | INFO     | src.fed_imp.sub_modules.server.base_server:run:154 - Imputation Round 13
2024-11-19 02:27:53.386 | INFO     | src.fed_imp.sub_modules.server.base_server:run:153 - ==================================================
2024-11-19 02:27:53.387 | INFO     | src.fed_imp.sub_modules.server.base_server:run:154 - Imputation Round 13
2024-11-19 02:27:54.361 | INFO     | src.fed_imp.sub_modules.server.base_server:run:153 - ==================================================
2024-11-19 02:27:54.361 | INFO     | src.fed_imp.sub_modules.server.base_server:run:154 - Imputation Round 14
2024-11-19 02:27:54.376 | INFO     | src.fed_imp.sub_modules.server.base_server:run:153 - ==================================================
2024-11-19 02:27:54.376 | INFO     | src.fed_imp.sub_modules.server.base_server:run:154 - Imputation Round 14
2024-11-19 02:27:54.474 | INFO     | src.fed_imp.sub_modules.server.base_server:run:153 - ==================================================
2024-11-19 02:27:54.474 | INFO     | src.fed_imp.sub_modules.server.base_server:run:154 - Imputation Round 14
2024-11-19 02:27:54.525 | INFO     | src.fed_imp.sub_modules.server.base_server:run:153 - ==================================================
2024-11-19 02:27:54.525 | INFO     | src.fed_imp.sub_modules.server.base_server:run:154 - Imputation Round 14
2024-11-19 02:27:54.673 | INFO     | src.fed_imp.sub_modules.server.base_server:run:153 - ==================================================
2024-11-19 02:27:54.674 | INFO     | src.fed_imp.sub_modules.server.base_server:run:154 - Imputation Round 14
2024-11-19 02:27:55.619 | INFO     | src.fed_imp.sub_modules.server.base_server:run:153 - ==================================================
2024-11-19 02:27:55.620 | INFO     | src.fed_imp.sub_modules.server.base_server:run:154 - Imputation Round 15
2024-11-19 02:27:55.639 | INFO     | src.fed_imp.sub_modules.server.base_server:run:153 - ==================================================
2024-11-19 02:27:55.639 | INFO     | src.fed_imp.sub_modules.server.base_server:run:154 - Imputation Round 15
2024-11-19 02:27:55.747 | INFO     | src.fed_imp.sub_modules.server.base_server:run:153 - ==================================================
2024-11-19 02:27:55.747 | INFO     | src.fed_imp.sub_modules.server.base_server:run:154 - Imputation Round 15
2024-11-19 02:27:55.803 | INFO     | src.fed_imp.sub_modules.server.base_server:run:153 - ==================================================
2024-11-19 02:27:55.803 | INFO     | src.fed_imp.sub_modules.server.base_server:run:154 - Imputation Round 15
2024-11-19 02:27:55.955 | INFO     | src.fed_imp.sub_modules.server.base_server:run:153 - ==================================================
2024-11-19 02:27:55.955 | INFO     | src.fed_imp.sub_modules.server.base_server:run:154 - Imputation Round 15
