2024-11-20 18:03:12.888 | INFO     | src.experiment_management.experiment_manager:set_experiment:22 - Experiment name: fed_imp
2024-11-20 18:03:12.890 | INFO     | src.experiment_management.experiment_manager:run_experiments:45 - Running 1 experiments
2024-11-20 18:03:12.890 | INFO     | src.experiment_management.experiment_manager:run_experiments:51 - Experiment - 0
2024-11-20 18:03:12.890 | INFO     | src.experiment_management.experiment_manager:run_experiments:52 - Experiment - ['dn', 'nc', 'dp', 'ms', 'mct', 'st', 'as', 's', 's', 'p', 'nr', 'n', 'ts']
2024-11-20 18:03:12.890 | INFO     | src.experiment_management.experiment_manager:run_experiments:53 - Experiment - ('vehicle2', 0, 'natural', 'random2@mrl=0.3_mrr=0.7_mm=mnarlrsigst', 'allk0.25_sphere', 'fedavg_pytorch', 'fedmechw_new', 102931466, 50, False, 10, 10, 0.1)
[Parallel(n_jobs=10)]: Using backend LokyBackend with 10 concurrent workers.
2024-11-20 18:03:16.605 | INFO     | src.fed_imp.experiment:main_func:31 - Round 0
2024-11-20 18:03:16.606 | INFO     | src.fed_imp.experiment:main_func:31 - Round 2
2024-11-20 18:03:16.628 | INFO     | src.fed_imp.experiment:main_func:31 - Round 4
2024-11-20 18:03:16.629 | INFO     | src.fed_imp.experiment:main_func:31 - Round 3
2024-11-20 18:03:16.630 | INFO     | src.fed_imp.experiment:main_func:31 - Round 1
2024-11-20 18:03:16.637 | INFO     | src.fed_imp.experiment:main_func:31 - Round 5
2024-11-20 18:03:16.647 | INFO     | src.fed_imp.experiment:main_func:31 - Round 7
2024-11-20 18:03:16.672 | INFO     | src.fed_imp.experiment:main_func:31 - Round 6
2024-11-20 18:03:16.695 | INFO     | src.fed_imp.experiment:main_func:31 - Round 9
2024-11-20 18:03:16.698 | INFO     | src.fed_imp.experiment:main_func:31 - Round 8
2024-11-20 18:03:25.206 | INFO     | src.fed_imp.sub_modules.server.base_server:run:153 - ==================================================
2024-11-20 18:03:25.206 | INFO     | src.fed_imp.sub_modules.server.base_server:run:154 - Imputation Round 1
2024-11-20 18:03:25.240 | INFO     | src.fed_imp.sub_modules.server.base_server:run:153 - ==================================================
2024-11-20 18:03:25.240 | INFO     | src.fed_imp.sub_modules.server.base_server:run:154 - Imputation Round 1
2024-11-20 18:03:25.251 | INFO     | src.fed_imp.sub_modules.server.base_server:run:153 - ==================================================
2024-11-20 18:03:25.251 | INFO     | src.fed_imp.sub_modules.server.base_server:run:154 - Imputation Round 1
2024-11-20 18:03:25.274 | INFO     | src.fed_imp.sub_modules.server.base_server:run:153 - ==================================================
2024-11-20 18:03:25.274 | INFO     | src.fed_imp.sub_modules.server.base_server:run:154 - Imputation Round 1
2024-11-20 18:03:25.284 | INFO     | src.fed_imp.sub_modules.server.base_server:run:153 - ==================================================
2024-11-20 18:03:25.284 | INFO     | src.fed_imp.sub_modules.server.base_server:run:154 - Imputation Round 1
2024-11-20 18:03:25.317 | INFO     | src.fed_imp.sub_modules.server.base_server:run:153 - ==================================================
2024-11-20 18:03:25.317 | INFO     | src.fed_imp.sub_modules.server.base_server:run:154 - Imputation Round 1
2024-11-20 18:03:25.318 | INFO     | src.fed_imp.sub_modules.server.base_server:run:153 - ==================================================
2024-11-20 18:03:25.319 | INFO     | src.fed_imp.sub_modules.server.base_server:run:154 - Imputation Round 1
2024-11-20 18:03:25.321 | INFO     | src.fed_imp.sub_modules.server.base_server:run:153 - ==================================================
2024-11-20 18:03:25.321 | INFO     | src.fed_imp.sub_modules.server.base_server:run:154 - Imputation Round 1
2024-11-20 18:03:25.352 | INFO     | src.fed_imp.sub_modules.server.base_server:run:153 - ==================================================
2024-11-20 18:03:25.353 | INFO     | src.fed_imp.sub_modules.server.base_server:run:154 - Imputation Round 1
2024-11-20 18:03:25.360 | INFO     | src.fed_imp.sub_modules.server.base_server:run:153 - ==================================================
2024-11-20 18:03:25.361 | INFO     | src.fed_imp.sub_modules.server.base_server:run:154 - Imputation Round 1
2024-11-20 18:03:39.484 | INFO     | src.fed_imp.sub_modules.server.base_server:run:153 - ==================================================
2024-11-20 18:03:39.484 | INFO     | src.fed_imp.sub_modules.server.base_server:run:154 - Imputation Round 2
2024-11-20 18:03:39.497 | INFO     | src.fed_imp.sub_modules.server.base_server:run:153 - ==================================================
2024-11-20 18:03:39.498 | INFO     | src.fed_imp.sub_modules.server.base_server:run:154 - Imputation Round 2
2024-11-20 18:03:39.521 | INFO     | src.fed_imp.sub_modules.server.base_server:run:153 - ==================================================
2024-11-20 18:03:39.522 | INFO     | src.fed_imp.sub_modules.server.base_server:run:154 - Imputation Round 2
2024-11-20 18:03:39.566 | INFO     | src.fed_imp.sub_modules.server.base_server:run:153 - ==================================================
2024-11-20 18:03:39.567 | INFO     | src.fed_imp.sub_modules.server.base_server:run:154 - Imputation Round 2
2024-11-20 18:03:39.657 | INFO     | src.fed_imp.sub_modules.server.base_server:run:153 - ==================================================
2024-11-20 18:03:39.657 | INFO     | src.fed_imp.sub_modules.server.base_server:run:154 - Imputation Round 2
2024-11-20 18:03:39.747 | INFO     | src.fed_imp.sub_modules.server.base_server:run:153 - ==================================================
2024-11-20 18:03:39.747 | INFO     | src.fed_imp.sub_modules.server.base_server:run:154 - Imputation Round 2
2024-11-20 18:03:39.760 | INFO     | src.fed_imp.sub_modules.server.base_server:run:153 - ==================================================
2024-11-20 18:03:39.760 | INFO     | src.fed_imp.sub_modules.server.base_server:run:154 - Imputation Round 2
2024-11-20 18:03:39.840 | INFO     | src.fed_imp.sub_modules.server.base_server:run:153 - ==================================================
2024-11-20 18:03:39.841 | INFO     | src.fed_imp.sub_modules.server.base_server:run:154 - Imputation Round 2
2024-11-20 18:03:40.140 | INFO     | src.fed_imp.sub_modules.server.base_server:run:153 - ==================================================
2024-11-20 18:03:40.141 | INFO     | src.fed_imp.sub_modules.server.base_server:run:154 - Imputation Round 2
2024-11-20 18:03:40.348 | INFO     | src.fed_imp.sub_modules.server.base_server:run:153 - ==================================================
2024-11-20 18:03:40.348 | INFO     | src.fed_imp.sub_modules.server.base_server:run:154 - Imputation Round 2
2024-11-20 18:03:53.473 | INFO     | src.fed_imp.sub_modules.server.base_server:run:153 - ==================================================
2024-11-20 18:03:53.473 | INFO     | src.fed_imp.sub_modules.server.base_server:run:154 - Imputation Round 3
2024-11-20 18:03:53.601 | INFO     | src.fed_imp.sub_modules.server.base_server:run:153 - ==================================================
2024-11-20 18:03:53.601 | INFO     | src.fed_imp.sub_modules.server.base_server:run:154 - Imputation Round 3
2024-11-20 18:03:53.662 | INFO     | src.fed_imp.sub_modules.server.base_server:run:153 - ==================================================
2024-11-20 18:03:53.662 | INFO     | src.fed_imp.sub_modules.server.base_server:run:154 - Imputation Round 3
2024-11-20 18:03:53.671 | INFO     | src.fed_imp.sub_modules.server.base_server:run:153 - ==================================================
2024-11-20 18:03:53.671 | INFO     | src.fed_imp.sub_modules.server.base_server:run:154 - Imputation Round 3
2024-11-20 18:03:54.038 | INFO     | src.fed_imp.sub_modules.server.base_server:run:153 - ==================================================
2024-11-20 18:03:54.038 | INFO     | src.fed_imp.sub_modules.server.base_server:run:154 - Imputation Round 3
2024-11-20 18:03:54.080 | INFO     | src.fed_imp.sub_modules.server.base_server:run:153 - ==================================================
2024-11-20 18:03:54.081 | INFO     | src.fed_imp.sub_modules.server.base_server:run:154 - Imputation Round 3
2024-11-20 18:03:54.108 | INFO     | src.fed_imp.sub_modules.server.base_server:run:153 - ==================================================
2024-11-20 18:03:54.108 | INFO     | src.fed_imp.sub_modules.server.base_server:run:154 - Imputation Round 3
2024-11-20 18:03:54.244 | INFO     | src.fed_imp.sub_modules.server.base_server:run:153 - ==================================================
2024-11-20 18:03:54.245 | INFO     | src.fed_imp.sub_modules.server.base_server:run:154 - Imputation Round 3
2024-11-20 18:03:54.830 | INFO     | src.fed_imp.sub_modules.server.base_server:run:153 - ==================================================
2024-11-20 18:03:54.831 | INFO     | src.fed_imp.sub_modules.server.base_server:run:154 - Imputation Round 3
2024-11-20 18:03:55.215 | INFO     | src.fed_imp.sub_modules.server.base_server:run:153 - ==================================================
2024-11-20 18:03:55.215 | INFO     | src.fed_imp.sub_modules.server.base_server:run:154 - Imputation Round 3
2024-11-20 18:04:07.606 | INFO     | src.fed_imp.sub_modules.server.base_server:run:153 - ==================================================
2024-11-20 18:04:07.606 | INFO     | src.fed_imp.sub_modules.server.base_server:run:154 - Imputation Round 4
2024-11-20 18:04:07.682 | INFO     | src.fed_imp.sub_modules.server.base_server:run:153 - ==================================================
2024-11-20 18:04:07.683 | INFO     | src.fed_imp.sub_modules.server.base_server:run:154 - Imputation Round 4
2024-11-20 18:04:07.761 | INFO     | src.fed_imp.sub_modules.server.base_server:run:153 - ==================================================
2024-11-20 18:04:07.762 | INFO     | src.fed_imp.sub_modules.server.base_server:run:154 - Imputation Round 4
2024-11-20 18:04:07.875 | INFO     | src.fed_imp.sub_modules.server.base_server:run:153 - ==================================================
2024-11-20 18:04:07.876 | INFO     | src.fed_imp.sub_modules.server.base_server:run:154 - Imputation Round 4
2024-11-20 18:04:08.450 | INFO     | src.fed_imp.sub_modules.server.base_server:run:153 - ==================================================
2024-11-20 18:04:08.451 | INFO     | src.fed_imp.sub_modules.server.base_server:run:154 - Imputation Round 4
2024-11-20 18:04:08.487 | INFO     | src.fed_imp.sub_modules.server.base_server:run:153 - ==================================================
2024-11-20 18:04:08.487 | INFO     | src.fed_imp.sub_modules.server.base_server:run:154 - Imputation Round 4
2024-11-20 18:04:08.497 | INFO     | src.fed_imp.sub_modules.server.base_server:run:153 - ==================================================
2024-11-20 18:04:08.497 | INFO     | src.fed_imp.sub_modules.server.base_server:run:154 - Imputation Round 4
2024-11-20 18:04:08.865 | INFO     | src.fed_imp.sub_modules.server.base_server:run:153 - ==================================================
2024-11-20 18:04:08.865 | INFO     | src.fed_imp.sub_modules.server.base_server:run:154 - Imputation Round 4
2024-11-20 18:04:09.741 | INFO     | src.fed_imp.sub_modules.server.base_server:run:153 - ==================================================
2024-11-20 18:04:09.741 | INFO     | src.fed_imp.sub_modules.server.base_server:run:154 - Imputation Round 4
2024-11-20 18:04:10.078 | INFO     | src.fed_imp.sub_modules.server.base_server:run:153 - ==================================================
2024-11-20 18:04:10.078 | INFO     | src.fed_imp.sub_modules.server.base_server:run:154 - Imputation Round 4
2024-11-20 18:04:21.921 | INFO     | src.fed_imp.sub_modules.server.base_server:run:153 - ==================================================
2024-11-20 18:04:21.922 | INFO     | src.fed_imp.sub_modules.server.base_server:run:154 - Imputation Round 5
2024-11-20 18:04:21.922 | INFO     | src.fed_imp.sub_modules.server.base_server:run:153 - ==================================================
2024-11-20 18:04:21.922 | INFO     | src.fed_imp.sub_modules.server.base_server:run:154 - Imputation Round 5
2024-11-20 18:04:21.997 | INFO     | src.fed_imp.sub_modules.server.base_server:run:153 - ==================================================
2024-11-20 18:04:21.998 | INFO     | src.fed_imp.sub_modules.server.base_server:run:154 - Imputation Round 5
2024-11-20 18:04:22.253 | INFO     | src.fed_imp.sub_modules.server.base_server:run:153 - ==================================================
2024-11-20 18:04:22.253 | INFO     | src.fed_imp.sub_modules.server.base_server:run:154 - Imputation Round 5
2024-11-20 18:04:22.936 | INFO     | src.fed_imp.sub_modules.server.base_server:run:153 - ==================================================
2024-11-20 18:04:22.936 | INFO     | src.fed_imp.sub_modules.server.base_server:run:154 - Imputation Round 5
2024-11-20 18:04:23.016 | INFO     | src.fed_imp.sub_modules.server.base_server:run:153 - ==================================================
2024-11-20 18:04:23.016 | INFO     | src.fed_imp.sub_modules.server.base_server:run:154 - Imputation Round 5
2024-11-20 18:04:23.080 | INFO     | src.fed_imp.sub_modules.server.base_server:run:153 - ==================================================
2024-11-20 18:04:23.080 | INFO     | src.fed_imp.sub_modules.server.base_server:run:154 - Imputation Round 5
2024-11-20 18:04:23.607 | INFO     | src.fed_imp.sub_modules.server.base_server:run:153 - ==================================================
2024-11-20 18:04:23.607 | INFO     | src.fed_imp.sub_modules.server.base_server:run:154 - Imputation Round 5
2024-11-20 18:04:24.724 | INFO     | src.fed_imp.sub_modules.server.base_server:run:153 - ==================================================
2024-11-20 18:04:24.724 | INFO     | src.fed_imp.sub_modules.server.base_server:run:154 - Imputation Round 5
2024-11-20 18:04:25.139 | INFO     | src.fed_imp.sub_modules.server.base_server:run:153 - ==================================================
2024-11-20 18:04:25.139 | INFO     | src.fed_imp.sub_modules.server.base_server:run:154 - Imputation Round 5
2024-11-20 18:04:36.035 | INFO     | src.fed_imp.sub_modules.server.base_server:run:153 - ==================================================
2024-11-20 18:04:36.035 | INFO     | src.fed_imp.sub_modules.server.base_server:run:154 - Imputation Round 6
2024-11-20 18:04:36.047 | INFO     | src.fed_imp.sub_modules.server.base_server:run:153 - ==================================================
2024-11-20 18:04:36.047 | INFO     | src.fed_imp.sub_modules.server.base_server:run:154 - Imputation Round 6
2024-11-20 18:04:36.077 | INFO     | src.fed_imp.sub_modules.server.base_server:run:153 - ==================================================
2024-11-20 18:04:36.077 | INFO     | src.fed_imp.sub_modules.server.base_server:run:154 - Imputation Round 6
2024-11-20 18:04:36.496 | INFO     | src.fed_imp.sub_modules.server.base_server:run:153 - ==================================================
2024-11-20 18:04:36.496 | INFO     | src.fed_imp.sub_modules.server.base_server:run:154 - Imputation Round 6
2024-11-20 18:04:37.265 | INFO     | src.fed_imp.sub_modules.server.base_server:run:153 - ==================================================
2024-11-20 18:04:37.265 | INFO     | src.fed_imp.sub_modules.server.base_server:run:154 - Imputation Round 6
2024-11-20 18:04:37.435 | INFO     | src.fed_imp.sub_modules.server.base_server:run:153 - ==================================================
2024-11-20 18:04:37.436 | INFO     | src.fed_imp.sub_modules.server.base_server:run:154 - Imputation Round 6
2024-11-20 18:04:37.537 | INFO     | src.fed_imp.sub_modules.server.base_server:run:153 - ==================================================
2024-11-20 18:04:37.537 | INFO     | src.fed_imp.sub_modules.server.base_server:run:154 - Imputation Round 6
2024-11-20 18:04:38.244 | INFO     | src.fed_imp.sub_modules.server.base_server:run:153 - ==================================================
2024-11-20 18:04:38.244 | INFO     | src.fed_imp.sub_modules.server.base_server:run:154 - Imputation Round 6
2024-11-20 18:04:39.695 | INFO     | src.fed_imp.sub_modules.server.base_server:run:153 - ==================================================
2024-11-20 18:04:39.695 | INFO     | src.fed_imp.sub_modules.server.base_server:run:154 - Imputation Round 6
2024-11-20 18:04:40.155 | INFO     | src.fed_imp.sub_modules.server.base_server:run:153 - ==================================================
2024-11-20 18:04:40.155 | INFO     | src.fed_imp.sub_modules.server.base_server:run:154 - Imputation Round 6
2024-11-20 18:04:50.347 | INFO     | src.fed_imp.sub_modules.server.base_server:run:153 - ==================================================
2024-11-20 18:04:50.348 | INFO     | src.fed_imp.sub_modules.server.base_server:run:154 - Imputation Round 7
2024-11-20 18:04:50.381 | INFO     | src.fed_imp.sub_modules.server.base_server:run:153 - ==================================================
2024-11-20 18:04:50.381 | INFO     | src.fed_imp.sub_modules.server.base_server:run:154 - Imputation Round 7
2024-11-20 18:04:50.419 | INFO     | src.fed_imp.sub_modules.server.base_server:run:153 - ==================================================
2024-11-20 18:04:50.419 | INFO     | src.fed_imp.sub_modules.server.base_server:run:154 - Imputation Round 7
2024-11-20 18:04:50.835 | INFO     | src.fed_imp.sub_modules.server.base_server:run:153 - ==================================================
2024-11-20 18:04:50.835 | INFO     | src.fed_imp.sub_modules.server.base_server:run:154 - Imputation Round 7
2024-11-20 18:04:51.671 | INFO     | src.fed_imp.sub_modules.server.base_server:run:153 - ==================================================
2024-11-20 18:04:51.671 | INFO     | src.fed_imp.sub_modules.server.base_server:run:154 - Imputation Round 7
2024-11-20 18:04:52.082 | INFO     | src.fed_imp.sub_modules.server.base_server:run:153 - ==================================================
2024-11-20 18:04:52.082 | INFO     | src.fed_imp.sub_modules.server.base_server:run:154 - Imputation Round 7
2024-11-20 18:04:52.085 | INFO     | src.fed_imp.sub_modules.server.base_server:run:153 - ==================================================
2024-11-20 18:04:52.085 | INFO     | src.fed_imp.sub_modules.server.base_server:run:154 - Imputation Round 7
2024-11-20 18:04:52.921 | INFO     | src.fed_imp.sub_modules.server.base_server:run:153 - ==================================================
2024-11-20 18:04:52.921 | INFO     | src.fed_imp.sub_modules.server.base_server:run:154 - Imputation Round 7
2024-11-20 18:04:54.752 | INFO     | src.fed_imp.sub_modules.server.base_server:run:153 - ==================================================
2024-11-20 18:04:54.752 | INFO     | src.fed_imp.sub_modules.server.base_server:run:154 - Imputation Round 7
2024-11-20 18:04:55.285 | INFO     | src.fed_imp.sub_modules.server.base_server:run:153 - ==================================================
2024-11-20 18:04:55.286 | INFO     | src.fed_imp.sub_modules.server.base_server:run:154 - Imputation Round 7
2024-11-20 18:05:04.460 | INFO     | src.fed_imp.sub_modules.server.base_server:run:153 - ==================================================
2024-11-20 18:05:04.460 | INFO     | src.fed_imp.sub_modules.server.base_server:run:154 - Imputation Round 8
2024-11-20 18:05:04.521 | INFO     | src.fed_imp.sub_modules.server.base_server:run:153 - ==================================================
2024-11-20 18:05:04.521 | INFO     | src.fed_imp.sub_modules.server.base_server:run:154 - Imputation Round 8
2024-11-20 18:05:04.669 | INFO     | src.fed_imp.sub_modules.server.base_server:run:153 - ==================================================
2024-11-20 18:05:04.669 | INFO     | src.fed_imp.sub_modules.server.base_server:run:154 - Imputation Round 8
2024-11-20 18:05:05.131 | INFO     | src.fed_imp.sub_modules.server.base_server:run:153 - ==================================================
2024-11-20 18:05:05.131 | INFO     | src.fed_imp.sub_modules.server.base_server:run:154 - Imputation Round 8
2024-11-20 18:05:06.012 | INFO     | src.fed_imp.sub_modules.server.base_server:run:153 - ==================================================
2024-11-20 18:05:06.012 | INFO     | src.fed_imp.sub_modules.server.base_server:run:154 - Imputation Round 8
2024-11-20 18:05:06.501 | INFO     | src.fed_imp.sub_modules.server.base_server:run:153 - ==================================================
2024-11-20 18:05:06.502 | INFO     | src.fed_imp.sub_modules.server.base_server:run:154 - Imputation Round 8
2024-11-20 18:05:06.598 | INFO     | src.fed_imp.sub_modules.server.base_server:run:153 - ==================================================
2024-11-20 18:05:06.598 | INFO     | src.fed_imp.sub_modules.server.base_server:run:154 - Imputation Round 8
2024-11-20 18:05:07.515 | INFO     | src.fed_imp.sub_modules.server.base_server:run:153 - ==================================================
2024-11-20 18:05:07.515 | INFO     | src.fed_imp.sub_modules.server.base_server:run:154 - Imputation Round 8
2024-11-20 18:05:09.727 | INFO     | src.fed_imp.sub_modules.server.base_server:run:153 - ==================================================
2024-11-20 18:05:09.727 | INFO     | src.fed_imp.sub_modules.server.base_server:run:154 - Imputation Round 8
2024-11-20 18:05:10.319 | INFO     | src.fed_imp.sub_modules.server.base_server:run:153 - ==================================================
2024-11-20 18:05:10.319 | INFO     | src.fed_imp.sub_modules.server.base_server:run:154 - Imputation Round 8
2024-11-20 18:05:18.766 | INFO     | src.fed_imp.sub_modules.server.base_server:run:153 - ==================================================
2024-11-20 18:05:18.766 | INFO     | src.fed_imp.sub_modules.server.base_server:run:154 - Imputation Round 9
2024-11-20 18:05:18.843 | INFO     | src.fed_imp.sub_modules.server.base_server:run:153 - ==================================================
2024-11-20 18:05:18.843 | INFO     | src.fed_imp.sub_modules.server.base_server:run:154 - Imputation Round 9
2024-11-20 18:05:18.916 | INFO     | src.fed_imp.sub_modules.server.base_server:run:153 - ==================================================
2024-11-20 18:05:18.916 | INFO     | src.fed_imp.sub_modules.server.base_server:run:154 - Imputation Round 9
2024-11-20 18:05:19.540 | INFO     | src.fed_imp.sub_modules.server.base_server:run:153 - ==================================================
2024-11-20 18:05:19.540 | INFO     | src.fed_imp.sub_modules.server.base_server:run:154 - Imputation Round 9
2024-11-20 18:05:20.417 | INFO     | src.fed_imp.sub_modules.server.base_server:run:153 - ==================================================
2024-11-20 18:05:20.417 | INFO     | src.fed_imp.sub_modules.server.base_server:run:154 - Imputation Round 9
2024-11-20 18:05:21.134 | INFO     | src.fed_imp.sub_modules.server.base_server:run:153 - ==================================================
2024-11-20 18:05:21.134 | INFO     | src.fed_imp.sub_modules.server.base_server:run:154 - Imputation Round 9
2024-11-20 18:05:21.281 | INFO     | src.fed_imp.sub_modules.server.base_server:run:153 - ==================================================
2024-11-20 18:05:21.281 | INFO     | src.fed_imp.sub_modules.server.base_server:run:154 - Imputation Round 9
2024-11-20 18:05:22.281 | INFO     | src.fed_imp.sub_modules.server.base_server:run:153 - ==================================================
2024-11-20 18:05:22.281 | INFO     | src.fed_imp.sub_modules.server.base_server:run:154 - Imputation Round 9
2024-11-20 18:05:24.823 | INFO     | src.fed_imp.sub_modules.server.base_server:run:153 - ==================================================
2024-11-20 18:05:24.824 | INFO     | src.fed_imp.sub_modules.server.base_server:run:154 - Imputation Round 9
2024-11-20 18:05:25.584 | INFO     | src.fed_imp.sub_modules.server.base_server:run:153 - ==================================================
2024-11-20 18:05:25.584 | INFO     | src.fed_imp.sub_modules.server.base_server:run:154 - Imputation Round 9
2024-11-20 18:05:32.880 | INFO     | src.fed_imp.sub_modules.server.base_server:run:153 - ==================================================
2024-11-20 18:05:32.881 | INFO     | src.fed_imp.sub_modules.server.base_server:run:154 - Imputation Round 10
2024-11-20 18:05:32.952 | INFO     | src.fed_imp.sub_modules.server.base_server:run:153 - ==================================================
2024-11-20 18:05:32.953 | INFO     | src.fed_imp.sub_modules.server.base_server:run:154 - Imputation Round 10
2024-11-20 18:05:33.076 | INFO     | src.fed_imp.sub_modules.server.base_server:run:153 - ==================================================
2024-11-20 18:05:33.076 | INFO     | src.fed_imp.sub_modules.server.base_server:run:154 - Imputation Round 10
2024-11-20 18:05:33.811 | INFO     | src.fed_imp.sub_modules.server.base_server:run:153 - ==================================================
2024-11-20 18:05:33.812 | INFO     | src.fed_imp.sub_modules.server.base_server:run:154 - Imputation Round 10
2024-11-20 18:05:34.651 | INFO     | src.fed_imp.sub_modules.server.base_server:run:153 - ==================================================
2024-11-20 18:05:34.651 | INFO     | src.fed_imp.sub_modules.server.base_server:run:154 - Imputation Round 10
2024-11-20 18:05:35.502 | INFO     | src.fed_imp.sub_modules.server.base_server:run:153 - ==================================================
2024-11-20 18:05:35.502 | INFO     | src.fed_imp.sub_modules.server.base_server:run:154 - Imputation Round 10
2024-11-20 18:05:35.743 | INFO     | src.fed_imp.sub_modules.server.base_server:run:153 - ==================================================
2024-11-20 18:05:35.743 | INFO     | src.fed_imp.sub_modules.server.base_server:run:154 - Imputation Round 10
2024-11-20 18:05:36.805 | INFO     | src.fed_imp.sub_modules.server.base_server:run:153 - ==================================================
2024-11-20 18:05:36.805 | INFO     | src.fed_imp.sub_modules.server.base_server:run:154 - Imputation Round 10
2024-11-20 18:05:39.590 | INFO     | src.fed_imp.sub_modules.server.base_server:run:153 - ==================================================
2024-11-20 18:05:39.590 | INFO     | src.fed_imp.sub_modules.server.base_server:run:154 - Imputation Round 10
2024-11-20 18:05:40.289 | INFO     | src.fed_imp.sub_modules.server.base_server:run:153 - ==================================================
2024-11-20 18:05:40.289 | INFO     | src.fed_imp.sub_modules.server.base_server:run:154 - Imputation Round 10
2024-11-20 18:05:47.185 | INFO     | src.fed_imp.sub_modules.server.base_server:run:153 - ==================================================
2024-11-20 18:05:47.185 | INFO     | src.fed_imp.sub_modules.server.base_server:run:154 - Imputation Round 11
2024-11-20 18:05:47.223 | INFO     | src.fed_imp.sub_modules.server.base_server:run:153 - ==================================================
2024-11-20 18:05:47.223 | INFO     | src.fed_imp.sub_modules.server.base_server:run:154 - Imputation Round 11
2024-11-20 18:05:47.396 | INFO     | src.fed_imp.sub_modules.server.base_server:run:153 - ==================================================
2024-11-20 18:05:47.397 | INFO     | src.fed_imp.sub_modules.server.base_server:run:154 - Imputation Round 11
2024-11-20 18:05:48.279 | INFO     | src.fed_imp.sub_modules.server.base_server:run:153 - ==================================================
2024-11-20 18:05:48.280 | INFO     | src.fed_imp.sub_modules.server.base_server:run:154 - Imputation Round 11
2024-11-20 18:05:49.118 | INFO     | src.fed_imp.sub_modules.server.base_server:run:153 - ==================================================
2024-11-20 18:05:49.118 | INFO     | src.fed_imp.sub_modules.server.base_server:run:154 - Imputation Round 11
2024-11-20 18:05:50.196 | INFO     | src.fed_imp.sub_modules.server.base_server:run:153 - ==================================================
2024-11-20 18:05:50.196 | INFO     | src.fed_imp.sub_modules.server.base_server:run:154 - Imputation Round 11
2024-11-20 18:05:50.514 | INFO     | src.fed_imp.sub_modules.server.base_server:run:153 - ==================================================
2024-11-20 18:05:50.515 | INFO     | src.fed_imp.sub_modules.server.base_server:run:154 - Imputation Round 11
2024-11-20 18:05:51.675 | INFO     | src.fed_imp.sub_modules.server.base_server:run:153 - ==================================================
2024-11-20 18:05:51.675 | INFO     | src.fed_imp.sub_modules.server.base_server:run:154 - Imputation Round 11
2024-11-20 18:05:54.691 | INFO     | src.fed_imp.sub_modules.server.base_server:run:153 - ==================================================
2024-11-20 18:05:54.691 | INFO     | src.fed_imp.sub_modules.server.base_server:run:154 - Imputation Round 11
2024-11-20 18:05:55.469 | INFO     | src.fed_imp.sub_modules.server.base_server:run:153 - ==================================================
2024-11-20 18:05:55.470 | INFO     | src.fed_imp.sub_modules.server.base_server:run:154 - Imputation Round 11
2024-11-20 18:06:01.220 | INFO     | src.fed_imp.sub_modules.server.base_server:run:153 - ==================================================
2024-11-20 18:06:01.221 | INFO     | src.fed_imp.sub_modules.server.base_server:run:154 - Imputation Round 12
2024-11-20 18:06:01.289 | INFO     | src.fed_imp.sub_modules.server.base_server:run:153 - ==================================================
2024-11-20 18:06:01.289 | INFO     | src.fed_imp.sub_modules.server.base_server:run:154 - Imputation Round 12
2024-11-20 18:06:01.403 | INFO     | src.fed_imp.sub_modules.server.base_server:run:153 - ==================================================
2024-11-20 18:06:01.403 | INFO     | src.fed_imp.sub_modules.server.base_server:run:154 - Imputation Round 12
2024-11-20 18:06:02.363 | INFO     | src.fed_imp.sub_modules.server.base_server:run:153 - ==================================================
2024-11-20 18:06:02.363 | INFO     | src.fed_imp.sub_modules.server.base_server:run:154 - Imputation Round 12
2024-11-20 18:06:03.131 | INFO     | src.fed_imp.sub_modules.server.base_server:run:153 - ==================================================
2024-11-20 18:06:03.131 | INFO     | src.fed_imp.sub_modules.server.base_server:run:154 - Imputation Round 12
2024-11-20 18:06:04.294 | INFO     | src.fed_imp.sub_modules.server.base_server:run:153 - ==================================================
2024-11-20 18:06:04.294 | INFO     | src.fed_imp.sub_modules.server.base_server:run:154 - Imputation Round 12
2024-11-20 18:06:04.580 | INFO     | src.fed_imp.sub_modules.server.base_server:run:153 - ==================================================
2024-11-20 18:06:04.581 | INFO     | src.fed_imp.sub_modules.server.base_server:run:154 - Imputation Round 12
2024-11-20 18:06:05.796 | INFO     | src.fed_imp.sub_modules.server.base_server:run:153 - ==================================================
2024-11-20 18:06:05.797 | INFO     | src.fed_imp.sub_modules.server.base_server:run:154 - Imputation Round 12
2024-11-20 18:06:09.086 | INFO     | src.fed_imp.sub_modules.server.base_server:run:153 - ==================================================
2024-11-20 18:06:09.086 | INFO     | src.fed_imp.sub_modules.server.base_server:run:154 - Imputation Round 12
2024-11-20 18:06:09.997 | INFO     | src.fed_imp.sub_modules.server.base_server:run:153 - ==================================================
2024-11-20 18:06:09.997 | INFO     | src.fed_imp.sub_modules.server.base_server:run:154 - Imputation Round 12
2024-11-20 18:06:14.970 | INFO     | src.fed_imp.sub_modules.server.base_server:run:153 - ==================================================
2024-11-20 18:06:14.971 | INFO     | src.fed_imp.sub_modules.server.base_server:run:154 - Imputation Round 13
2024-11-20 18:06:15.065 | INFO     | src.fed_imp.sub_modules.server.base_server:run:153 - ==================================================
2024-11-20 18:06:15.066 | INFO     | src.fed_imp.sub_modules.server.base_server:run:154 - Imputation Round 13
2024-11-20 18:06:15.208 | INFO     | src.fed_imp.sub_modules.server.base_server:run:153 - ==================================================
2024-11-20 18:06:15.208 | INFO     | src.fed_imp.sub_modules.server.base_server:run:154 - Imputation Round 13
2024-11-20 18:06:16.266 | INFO     | src.fed_imp.sub_modules.server.base_server:run:153 - ==================================================
2024-11-20 18:06:16.267 | INFO     | src.fed_imp.sub_modules.server.base_server:run:154 - Imputation Round 13
2024-11-20 18:06:17.143 | INFO     | src.fed_imp.sub_modules.server.base_server:run:153 - ==================================================
2024-11-20 18:06:17.143 | INFO     | src.fed_imp.sub_modules.server.base_server:run:154 - Imputation Round 13
2024-11-20 18:06:18.502 | INFO     | src.fed_imp.sub_modules.server.base_server:run:153 - ==================================================
2024-11-20 18:06:18.503 | INFO     | src.fed_imp.sub_modules.server.base_server:run:154 - Imputation Round 13
2024-11-20 18:06:18.814 | INFO     | src.fed_imp.sub_modules.server.base_server:run:153 - ==================================================
2024-11-20 18:06:18.814 | INFO     | src.fed_imp.sub_modules.server.base_server:run:154 - Imputation Round 13
2024-11-20 18:06:20.156 | INFO     | src.fed_imp.sub_modules.server.base_server:run:153 - ==================================================
2024-11-20 18:06:20.156 | INFO     | src.fed_imp.sub_modules.server.base_server:run:154 - Imputation Round 13
2024-11-20 18:06:23.787 | INFO     | src.fed_imp.sub_modules.server.base_server:run:153 - ==================================================
2024-11-20 18:06:23.787 | INFO     | src.fed_imp.sub_modules.server.base_server:run:154 - Imputation Round 13
2024-11-20 18:06:24.799 | INFO     | src.fed_imp.sub_modules.server.base_server:run:153 - ==================================================
2024-11-20 18:06:24.799 | INFO     | src.fed_imp.sub_modules.server.base_server:run:154 - Imputation Round 13
2024-11-20 18:06:28.907 | INFO     | src.fed_imp.sub_modules.server.base_server:run:153 - ==================================================
2024-11-20 18:06:28.907 | INFO     | src.fed_imp.sub_modules.server.base_server:run:154 - Imputation Round 14
2024-11-20 18:06:29.015 | INFO     | src.fed_imp.sub_modules.server.base_server:run:153 - ==================================================
2024-11-20 18:06:29.015 | INFO     | src.fed_imp.sub_modules.server.base_server:run:154 - Imputation Round 14
2024-11-20 18:06:29.137 | INFO     | src.fed_imp.sub_modules.server.base_server:run:153 - ==================================================
2024-11-20 18:06:29.137 | INFO     | src.fed_imp.sub_modules.server.base_server:run:154 - Imputation Round 14
2024-11-20 18:06:30.267 | INFO     | src.fed_imp.sub_modules.server.base_server:run:153 - ==================================================
2024-11-20 18:06:30.267 | INFO     | src.fed_imp.sub_modules.server.base_server:run:154 - Imputation Round 14
2024-11-20 18:06:31.158 | INFO     | src.fed_imp.sub_modules.server.base_server:run:153 - ==================================================
2024-11-20 18:06:31.158 | INFO     | src.fed_imp.sub_modules.server.base_server:run:154 - Imputation Round 14
2024-11-20 18:06:32.663 | INFO     | src.fed_imp.sub_modules.server.base_server:run:153 - ==================================================
2024-11-20 18:06:32.664 | INFO     | src.fed_imp.sub_modules.server.base_server:run:154 - Imputation Round 14
2024-11-20 18:06:33.092 | INFO     | src.fed_imp.sub_modules.server.base_server:run:153 - ==================================================
2024-11-20 18:06:33.093 | INFO     | src.fed_imp.sub_modules.server.base_server:run:154 - Imputation Round 14
2024-11-20 18:06:34.520 | INFO     | src.fed_imp.sub_modules.server.base_server:run:153 - ==================================================
2024-11-20 18:06:34.520 | INFO     | src.fed_imp.sub_modules.server.base_server:run:154 - Imputation Round 14
2024-11-20 18:06:38.514 | INFO     | src.fed_imp.sub_modules.server.base_server:run:153 - ==================================================
2024-11-20 18:06:38.514 | INFO     | src.fed_imp.sub_modules.server.base_server:run:154 - Imputation Round 14
2024-11-20 18:06:39.547 | INFO     | src.fed_imp.sub_modules.server.base_server:run:153 - ==================================================
2024-11-20 18:06:39.547 | INFO     | src.fed_imp.sub_modules.server.base_server:run:154 - Imputation Round 14
2024-11-20 18:06:42.862 | INFO     | src.fed_imp.sub_modules.server.base_server:run:153 - ==================================================
2024-11-20 18:06:42.863 | INFO     | src.fed_imp.sub_modules.server.base_server:run:154 - Imputation Round 15
2024-11-20 18:06:43.020 | INFO     | src.fed_imp.sub_modules.server.base_server:run:153 - ==================================================
2024-11-20 18:06:43.020 | INFO     | src.fed_imp.sub_modules.server.base_server:run:154 - Imputation Round 15
2024-11-20 18:06:43.100 | INFO     | src.fed_imp.sub_modules.server.base_server:run:153 - ==================================================
2024-11-20 18:06:43.100 | INFO     | src.fed_imp.sub_modules.server.base_server:run:154 - Imputation Round 15
2024-11-20 18:06:44.470 | INFO     | src.fed_imp.sub_modules.server.base_server:run:153 - ==================================================
2024-11-20 18:06:44.470 | INFO     | src.fed_imp.sub_modules.server.base_server:run:154 - Imputation Round 15
2024-11-20 18:06:45.277 | INFO     | src.fed_imp.sub_modules.server.base_server:run:153 - ==================================================
2024-11-20 18:06:45.277 | INFO     | src.fed_imp.sub_modules.server.base_server:run:154 - Imputation Round 15
2024-11-20 18:06:46.952 | INFO     | src.fed_imp.sub_modules.server.base_server:run:153 - ==================================================
2024-11-20 18:06:46.952 | INFO     | src.fed_imp.sub_modules.server.base_server:run:154 - Imputation Round 15
2024-11-20 18:06:47.400 | INFO     | src.fed_imp.sub_modules.server.base_server:run:153 - ==================================================
2024-11-20 18:06:47.400 | INFO     | src.fed_imp.sub_modules.server.base_server:run:154 - Imputation Round 15
2024-11-20 18:06:48.925 | INFO     | src.fed_imp.sub_modules.server.base_server:run:153 - ==================================================
2024-11-20 18:06:48.926 | INFO     | src.fed_imp.sub_modules.server.base_server:run:154 - Imputation Round 15
2024-11-20 18:06:53.170 | INFO     | src.fed_imp.sub_modules.server.base_server:run:153 - ==================================================
2024-11-20 18:06:53.170 | INFO     | src.fed_imp.sub_modules.server.base_server:run:154 - Imputation Round 15
2024-11-20 18:06:54.363 | INFO     | src.fed_imp.sub_modules.server.base_server:run:153 - ==================================================
2024-11-20 18:06:54.364 | INFO     | src.fed_imp.sub_modules.server.base_server:run:154 - Imputation Round 15
2024-11-20 18:06:56.739 | INFO     | src.fed_imp.sub_modules.server.base_server:run:153 - ==================================================
2024-11-20 18:06:56.739 | INFO     | src.fed_imp.sub_modules.server.base_server:run:154 - Imputation Round 16
2024-11-20 18:06:56.920 | INFO     | src.fed_imp.sub_modules.server.base_server:run:153 - ==================================================
2024-11-20 18:06:56.920 | INFO     | src.fed_imp.sub_modules.server.base_server:run:154 - Imputation Round 16
2024-11-20 18:06:57.024 | INFO     | src.fed_imp.sub_modules.server.base_server:run:153 - ==================================================
2024-11-20 18:06:57.025 | INFO     | src.fed_imp.sub_modules.server.base_server:run:154 - Imputation Round 16
2024-11-20 18:06:58.470 | INFO     | src.fed_imp.sub_modules.server.base_server:run:153 - ==================================================
2024-11-20 18:06:58.471 | INFO     | src.fed_imp.sub_modules.server.base_server:run:154 - Imputation Round 16
2024-11-20 18:06:59.302 | INFO     | src.fed_imp.sub_modules.server.base_server:run:153 - ==================================================
2024-11-20 18:06:59.302 | INFO     | src.fed_imp.sub_modules.server.base_server:run:154 - Imputation Round 16
2024-11-20 18:07:01.172 | INFO     | src.fed_imp.sub_modules.server.base_server:run:153 - ==================================================
2024-11-20 18:07:01.172 | INFO     | src.fed_imp.sub_modules.server.base_server:run:154 - Imputation Round 16
2024-11-20 18:07:01.576 | INFO     | src.fed_imp.sub_modules.server.base_server:run:153 - ==================================================
2024-11-20 18:07:01.577 | INFO     | src.fed_imp.sub_modules.server.base_server:run:154 - Imputation Round 16
2024-11-20 18:07:03.233 | INFO     | src.fed_imp.sub_modules.server.base_server:run:153 - ==================================================
2024-11-20 18:07:03.234 | INFO     | src.fed_imp.sub_modules.server.base_server:run:154 - Imputation Round 16
2024-11-20 18:07:07.802 | INFO     | src.fed_imp.sub_modules.server.base_server:run:153 - ==================================================
2024-11-20 18:07:07.802 | INFO     | src.fed_imp.sub_modules.server.base_server:run:154 - Imputation Round 16
2024-11-20 18:07:09.097 | INFO     | src.fed_imp.sub_modules.server.base_server:run:153 - ==================================================
2024-11-20 18:07:09.097 | INFO     | src.fed_imp.sub_modules.server.base_server:run:154 - Imputation Round 16
2024-11-20 18:07:10.619 | INFO     | src.fed_imp.sub_modules.server.base_server:run:153 - ==================================================
2024-11-20 18:07:10.619 | INFO     | src.fed_imp.sub_modules.server.base_server:run:154 - Imputation Round 17
2024-11-20 18:07:10.940 | INFO     | src.fed_imp.sub_modules.server.base_server:run:153 - ==================================================
2024-11-20 18:07:10.941 | INFO     | src.fed_imp.sub_modules.server.base_server:run:154 - Imputation Round 17
2024-11-20 18:07:11.034 | INFO     | src.fed_imp.sub_modules.server.base_server:run:153 - ==================================================
2024-11-20 18:07:11.034 | INFO     | src.fed_imp.sub_modules.server.base_server:run:154 - Imputation Round 17
2024-11-20 18:07:12.612 | INFO     | src.fed_imp.sub_modules.server.base_server:run:153 - ==================================================
2024-11-20 18:07:12.612 | INFO     | src.fed_imp.sub_modules.server.base_server:run:154 - Imputation Round 17
2024-11-20 18:07:13.409 | INFO     | src.fed_imp.sub_modules.server.base_server:run:153 - ==================================================
2024-11-20 18:07:13.409 | INFO     | src.fed_imp.sub_modules.server.base_server:run:154 - Imputation Round 17
2024-11-20 18:07:15.473 | INFO     | src.fed_imp.sub_modules.server.base_server:run:153 - ==================================================
2024-11-20 18:07:15.473 | INFO     | src.fed_imp.sub_modules.server.base_server:run:154 - Imputation Round 17
2024-11-20 18:07:15.857 | INFO     | src.fed_imp.sub_modules.server.base_server:run:153 - ==================================================
2024-11-20 18:07:15.857 | INFO     | src.fed_imp.sub_modules.server.base_server:run:154 - Imputation Round 17
2024-11-20 18:07:17.610 | INFO     | src.fed_imp.sub_modules.server.base_server:run:153 - ==================================================
2024-11-20 18:07:17.611 | INFO     | src.fed_imp.sub_modules.server.base_server:run:154 - Imputation Round 17
2024-11-20 18:07:22.460 | INFO     | src.fed_imp.sub_modules.server.base_server:run:153 - ==================================================
2024-11-20 18:07:22.461 | INFO     | src.fed_imp.sub_modules.server.base_server:run:154 - Imputation Round 17
2024-11-20 18:07:23.918 | INFO     | src.fed_imp.sub_modules.server.base_server:run:153 - ==================================================
2024-11-20 18:07:23.918 | INFO     | src.fed_imp.sub_modules.server.base_server:run:154 - Imputation Round 17
2024-11-20 18:07:24.515 | INFO     | src.fed_imp.sub_modules.server.base_server:run:153 - ==================================================
2024-11-20 18:07:24.515 | INFO     | src.fed_imp.sub_modules.server.base_server:run:154 - Imputation Round 18
2024-11-20 18:07:24.868 | INFO     | src.fed_imp.sub_modules.server.base_server:run:153 - ==================================================
2024-11-20 18:07:24.869 | INFO     | src.fed_imp.sub_modules.server.base_server:run:154 - Imputation Round 18
2024-11-20 18:07:24.980 | INFO     | src.fed_imp.sub_modules.server.base_server:run:153 - ==================================================
2024-11-20 18:07:24.980 | INFO     | src.fed_imp.sub_modules.server.base_server:run:154 - Imputation Round 18
2024-11-20 18:07:26.656 | INFO     | src.fed_imp.sub_modules.server.base_server:run:153 - ==================================================
2024-11-20 18:07:26.656 | INFO     | src.fed_imp.sub_modules.server.base_server:run:154 - Imputation Round 18
2024-11-20 18:07:27.482 | INFO     | src.fed_imp.sub_modules.server.base_server:run:153 - ==================================================
2024-11-20 18:07:27.483 | INFO     | src.fed_imp.sub_modules.server.base_server:run:154 - Imputation Round 18
2024-11-20 18:07:29.735 | INFO     | src.fed_imp.sub_modules.server.base_server:run:153 - ==================================================
2024-11-20 18:07:29.735 | INFO     | src.fed_imp.sub_modules.server.base_server:run:154 - Imputation Round 18
2024-11-20 18:07:30.184 | INFO     | src.fed_imp.sub_modules.server.base_server:run:153 - ==================================================
2024-11-20 18:07:30.184 | INFO     | src.fed_imp.sub_modules.server.base_server:run:154 - Imputation Round 18
2024-11-20 18:07:31.988 | INFO     | src.fed_imp.sub_modules.server.base_server:run:153 - ==================================================
2024-11-20 18:07:31.988 | INFO     | src.fed_imp.sub_modules.server.base_server:run:154 - Imputation Round 18
2024-11-20 18:07:37.155 | INFO     | src.fed_imp.sub_modules.server.base_server:run:153 - ==================================================
2024-11-20 18:07:37.155 | INFO     | src.fed_imp.sub_modules.server.base_server:run:154 - Imputation Round 18
2024-11-20 18:07:38.491 | INFO     | src.fed_imp.sub_modules.server.base_server:run:153 - ==================================================
2024-11-20 18:07:38.491 | INFO     | src.fed_imp.sub_modules.server.base_server:run:154 - Imputation Round 19
2024-11-20 18:07:38.568 | INFO     | src.fed_imp.sub_modules.server.base_server:run:153 - ==================================================
2024-11-20 18:07:38.568 | INFO     | src.fed_imp.sub_modules.server.base_server:run:154 - Imputation Round 18
2024-11-20 18:07:38.864 | INFO     | src.fed_imp.sub_modules.server.base_server:run:153 - ==================================================
2024-11-20 18:07:38.864 | INFO     | src.fed_imp.sub_modules.server.base_server:run:154 - Imputation Round 19
2024-11-20 18:07:38.973 | INFO     | src.fed_imp.sub_modules.server.base_server:run:153 - ==================================================
2024-11-20 18:07:38.973 | INFO     | src.fed_imp.sub_modules.server.base_server:run:154 - Imputation Round 19
2024-11-20 18:07:40.721 | INFO     | src.fed_imp.sub_modules.server.base_server:run:153 - ==================================================
2024-11-20 18:07:40.721 | INFO     | src.fed_imp.sub_modules.server.base_server:run:154 - Imputation Round 19
2024-11-20 18:07:41.577 | INFO     | src.fed_imp.sub_modules.server.base_server:run:153 - ==================================================
2024-11-20 18:07:41.577 | INFO     | src.fed_imp.sub_modules.server.base_server:run:154 - Imputation Round 19
2024-11-20 18:07:43.958 | INFO     | src.fed_imp.sub_modules.server.base_server:run:153 - ==================================================
2024-11-20 18:07:43.958 | INFO     | src.fed_imp.sub_modules.server.base_server:run:154 - Imputation Round 19
2024-11-20 18:07:44.289 | INFO     | src.fed_imp.sub_modules.server.base_server:run:153 - ==================================================
2024-11-20 18:07:44.289 | INFO     | src.fed_imp.sub_modules.server.base_server:run:154 - Imputation Round 19
2024-11-20 18:07:46.267 | INFO     | src.fed_imp.sub_modules.server.base_server:run:153 - ==================================================
2024-11-20 18:07:46.267 | INFO     | src.fed_imp.sub_modules.server.base_server:run:154 - Imputation Round 19
2024-11-20 18:07:51.824 | INFO     | src.fed_imp.sub_modules.server.base_server:run:153 - ==================================================
2024-11-20 18:07:51.824 | INFO     | src.fed_imp.sub_modules.server.base_server:run:154 - Imputation Round 19
2024-11-20 18:07:52.312 | INFO     | src.fed_imp.sub_modules.server.base_server:run:153 - ==================================================
2024-11-20 18:07:52.312 | INFO     | src.fed_imp.sub_modules.server.base_server:run:154 - Imputation Round 20
2024-11-20 18:07:52.733 | INFO     | src.fed_imp.sub_modules.server.base_server:run:153 - ==================================================
2024-11-20 18:07:52.733 | INFO     | src.fed_imp.sub_modules.server.base_server:run:154 - Imputation Round 20
2024-11-20 18:07:52.834 | INFO     | src.fed_imp.sub_modules.server.base_server:run:153 - ==================================================
2024-11-20 18:07:52.834 | INFO     | src.fed_imp.sub_modules.server.base_server:run:154 - Imputation Round 20
2024-11-20 18:07:53.287 | INFO     | src.fed_imp.sub_modules.server.base_server:run:153 - ==================================================
2024-11-20 18:07:53.287 | INFO     | src.fed_imp.sub_modules.server.base_server:run:154 - Imputation Round 19
2024-11-20 18:07:54.696 | INFO     | src.fed_imp.sub_modules.server.base_server:run:153 - ==================================================
2024-11-20 18:07:54.696 | INFO     | src.fed_imp.sub_modules.server.base_server:run:154 - Imputation Round 20
2024-11-20 18:07:55.521 | INFO     | src.fed_imp.sub_modules.server.base_server:run:153 - ==================================================
2024-11-20 18:07:55.522 | INFO     | src.fed_imp.sub_modules.server.base_server:run:154 - Imputation Round 20
2024-11-20 18:07:58.076 | INFO     | src.fed_imp.sub_modules.server.base_server:run:153 - ==================================================
2024-11-20 18:07:58.076 | INFO     | src.fed_imp.sub_modules.server.base_server:run:154 - Imputation Round 20
2024-11-20 18:07:58.422 | INFO     | src.fed_imp.sub_modules.server.base_server:run:153 - ==================================================
2024-11-20 18:07:58.422 | INFO     | src.fed_imp.sub_modules.server.base_server:run:154 - Imputation Round 20
2024-11-20 18:08:00.588 | INFO     | src.fed_imp.sub_modules.server.base_server:run:153 - ==================================================
2024-11-20 18:08:00.588 | INFO     | src.fed_imp.sub_modules.server.base_server:run:154 - Imputation Round 20
2024-11-20 18:08:06.227 | INFO     | src.fed_imp.sub_modules.server.base_server:run:183 - FL finished in 286.83043840993196
2024-11-20 18:08:06.402 | INFO     | src.fed_imp.sub_modules.server.base_server:run:153 - ==================================================
2024-11-20 18:08:06.402 | INFO     | src.fed_imp.sub_modules.server.base_server:run:154 - Imputation Round 20
2024-11-20 18:08:06.700 | INFO     | src.fed_imp.sub_modules.server.base_server:run:183 - FL finished in 287.4059224599041
2024-11-20 18:08:06.748 | INFO     | src.fed_imp.sub_modules.server.base_server:run:183 - FL finished in 287.39287212397903
2024-11-20 18:08:07.927 | INFO     | src.fed_imp.sub_modules.server.base_server:run:153 - ==================================================
2024-11-20 18:08:07.927 | INFO     | src.fed_imp.sub_modules.server.base_server:run:154 - Imputation Round 20
2024-11-20 18:08:08.754 | INFO     | src.fed_imp.sub_modules.server.base_server:run:183 - FL finished in 289.37077830778435
2024-11-20 18:08:09.553 | INFO     | src.fed_imp.sub_modules.server.base_server:run:183 - FL finished in 290.1649897969328
2024-11-20 18:08:12.313 | INFO     | src.fed_imp.sub_modules.server.base_server:run:183 - FL finished in 293.009442190174
2024-11-20 18:08:12.648 | INFO     | src.fed_imp.sub_modules.server.base_server:run:183 - FL finished in 293.35127833485603
2024-11-20 18:08:14.934 | INFO     | src.fed_imp.sub_modules.server.base_server:run:183 - FL finished in 295.529978194274
[Parallel(n_jobs=10)]: Done   2 out of  10 | elapsed:  5.0min remaining: 20.1min
2024-11-20 18:08:21.265 | INFO     | src.fed_imp.sub_modules.server.base_server:run:183 - FL finished in 301.90973309101537
2024-11-20 18:08:22.823 | INFO     | src.fed_imp.sub_modules.server.base_server:run:183 - FL finished in 303.48393188696355
[Parallel(n_jobs=10)]: Done  10 out of  10 | elapsed:  5.3min finished
2024-11-20 18:08:30.531 | INFO     | src.fed_imp.experiment:run_experiment:339 - Summary: fedmechw_new
2024-11-20 18:08:30.810 | INFO     | src.fed_imp.experiment:experiment_result_processing:387 - imp@rmse: avg 0.14623802780007267
2024-11-20 18:08:30.811 | INFO     | src.fed_imp.experiment:experiment_result_processing:387 - imp@w2: avg 0.6545403748855302
2024-11-20 18:08:30.811 | INFO     | src.fed_imp.experiment:experiment_result_processing:387 - imp@sliced_ws: avg 0.0396866759278645
2024-11-20 18:08:30.811 | INFO     | src.fed_imp.experiment:experiment_result_processing:402 - model pred_accu: 0.00000 (0.000) pred_f1: 0.00000 (0.000)
2024-11-20 18:09:44.777 | INFO     | src.fed_imp.experiment:experiment_result_processing:424 - imp@rmse: 0.14624 (0.012) imp@sliced_ws: 0.03969 (0.007) imp@global_ws: 0.02285
2024-11-20 18:09:44.777 | INFO     | src.experiment_management.experiment_manager:run_experiments:67 - Experiment finished in 391.88695335388184
2024-11-20 18:09:45.511 | INFO     | src.experiment_management.experiment_manager:run_experiments:86 - Total time: 392.6204934120178
