Traceback (most recent call last):
  File "/home/sm2370/.conda/envs/impute4fair/lib/python3.11/site-packages/hydra/_internal/utils.py", line 220, in run_and_report
    return func()
           ^^^^^^
  File "/home/sm2370/.conda/envs/impute4fair/lib/python3.11/site-packages/hydra/_internal/utils.py", line 458, in <lambda>
    lambda: hydra.run(
            ^^^^^^^^^^
  File "/home/sm2370/.conda/envs/impute4fair/lib/python3.11/site-packages/hydra/_internal/hydra.py", line 105, in run
    cfg = self.compose_config(
          ^^^^^^^^^^^^^^^^^^^^
  File "/home/sm2370/.conda/envs/impute4fair/lib/python3.11/site-packages/hydra/_internal/hydra.py", line 594, in compose_config
    cfg = self.config_loader.load_configuration(
          ^^^^^^^^^^^^^^^^^^^^^^^^^^^^^^^^^^^^^^
  File "/home/sm2370/.conda/envs/impute4fair/lib/python3.11/site-packages/hydra/_internal/config_loader_impl.py", line 142, in load_configuration
    return self._load_configuration_impl(
           ^^^^^^^^^^^^^^^^^^^^^^^^^^^^^^
  File "/home/sm2370/.conda/envs/impute4fair/lib/python3.11/site-packages/hydra/_internal/config_loader_impl.py", line 253, in _load_configuration_impl
    defaults_list = create_defaults_list(
                    ^^^^^^^^^^^^^^^^^^^^^
  File "/home/sm2370/.conda/envs/impute4fair/lib/python3.11/site-packages/hydra/_internal/defaults_list.py", line 745, in create_defaults_list
    defaults, tree = _create_defaults_list(
                     ^^^^^^^^^^^^^^^^^^^^^^
  File "/home/sm2370/.conda/envs/impute4fair/lib/python3.11/site-packages/hydra/_internal/defaults_list.py", line 715, in _create_defaults_list
    defaults_tree = _create_defaults_tree(
                    ^^^^^^^^^^^^^^^^^^^^^^
  File "/home/sm2370/.conda/envs/impute4fair/lib/python3.11/site-packages/hydra/_internal/defaults_list.py", line 356, in _create_defaults_tree
    ret = _create_defaults_tree_impl(
          ^^^^^^^^^^^^^^^^^^^^^^^^^^^
  File "/home/sm2370/.conda/envs/impute4fair/lib/python3.11/site-packages/hydra/_internal/defaults_list.py", line 457, in _create_defaults_tree_impl
    return _expand_virtual_root(repo, root, overrides, skip_missing)
           ^^^^^^^^^^^^^^^^^^^^^^^^^^^^^^^^^^^^^^^^^^^^^^^^^^^^^^^^^
  File "/home/sm2370/.conda/envs/impute4fair/lib/python3.11/site-packages/hydra/_internal/defaults_list.py", line 280, in _expand_virtual_root
    subtree = _create_defaults_tree_impl(
              ^^^^^^^^^^^^^^^^^^^^^^^^^^^
  File "/home/sm2370/.conda/envs/impute4fair/lib/python3.11/site-packages/hydra/_internal/defaults_list.py", line 573, in _create_defaults_tree_impl
    add_child(children, new_root)
  File "/home/sm2370/.conda/envs/impute4fair/lib/python3.11/site-packages/hydra/_internal/defaults_list.py", line 520, in add_child
    subtree_ = _create_defaults_tree_impl(
               ^^^^^^^^^^^^^^^^^^^^^^^^^^^
  File "/home/sm2370/.conda/envs/impute4fair/lib/python3.11/site-packages/hydra/_internal/defaults_list.py", line 466, in _create_defaults_tree_impl
    update_package_header(repo=repo, node=parent)
  File "/home/sm2370/.conda/envs/impute4fair/lib/python3.11/site-packages/hydra/_internal/defaults_list.py", line 262, in update_package_header
    loaded = repo.load_config(config_path=node.get_config_path())
             ^^^^^^^^^^^^^^^^^^^^^^^^^^^^^^^^^^^^^^^^^^^^^^^^^^^^
  File "/home/sm2370/.conda/envs/impute4fair/lib/python3.11/site-packages/hydra/_internal/config_repository.py", line 348, in load_config
    ret = self.delegate.load_config(config_path=config_path)
          ^^^^^^^^^^^^^^^^^^^^^^^^^^^^^^^^^^^^^^^^^^^^^^^^^^
  File "/home/sm2370/.conda/envs/impute4fair/lib/python3.11/site-packages/hydra/_internal/config_repository.py", line 91, in load_config
    ret = source.load_config(config_path=config_path)
          ^^^^^^^^^^^^^^^^^^^^^^^^^^^^^^^^^^^^^^^^^^^
  File "/home/sm2370/.conda/envs/impute4fair/lib/python3.11/site-packages/hydra/_internal/core_plugins/file_config_source.py", line 31, in load_config
    cfg = OmegaConf.load(f)
          ^^^^^^^^^^^^^^^^^
  File "/home/sm2370/.conda/envs/impute4fair/lib/python3.11/site-packages/omegaconf/omegaconf.py", line 192, in load
    obj = yaml.load(file_, Loader=get_yaml_loader())
          ^^^^^^^^^^^^^^^^^^^^^^^^^^^^^^^^^^^^^^^^^^
  File "/home/sm2370/.conda/envs/impute4fair/lib/python3.11/site-packages/yaml/__init__.py", line 81, in load
    return loader.get_single_data()
           ^^^^^^^^^^^^^^^^^^^^^^^^
  File "/home/sm2370/.conda/envs/impute4fair/lib/python3.11/site-packages/yaml/constructor.py", line 49, in get_single_data
    node = self.get_single_node()
           ^^^^^^^^^^^^^^^^^^^^^^
  File "/home/sm2370/.conda/envs/impute4fair/lib/python3.11/site-packages/yaml/composer.py", line 39, in get_single_node
    if not self.check_event(StreamEndEvent):
           ^^^^^^^^^^^^^^^^^^^^^^^^^^^^^^^^
  File "/home/sm2370/.conda/envs/impute4fair/lib/python3.11/site-packages/yaml/parser.py", line 98, in check_event
    self.current_event = self.state()
                         ^^^^^^^^^^^^
  File "/home/sm2370/.conda/envs/impute4fair/lib/python3.11/site-packages/yaml/parser.py", line 171, in parse_document_start
    raise ParserError(None, None,
yaml.parser.ParserError: expected '<document start>', but found '<block sequence start>'
  in "/cache/home/sm2370/Research/federated_imputation/conf/config_vars/imp_extention2/eicumo_exp23.yaml", line 4, column 3
srun: error: hal0315: task 0: Exited with exit code 1
