2024-11-05 08:31:30.703 | INFO     | src.experiment_management.experiment_manager:set_experiment:22 - Experiment name: fed_imp
2024-11-05 08:31:30.705 | INFO     | src.experiment_management.experiment_manager:run_experiments:45 - Running 1 experiments
2024-11-05 08:31:30.705 | INFO     | src.experiment_management.experiment_manager:run_experiments:51 - Experiment - 0
2024-11-05 08:31:30.705 | INFO     | src.experiment_management.experiment_manager:run_experiments:52 - Experiment - ['dn', 'nc', 'dp', 'ms', 'mct', 'st', 'as', 's', 's', 'p', 'm', 'nr', 'n', 'ts']
2024-11-05 08:31:30.705 | INFO     | src.experiment_management.experiment_manager:run_experiments:53 - Experiment - ('hhp_los_np1', 0, 'natural', 'random2@mrl=0.3_mrr=0.7_mm=mnarlrsigst', 'allk0.25_sphere', 'fedavg_pytorch', 'fedavg-s', 102931466, 50, False, False, 1, 1, 0.1)
2024-11-05 08:31:31.224 | INFO     | src.fed_imp.experiment:main_func:31 - Round 0
2024-11-05 08:32:03.617 | INFO     | src.fed_imp.sub_modules.server.base_server:run:153 - ==================================================
2024-11-05 08:32:03.618 | INFO     | src.fed_imp.sub_modules.server.base_server:run:154 - Imputation Round 1
2024-11-05 08:33:08.982 | INFO     | src.fed_imp.sub_modules.server.base_server:run:153 - ==================================================
2024-11-05 08:33:08.983 | INFO     | src.fed_imp.sub_modules.server.base_server:run:154 - Imputation Round 2
2024-11-05 08:34:12.171 | INFO     | src.fed_imp.sub_modules.server.base_server:run:153 - ==================================================
2024-11-05 08:34:12.172 | INFO     | src.fed_imp.sub_modules.server.base_server:run:154 - Imputation Round 3
2024-11-05 08:35:15.107 | INFO     | src.fed_imp.sub_modules.server.base_server:run:153 - ==================================================
2024-11-05 08:35:15.108 | INFO     | src.fed_imp.sub_modules.server.base_server:run:154 - Imputation Round 4
2024-11-05 08:36:18.352 | INFO     | src.fed_imp.sub_modules.server.base_server:run:153 - ==================================================
2024-11-05 08:36:18.352 | INFO     | src.fed_imp.sub_modules.server.base_server:run:154 - Imputation Round 5
2024-11-05 08:37:22.033 | INFO     | src.fed_imp.sub_modules.server.base_server:run:153 - ==================================================
2024-11-05 08:37:22.033 | INFO     | src.fed_imp.sub_modules.server.base_server:run:154 - Imputation Round 6
2024-11-05 08:38:25.575 | INFO     | src.fed_imp.sub_modules.server.base_server:run:153 - ==================================================
2024-11-05 08:38:25.576 | INFO     | src.fed_imp.sub_modules.server.base_server:run:154 - Imputation Round 7
2024-11-05 08:39:29.539 | INFO     | src.fed_imp.sub_modules.server.base_server:run:153 - ==================================================
2024-11-05 08:39:29.540 | INFO     | src.fed_imp.sub_modules.server.base_server:run:154 - Imputation Round 8
2024-11-05 08:40:32.437 | INFO     | src.fed_imp.sub_modules.server.base_server:run:153 - ==================================================
2024-11-05 08:40:32.437 | INFO     | src.fed_imp.sub_modules.server.base_server:run:154 - Imputation Round 9
2024-11-05 08:41:36.530 | INFO     | src.fed_imp.sub_modules.server.base_server:run:153 - ==================================================
2024-11-05 08:41:36.530 | INFO     | src.fed_imp.sub_modules.server.base_server:run:154 - Imputation Round 10
2024-11-05 08:42:40.115 | INFO     | src.fed_imp.sub_modules.server.base_server:run:153 - ==================================================
2024-11-05 08:42:40.115 | INFO     | src.fed_imp.sub_modules.server.base_server:run:154 - Imputation Round 11
2024-11-05 08:43:43.835 | INFO     | src.fed_imp.sub_modules.server.base_server:run:153 - ==================================================
2024-11-05 08:43:43.836 | INFO     | src.fed_imp.sub_modules.server.base_server:run:154 - Imputation Round 12
2024-11-05 08:44:47.536 | INFO     | src.fed_imp.sub_modules.server.base_server:run:153 - ==================================================
2024-11-05 08:44:47.536 | INFO     | src.fed_imp.sub_modules.server.base_server:run:154 - Imputation Round 13
2024-11-05 08:45:51.235 | INFO     | src.fed_imp.sub_modules.server.base_server:run:153 - ==================================================
2024-11-05 08:45:51.235 | INFO     | src.fed_imp.sub_modules.server.base_server:run:154 - Imputation Round 14
2024-11-05 08:46:55.393 | INFO     | src.fed_imp.sub_modules.server.base_server:run:153 - ==================================================
2024-11-05 08:46:55.393 | INFO     | src.fed_imp.sub_modules.server.base_server:run:154 - Imputation Round 15
2024-11-05 08:47:58.785 | INFO     | src.fed_imp.sub_modules.server.base_server:run:153 - ==================================================
2024-11-05 08:47:58.785 | INFO     | src.fed_imp.sub_modules.server.base_server:run:154 - Imputation Round 16
2024-11-05 08:49:02.466 | INFO     | src.fed_imp.sub_modules.server.base_server:run:153 - ==================================================
2024-11-05 08:49:02.466 | INFO     | src.fed_imp.sub_modules.server.base_server:run:154 - Imputation Round 17
2024-11-05 08:50:06.696 | INFO     | src.fed_imp.sub_modules.server.base_server:run:153 - ==================================================
2024-11-05 08:50:06.696 | INFO     | src.fed_imp.sub_modules.server.base_server:run:154 - Imputation Round 18
2024-11-05 08:51:10.449 | INFO     | src.fed_imp.sub_modules.server.base_server:run:153 - ==================================================
2024-11-05 08:51:10.449 | INFO     | src.fed_imp.sub_modules.server.base_server:run:154 - Imputation Round 19
2024-11-05 08:52:13.987 | INFO     | src.fed_imp.sub_modules.server.base_server:run:153 - ==================================================
2024-11-05 08:52:13.987 | INFO     | src.fed_imp.sub_modules.server.base_server:run:154 - Imputation Round 20
2024-11-05 08:53:17.813 | INFO     | src.fed_imp.sub_modules.server.base_server:run:183 - FL finished in 1300.2309039391112
2024-11-05 08:53:49.445 | INFO     | src.fed_imp.experiment:run_experiment:318 - Summary: fedavg-s
2024-11-05 08:53:49.728 | INFO     | src.fed_imp.experiment:experiment_result_processing:366 - imp@rmse: avg 0.18277023576125406
2024-11-05 08:53:49.728 | INFO     | src.fed_imp.experiment:experiment_result_processing:366 - imp@w2: avg 1.442605902938443
2024-11-05 08:53:49.728 | INFO     | src.fed_imp.experiment:experiment_result_processing:366 - imp@sliced_ws: avg 0.07385827283601562
2024-11-05 08:53:49.729 | INFO     | src.fed_imp.experiment:experiment_result_processing:381 - model pred_accu: 0.00000 (0.000) pred_f1: 0.00000 (0.000)
2024-11-05 08:54:21.774 | INFO     | src.fed_imp.experiment:experiment_result_processing:403 - imp@rmse: 0.18277 (0.000) imp@sliced_ws: 0.07386 (0.000) imp@global_ws: 0.05453
2024-11-05 08:54:21.775 | INFO     | src.experiment_management.experiment_manager:run_experiments:67 - Experiment finished in 1371.069507598877
2024-11-05 08:54:21.874 | INFO     | src.experiment_management.experiment_manager:run_experiments:86 - Total time: 1371.1692111492157
