2024-11-19 02:36:35.089 | INFO     | src.experiment_management.experiment_manager:set_experiment:22 - Experiment name: fed_imp
2024-11-19 02:36:35.091 | INFO     | src.experiment_management.experiment_manager:run_experiments:45 - Running 1 experiments
2024-11-19 02:36:35.091 | INFO     | src.experiment_management.experiment_manager:run_experiments:51 - Experiment - 0
2024-11-19 02:36:35.091 | INFO     | src.experiment_management.experiment_manager:run_experiments:52 - Experiment - ['dn', 'nc', 'dp', 'ms', 'mct', 'st', 'as', 's', 's', 'p', 'nr', 'n', 'ts']
2024-11-19 02:36:35.091 | INFO     | src.experiment_management.experiment_manager:run_experiments:53 - Experiment - ('eicu_mo_np4', 0, 'natural', 'random2@mrl=0.3_mrr=0.7_mm=mnarlrsigst', 'allk0.25_sphere', 'fedavg_pytorch', 'fedmechw_new', 102931466, 50, False, 10, 10, 0.1)
[Parallel(n_jobs=10)]: Using backend LokyBackend with 10 concurrent workers.
2024-11-19 02:36:38.599 | INFO     | src.fed_imp.experiment:main_func:31 - Round 3
2024-11-19 02:36:38.599 | INFO     | src.fed_imp.experiment:main_func:31 - Round 0
2024-11-19 02:36:38.605 | INFO     | src.fed_imp.experiment:main_func:31 - Round 5
2024-11-19 02:36:38.605 | INFO     | src.fed_imp.experiment:main_func:31 - Round 2
2024-11-19 02:36:38.634 | INFO     | src.fed_imp.experiment:main_func:31 - Round 1
2024-11-19 02:36:38.637 | INFO     | src.fed_imp.experiment:main_func:31 - Round 4
2024-11-19 02:36:38.646 | INFO     | src.fed_imp.experiment:main_func:31 - Round 7
2024-11-19 02:36:38.694 | INFO     | src.fed_imp.experiment:main_func:31 - Round 6
2024-11-19 02:36:38.694 | INFO     | src.fed_imp.experiment:main_func:31 - Round 8
2024-11-19 02:36:38.779 | INFO     | src.fed_imp.experiment:main_func:31 - Round 9
2024-11-19 02:36:42.961 | INFO     | src.fed_imp.sub_modules.server.base_server:run:153 - ==================================================
2024-11-19 02:36:42.961 | INFO     | src.fed_imp.sub_modules.server.base_server:run:154 - Imputation Round 1
2024-11-19 02:36:42.994 | INFO     | src.fed_imp.sub_modules.server.base_server:run:153 - ==================================================
2024-11-19 02:36:42.994 | INFO     | src.fed_imp.sub_modules.server.base_server:run:154 - Imputation Round 1
2024-11-19 02:36:42.997 | INFO     | src.fed_imp.sub_modules.server.base_server:run:153 - ==================================================
2024-11-19 02:36:42.997 | INFO     | src.fed_imp.sub_modules.server.base_server:run:154 - Imputation Round 1
2024-11-19 02:36:43.023 | INFO     | src.fed_imp.sub_modules.server.base_server:run:153 - ==================================================
2024-11-19 02:36:43.023 | INFO     | src.fed_imp.sub_modules.server.base_server:run:154 - Imputation Round 1
2024-11-19 02:36:43.028 | INFO     | src.fed_imp.sub_modules.server.base_server:run:153 - ==================================================
2024-11-19 02:36:43.029 | INFO     | src.fed_imp.sub_modules.server.base_server:run:154 - Imputation Round 1
2024-11-19 02:36:43.037 | INFO     | src.fed_imp.sub_modules.server.base_server:run:153 - ==================================================
2024-11-19 02:36:43.037 | INFO     | src.fed_imp.sub_modules.server.base_server:run:154 - Imputation Round 1
2024-11-19 02:36:43.043 | INFO     | src.fed_imp.sub_modules.server.base_server:run:153 - ==================================================
2024-11-19 02:36:43.043 | INFO     | src.fed_imp.sub_modules.server.base_server:run:154 - Imputation Round 1
2024-11-19 02:36:43.082 | INFO     | src.fed_imp.sub_modules.server.base_server:run:153 - ==================================================
2024-11-19 02:36:43.083 | INFO     | src.fed_imp.sub_modules.server.base_server:run:154 - Imputation Round 1
2024-11-19 02:36:43.090 | INFO     | src.fed_imp.sub_modules.server.base_server:run:153 - ==================================================
2024-11-19 02:36:43.091 | INFO     | src.fed_imp.sub_modules.server.base_server:run:154 - Imputation Round 1
2024-11-19 02:36:43.240 | INFO     | src.fed_imp.sub_modules.server.base_server:run:153 - ==================================================
2024-11-19 02:36:43.241 | INFO     | src.fed_imp.sub_modules.server.base_server:run:154 - Imputation Round 1
2024-11-19 02:36:50.586 | INFO     | src.fed_imp.sub_modules.server.base_server:run:153 - ==================================================
2024-11-19 02:36:50.587 | INFO     | src.fed_imp.sub_modules.server.base_server:run:154 - Imputation Round 2
2024-11-19 02:36:50.631 | INFO     | src.fed_imp.sub_modules.server.base_server:run:153 - ==================================================
2024-11-19 02:36:50.631 | INFO     | src.fed_imp.sub_modules.server.base_server:run:154 - Imputation Round 2
2024-11-19 02:36:50.728 | INFO     | src.fed_imp.sub_modules.server.base_server:run:153 - ==================================================
2024-11-19 02:36:50.728 | INFO     | src.fed_imp.sub_modules.server.base_server:run:154 - Imputation Round 2
2024-11-19 02:36:50.768 | INFO     | src.fed_imp.sub_modules.server.base_server:run:153 - ==================================================
2024-11-19 02:36:50.769 | INFO     | src.fed_imp.sub_modules.server.base_server:run:154 - Imputation Round 2
2024-11-19 02:36:50.788 | INFO     | src.fed_imp.sub_modules.server.base_server:run:153 - ==================================================
2024-11-19 02:36:50.789 | INFO     | src.fed_imp.sub_modules.server.base_server:run:154 - Imputation Round 2
2024-11-19 02:36:50.840 | INFO     | src.fed_imp.sub_modules.server.base_server:run:153 - ==================================================
2024-11-19 02:36:50.840 | INFO     | src.fed_imp.sub_modules.server.base_server:run:154 - Imputation Round 2
2024-11-19 02:36:50.841 | INFO     | src.fed_imp.sub_modules.server.base_server:run:153 - ==================================================
2024-11-19 02:36:50.842 | INFO     | src.fed_imp.sub_modules.server.base_server:run:154 - Imputation Round 2
2024-11-19 02:36:50.855 | INFO     | src.fed_imp.sub_modules.server.base_server:run:153 - ==================================================
2024-11-19 02:36:50.855 | INFO     | src.fed_imp.sub_modules.server.base_server:run:154 - Imputation Round 2
2024-11-19 02:36:50.864 | INFO     | src.fed_imp.sub_modules.server.base_server:run:153 - ==================================================
2024-11-19 02:36:50.865 | INFO     | src.fed_imp.sub_modules.server.base_server:run:154 - Imputation Round 2
2024-11-19 02:36:51.178 | INFO     | src.fed_imp.sub_modules.server.base_server:run:153 - ==================================================
2024-11-19 02:36:51.179 | INFO     | src.fed_imp.sub_modules.server.base_server:run:154 - Imputation Round 2
2024-11-19 02:36:58.497 | INFO     | src.fed_imp.sub_modules.server.base_server:run:153 - ==================================================
2024-11-19 02:36:58.497 | INFO     | src.fed_imp.sub_modules.server.base_server:run:154 - Imputation Round 3
2024-11-19 02:36:58.566 | INFO     | src.fed_imp.sub_modules.server.base_server:run:153 - ==================================================
2024-11-19 02:36:58.566 | INFO     | src.fed_imp.sub_modules.server.base_server:run:154 - Imputation Round 3
2024-11-19 02:36:58.678 | INFO     | src.fed_imp.sub_modules.server.base_server:run:153 - ==================================================
2024-11-19 02:36:58.678 | INFO     | src.fed_imp.sub_modules.server.base_server:run:154 - Imputation Round 3
2024-11-19 02:36:58.803 | INFO     | src.fed_imp.sub_modules.server.base_server:run:153 - ==================================================
2024-11-19 02:36:58.804 | INFO     | src.fed_imp.sub_modules.server.base_server:run:154 - Imputation Round 3
2024-11-19 02:36:58.808 | INFO     | src.fed_imp.sub_modules.server.base_server:run:153 - ==================================================
2024-11-19 02:36:58.808 | INFO     | src.fed_imp.sub_modules.server.base_server:run:154 - Imputation Round 3
2024-11-19 02:36:58.822 | INFO     | src.fed_imp.sub_modules.server.base_server:run:153 - ==================================================
2024-11-19 02:36:58.822 | INFO     | src.fed_imp.sub_modules.server.base_server:run:154 - Imputation Round 3
2024-11-19 02:36:58.828 | INFO     | src.fed_imp.sub_modules.server.base_server:run:153 - ==================================================
2024-11-19 02:36:58.828 | INFO     | src.fed_imp.sub_modules.server.base_server:run:154 - Imputation Round 3
2024-11-19 02:36:58.956 | INFO     | src.fed_imp.sub_modules.server.base_server:run:153 - ==================================================
2024-11-19 02:36:58.956 | INFO     | src.fed_imp.sub_modules.server.base_server:run:154 - Imputation Round 3
2024-11-19 02:36:58.957 | INFO     | src.fed_imp.sub_modules.server.base_server:run:153 - ==================================================
2024-11-19 02:36:58.957 | INFO     | src.fed_imp.sub_modules.server.base_server:run:154 - Imputation Round 3
2024-11-19 02:36:59.390 | INFO     | src.fed_imp.sub_modules.server.base_server:run:153 - ==================================================
2024-11-19 02:36:59.390 | INFO     | src.fed_imp.sub_modules.server.base_server:run:154 - Imputation Round 3
2024-11-19 02:37:06.389 | INFO     | src.fed_imp.sub_modules.server.base_server:run:153 - ==================================================
2024-11-19 02:37:06.389 | INFO     | src.fed_imp.sub_modules.server.base_server:run:154 - Imputation Round 4
2024-11-19 02:37:06.616 | INFO     | src.fed_imp.sub_modules.server.base_server:run:153 - ==================================================
2024-11-19 02:37:06.616 | INFO     | src.fed_imp.sub_modules.server.base_server:run:154 - Imputation Round 4
2024-11-19 02:37:06.643 | INFO     | src.fed_imp.sub_modules.server.base_server:run:153 - ==================================================
2024-11-19 02:37:06.643 | INFO     | src.fed_imp.sub_modules.server.base_server:run:154 - Imputation Round 4
2024-11-19 02:37:06.797 | INFO     | src.fed_imp.sub_modules.server.base_server:run:153 - ==================================================
2024-11-19 02:37:06.797 | INFO     | src.fed_imp.sub_modules.server.base_server:run:154 - Imputation Round 4
2024-11-19 02:37:06.820 | INFO     | src.fed_imp.sub_modules.server.base_server:run:153 - ==================================================
2024-11-19 02:37:06.821 | INFO     | src.fed_imp.sub_modules.server.base_server:run:154 - Imputation Round 4
2024-11-19 02:37:06.848 | INFO     | src.fed_imp.sub_modules.server.base_server:run:153 - ==================================================
2024-11-19 02:37:06.848 | INFO     | src.fed_imp.sub_modules.server.base_server:run:154 - Imputation Round 4
2024-11-19 02:37:06.943 | INFO     | src.fed_imp.sub_modules.server.base_server:run:153 - ==================================================
2024-11-19 02:37:06.944 | INFO     | src.fed_imp.sub_modules.server.base_server:run:154 - Imputation Round 4
2024-11-19 02:37:07.070 | INFO     | src.fed_imp.sub_modules.server.base_server:run:153 - ==================================================
2024-11-19 02:37:07.070 | INFO     | src.fed_imp.sub_modules.server.base_server:run:154 - Imputation Round 4
2024-11-19 02:37:07.095 | INFO     | src.fed_imp.sub_modules.server.base_server:run:153 - ==================================================
2024-11-19 02:37:07.095 | INFO     | src.fed_imp.sub_modules.server.base_server:run:154 - Imputation Round 4
2024-11-19 02:37:07.640 | INFO     | src.fed_imp.sub_modules.server.base_server:run:153 - ==================================================
2024-11-19 02:37:07.641 | INFO     | src.fed_imp.sub_modules.server.base_server:run:154 - Imputation Round 4
2024-11-19 02:37:14.250 | INFO     | src.fed_imp.sub_modules.server.base_server:run:153 - ==================================================
2024-11-19 02:37:14.250 | INFO     | src.fed_imp.sub_modules.server.base_server:run:154 - Imputation Round 5
2024-11-19 02:37:14.604 | INFO     | src.fed_imp.sub_modules.server.base_server:run:153 - ==================================================
2024-11-19 02:37:14.604 | INFO     | src.fed_imp.sub_modules.server.base_server:run:154 - Imputation Round 5
2024-11-19 02:37:14.610 | INFO     | src.fed_imp.sub_modules.server.base_server:run:153 - ==================================================
2024-11-19 02:37:14.611 | INFO     | src.fed_imp.sub_modules.server.base_server:run:154 - Imputation Round 5
2024-11-19 02:37:14.788 | INFO     | src.fed_imp.sub_modules.server.base_server:run:153 - ==================================================
2024-11-19 02:37:14.789 | INFO     | src.fed_imp.sub_modules.server.base_server:run:154 - Imputation Round 5
2024-11-19 02:37:14.802 | INFO     | src.fed_imp.sub_modules.server.base_server:run:153 - ==================================================
2024-11-19 02:37:14.802 | INFO     | src.fed_imp.sub_modules.server.base_server:run:154 - Imputation Round 5
2024-11-19 02:37:14.803 | INFO     | src.fed_imp.sub_modules.server.base_server:run:153 - ==================================================
2024-11-19 02:37:14.803 | INFO     | src.fed_imp.sub_modules.server.base_server:run:154 - Imputation Round 5
2024-11-19 02:37:14.997 | INFO     | src.fed_imp.sub_modules.server.base_server:run:153 - ==================================================
2024-11-19 02:37:14.998 | INFO     | src.fed_imp.sub_modules.server.base_server:run:154 - Imputation Round 5
2024-11-19 02:37:15.150 | INFO     | src.fed_imp.sub_modules.server.base_server:run:153 - ==================================================
2024-11-19 02:37:15.150 | INFO     | src.fed_imp.sub_modules.server.base_server:run:154 - Imputation Round 5
2024-11-19 02:37:15.193 | INFO     | src.fed_imp.sub_modules.server.base_server:run:153 - ==================================================
2024-11-19 02:37:15.193 | INFO     | src.fed_imp.sub_modules.server.base_server:run:154 - Imputation Round 5
2024-11-19 02:37:15.876 | INFO     | src.fed_imp.sub_modules.server.base_server:run:153 - ==================================================
2024-11-19 02:37:15.877 | INFO     | src.fed_imp.sub_modules.server.base_server:run:154 - Imputation Round 5
2024-11-19 02:37:22.167 | INFO     | src.fed_imp.sub_modules.server.base_server:run:153 - ==================================================
2024-11-19 02:37:22.167 | INFO     | src.fed_imp.sub_modules.server.base_server:run:154 - Imputation Round 6
2024-11-19 02:37:22.585 | INFO     | src.fed_imp.sub_modules.server.base_server:run:153 - ==================================================
2024-11-19 02:37:22.585 | INFO     | src.fed_imp.sub_modules.server.base_server:run:154 - Imputation Round 6
2024-11-19 02:37:22.690 | INFO     | src.fed_imp.sub_modules.server.base_server:run:153 - ==================================================
2024-11-19 02:37:22.690 | INFO     | src.fed_imp.sub_modules.server.base_server:run:154 - Imputation Round 6
2024-11-19 02:37:22.801 | INFO     | src.fed_imp.sub_modules.server.base_server:run:153 - ==================================================
2024-11-19 02:37:22.801 | INFO     | src.fed_imp.sub_modules.server.base_server:run:154 - Imputation Round 6
2024-11-19 02:37:22.818 | INFO     | src.fed_imp.sub_modules.server.base_server:run:153 - ==================================================
2024-11-19 02:37:22.818 | INFO     | src.fed_imp.sub_modules.server.base_server:run:154 - Imputation Round 6
2024-11-19 02:37:22.853 | INFO     | src.fed_imp.sub_modules.server.base_server:run:153 - ==================================================
2024-11-19 02:37:22.853 | INFO     | src.fed_imp.sub_modules.server.base_server:run:154 - Imputation Round 6
2024-11-19 02:37:23.136 | INFO     | src.fed_imp.sub_modules.server.base_server:run:153 - ==================================================
2024-11-19 02:37:23.137 | INFO     | src.fed_imp.sub_modules.server.base_server:run:154 - Imputation Round 6
2024-11-19 02:37:23.305 | INFO     | src.fed_imp.sub_modules.server.base_server:run:153 - ==================================================
2024-11-19 02:37:23.306 | INFO     | src.fed_imp.sub_modules.server.base_server:run:154 - Imputation Round 6
2024-11-19 02:37:23.338 | INFO     | src.fed_imp.sub_modules.server.base_server:run:153 - ==================================================
2024-11-19 02:37:23.338 | INFO     | src.fed_imp.sub_modules.server.base_server:run:154 - Imputation Round 6
2024-11-19 02:37:24.164 | INFO     | src.fed_imp.sub_modules.server.base_server:run:153 - ==================================================
2024-11-19 02:37:24.164 | INFO     | src.fed_imp.sub_modules.server.base_server:run:154 - Imputation Round 6
2024-11-19 02:37:30.026 | INFO     | src.fed_imp.sub_modules.server.base_server:run:153 - ==================================================
2024-11-19 02:37:30.027 | INFO     | src.fed_imp.sub_modules.server.base_server:run:154 - Imputation Round 7
2024-11-19 02:37:30.532 | INFO     | src.fed_imp.sub_modules.server.base_server:run:153 - ==================================================
2024-11-19 02:37:30.532 | INFO     | src.fed_imp.sub_modules.server.base_server:run:154 - Imputation Round 7
2024-11-19 02:37:30.700 | INFO     | src.fed_imp.sub_modules.server.base_server:run:153 - ==================================================
2024-11-19 02:37:30.701 | INFO     | src.fed_imp.sub_modules.server.base_server:run:154 - Imputation Round 7
2024-11-19 02:37:30.818 | INFO     | src.fed_imp.sub_modules.server.base_server:run:153 - ==================================================
2024-11-19 02:37:30.818 | INFO     | src.fed_imp.sub_modules.server.base_server:run:154 - Imputation Round 7
2024-11-19 02:37:30.822 | INFO     | src.fed_imp.sub_modules.server.base_server:run:153 - ==================================================
2024-11-19 02:37:30.822 | INFO     | src.fed_imp.sub_modules.server.base_server:run:154 - Imputation Round 7
2024-11-19 02:37:30.824 | INFO     | src.fed_imp.sub_modules.server.base_server:run:153 - ==================================================
2024-11-19 02:37:30.824 | INFO     | src.fed_imp.sub_modules.server.base_server:run:154 - Imputation Round 7
2024-11-19 02:37:31.196 | INFO     | src.fed_imp.sub_modules.server.base_server:run:153 - ==================================================
2024-11-19 02:37:31.196 | INFO     | src.fed_imp.sub_modules.server.base_server:run:154 - Imputation Round 7
2024-11-19 02:37:31.441 | INFO     | src.fed_imp.sub_modules.server.base_server:run:153 - ==================================================
2024-11-19 02:37:31.441 | INFO     | src.fed_imp.sub_modules.server.base_server:run:154 - Imputation Round 7
2024-11-19 02:37:31.470 | INFO     | src.fed_imp.sub_modules.server.base_server:run:153 - ==================================================
2024-11-19 02:37:31.470 | INFO     | src.fed_imp.sub_modules.server.base_server:run:154 - Imputation Round 7
2024-11-19 02:37:32.384 | INFO     | src.fed_imp.sub_modules.server.base_server:run:153 - ==================================================
2024-11-19 02:37:32.384 | INFO     | src.fed_imp.sub_modules.server.base_server:run:154 - Imputation Round 7
2024-11-19 02:37:37.959 | INFO     | src.fed_imp.sub_modules.server.base_server:run:153 - ==================================================
2024-11-19 02:37:37.959 | INFO     | src.fed_imp.sub_modules.server.base_server:run:154 - Imputation Round 8
2024-11-19 02:37:38.508 | INFO     | src.fed_imp.sub_modules.server.base_server:run:153 - ==================================================
2024-11-19 02:37:38.509 | INFO     | src.fed_imp.sub_modules.server.base_server:run:154 - Imputation Round 8
2024-11-19 02:37:38.755 | INFO     | src.fed_imp.sub_modules.server.base_server:run:153 - ==================================================
2024-11-19 02:37:38.755 | INFO     | src.fed_imp.sub_modules.server.base_server:run:154 - Imputation Round 8
2024-11-19 02:37:38.846 | INFO     | src.fed_imp.sub_modules.server.base_server:run:153 - ==================================================
2024-11-19 02:37:38.847 | INFO     | src.fed_imp.sub_modules.server.base_server:run:154 - Imputation Round 8
2024-11-19 02:37:38.873 | INFO     | src.fed_imp.sub_modules.server.base_server:run:153 - ==================================================
2024-11-19 02:37:38.873 | INFO     | src.fed_imp.sub_modules.server.base_server:run:154 - Imputation Round 8
2024-11-19 02:37:38.882 | INFO     | src.fed_imp.sub_modules.server.base_server:run:153 - ==================================================
2024-11-19 02:37:38.882 | INFO     | src.fed_imp.sub_modules.server.base_server:run:154 - Imputation Round 8
2024-11-19 02:37:39.354 | INFO     | src.fed_imp.sub_modules.server.base_server:run:153 - ==================================================
2024-11-19 02:37:39.354 | INFO     | src.fed_imp.sub_modules.server.base_server:run:154 - Imputation Round 8
2024-11-19 02:37:39.608 | INFO     | src.fed_imp.sub_modules.server.base_server:run:153 - ==================================================
2024-11-19 02:37:39.608 | INFO     | src.fed_imp.sub_modules.server.base_server:run:154 - Imputation Round 8
2024-11-19 02:37:39.627 | INFO     | src.fed_imp.sub_modules.server.base_server:run:153 - ==================================================
2024-11-19 02:37:39.627 | INFO     | src.fed_imp.sub_modules.server.base_server:run:154 - Imputation Round 8
2024-11-19 02:37:40.631 | INFO     | src.fed_imp.sub_modules.server.base_server:run:153 - ==================================================
2024-11-19 02:37:40.631 | INFO     | src.fed_imp.sub_modules.server.base_server:run:154 - Imputation Round 8
2024-11-19 02:37:45.840 | INFO     | src.fed_imp.sub_modules.server.base_server:run:153 - ==================================================
2024-11-19 02:37:45.840 | INFO     | src.fed_imp.sub_modules.server.base_server:run:154 - Imputation Round 9
2024-11-19 02:37:46.436 | INFO     | src.fed_imp.sub_modules.server.base_server:run:153 - ==================================================
2024-11-19 02:37:46.437 | INFO     | src.fed_imp.sub_modules.server.base_server:run:154 - Imputation Round 9
2024-11-19 02:37:46.767 | INFO     | src.fed_imp.sub_modules.server.base_server:run:153 - ==================================================
2024-11-19 02:37:46.767 | INFO     | src.fed_imp.sub_modules.server.base_server:run:154 - Imputation Round 9
2024-11-19 02:37:46.804 | INFO     | src.fed_imp.sub_modules.server.base_server:run:153 - ==================================================
2024-11-19 02:37:46.804 | INFO     | src.fed_imp.sub_modules.server.base_server:run:154 - Imputation Round 9
2024-11-19 02:37:46.816 | INFO     | src.fed_imp.sub_modules.server.base_server:run:153 - ==================================================
2024-11-19 02:37:46.817 | INFO     | src.fed_imp.sub_modules.server.base_server:run:154 - Imputation Round 9
2024-11-19 02:37:46.895 | INFO     | src.fed_imp.sub_modules.server.base_server:run:153 - ==================================================
2024-11-19 02:37:46.895 | INFO     | src.fed_imp.sub_modules.server.base_server:run:154 - Imputation Round 9
2024-11-19 02:37:47.446 | INFO     | src.fed_imp.sub_modules.server.base_server:run:153 - ==================================================
2024-11-19 02:37:47.446 | INFO     | src.fed_imp.sub_modules.server.base_server:run:154 - Imputation Round 9
2024-11-19 02:37:47.727 | INFO     | src.fed_imp.sub_modules.server.base_server:run:153 - ==================================================
2024-11-19 02:37:47.727 | INFO     | src.fed_imp.sub_modules.server.base_server:run:154 - Imputation Round 9
2024-11-19 02:37:47.775 | INFO     | src.fed_imp.sub_modules.server.base_server:run:153 - ==================================================
2024-11-19 02:37:47.775 | INFO     | src.fed_imp.sub_modules.server.base_server:run:154 - Imputation Round 9
2024-11-19 02:37:48.838 | INFO     | src.fed_imp.sub_modules.server.base_server:run:153 - ==================================================
2024-11-19 02:37:48.839 | INFO     | src.fed_imp.sub_modules.server.base_server:run:154 - Imputation Round 9
2024-11-19 02:37:53.757 | INFO     | src.fed_imp.sub_modules.server.base_server:run:153 - ==================================================
2024-11-19 02:37:53.758 | INFO     | src.fed_imp.sub_modules.server.base_server:run:154 - Imputation Round 10
2024-11-19 02:37:54.443 | INFO     | src.fed_imp.sub_modules.server.base_server:run:153 - ==================================================
2024-11-19 02:37:54.443 | INFO     | src.fed_imp.sub_modules.server.base_server:run:154 - Imputation Round 10
2024-11-19 02:37:54.816 | INFO     | src.fed_imp.sub_modules.server.base_server:run:153 - ==================================================
2024-11-19 02:37:54.816 | INFO     | src.fed_imp.sub_modules.server.base_server:run:154 - Imputation Round 10
2024-11-19 02:37:54.819 | INFO     | src.fed_imp.sub_modules.server.base_server:run:153 - ==================================================
2024-11-19 02:37:54.819 | INFO     | src.fed_imp.sub_modules.server.base_server:run:154 - Imputation Round 10
2024-11-19 02:37:54.824 | INFO     | src.fed_imp.sub_modules.server.base_server:run:153 - ==================================================
2024-11-19 02:37:54.824 | INFO     | src.fed_imp.sub_modules.server.base_server:run:154 - Imputation Round 10
2024-11-19 02:37:54.946 | INFO     | src.fed_imp.sub_modules.server.base_server:run:153 - ==================================================
2024-11-19 02:37:54.946 | INFO     | src.fed_imp.sub_modules.server.base_server:run:154 - Imputation Round 10
2024-11-19 02:37:55.583 | INFO     | src.fed_imp.sub_modules.server.base_server:run:153 - ==================================================
2024-11-19 02:37:55.583 | INFO     | src.fed_imp.sub_modules.server.base_server:run:154 - Imputation Round 10
2024-11-19 02:37:55.893 | INFO     | src.fed_imp.sub_modules.server.base_server:run:153 - ==================================================
2024-11-19 02:37:55.893 | INFO     | src.fed_imp.sub_modules.server.base_server:run:154 - Imputation Round 10
2024-11-19 02:37:55.949 | INFO     | src.fed_imp.sub_modules.server.base_server:run:153 - ==================================================
2024-11-19 02:37:55.949 | INFO     | src.fed_imp.sub_modules.server.base_server:run:154 - Imputation Round 10
2024-11-19 02:37:57.123 | INFO     | src.fed_imp.sub_modules.server.base_server:run:153 - ==================================================
2024-11-19 02:37:57.124 | INFO     | src.fed_imp.sub_modules.server.base_server:run:154 - Imputation Round 10
2024-11-19 02:38:01.628 | INFO     | src.fed_imp.sub_modules.server.base_server:run:153 - ==================================================
2024-11-19 02:38:01.628 | INFO     | src.fed_imp.sub_modules.server.base_server:run:154 - Imputation Round 11
2024-11-19 02:38:02.443 | INFO     | src.fed_imp.sub_modules.server.base_server:run:153 - ==================================================
2024-11-19 02:38:02.443 | INFO     | src.fed_imp.sub_modules.server.base_server:run:154 - Imputation Round 11
2024-11-19 02:38:02.782 | INFO     | src.fed_imp.sub_modules.server.base_server:run:153 - ==================================================
2024-11-19 02:38:02.783 | INFO     | src.fed_imp.sub_modules.server.base_server:run:154 - Imputation Round 11
2024-11-19 02:38:02.804 | INFO     | src.fed_imp.sub_modules.server.base_server:run:153 - ==================================================
2024-11-19 02:38:02.804 | INFO     | src.fed_imp.sub_modules.server.base_server:run:154 - Imputation Round 11
2024-11-19 02:38:02.838 | INFO     | src.fed_imp.sub_modules.server.base_server:run:153 - ==================================================
2024-11-19 02:38:02.838 | INFO     | src.fed_imp.sub_modules.server.base_server:run:154 - Imputation Round 11
2024-11-19 02:38:02.978 | INFO     | src.fed_imp.sub_modules.server.base_server:run:153 - ==================================================
2024-11-19 02:38:02.978 | INFO     | src.fed_imp.sub_modules.server.base_server:run:154 - Imputation Round 11
2024-11-19 02:38:03.660 | INFO     | src.fed_imp.sub_modules.server.base_server:run:153 - ==================================================
2024-11-19 02:38:03.660 | INFO     | src.fed_imp.sub_modules.server.base_server:run:154 - Imputation Round 11
2024-11-19 02:38:03.997 | INFO     | src.fed_imp.sub_modules.server.base_server:run:153 - ==================================================
2024-11-19 02:38:03.998 | INFO     | src.fed_imp.sub_modules.server.base_server:run:154 - Imputation Round 11
2024-11-19 02:38:04.084 | INFO     | src.fed_imp.sub_modules.server.base_server:run:153 - ==================================================
2024-11-19 02:38:04.084 | INFO     | src.fed_imp.sub_modules.server.base_server:run:154 - Imputation Round 11
2024-11-19 02:38:05.321 | INFO     | src.fed_imp.sub_modules.server.base_server:run:153 - ==================================================
2024-11-19 02:38:05.321 | INFO     | src.fed_imp.sub_modules.server.base_server:run:154 - Imputation Round 11
2024-11-19 02:38:09.551 | INFO     | src.fed_imp.sub_modules.server.base_server:run:153 - ==================================================
2024-11-19 02:38:09.551 | INFO     | src.fed_imp.sub_modules.server.base_server:run:154 - Imputation Round 12
2024-11-19 02:38:10.455 | INFO     | src.fed_imp.sub_modules.server.base_server:run:153 - ==================================================
2024-11-19 02:38:10.455 | INFO     | src.fed_imp.sub_modules.server.base_server:run:154 - Imputation Round 12
2024-11-19 02:38:10.790 | INFO     | src.fed_imp.sub_modules.server.base_server:run:153 - ==================================================
2024-11-19 02:38:10.791 | INFO     | src.fed_imp.sub_modules.server.base_server:run:154 - Imputation Round 12
2024-11-19 02:38:10.802 | INFO     | src.fed_imp.sub_modules.server.base_server:run:153 - ==================================================
2024-11-19 02:38:10.802 | INFO     | src.fed_imp.sub_modules.server.base_server:run:154 - Imputation Round 12
2024-11-19 02:38:10.906 | INFO     | src.fed_imp.sub_modules.server.base_server:run:153 - ==================================================
2024-11-19 02:38:10.906 | INFO     | src.fed_imp.sub_modules.server.base_server:run:154 - Imputation Round 12
2024-11-19 02:38:11.048 | INFO     | src.fed_imp.sub_modules.server.base_server:run:153 - ==================================================
2024-11-19 02:38:11.049 | INFO     | src.fed_imp.sub_modules.server.base_server:run:154 - Imputation Round 12
2024-11-19 02:38:11.805 | INFO     | src.fed_imp.sub_modules.server.base_server:run:153 - ==================================================
2024-11-19 02:38:11.805 | INFO     | src.fed_imp.sub_modules.server.base_server:run:154 - Imputation Round 12
2024-11-19 02:38:12.208 | INFO     | src.fed_imp.sub_modules.server.base_server:run:153 - ==================================================
2024-11-19 02:38:12.208 | INFO     | src.fed_imp.sub_modules.server.base_server:run:154 - Imputation Round 12
2024-11-19 02:38:12.259 | INFO     | src.fed_imp.sub_modules.server.base_server:run:153 - ==================================================
2024-11-19 02:38:12.260 | INFO     | src.fed_imp.sub_modules.server.base_server:run:154 - Imputation Round 12
2024-11-19 02:38:13.591 | INFO     | src.fed_imp.sub_modules.server.base_server:run:153 - ==================================================
2024-11-19 02:38:13.591 | INFO     | src.fed_imp.sub_modules.server.base_server:run:154 - Imputation Round 12
2024-11-19 02:38:17.426 | INFO     | src.fed_imp.sub_modules.server.base_server:run:153 - ==================================================
2024-11-19 02:38:17.427 | INFO     | src.fed_imp.sub_modules.server.base_server:run:154 - Imputation Round 13
2024-11-19 02:38:18.382 | INFO     | src.fed_imp.sub_modules.server.base_server:run:153 - ==================================================
2024-11-19 02:38:18.382 | INFO     | src.fed_imp.sub_modules.server.base_server:run:154 - Imputation Round 13
2024-11-19 02:38:18.755 | INFO     | src.fed_imp.sub_modules.server.base_server:run:153 - ==================================================
2024-11-19 02:38:18.755 | INFO     | src.fed_imp.sub_modules.server.base_server:run:154 - Imputation Round 13
2024-11-19 02:38:18.773 | INFO     | src.fed_imp.sub_modules.server.base_server:run:153 - ==================================================
2024-11-19 02:38:18.773 | INFO     | src.fed_imp.sub_modules.server.base_server:run:154 - Imputation Round 13
2024-11-19 02:38:18.886 | INFO     | src.fed_imp.sub_modules.server.base_server:run:153 - ==================================================
2024-11-19 02:38:18.886 | INFO     | src.fed_imp.sub_modules.server.base_server:run:154 - Imputation Round 13
2024-11-19 02:38:19.079 | INFO     | src.fed_imp.sub_modules.server.base_server:run:153 - ==================================================
2024-11-19 02:38:19.079 | INFO     | src.fed_imp.sub_modules.server.base_server:run:154 - Imputation Round 13
2024-11-19 02:38:19.903 | INFO     | src.fed_imp.sub_modules.server.base_server:run:153 - ==================================================
2024-11-19 02:38:19.903 | INFO     | src.fed_imp.sub_modules.server.base_server:run:154 - Imputation Round 13
2024-11-19 02:38:20.363 | INFO     | src.fed_imp.sub_modules.server.base_server:run:153 - ==================================================
2024-11-19 02:38:20.363 | INFO     | src.fed_imp.sub_modules.server.base_server:run:154 - Imputation Round 13
2024-11-19 02:38:20.374 | INFO     | src.fed_imp.sub_modules.server.base_server:run:153 - ==================================================
2024-11-19 02:38:20.374 | INFO     | src.fed_imp.sub_modules.server.base_server:run:154 - Imputation Round 13
2024-11-19 02:38:21.780 | INFO     | src.fed_imp.sub_modules.server.base_server:run:153 - ==================================================
2024-11-19 02:38:21.780 | INFO     | src.fed_imp.sub_modules.server.base_server:run:154 - Imputation Round 13
2024-11-19 02:38:25.345 | INFO     | src.fed_imp.sub_modules.server.base_server:run:153 - ==================================================
2024-11-19 02:38:25.345 | INFO     | src.fed_imp.sub_modules.server.base_server:run:154 - Imputation Round 14
2024-11-19 02:38:26.345 | INFO     | src.fed_imp.sub_modules.server.base_server:run:153 - ==================================================
2024-11-19 02:38:26.345 | INFO     | src.fed_imp.sub_modules.server.base_server:run:154 - Imputation Round 14
2024-11-19 02:38:26.779 | INFO     | src.fed_imp.sub_modules.server.base_server:run:153 - ==================================================
2024-11-19 02:38:26.780 | INFO     | src.fed_imp.sub_modules.server.base_server:run:154 - Imputation Round 14
2024-11-19 02:38:26.800 | INFO     | src.fed_imp.sub_modules.server.base_server:run:153 - ==================================================
2024-11-19 02:38:26.800 | INFO     | src.fed_imp.sub_modules.server.base_server:run:154 - Imputation Round 14
2024-11-19 02:38:26.932 | INFO     | src.fed_imp.sub_modules.server.base_server:run:153 - ==================================================
2024-11-19 02:38:26.932 | INFO     | src.fed_imp.sub_modules.server.base_server:run:154 - Imputation Round 14
2024-11-19 02:38:27.161 | INFO     | src.fed_imp.sub_modules.server.base_server:run:153 - ==================================================
2024-11-19 02:38:27.161 | INFO     | src.fed_imp.sub_modules.server.base_server:run:154 - Imputation Round 14
2024-11-19 02:38:28.042 | INFO     | src.fed_imp.sub_modules.server.base_server:run:153 - ==================================================
2024-11-19 02:38:28.042 | INFO     | src.fed_imp.sub_modules.server.base_server:run:154 - Imputation Round 14
2024-11-19 02:38:28.513 | INFO     | src.fed_imp.sub_modules.server.base_server:run:153 - ==================================================
2024-11-19 02:38:28.513 | INFO     | src.fed_imp.sub_modules.server.base_server:run:154 - Imputation Round 14
2024-11-19 02:38:28.529 | INFO     | src.fed_imp.sub_modules.server.base_server:run:153 - ==================================================
2024-11-19 02:38:28.529 | INFO     | src.fed_imp.sub_modules.server.base_server:run:154 - Imputation Round 14
2024-11-19 02:38:30.020 | INFO     | src.fed_imp.sub_modules.server.base_server:run:153 - ==================================================
2024-11-19 02:38:30.020 | INFO     | src.fed_imp.sub_modules.server.base_server:run:154 - Imputation Round 14
2024-11-19 02:38:33.198 | INFO     | src.fed_imp.sub_modules.server.base_server:run:153 - ==================================================
2024-11-19 02:38:33.199 | INFO     | src.fed_imp.sub_modules.server.base_server:run:154 - Imputation Round 15
2024-11-19 02:38:34.267 | INFO     | src.fed_imp.sub_modules.server.base_server:run:153 - ==================================================
2024-11-19 02:38:34.268 | INFO     | src.fed_imp.sub_modules.server.base_server:run:154 - Imputation Round 15
2024-11-19 02:38:34.749 | INFO     | src.fed_imp.sub_modules.server.base_server:run:153 - ==================================================
2024-11-19 02:38:34.749 | INFO     | src.fed_imp.sub_modules.server.base_server:run:154 - Imputation Round 15
2024-11-19 02:38:34.781 | INFO     | src.fed_imp.sub_modules.server.base_server:run:153 - ==================================================
2024-11-19 02:38:34.782 | INFO     | src.fed_imp.sub_modules.server.base_server:run:154 - Imputation Round 15
2024-11-19 02:38:34.931 | INFO     | src.fed_imp.sub_modules.server.base_server:run:153 - ==================================================
2024-11-19 02:38:34.932 | INFO     | src.fed_imp.sub_modules.server.base_server:run:154 - Imputation Round 15
2024-11-19 02:38:35.186 | INFO     | src.fed_imp.sub_modules.server.base_server:run:153 - ==================================================
2024-11-19 02:38:35.186 | INFO     | src.fed_imp.sub_modules.server.base_server:run:154 - Imputation Round 15
2024-11-19 02:38:36.133 | INFO     | src.fed_imp.sub_modules.server.base_server:run:153 - ==================================================
2024-11-19 02:38:36.133 | INFO     | src.fed_imp.sub_modules.server.base_server:run:154 - Imputation Round 15
2024-11-19 02:38:36.599 | INFO     | src.fed_imp.sub_modules.server.base_server:run:153 - ==================================================
2024-11-19 02:38:36.599 | INFO     | src.fed_imp.sub_modules.server.base_server:run:154 - Imputation Round 15
2024-11-19 02:38:36.654 | INFO     | src.fed_imp.sub_modules.server.base_server:run:153 - ==================================================
2024-11-19 02:38:36.654 | INFO     | src.fed_imp.sub_modules.server.base_server:run:154 - Imputation Round 15
2024-11-19 02:38:38.251 | INFO     | src.fed_imp.sub_modules.server.base_server:run:153 - ==================================================
2024-11-19 02:38:38.251 | INFO     | src.fed_imp.sub_modules.server.base_server:run:154 - Imputation Round 15
2024-11-19 02:38:41.111 | INFO     | src.fed_imp.sub_modules.server.base_server:run:153 - ==================================================
2024-11-19 02:38:41.111 | INFO     | src.fed_imp.sub_modules.server.base_server:run:154 - Imputation Round 16
2024-11-19 02:38:42.235 | INFO     | src.fed_imp.sub_modules.server.base_server:run:153 - ==================================================
2024-11-19 02:38:42.235 | INFO     | src.fed_imp.sub_modules.server.base_server:run:154 - Imputation Round 16
2024-11-19 02:38:42.753 | INFO     | src.fed_imp.sub_modules.server.base_server:run:153 - ==================================================
2024-11-19 02:38:42.753 | INFO     | src.fed_imp.sub_modules.server.base_server:run:154 - Imputation Round 16
2024-11-19 02:38:42.771 | INFO     | src.fed_imp.sub_modules.server.base_server:run:153 - ==================================================
2024-11-19 02:38:42.771 | INFO     | src.fed_imp.sub_modules.server.base_server:run:154 - Imputation Round 16
2024-11-19 02:38:42.993 | INFO     | src.fed_imp.sub_modules.server.base_server:run:153 - ==================================================
2024-11-19 02:38:42.993 | INFO     | src.fed_imp.sub_modules.server.base_server:run:154 - Imputation Round 16
2024-11-19 02:38:43.260 | INFO     | src.fed_imp.sub_modules.server.base_server:run:153 - ==================================================
2024-11-19 02:38:43.260 | INFO     | src.fed_imp.sub_modules.server.base_server:run:154 - Imputation Round 16
2024-11-19 02:38:44.270 | INFO     | src.fed_imp.sub_modules.server.base_server:run:153 - ==================================================
2024-11-19 02:38:44.271 | INFO     | src.fed_imp.sub_modules.server.base_server:run:154 - Imputation Round 16
2024-11-19 02:38:44.743 | INFO     | src.fed_imp.sub_modules.server.base_server:run:153 - ==================================================
2024-11-19 02:38:44.744 | INFO     | src.fed_imp.sub_modules.server.base_server:run:154 - Imputation Round 16
2024-11-19 02:38:44.809 | INFO     | src.fed_imp.sub_modules.server.base_server:run:153 - ==================================================
2024-11-19 02:38:44.810 | INFO     | src.fed_imp.sub_modules.server.base_server:run:154 - Imputation Round 16
2024-11-19 02:38:46.507 | INFO     | src.fed_imp.sub_modules.server.base_server:run:153 - ==================================================
2024-11-19 02:38:46.508 | INFO     | src.fed_imp.sub_modules.server.base_server:run:154 - Imputation Round 16
2024-11-19 02:38:48.977 | INFO     | src.fed_imp.sub_modules.server.base_server:run:153 - ==================================================
2024-11-19 02:38:48.977 | INFO     | src.fed_imp.sub_modules.server.base_server:run:154 - Imputation Round 17
2024-11-19 02:38:50.169 | INFO     | src.fed_imp.sub_modules.server.base_server:run:153 - ==================================================
2024-11-19 02:38:50.169 | INFO     | src.fed_imp.sub_modules.server.base_server:run:154 - Imputation Round 17
2024-11-19 02:38:50.711 | INFO     | src.fed_imp.sub_modules.server.base_server:run:153 - ==================================================
2024-11-19 02:38:50.711 | INFO     | src.fed_imp.sub_modules.server.base_server:run:154 - Imputation Round 17
2024-11-19 02:38:50.747 | INFO     | src.fed_imp.sub_modules.server.base_server:run:153 - ==================================================
2024-11-19 02:38:50.747 | INFO     | src.fed_imp.sub_modules.server.base_server:run:154 - Imputation Round 17
2024-11-19 02:38:50.995 | INFO     | src.fed_imp.sub_modules.server.base_server:run:153 - ==================================================
2024-11-19 02:38:50.995 | INFO     | src.fed_imp.sub_modules.server.base_server:run:154 - Imputation Round 17
2024-11-19 02:38:51.266 | INFO     | src.fed_imp.sub_modules.server.base_server:run:153 - ==================================================
2024-11-19 02:38:51.266 | INFO     | src.fed_imp.sub_modules.server.base_server:run:154 - Imputation Round 17
2024-11-19 02:38:52.391 | INFO     | src.fed_imp.sub_modules.server.base_server:run:153 - ==================================================
2024-11-19 02:38:52.391 | INFO     | src.fed_imp.sub_modules.server.base_server:run:154 - Imputation Round 17
2024-11-19 02:38:52.821 | INFO     | src.fed_imp.sub_modules.server.base_server:run:153 - ==================================================
2024-11-19 02:38:52.821 | INFO     | src.fed_imp.sub_modules.server.base_server:run:154 - Imputation Round 17
2024-11-19 02:38:52.925 | INFO     | src.fed_imp.sub_modules.server.base_server:run:153 - ==================================================
2024-11-19 02:38:52.925 | INFO     | src.fed_imp.sub_modules.server.base_server:run:154 - Imputation Round 17
2024-11-19 02:38:54.738 | INFO     | src.fed_imp.sub_modules.server.base_server:run:153 - ==================================================
2024-11-19 02:38:54.738 | INFO     | src.fed_imp.sub_modules.server.base_server:run:154 - Imputation Round 17
2024-11-19 02:38:56.883 | INFO     | src.fed_imp.sub_modules.server.base_server:run:153 - ==================================================
2024-11-19 02:38:56.883 | INFO     | src.fed_imp.sub_modules.server.base_server:run:154 - Imputation Round 18
2024-11-19 02:38:58.119 | INFO     | src.fed_imp.sub_modules.server.base_server:run:153 - ==================================================
2024-11-19 02:38:58.119 | INFO     | src.fed_imp.sub_modules.server.base_server:run:154 - Imputation Round 18
2024-11-19 02:38:58.708 | INFO     | src.fed_imp.sub_modules.server.base_server:run:153 - ==================================================
2024-11-19 02:38:58.708 | INFO     | src.fed_imp.sub_modules.server.base_server:run:154 - Imputation Round 18
2024-11-19 02:38:58.755 | INFO     | src.fed_imp.sub_modules.server.base_server:run:153 - ==================================================
2024-11-19 02:38:58.755 | INFO     | src.fed_imp.sub_modules.server.base_server:run:154 - Imputation Round 18
2024-11-19 02:38:59.000 | INFO     | src.fed_imp.sub_modules.server.base_server:run:153 - ==================================================
2024-11-19 02:38:59.000 | INFO     | src.fed_imp.sub_modules.server.base_server:run:154 - Imputation Round 18
2024-11-19 02:38:59.319 | INFO     | src.fed_imp.sub_modules.server.base_server:run:153 - ==================================================
2024-11-19 02:38:59.319 | INFO     | src.fed_imp.sub_modules.server.base_server:run:154 - Imputation Round 18
2024-11-19 02:39:00.506 | INFO     | src.fed_imp.sub_modules.server.base_server:run:153 - ==================================================
2024-11-19 02:39:00.506 | INFO     | src.fed_imp.sub_modules.server.base_server:run:154 - Imputation Round 18
2024-11-19 02:39:00.970 | INFO     | src.fed_imp.sub_modules.server.base_server:run:153 - ==================================================
2024-11-19 02:39:00.970 | INFO     | src.fed_imp.sub_modules.server.base_server:run:154 - Imputation Round 18
2024-11-19 02:39:01.041 | INFO     | src.fed_imp.sub_modules.server.base_server:run:153 - ==================================================
2024-11-19 02:39:01.041 | INFO     | src.fed_imp.sub_modules.server.base_server:run:154 - Imputation Round 18
2024-11-19 02:39:02.977 | INFO     | src.fed_imp.sub_modules.server.base_server:run:153 - ==================================================
2024-11-19 02:39:02.977 | INFO     | src.fed_imp.sub_modules.server.base_server:run:154 - Imputation Round 18
2024-11-19 02:39:04.748 | INFO     | src.fed_imp.sub_modules.server.base_server:run:153 - ==================================================
2024-11-19 02:39:04.748 | INFO     | src.fed_imp.sub_modules.server.base_server:run:154 - Imputation Round 19
2024-11-19 02:39:06.123 | INFO     | src.fed_imp.sub_modules.server.base_server:run:153 - ==================================================
2024-11-19 02:39:06.123 | INFO     | src.fed_imp.sub_modules.server.base_server:run:154 - Imputation Round 19
2024-11-19 02:39:06.683 | INFO     | src.fed_imp.sub_modules.server.base_server:run:153 - ==================================================
2024-11-19 02:39:06.683 | INFO     | src.fed_imp.sub_modules.server.base_server:run:154 - Imputation Round 19
2024-11-19 02:39:06.747 | INFO     | src.fed_imp.sub_modules.server.base_server:run:153 - ==================================================
2024-11-19 02:39:06.747 | INFO     | src.fed_imp.sub_modules.server.base_server:run:154 - Imputation Round 19
2024-11-19 02:39:07.014 | INFO     | src.fed_imp.sub_modules.server.base_server:run:153 - ==================================================
2024-11-19 02:39:07.015 | INFO     | src.fed_imp.sub_modules.server.base_server:run:154 - Imputation Round 19
2024-11-19 02:39:07.380 | INFO     | src.fed_imp.sub_modules.server.base_server:run:153 - ==================================================
2024-11-19 02:39:07.380 | INFO     | src.fed_imp.sub_modules.server.base_server:run:154 - Imputation Round 19
2024-11-19 02:39:08.604 | INFO     | src.fed_imp.sub_modules.server.base_server:run:153 - ==================================================
2024-11-19 02:39:08.605 | INFO     | src.fed_imp.sub_modules.server.base_server:run:154 - Imputation Round 19
2024-11-19 02:39:09.103 | INFO     | src.fed_imp.sub_modules.server.base_server:run:153 - ==================================================
2024-11-19 02:39:09.103 | INFO     | src.fed_imp.sub_modules.server.base_server:run:154 - Imputation Round 19
2024-11-19 02:39:09.139 | INFO     | src.fed_imp.sub_modules.server.base_server:run:153 - ==================================================
2024-11-19 02:39:09.140 | INFO     | src.fed_imp.sub_modules.server.base_server:run:154 - Imputation Round 19
2024-11-19 02:39:11.202 | INFO     | src.fed_imp.sub_modules.server.base_server:run:153 - ==================================================
2024-11-19 02:39:11.202 | INFO     | src.fed_imp.sub_modules.server.base_server:run:154 - Imputation Round 19
2024-11-19 02:39:12.658 | INFO     | src.fed_imp.sub_modules.server.base_server:run:153 - ==================================================
2024-11-19 02:39:12.658 | INFO     | src.fed_imp.sub_modules.server.base_server:run:154 - Imputation Round 20
2024-11-19 02:39:14.136 | INFO     | src.fed_imp.sub_modules.server.base_server:run:153 - ==================================================
2024-11-19 02:39:14.136 | INFO     | src.fed_imp.sub_modules.server.base_server:run:154 - Imputation Round 20
2024-11-19 02:39:14.674 | INFO     | src.fed_imp.sub_modules.server.base_server:run:153 - ==================================================
2024-11-19 02:39:14.675 | INFO     | src.fed_imp.sub_modules.server.base_server:run:154 - Imputation Round 20
2024-11-19 02:39:14.730 | INFO     | src.fed_imp.sub_modules.server.base_server:run:153 - ==================================================
2024-11-19 02:39:14.730 | INFO     | src.fed_imp.sub_modules.server.base_server:run:154 - Imputation Round 20
2024-11-19 02:39:15.035 | INFO     | src.fed_imp.sub_modules.server.base_server:run:153 - ==================================================
2024-11-19 02:39:15.035 | INFO     | src.fed_imp.sub_modules.server.base_server:run:154 - Imputation Round 20
2024-11-19 02:39:15.426 | INFO     | src.fed_imp.sub_modules.server.base_server:run:153 - ==================================================
2024-11-19 02:39:15.426 | INFO     | src.fed_imp.sub_modules.server.base_server:run:154 - Imputation Round 20
2024-11-19 02:39:16.746 | INFO     | src.fed_imp.sub_modules.server.base_server:run:153 - ==================================================
2024-11-19 02:39:16.746 | INFO     | src.fed_imp.sub_modules.server.base_server:run:154 - Imputation Round 20
2024-11-19 02:39:17.208 | INFO     | src.fed_imp.sub_modules.server.base_server:run:153 - ==================================================
2024-11-19 02:39:17.208 | INFO     | src.fed_imp.sub_modules.server.base_server:run:154 - Imputation Round 20
2024-11-19 02:39:17.246 | INFO     | src.fed_imp.sub_modules.server.base_server:run:153 - ==================================================
2024-11-19 02:39:17.246 | INFO     | src.fed_imp.sub_modules.server.base_server:run:154 - Imputation Round 20
2024-11-19 02:39:19.397 | INFO     | src.fed_imp.sub_modules.server.base_server:run:153 - ==================================================
2024-11-19 02:39:19.397 | INFO     | src.fed_imp.sub_modules.server.base_server:run:154 - Imputation Round 20
2024-11-19 02:39:20.516 | INFO     | src.fed_imp.sub_modules.server.base_server:run:183 - FL finished in 159.86989625683054
2024-11-19 02:39:22.098 | INFO     | src.fed_imp.sub_modules.server.base_server:run:183 - FL finished in 161.37448061583564
2024-11-19 02:39:22.660 | INFO     | src.fed_imp.sub_modules.server.base_server:run:183 - FL finished in 161.9822222739458
2024-11-19 02:39:22.743 | INFO     | src.fed_imp.sub_modules.server.base_server:run:183 - FL finished in 162.00003201281652
2024-11-19 02:39:23.073 | INFO     | src.fed_imp.sub_modules.server.base_server:run:183 - FL finished in 162.45952600985765
2024-11-19 02:39:23.517 | INFO     | src.fed_imp.sub_modules.server.base_server:run:183 - FL finished in 162.8808915251866
2024-11-19 02:39:24.924 | INFO     | src.fed_imp.sub_modules.server.base_server:run:183 - FL finished in 164.24667152576149
[Parallel(n_jobs=10)]: Done   2 out of  10 | elapsed:  2.8min remaining: 11.3min
2024-11-19 02:39:25.401 | INFO     | src.fed_imp.sub_modules.server.base_server:run:183 - FL finished in 164.735151917208
2024-11-19 02:39:25.482 | INFO     | src.fed_imp.sub_modules.server.base_server:run:183 - FL finished in 164.824241141323
2024-11-19 02:39:27.781 | INFO     | src.fed_imp.sub_modules.server.base_server:run:183 - FL finished in 166.9081726479344
[Parallel(n_jobs=10)]: Done  10 out of  10 | elapsed:  2.9min finished
2024-11-19 02:39:30.890 | INFO     | src.fed_imp.experiment:run_experiment:339 - Summary: fedmechw_new
2024-11-19 02:39:31.163 | INFO     | src.fed_imp.experiment:experiment_result_processing:387 - imp@rmse: avg 0.1890918808085053
2024-11-19 02:39:31.163 | INFO     | src.fed_imp.experiment:experiment_result_processing:387 - imp@w2: avg 1.0891922020342633
2024-11-19 02:39:31.163 | INFO     | src.fed_imp.experiment:experiment_result_processing:387 - imp@sliced_ws: avg 0.101231596185445
2024-11-19 02:39:31.163 | INFO     | src.fed_imp.experiment:experiment_result_processing:402 - model pred_accu: 0.00000 (0.000) pred_f1: 0.00000 (0.000)
2024-11-19 02:40:00.733 | INFO     | src.fed_imp.experiment:experiment_result_processing:424 - imp@rmse: 0.18909 (0.019) imp@sliced_ws: 0.10123 (0.020) imp@global_ws: 0.09885
2024-11-19 02:40:00.734 | INFO     | src.experiment_management.experiment_manager:run_experiments:67 - Experiment finished in 205.64305448532104
2024-11-19 02:40:00.832 | INFO     | src.experiment_management.experiment_manager:run_experiments:86 - Total time: 205.7410168647766
