./results/raw_results/fed_imp_ext2_amarel/1105/hhp_los_np1/0/natural/random2@mrl=0.3_mrr=0.7_mm=mnarlrq/allk0.25_sphere/
====================================================================================
round: 9
{'batch_size': 300, 'learning_rate': 0.001, 'weight_decay': 0.0, 'pred_round': 600, 'pred_local_epochs': 3, 'local_epoch': 5, 'sample_pct': 1}
./results/raw_results/fed_imp_ext2_amarel/1105/hhp_los_np1/0/natural/random2@mrl=0.3_mrr=0.7_mm=mnarlrq/allk0.25_sphere/
====================================================================================
round: 0
{'batch_size': 300, 'learning_rate': 0.001, 'weight_decay': 0.0, 'pred_round': 600, 'pred_local_epochs': 3, 'local_epoch': 5, 'sample_pct': 1}
./results/raw_results/fed_imp_ext2_amarel/1105/hhp_los_np1/0/natural/random2@mrl=0.3_mrr=0.7_mm=mnarlrq/allk0.25_sphere/
====================================================================================
round: 3
{'batch_size': 300, 'learning_rate': 0.001, 'weight_decay': 0.0, 'pred_round': 600, 'pred_local_epochs': 3, 'local_epoch': 5, 'sample_pct': 1}
./results/raw_results/fed_imp_ext2_amarel/1105/hhp_los_np1/0/natural/random2@mrl=0.3_mrr=0.7_mm=mnarlrq/allk0.25_sphere/
====================================================================================
round: 5
{'batch_size': 300, 'learning_rate': 0.001, 'weight_decay': 0.0, 'pred_round': 600, 'pred_local_epochs': 3, 'local_epoch': 5, 'sample_pct': 1}
./results/raw_results/fed_imp_ext2_amarel/1105/hhp_los_np1/0/natural/random2@mrl=0.3_mrr=0.7_mm=mnarlrq/allk0.25_sphere/
====================================================================================
round: 6
{'batch_size': 300, 'learning_rate': 0.001, 'weight_decay': 0.0, 'pred_round': 600, 'pred_local_epochs': 3, 'local_epoch': 5, 'sample_pct': 1}
./results/raw_results/fed_imp_ext2_amarel/1105/hhp_los_np1/0/natural/random2@mrl=0.3_mrr=0.7_mm=mnarlrq/allk0.25_sphere/
====================================================================================
round: 5
{'batch_size': 300, 'learning_rate': 0.001, 'weight_decay': 0.0, 'pred_round': 600, 'pred_local_epochs': 3, 'local_epoch': 5, 'sample_pct': 1}
./results/raw_results/fed_imp_ext2_amarel/1105/hhp_los_np1/0/natural/random2@mrl=0.3_mrr=0.7_mm=mnarlrq/allk0.25_sphere/
====================================================================================
round: 9
{'batch_size': 300, 'learning_rate': 0.001, 'weight_decay': 0.0, 'pred_round': 600, 'pred_local_epochs': 3, 'local_epoch': 5, 'sample_pct': 1}
./results/raw_results/fed_imp_ext2_amarel/1105/hhp_los_np1/0/natural/random2@mrl=0.3_mrr=0.7_mm=mnarlrq/allk0.25_sphere/
====================================================================================
round: 8
{'batch_size': 300, 'learning_rate': 0.001, 'weight_decay': 0.0, 'pred_round': 600, 'pred_local_epochs': 3, 'local_epoch': 5, 'sample_pct': 1}
./results/raw_results/fed_imp_ext2_amarel/1105/hhp_los_np1/0/natural/random2@mrl=0.3_mrr=0.7_mm=mnarlrq/allk0.25_sphere/
====================================================================================
round: 5
{'batch_size': 300, 'learning_rate': 0.001, 'weight_decay': 0.0, 'pred_round': 600, 'pred_local_epochs': 3, 'local_epoch': 5, 'sample_pct': 1}
./results/raw_results/fed_imp_ext2_amarel/1105/hhp_los_np1/0/natural/random2@mrl=0.3_mrr=0.7_mm=mnarlrq/allk0.25_sphere/
====================================================================================
round: 4
{'batch_size': 300, 'learning_rate': 0.001, 'weight_decay': 0.0, 'pred_round': 600, 'pred_local_epochs': 3, 'local_epoch': 5, 'sample_pct': 1}
./results/raw_results/fed_imp_ext2_amarel/1105/hhp_los_np1/0/natural/random2@mrl=0.3_mrr=0.7_mm=mnarlrq/allk0.25_sphere/
====================================================================================
round: 8
{'batch_size': 300, 'learning_rate': 0.001, 'weight_decay': 0.0, 'pred_round': 600, 'pred_local_epochs': 3, 'local_epoch': 5, 'sample_pct': 1}
./results/raw_results/fed_imp_ext2_amarel/1105/hhp_los_np1/0/natural/random2@mrl=0.3_mrr=0.7_mm=mnarlrq/allk0.25_sphere/
====================================================================================
round: 0
{'batch_size': 300, 'learning_rate': 0.001, 'weight_decay': 0.0, 'pred_round': 600, 'pred_local_epochs': 3, 'local_epoch': 5, 'sample_pct': 1}
./results/raw_results/fed_imp_ext2_amarel/1105/hhp_los_np1/0/natural/random2@mrl=0.3_mrr=0.7_mm=mnarlrq/allk0.25_sphere/
====================================================================================
round: 9
{'batch_size': 300, 'learning_rate': 0.001, 'weight_decay': 0.0, 'pred_round': 600, 'pred_local_epochs': 3, 'local_epoch': 5, 'sample_pct': 1}
./results/raw_results/fed_imp_ext2_amarel/1105/hhp_los_np1/0/natural/random2@mrl=0.3_mrr=0.7_mm=mnarlrq/allk0.25_sphere/
====================================================================================
round: 2
{'batch_size': 300, 'learning_rate': 0.001, 'weight_decay': 0.0, 'pred_round': 600, 'pred_local_epochs': 3, 'local_epoch': 5, 'sample_pct': 1}
./results/raw_results/fed_imp_ext2_amarel/1105/hhp_los_np1/0/natural/random2@mrl=0.3_mrr=0.7_mm=mnarlrq/allk0.25_sphere/
====================================================================================
round: 8
{'batch_size': 300, 'learning_rate': 0.001, 'weight_decay': 0.0, 'pred_round': 600, 'pred_local_epochs': 3, 'local_epoch': 5, 'sample_pct': 1}
./results/raw_results/fed_imp_ext2_amarel/1105/hhp_los_np1/0/natural/random2@mrl=0.3_mrr=0.7_mm=mnarlrq/allk0.25_sphere/
====================================================================================
round: 2
{'batch_size': 300, 'learning_rate': 0.001, 'weight_decay': 0.0, 'pred_round': 600, 'pred_local_epochs': 3, 'local_epoch': 5, 'sample_pct': 1}
./results/raw_results/fed_imp_ext2_amarel/1105/hhp_los_np1/0/natural/random2@mrl=0.3_mrr=0.7_mm=mnarlrq/allk0.25_sphere/
====================================================================================
round: 2
{'batch_size': 300, 'learning_rate': 0.001, 'weight_decay': 0.0, 'pred_round': 600, 'pred_local_epochs': 3, 'local_epoch': 5, 'sample_pct': 1}
./results/raw_results/fed_imp_ext2_amarel/1105/hhp_los_np1/0/natural/random2@mrl=0.3_mrr=0.7_mm=mnarlrq/allk0.25_sphere/
====================================================================================
round: 3
{'batch_size': 300, 'learning_rate': 0.001, 'weight_decay': 0.0, 'pred_round': 600, 'pred_local_epochs': 3, 'local_epoch': 5, 'sample_pct': 1}
./results/raw_results/fed_imp_ext2_amarel/1105/hhp_los_np1/0/natural/random2@mrl=0.3_mrr=0.7_mm=mnarlrq/allk0.25_sphere/
====================================================================================
round: 1
{'batch_size': 300, 'learning_rate': 0.001, 'weight_decay': 0.0, 'pred_round': 600, 'pred_local_epochs': 3, 'local_epoch': 5, 'sample_pct': 1}
./results/raw_results/fed_imp_ext2_amarel/1105/hhp_los_np1/0/natural/random2@mrl=0.3_mrr=0.7_mm=mnarlrq/allk0.25_sphere/
====================================================================================
round: 3
{'batch_size': 300, 'learning_rate': 0.001, 'weight_decay': 0.0, 'pred_round': 600, 'pred_local_epochs': 3, 'local_epoch': 5, 'sample_pct': 1}
./results/raw_results/fed_imp_ext2_amarel/1105/hhp_los_np1/0/natural/random2@mrl=0.3_mrr=0.7_mm=mnarlrq/allk0.25_sphere/
====================================================================================
round: 1
{'batch_size': 300, 'learning_rate': 0.001, 'weight_decay': 0.0, 'pred_round': 600, 'pred_local_epochs': 3, 'local_epoch': 5, 'sample_pct': 1}
./results/raw_results/fed_imp_ext2_amarel/1105/hhp_los_np1/0/natural/random2@mrl=0.3_mrr=0.7_mm=mnarlrq/allk0.25_sphere/
====================================================================================
round: 4
{'batch_size': 300, 'learning_rate': 0.001, 'weight_decay': 0.0, 'pred_round': 600, 'pred_local_epochs': 3, 'local_epoch': 5, 'sample_pct': 1}
./results/raw_results/fed_imp_ext2_amarel/1105/hhp_los_np1/0/natural/random2@mrl=0.3_mrr=0.7_mm=mnarlrq/allk0.25_sphere/
====================================================================================
round: 7
{'batch_size': 300, 'learning_rate': 0.001, 'weight_decay': 0.0, 'pred_round': 600, 'pred_local_epochs': 3, 'local_epoch': 5, 'sample_pct': 1}
./results/raw_results/fed_imp_ext2_amarel/1105/hhp_los_np1/0/natural/random2@mrl=0.3_mrr=0.7_mm=mnarlrq/allk0.25_sphere/
====================================================================================
round: 6
{'batch_size': 300, 'learning_rate': 0.001, 'weight_decay': 0.0, 'pred_round': 600, 'pred_local_epochs': 3, 'local_epoch': 5, 'sample_pct': 1}
./results/raw_results/fed_imp_ext2_amarel/1105/hhp_los_np1/0/natural/random2@mrl=0.3_mrr=0.7_mm=mnarlrq/allk0.25_sphere/
====================================================================================
round: 6
{'batch_size': 300, 'learning_rate': 0.001, 'weight_decay': 0.0, 'pred_round': 600, 'pred_local_epochs': 3, 'local_epoch': 5, 'sample_pct': 1}
./results/raw_results/fed_imp_ext2_amarel/1105/hhp_los_np1/0/natural/random2@mrl=0.3_mrr=0.7_mm=mnarlrq/allk0.25_sphere/
====================================================================================
round: 7
{'batch_size': 300, 'learning_rate': 0.001, 'weight_decay': 0.0, 'pred_round': 600, 'pred_local_epochs': 3, 'local_epoch': 5, 'sample_pct': 1}
./results/raw_results/fed_imp_ext2_amarel/1105/hhp_los_np1/0/natural/random2@mrl=0.3_mrr=0.7_mm=mnarlrq/allk0.25_sphere/
====================================================================================
round: 4
{'batch_size': 300, 'learning_rate': 0.001, 'weight_decay': 0.0, 'pred_round': 600, 'pred_local_epochs': 3, 'local_epoch': 5, 'sample_pct': 1}
./results/raw_results/fed_imp_ext2_amarel/1105/hhp_los_np1/0/natural/random2@mrl=0.3_mrr=0.7_mm=mnarlrq/allk0.25_sphere/
====================================================================================
round: 0
{'batch_size': 300, 'learning_rate': 0.001, 'weight_decay': 0.0, 'pred_round': 600, 'pred_local_epochs': 3, 'local_epoch': 5, 'sample_pct': 1}
./results/raw_results/fed_imp_ext2_amarel/1105/hhp_los_np1/0/natural/random2@mrl=0.3_mrr=0.7_mm=mnarlrq/allk0.25_sphere/
====================================================================================
round: 7
{'batch_size': 300, 'learning_rate': 0.001, 'weight_decay': 0.0, 'pred_round': 600, 'pred_local_epochs': 3, 'local_epoch': 5, 'sample_pct': 1}
{'mse_mean': 0.34479967763530894, 'mse_mean_std': 0.0016917540727251332, 'r2_mean': 0.08130632574962159, 'r2_mean_std': 0.004507555736881413, 'mse_std': 0.0, 'mse_std_std': 0.0, 'r2_std': 0.0, 'r2_std_std': 0.0}
./results/raw_results/fed_imp_ext2_amarel_pred_fed/1105/hhp_los_np1/random2@mrl=0.3_mrr=0.7_mm=mnarlrq/fedavg-s.json
{'mse_mean': 0.3414938096232695, 'mse_mean_std': 0.0018721098058008395, 'r2_mean': 0.09011457073232013, 'r2_mean_std': 0.0049881004758666045, 'mse_std': 0.0, 'mse_std_std': 0.0, 'r2_std': 0.0, 'r2_std_std': 0.0}
./results/raw_results/fed_imp_ext2_amarel_pred_fed/1105/hhp_los_np1/random2@mrl=0.3_mrr=0.7_mm=mnarlrq/fedmechw_new.json
{'mse_mean': 0.3519320226042354, 'mse_mean_std': 0.0032659450639223164, 'r2_mean': 0.06230271109875531, 'r2_mean_std': 0.008701873189824072, 'mse_std': 0.0, 'mse_std_std': 0.0, 'r2_std': 0.0, 'r2_std_std': 0.0}
./results/raw_results/fed_imp_ext2_amarel_pred_fed/1105/hhp_los_np1/random2@mrl=0.3_mrr=0.7_mm=mnarlrq/local.json
./results/raw_results/fed_imp_ext2_amarel/1105/hhp_los_np1/0/natural/random2@mrl=0.3_mrr=0.7_mm=mnarlrq/allk0.25_sphere/
====================================================================================
round: 1
{'batch_size': 300, 'learning_rate': 0.001, 'weight_decay': 0.0, 'pred_round': 600, 'pred_local_epochs': 3, 'local_epoch': 5, 'sample_pct': 1}
